1    [DEBUG] Detected Java version: 18 in: /Library/Java/JavaVirtualMachines/jdk-18.jdk/Contents/Home
1    [DEBUG] Detected OS: Mac OS X
1    [DEBUG] Project base dir set to: /Users/isemisynov/Develop/dita-formats-demo/dita-ot-3.7.2
2    [DEBUG] parsing buildfile /Users/isemisynov/Develop/dita-formats-demo/dita-ot-3.7.2/build.xml with URI = file:/Users/isemisynov/Develop/dita-formats-demo/dita-ot-3.7.2/build.xml
2    [DEBUG] Project base dir set to: /Users/isemisynov/Develop/dita-formats-demo/dita-ot-3.7.2
23   [DEBUG] parsing buildfile jar:file:/Users/isemisynov/Develop/dita-formats-demo/dita-ot-3.7.2/lib/ant.jar!/org/apache/tools/ant/antlib.xml with URI = jar:file:/Users/isemisynov/Develop/dita-formats-demo/dita-ot-3.7.2/lib/ant.jar!/org/apache/tools/ant/antlib.xml from a zip file
46   [DEBUG] parsing buildfile jar:file:/Users/isemisynov/.gradle/caches/modules-2/files-2.1/org.apache.ant/ant/1.10.12/be08c4f63e92e03bac761404cf77bc270928b6c5/ant-1.10.12.jar!/org/apache/tools/ant/antlib.xml with URI = jar:file:/Users/isemisynov/.gradle/caches/modules-2/files-2.1/org.apache.ant/ant/1.10.12/be08c4f63e92e03bac761404cf77bc270928b6c5/ant-1.10.12.jar!/org/apache/tools/ant/antlib.xml from a zip file
48   [DEBUG] Override ignored for property "dita.dir"
48   [DEBUG] Override ignored for property "dita.dir"
48   [DEBUG] Loading /Users/isemisynov/Develop/dita-formats-demo/dita-ot-3.7.2/local.properties
48   [DEBUG] Unable to find property file: /Users/isemisynov/Develop/dita-formats-demo/dita-ot-3.7.2/local.properties
49   [DEBUG] Importing file /Users/isemisynov/Develop/dita-formats-demo/dita-ot-3.7.2/plugins/org.dita.base/build.xml from /Users/isemisynov/Develop/dita-formats-demo/dita-ot-3.7.2/build.xml
49   [DEBUG] Overriding previous definition of reference to ant.projectHelper
49   [DEBUG] parsing buildfile /Users/isemisynov/Develop/dita-formats-demo/dita-ot-3.7.2/plugins/org.dita.base/build.xml with URI = file:/Users/isemisynov/Develop/dita-formats-demo/dita-ot-3.7.2/plugins/org.dita.base/build.xml
57   [DEBUG] Importing file /Users/isemisynov/Develop/dita-formats-demo/dita-ot-3.7.2/plugins/org.dita.base/build_init.xml from /Users/isemisynov/Develop/dita-formats-demo/dita-ot-3.7.2/plugins/org.dita.base/build.xml
57   [DEBUG] Overriding previous definition of reference to ant.projectHelper
58   [DEBUG] parsing buildfile /Users/isemisynov/Develop/dita-formats-demo/dita-ot-3.7.2/plugins/org.dita.base/build_init.xml with URI = file:/Users/isemisynov/Develop/dita-formats-demo/dita-ot-3.7.2/plugins/org.dita.base/build_init.xml
59   [DEBUG] Loading /Users/isemisynov/Develop/dita-formats-demo/dita-ot-3.7.2/config/org.dita.dost.platform/plugin.properties
60   [DEBUG] Loading /Users/isemisynov/Develop/dita-formats-demo/dita-ot-3.7.2/config/configuration.properties
62   [DEBUG] creating macro  job-helper
62   [DEBUG] Overriding previous definition of reference to ant.projectHelper
62   [DEBUG] Importing file /Users/isemisynov/Develop/dita-formats-demo/dita-ot-3.7.2/plugins/org.dita.base/build_preprocess.xml from /Users/isemisynov/Develop/dita-formats-demo/dita-ot-3.7.2/plugins/org.dita.base/build.xml
62   [DEBUG] Overriding previous definition of reference to ant.projectHelper
63   [DEBUG] parsing buildfile /Users/isemisynov/Develop/dita-formats-demo/dita-ot-3.7.2/plugins/org.dita.base/build_preprocess.xml with URI = file:/Users/isemisynov/Develop/dita-formats-demo/dita-ot-3.7.2/plugins/org.dita.base/build_preprocess.xml
64   [DEBUG] Property "conserve-memory" has not been set
64   [DEBUG] Overriding previous definition of reference to ant.projectHelper
64   [DEBUG] Importing file /Users/isemisynov/Develop/dita-formats-demo/dita-ot-3.7.2/plugins/org.dita.base/build_preprocess2.xml from /Users/isemisynov/Develop/dita-formats-demo/dita-ot-3.7.2/plugins/org.dita.base/build.xml
65   [DEBUG] Overriding previous definition of reference to ant.projectHelper
65   [DEBUG] parsing buildfile /Users/isemisynov/Develop/dita-formats-demo/dita-ot-3.7.2/plugins/org.dita.base/build_preprocess2.xml with URI = file:/Users/isemisynov/Develop/dita-formats-demo/dita-ot-3.7.2/plugins/org.dita.base/build_preprocess2.xml
66   [DEBUG] Overriding previous definition of reference to ant.projectHelper
66   [DEBUG] Importing file /Users/isemisynov/Develop/dita-formats-demo/dita-ot-3.7.2/plugins/org.dita.xhtml/build_general.xml from /Users/isemisynov/Develop/dita-formats-demo/dita-ot-3.7.2/plugins/org.dita.base/build.xml
66   [DEBUG] Overriding previous definition of reference to ant.projectHelper
67   [DEBUG] parsing buildfile /Users/isemisynov/Develop/dita-formats-demo/dita-ot-3.7.2/plugins/org.dita.xhtml/build_general.xml with URI = file:/Users/isemisynov/Develop/dita-formats-demo/dita-ot-3.7.2/plugins/org.dita.xhtml/build_general.xml
68   [DEBUG] creating macro  topics.html
68   [DEBUG] Overriding previous definition of reference to ant.projectHelper
68   [DEBUG] Importing file /Users/isemisynov/Develop/dita-formats-demo/dita-ot-3.7.2/plugins/org.dita.xhtml/build_dita2xhtml.xml from /Users/isemisynov/Develop/dita-formats-demo/dita-ot-3.7.2/plugins/org.dita.base/build.xml
68   [DEBUG] Overriding previous definition of reference to ant.projectHelper
68   [DEBUG] parsing buildfile /Users/isemisynov/Develop/dita-formats-demo/dita-ot-3.7.2/plugins/org.dita.xhtml/build_dita2xhtml.xml with URI = file:/Users/isemisynov/Develop/dita-formats-demo/dita-ot-3.7.2/plugins/org.dita.xhtml/build_dita2xhtml.xml
69   [DEBUG] creating macro  map.html
69   [DEBUG] Overriding previous definition of reference to ant.projectHelper
69   [DEBUG] Importing file /Users/isemisynov/Develop/dita-formats-demo/dita-ot-3.7.2/plugins/org.dita.eclipsehelp/build_dita2eclipsehelp.xml from /Users/isemisynov/Develop/dita-formats-demo/dita-ot-3.7.2/plugins/org.dita.base/build.xml
69   [DEBUG] Overriding previous definition of reference to ant.projectHelper
70   [DEBUG] parsing buildfile /Users/isemisynov/Develop/dita-formats-demo/dita-ot-3.7.2/plugins/org.dita.eclipsehelp/build_dita2eclipsehelp.xml with URI = file:/Users/isemisynov/Develop/dita-formats-demo/dita-ot-3.7.2/plugins/org.dita.eclipsehelp/build_dita2eclipsehelp.xml
71   [DEBUG] Overriding previous definition of reference to ant.projectHelper
71   [DEBUG] Importing file /Users/isemisynov/Develop/dita-formats-demo/dita-ot-3.7.2/plugins/org.dita.html5/build_dita2html5.xml from /Users/isemisynov/Develop/dita-formats-demo/dita-ot-3.7.2/plugins/org.dita.base/build.xml
71   [DEBUG] Overriding previous definition of reference to ant.projectHelper
72   [DEBUG] parsing buildfile /Users/isemisynov/Develop/dita-formats-demo/dita-ot-3.7.2/plugins/org.dita.html5/build_dita2html5.xml with URI = file:/Users/isemisynov/Develop/dita-formats-demo/dita-ot-3.7.2/plugins/org.dita.html5/build_dita2html5.xml
73   [DEBUG] creating macro  html5.topics
73   [DEBUG] creating macro  html5.map
73   [DEBUG] Overriding previous definition of reference to ant.projectHelper
73   [DEBUG] Importing file /Users/isemisynov/Develop/dita-formats-demo/dita-ot-3.7.2/plugins/org.dita.htmlhelp/build_dita2htmlhelp.xml from /Users/isemisynov/Develop/dita-formats-demo/dita-ot-3.7.2/plugins/org.dita.base/build.xml
73   [DEBUG] Overriding previous definition of reference to ant.projectHelper
74   [DEBUG] parsing buildfile /Users/isemisynov/Develop/dita-formats-demo/dita-ot-3.7.2/plugins/org.dita.htmlhelp/build_dita2htmlhelp.xml with URI = file:/Users/isemisynov/Develop/dita-formats-demo/dita-ot-3.7.2/plugins/org.dita.htmlhelp/build_dita2htmlhelp.xml
74   [DEBUG] Overriding previous definition of reference to ant.projectHelper
75   [DEBUG] Importing file /Users/isemisynov/Develop/dita-formats-demo/dita-ot-3.7.2/plugins/org.dita.index/build.xml from /Users/isemisynov/Develop/dita-formats-demo/dita-ot-3.7.2/plugins/org.dita.base/build.xml
75   [DEBUG] Overriding previous definition of reference to ant.projectHelper
75   [DEBUG] parsing buildfile /Users/isemisynov/Develop/dita-formats-demo/dita-ot-3.7.2/plugins/org.dita.index/build.xml with URI = file:/Users/isemisynov/Develop/dita-formats-demo/dita-ot-3.7.2/plugins/org.dita.index/build.xml
76   [DEBUG] Overriding previous definition of reference to ant.projectHelper
76   [DEBUG] Importing file /Users/isemisynov/Develop/dita-formats-demo/dita-ot-3.7.2/plugins/org.dita.pdf2/build.xml from /Users/isemisynov/Develop/dita-formats-demo/dita-ot-3.7.2/plugins/org.dita.base/build.xml
76   [DEBUG] Overriding previous definition of reference to ant.projectHelper
77   [DEBUG] parsing buildfile /Users/isemisynov/Develop/dita-formats-demo/dita-ot-3.7.2/plugins/org.dita.pdf2/build.xml with URI = file:/Users/isemisynov/Develop/dita-formats-demo/dita-ot-3.7.2/plugins/org.dita.pdf2/build.xml
78   [DEBUG] Overriding previous definition of reference to ant.projectHelper
78   [DEBUG] Importing file /Users/isemisynov/Develop/dita-formats-demo/dita-ot-3.7.2/plugins/org.dita.pdf2.axf/build.xml from /Users/isemisynov/Develop/dita-formats-demo/dita-ot-3.7.2/plugins/org.dita.base/build.xml
78   [DEBUG] Overriding previous definition of reference to ant.projectHelper
79   [DEBUG] parsing buildfile /Users/isemisynov/Develop/dita-formats-demo/dita-ot-3.7.2/plugins/org.dita.pdf2.axf/build.xml with URI = file:/Users/isemisynov/Develop/dita-formats-demo/dita-ot-3.7.2/plugins/org.dita.pdf2.axf/build.xml
80   [DEBUG] Overriding previous definition of reference to ant.projectHelper
80   [DEBUG] Importing file /Users/isemisynov/Develop/dita-formats-demo/dita-ot-3.7.2/plugins/org.dita.pdf2.fop/build_fop.xml from /Users/isemisynov/Develop/dita-formats-demo/dita-ot-3.7.2/plugins/org.dita.base/build.xml
80   [DEBUG] Overriding previous definition of reference to ant.projectHelper
81   [DEBUG] parsing buildfile /Users/isemisynov/Develop/dita-formats-demo/dita-ot-3.7.2/plugins/org.dita.pdf2.fop/build_fop.xml with URI = file:/Users/isemisynov/Develop/dita-formats-demo/dita-ot-3.7.2/plugins/org.dita.pdf2.fop/build_fop.xml
82   [DEBUG] Overriding previous definition of reference to ant.projectHelper
82   [DEBUG] Importing file /Users/isemisynov/Develop/dita-formats-demo/dita-ot-3.7.2/plugins/org.dita.pdf2.xep/build.xml from /Users/isemisynov/Develop/dita-formats-demo/dita-ot-3.7.2/plugins/org.dita.base/build.xml
82   [DEBUG] Overriding previous definition of reference to ant.projectHelper
83   [DEBUG] parsing buildfile /Users/isemisynov/Develop/dita-formats-demo/dita-ot-3.7.2/plugins/org.dita.pdf2.xep/build.xml with URI = file:/Users/isemisynov/Develop/dita-formats-demo/dita-ot-3.7.2/plugins/org.dita.pdf2.xep/build.xml
83   [DEBUG] Overriding previous definition of reference to ant.projectHelper
83   [DEBUG] Importing file /Users/isemisynov/Develop/dita-formats-demo/dita-ot-3.7.2/plugins/org.dita.normalize/build.xml from /Users/isemisynov/Develop/dita-formats-demo/dita-ot-3.7.2/plugins/org.dita.base/build.xml
84   [DEBUG] Overriding previous definition of reference to ant.projectHelper
84   [DEBUG] parsing buildfile /Users/isemisynov/Develop/dita-formats-demo/dita-ot-3.7.2/plugins/org.dita.normalize/build.xml with URI = file:/Users/isemisynov/Develop/dita-formats-demo/dita-ot-3.7.2/plugins/org.dita.normalize/build.xml
84   [DEBUG] Overriding previous definition of reference to ant.projectHelper
85   [DEBUG] Importing file /Users/isemisynov/Develop/dita-formats-demo/dita-ot-3.7.2/plugins/org.lwdita/build-markdown.xml from /Users/isemisynov/Develop/dita-formats-demo/dita-ot-3.7.2/plugins/org.dita.base/build.xml
85   [DEBUG] Overriding previous definition of reference to ant.projectHelper
85   [DEBUG] parsing buildfile /Users/isemisynov/Develop/dita-formats-demo/dita-ot-3.7.2/plugins/org.lwdita/build-markdown.xml with URI = file:/Users/isemisynov/Develop/dita-formats-demo/dita-ot-3.7.2/plugins/org.lwdita/build-markdown.xml
86   [DEBUG] creating macro  markdown.map
86   [DEBUG] creating macro  markdown.topics
86   [DEBUG] Overriding previous definition of reference to ant.projectHelper
86   [DEBUG] Importing file /Users/isemisynov/Develop/dita-formats-demo/dita-ot-3.7.2/plugins/org.lwdita/build-html.xml from /Users/isemisynov/Develop/dita-formats-demo/dita-ot-3.7.2/plugins/org.dita.base/build.xml
86   [DEBUG] Overriding previous definition of reference to ant.projectHelper
87   [DEBUG] parsing buildfile /Users/isemisynov/Develop/dita-formats-demo/dita-ot-3.7.2/plugins/org.lwdita/build-html.xml with URI = file:/Users/isemisynov/Develop/dita-formats-demo/dita-ot-3.7.2/plugins/org.lwdita/build-html.xml
88   [DEBUG] Overriding previous definition of reference to ant.projectHelper
88   [DEBUG] Overriding previous definition of reference to ant.projectHelper
88   [DEBUG] Build sequence for target(s) `dita2pdf' is [dita2pdf2.init, init-properties, check-arg, log-arg, build-init, preprocess2.init, ditaval-merge, map-reader, map-mapref, map-branch-filter, map-keyref, map-conrefpush, map-conref, map-profile-check, map-profile, preprocess2.maps, topic-reader, topic-branch-filter, topic-keyref, topic-copy-to, topic-conrefpush, topic-conref, topic-profile-check, topic-profile, preprocess2.topic-fragment, topic-chunk, topic-move-meta-entries, topic-maplink, topic-topicpull, preprocess2.topics, map-clean-map, clean-preprocess, copy-image2, copy-html, copy-flag-check, copy-flag, copy-files2, preprocess2, map2pdf2, topic2pdf2, dita2pdf2, dita2pdf]
89   [DEBUG] Complete build sequence is [dita2pdf2.init, init-properties, check-arg, log-arg, build-init, preprocess2.init, ditaval-merge, map-reader, map-mapref, map-branch-filter, map-keyref, map-conrefpush, map-conref, map-profile-check, map-profile, preprocess2.maps, topic-reader, topic-branch-filter, topic-keyref, topic-copy-to, topic-conrefpush, topic-conref, topic-profile-check, topic-profile, preprocess2.topic-fragment, topic-chunk, topic-move-meta-entries, topic-maplink, topic-topicpull, preprocess2.topics, map-clean-map, clean-preprocess, copy-image2, copy-html, copy-flag-check, copy-flag, copy-files2, preprocess2, map2pdf2, topic2pdf2, dita2pdf2, dita2pdf, dita.index.eclipsehelp.init, ditaot-preprocess.mapref-check, conref, transform.topic2pdf.init, preview.topic.pdf.init, copyCoreArtwork, transform.fo2pdf.xep.test-use, transform.fo2pdf.xep.init, transform.fo2pdf.fop.test-use, transform.fo2pdf.fop.init, transform.fo2pdf.ah.test-use, transform.fo2pdf.ah.init, transform.topic2fo.init, org.dita.index.init, org.dita.index, transform.topic2fo.main, transform.topic2fo.i18n.filter, transform.topic2fo.i18n.no-filter, transform.topic2fo.i18n, transform.topic2fo, transform.fo2pdf.xep, transform.fo2pdf.fop, transform.fo2pdf.ah, transform.fo2pdf, transform.topic2pdf, dita.build.preview.topic.pdf, ditaot-preprocess.maplink-check, markdown_github.init, preprocess.init, gen-list, debug-filter, mapref-check, mapref, branch-filter, keyref, copy-to, conrefpush, profile-check, profile, topic-fragment, chunk-check, chunk, move-meta-entries, maplink-check, maplink, topicpull-check, topicpull, clean-map-check, clean-map, copy-image, copy-files, preprocess, markdown.init, markdown.topics.common, markdown.topics.common.inner, markdown.topic, markdown.map.init, markdown.map.toc, markdown.map, dita2markdown, dita2normalize.dita2markdown_github, dita2normalize.markdown.topics.common, ditaot-init.check-arg, dita2dita, org.dita.pdf2.xep.transform.fo2pdf.xep, dita2htmlhelp.init, ditaot-preprocess.profile-check, dita2html5.html5.map.toc, html5.map.init, html5.map.toc, dita2html5.html5.map, ditaot-preprocess2.map-conrefpush, dita2eclipsehelp.dita.map.eclipse.plugin.init, dita.map.eclipse.plugin.init, dita.map.eclipse.plugin, ditaot-preprocess.debug-filter, dita.map.eclipse.fragment.move.files, dita2normalize.dita.out.map.hdita.toc, xhtml.init, xhtml.image-metadata, htmlhelp.topics, ditaot-init.build-init, dita2xhtml.copy-css-user, ditaot-preprocess.copy-to, ditaot-preprocess.keyref, ditaot-preprocess.copy-flag-check, ditaot-preprocess2.topic-keyref, transform.topic2fo.index.init, dita.build.transform.topic2fo.index, ditaot-preprocess2.topic-maplink, build_generaltargets.output-css-warn-message, ditaot-preprocess2.topic-reader, ditaot-preprocess.chunk, dita.topics.html.common, dita.build.transform.topic2fo.i18n.filter, org.dita.pdf2.axf.transform.fo2pdf.ah.nooption, ditaot-preprocess2.topic-branch-filter, build_generaltargets.xhtml.image-metadata, dita2normalize.dita.topics.hdita.common, dita.map.xhtml.init, dita.map.xhtml.toc, dita.map.xhtml, dita.map.eclipse.toc, dita.build.transform.topic2fo.i18n, org.dita.pdf2.axf.transform.fo2pdf.ah, html5.topic.init, org.dita.pdf2.xep.transform.fo2pdf.xep.test-use, ditaot-preprocess2.preprocess2.topic-fragment, markdown_gitbook.init, dita2eclipsehelp.dita.map.eclipse.fragment.language.init, ditaot-preprocess.preprocess.init, copy-revflag, ditaot-preprocess.clean-map, dita2xhtml.init, dita.build.dita2pdf2, hdita.init, ditaot-preprocess.clean-preprocess, dita2xhtml.dita.out.map.xhtml.toc, org.dita.pdf2.xep.transform.fo2pdf.xep.init, ditaot-preprocess2.preprocess2, org.dita.pdf2.axf.transform.fo2pdf.ah.test-use, ditaot-preprocess.maplink, ditaot-init.init-properties, ditaot-preprocess.preprocess, use-init.envhhcdir, use-init.hhcdir, htmlhelp.copy-image, copy-css, dita2htmlhelp.dita2htmlhelp, publish.map.pdf.init, dita2xhtml.dita.map.xhtml, copy-plugin-files, ditaot-preprocess2.map-clean-map, dita.build.dita2pdf, ditaot-preprocess.conrefpush, dita.map.eclipse.init, dita2eclipsehelp.dita.map.eclipse.fragment.error, ditaot-preprocess.branch-filter, dita.map.hdita.init, dita2eclipsehelp.copy-plugin-files, dita.build.transform.fo2pdf, html5.init, dita2eclipsehelp.dita.out.map.eclipse.plugin, build.eclipse.jar, org.dita.pdf2.fop.transform.fo2pdf.fop, dita.build.transform.topic2pdf.init, ditaot-preprocess2.map-mapref, dita.map.eclipse.fragment.language.init, ditaot-preprocess.gen-list, build_generaltargets.dita.topics.html.common, dita2htmlhelp.use-init.hhcdir, dita.build.publish.map.pdf, html5.topics.common.inner, dita2normalize.hdita.init, DOST.init, DOST.help, transform.fo2pdf.ah.nooption, dita.inner.topics.hdita.common, dita2htmlhelp.dita.htmlhelp.convertlang, ditaot-preprocess2.topic-topicpull, dita2eclipsehelp.dita.out.map.eclipse.toc, dita2normalize.markdown.init, html5.image-metadata, html5.topics.common, dita2html5.html5.topic, ditaot-preprocess.chunk-check, dita2normalize.markdown_gitbook.init, dita2htmlhelp.org.dita.index, build_generaltargets.dita.inner.topics.html.common, html5.topic, preprocess2-topic, ditaot-preprocess2.map-profile-check, dita.out.map.eclipse.plugin.properties, dita2eclipsehelp.dita.map.eclipse.index, ditaot-preprocess.profile, dita2normalize.markdown.topics.common.inner, dita.map.eclipse.fragment.language.country.init, dita2eclipsehelp.dita.map.eclipse.plugin.properties, ditaot-preprocess.copy-files, dita.inner.topics.html.common, build_generaltargets.xhtml.topics, org.dita.pdf2.fop.transform.fo2pdf.fop.test-use, dita2htmlhelp.dita2htmlhelp.init, dita.map.htmlhelp.init, ditaot-preprocess2.map-conref, dita.map.eclipse.index, dita.map.eclipse.plugin.properties, dita.map.eclipse.manifest.file, dita.out.map.eclipse.manifest.file, dita.out.map.eclipse.toc, dita.out.map.eclipse.index, dita.out.map.eclipse.plugin, dita.out.map.eclipse.fragment.move.files, dita.map.eclipse.genetrate.fragment, ditaot-preprocess.topicpull-check, init, help, ditaot-preprocess2.preprocess2-topic, dita.map.eclipse.fragment.error, ditaot-preprocess2.map-reader, ditaot-init.log-arg, dita2xhtml.copy-css, dita2normalize.markdown.map.toc, ditaot-preprocess.move-meta-entries, dita2markdown_gitbook, dita.build.transform.topic2fo, html5.css, preview.topic.pdf, transform.topic2fo.index, dita2eclipsehelp.dita.map.eclipse.init, xhtml.topics, dita2xhtml.dita2xhtml, ditaot-preprocess2.topic-move-meta-entries, dita2normalize.dita.inner.topics.hdita.common, dita2normalize.markdown_github.init, dita2eclipsehelp.dita.map.eclipse.toc, dita2normalize.dita2dita, ditaot-preprocess.copy-html, dita2normalize.markdown.topic, dita2html5.html5.topic.init, dita.topics.hdita.common, dita.map.hdita.toc, dita.out.map.hdita.toc, dita2normalize.dita2hdita, dita.map.eclipse.generate.plugin, clean-temp, dita2xhtml.dita2xhtml.init, ditaot-preprocess.copy-image, ditaot-preprocess.ditaval-merge, dita.map.htmlhelp.hhp, dita.map.htmlhelp.hhc, dita.map.htmlhelp.hhk, dita.htmlhelp.convertlang, compile.HTML.Help, dita.map.htmlhelp, dita2html5.html5.init, build_generaltargets.xhtml.init, dita2html5.html5.topics.common.inner, dita2xhtml.dita.map.xhtml.toc, org.dita.pdf2.fop.transform.fo2pdf.fop.init, dita2eclipsehelp.dita.out.map.eclipse.index, ditaot-preprocess2.preprocess2.maps, dita2eclipsehelp.build.eclipse.jar, ditaot-preprocess2.map-branch-filter, dita2normalize.markdown.map.init, dita2htmlhelp.compile.HTML.Help, dita.build.transform.topic2fo.index.init, dita2htmlhelp.dita.map.htmlhelp, html5.map, dita2html5, dita2html5.html5.map.init, ditaot-preprocess.mapref, dita2eclipsehelp.dita.out.map.eclipse.manifest.file, dita.build.transform.topic2fo.main, ditaot-preprocess.clean-map-check, dita2normalize.dita.map.hdita.toc, dita2eclipsehelp.dita.map.eclipse.genetrate.fragment, dita2eclipsehelp.dita.map.eclipse.fragment.language.country.init, dita.build.publish.map.pdf.init, ditaot-preprocess2.copy-image2, ditaot-preprocess.clean-temp, dita.build.dita2pdf2.init, dita2normalize.dita2markdown_gitbook, dita2eclipsehelp.dita.map.eclipse.manifest.file, dita2eclipsehelp.dita.out.map.eclipse.fragment.move.files, html5.copy-css-user, dita.eclipsehelp.init, dita2htmlhelp.org.dita.index.init, dita2hdita, dita2normalize.markdown.map, dita.build.transform.topic2fo.init, dita.out.map.xhtml.toc, ditaot-preprocess.copy-flag, dita2htmlhelp.htmlhelp.topics, dita2xhtml, dita2eclipsehelp.dita.index.eclipsehelp.init, org.dita.pdf2.axf.transform.fo2pdf.ah.hasoption, dita2eclipsehelp.dita.map.eclipse.generate.plugin, dita.build.preview.topic.pdf.init, ditaot-preprocess2.map-keyref, dita2htmlhelp.dita.map.htmlhelp.init, transform.fo2pdf.ah.hasoption, dita2eclipsehelp.dita.map.eclipse.plugin, ditaot-preprocess2.copy-files2, ditaot-preprocess.conref, ditaot-preprocess2.topic-conref, dita.build.transform.topic2fo.i18n.no-filter, dita.build.copyCoreArtwork, dita2normalize.dita2markdown, dita2xhtml.copy-revflag, dita.build.transform.topic2pdf, dita2markdown_github, ditaot-preprocess.topic-fragment, ditaot-preprocess2.topic-conrefpush, dita.map.eclipse, dita2eclipsehelp.dita2eclipsehelp, ditaot-preprocess2.preprocess2.topics, dita2html5.html5.css, dita2eclipsehelp, dita2eclipsehelp.dita.map.eclipse, dita.build.topic2pdf2, dita2eclipsehelp.dita.map.eclipse.fragment.move.files, dita2html5.html5.copy-css-user, dita2normalize.dita.map.hdita.init, dita2htmlhelp.dita.map.htmlhelp.hhp, ditaot-preprocess2.map-profile, ditaot-preprocess.topicpull, ditaot-preprocess2.topic-profile-check, dita2htmlhelp.dita.map.htmlhelp.hhk, output-css-warn-message, dita2htmlhelp.dita.map.htmlhelp.hhc, dita2html5.html5.image-metadata, dita2htmlhelp.htmlhelp.copy-image, dita2htmlhelp.use-init.envhhcdir, copy-css-user, dita2htmlhelp, dita2eclipsehelp.dita.out.map.eclipse.plugin.properties, dita.build.map2pdf2, dita2html5.html5.topics.common, ditaot-preprocess2.topic-copy-to, dita2html5.dita2html5, org.dita.pdf2.axf.transform.fo2pdf.ah.init, ditaot-preprocess2.topic-chunk, dita2eclipsehelp.dita.eclipsehelp.init, ditaot-preprocess2.preprocess2.init, publish.map.pdf, dita2xhtml.dita.map.xhtml.init, , ditaot-preprocess2.topic-profile]
89   [DEBUG] Property "pdf.formatter" has not been set
90   [DEBUG] Property "pdf.formatter" has not been set
90   [DEBUG] Property "pdf.formatter" has not been set
90   [DEBUG] Property "pdf.formatter" has not been set
90   [DEBUG] Property "pdf.formatter" has not been set
90   [DEBUG] Property "args.xsl.pdf" has not been set
90   [DEBUG] Property "args.xsl.pdf" has not been set
90   [DEBUG] Property "org.dita.pdf2.chunk.enabled" has not been set
91   [DEBUG] Override ignored for property "base.temp.dir"
91   [DEBUG] Override ignored for property "dita.temp.dir"
91   [DEBUG] Override ignored for property "output.dir"
91   [DEBUG] Property "temp.output.dir.name" has not been set
91   [INFO ] Initializing project
93   [DEBUG] Loading Environment env.
94   [DEBUG] Property "args.xsl" has not been set
94   [DEBUG] Property "args.xsl" has not been set
94   [DEBUG] Property "args.outext" has not been set
95   [DEBUG] Property "args.outext" has not been set
95   [DEBUG] Property "args.outext" has not been set
95   [DEBUG] Property "args.outext" has not been set
95   [DEBUG] Skipping /Users/isemisynov/Develop/dita-formats-demo/output/dita/pdf because it already exists.
95   [INFO ] Deleting directory /Users/isemisynov/Develop/dita-formats-demo/tmp/1653650809787
95   [DEBUG] Deleting directory /Users/isemisynov/Develop/dita-formats-demo/tmp/1653650809787
96   [INFO ] Created dir: /Users/isemisynov/Develop/dita-formats-demo/tmp/1653650809787
97   [DEBUG] Property "args.hide.parent.link" has not been set
97   [DEBUG] Property "org.xml.sax.driver" has not been set
98   [DEBUG] Unable to load class org.apache.crimson.parser.XMLReaderImpl
99   [DEBUG] Unable to load class net.sf.saxon.StyleSheet
99   [INFO ] *****************************************************************
99   [INFO ] * basedir = /Users/isemisynov/Develop/dita-formats-demo/dita-ot-3.7.2
99   [INFO ] * dita.dir = /Users/isemisynov/Develop/dita-formats-demo/dita-ot-3.7.2
99   [INFO ] * transtype = pdf
99   [INFO ] * tempdir = /Users/isemisynov/Develop/dita-formats-demo/tmp/1653650809787
99   [INFO ] * outputdir = /Users/isemisynov/Develop/dita-formats-demo/output/dita/pdf
99   [DEBUG] Property "clean.temp" has not been set
99   [INFO ] * clean.temp = ${clean.temp}
99   [INFO ] * DITA-OT version = 3.7.2
99   [INFO ] * XML parser = Xerces
100  [INFO ] * XSLT processor = Saxon
100  [INFO ] * collator = ICU
100  [INFO ] *****************************************************************
101  [INFO ] #Ant properties
101  [INFO ] #Fri May 27 14:26:49 MSK 2022
101  [INFO ] args.grammar.cache=yes
101  [INFO ] args.input=file\:/Users/isemisynov/Develop/dita-formats-demo/demo-input/dita/demo.ditamap
101  [INFO ] args.rellinks=nofamily
101  [INFO ] args.xml.systemid.set=yes
101  [INFO ] dita.dir=/Users/isemisynov/Develop/dita-formats-demo/dita-ot-3.7.2
101  [INFO ] dita.output.dir=/Users/isemisynov/Develop/dita-formats-demo/output/dita/pdf
101  [INFO ] dita.plugin.org.dita.base.dir=/Users/isemisynov/Develop/dita-formats-demo/dita-ot-3.7.2/plugins/org.dita.base
101  [INFO ] dita.plugin.org.dita.eclipsehelp.dir=/Users/isemisynov/Develop/dita-formats-demo/dita-ot-3.7.2/plugins/org.dita.eclipsehelp
101  [INFO ] dita.plugin.org.dita.html5.dir=/Users/isemisynov/Develop/dita-formats-demo/dita-ot-3.7.2/plugins/org.dita.html5
101  [INFO ] dita.plugin.org.dita.htmlhelp.dir=/Users/isemisynov/Develop/dita-formats-demo/dita-ot-3.7.2/plugins/org.dita.htmlhelp
101  [INFO ] dita.plugin.org.dita.index.dir=/Users/isemisynov/Develop/dita-formats-demo/dita-ot-3.7.2/plugins/org.dita.index
101  [INFO ] dita.plugin.org.dita.normalize.dir=/Users/isemisynov/Develop/dita-formats-demo/dita-ot-3.7.2/plugins/org.dita.normalize
101  [INFO ] dita.plugin.org.dita.pdf2.axf.dir=/Users/isemisynov/Develop/dita-formats-demo/dita-ot-3.7.2/plugins/org.dita.pdf2.axf
101  [INFO ] dita.plugin.org.dita.pdf2.dir=/Users/isemisynov/Develop/dita-formats-demo/dita-ot-3.7.2/plugins/org.dita.pdf2
101  [INFO ] dita.plugin.org.dita.pdf2.fop.dir=/Users/isemisynov/Develop/dita-formats-demo/dita-ot-3.7.2/plugins/org.dita.pdf2.fop
101  [INFO ] dita.plugin.org.dita.pdf2.xep.dir=/Users/isemisynov/Develop/dita-formats-demo/dita-ot-3.7.2/plugins/org.dita.pdf2.xep
101  [INFO ] dita.plugin.org.dita.specialization.dita11.dir=/Users/isemisynov/Develop/dita-formats-demo/dita-ot-3.7.2/plugins/org.dita.specialization.dita11
101  [INFO ] dita.plugin.org.dita.xhtml.dir=/Users/isemisynov/Develop/dita-formats-demo/dita-ot-3.7.2/plugins/org.dita.xhtml
101  [INFO ] dita.plugin.org.lwdita.dir=/Users/isemisynov/Develop/dita-formats-demo/dita-ot-3.7.2/plugins/org.lwdita
101  [INFO ] dita.plugin.org.oasis-open.dita.techcomm.v2_0.dir=/Users/isemisynov/Develop/dita-formats-demo/dita-ot-3.7.2/plugins/org.oasis-open.dita.techcomm.v2_0
101  [INFO ] dita.plugin.org.oasis-open.dita.v1_2.dir=/Users/isemisynov/Develop/dita-formats-demo/dita-ot-3.7.2/plugins/org.oasis-open.dita.v1_2
101  [INFO ] dita.plugin.org.oasis-open.dita.v1_3.dir=/Users/isemisynov/Develop/dita-formats-demo/dita-ot-3.7.2/plugins/org.oasis-open.dita.v1_3
101  [INFO ] dita.plugin.org.oasis-open.dita.v2_0.dir=/Users/isemisynov/Develop/dita-formats-demo/dita-ot-3.7.2/plugins/org.oasis-open.dita.v2_0
101  [INFO ] dita.plugin.org.oasis-open.xdita.v0_2_2.dir=/Users/isemisynov/Develop/dita-formats-demo/dita-ot-3.7.2/plugins/org.oasis-open.xdita.v0_2_2
101  [INFO ] dita.temp.dir=/Users/isemisynov/Develop/dita-formats-demo/tmp/1653650809787
101  [INFO ] preprocess.chunk.skip=true
101  [INFO ] preprocess.copy-flag.skip=true
101  [INFO ] preprocess.copy-image.skip=true
101  [INFO ] *****************************************************************
101  [DEBUG] Override ignored for property "clean-preprocess.use-result-filename"
102  [DEBUG] Set property dita.map.filename.root = demo
102  [INFO ] *****************************************************************
102  [INFO ] * input = file:/Users/isemisynov/Develop/dita-formats-demo/demo-input/dita/demo.ditamap
102  [DEBUG] Property "args.resources" has not been set
102  [INFO ] * resources = ${args.resources}
103  [INFO ] *****************************************************************
104  [DEBUG] Job not found from Ant project reference
106  [INFO ] Using Xerces grammar pool for DTD and schema caching.
106  [INFO ] Processing file:/Users/isemisynov/Develop/dita-formats-demo/demo-input/dita/demo.ditamap to file:/Users/isemisynov/Develop/dita-formats-demo/tmp/1653650809787/8a6acaafc08b3c7eb3d129b394e342b69417ea96.ditamap
110  [INFO ] Serializing job specification
113  [DEBUG] MapReaderModule processing took 8 ms
113  [DEBUG] Scanning for 8a6acaafc08b3c7eb3d129b394e342b69417ea96.ditamap
113  [DEBUG] Found temporary directory file /Users/isemisynov/Develop/dita-formats-demo/tmp/1653650809787/8a6acaafc08b3c7eb3d129b394e342b69417ea96.ditamap
113  [DEBUG] Set property inputMapPath = file:/Users/isemisynov/Develop/dita-formats-demo/tmp/1653650809787/8a6acaafc08b3c7eb3d129b394e342b69417ea96.ditamap
113  [DEBUG] Property "dita.preprocess.reloadstylesheet" has not been set
113  [DEBUG] Property "user.input.file" has not been set
153  [INFO ] Processing file:/Users/isemisynov/Develop/dita-formats-demo/tmp/1653650809787/8a6acaafc08b3c7eb3d129b394e342b69417ea96.ditamap
159  [DEBUG] MaprefModule processing took 45 ms
159  [INFO ] Processing file:/Users/isemisynov/Develop/dita-formats-demo/tmp/1653650809787/8a6acaafc08b3c7eb3d129b394e342b69417ea96.ditamap
159  [DEBUG] Reading file:/Users/isemisynov/Develop/dita-formats-demo/tmp/1653650809787/8a6acaafc08b3c7eb3d129b394e342b69417ea96.ditamap
160  [DEBUG] Split branches and generate copy-to
160  [DEBUG] Filter map
160  [DEBUG] Loading subject schemes
160  [DEBUG] Rewrite duplicate topic references
160  [DEBUG] Writing file:/Users/isemisynov/Develop/dita-formats-demo/tmp/1653650809787/8a6acaafc08b3c7eb3d129b394e342b69417ea96.ditamap
162  [DEBUG] MapBranchFilterModule processing took 3 ms
163  [DEBUG] KeyrefModule processing took 0 ms
205  [INFO ] Processing file:/Users/isemisynov/Develop/dita-formats-demo/tmp/1653650809787/8a6acaafc08b3c7eb3d129b394e342b69417ea96.ditamap
209  [DEBUG] MaprefModule processing took 46 ms
210  [DEBUG] ConrefPushModule processing took 0 ms
210  [DEBUG] Property "dita.preprocess.reloadstylesheet" has not been set
210  [DEBUG] Setting exportfile.url to URL file:/Users/isemisynov/Develop/dita-formats-demo/tmp/1653650809787/export.xml
211  [DEBUG] XsltModule processing took 0 ms
212  [INFO ] Processing /Users/isemisynov/Develop/dita-formats-demo/tmp/1653650809787/8a6acaafc08b3c7eb3d129b394e342b69417ea96.ditamap
216  [DEBUG] FilterModule processing took 5 ms
217  [INFO ] Using Xerces grammar pool for DTD and schema caching.
217  [DEBUG] Reading file:/Users/isemisynov/Develop/dita-formats-demo/tmp/1653650809787/8a6acaafc08b3c7eb3d129b394e342b69417ea96.ditamap
218  [DEBUG] Loading subject schemes
218  [INFO ] Reading file:/Users/isemisynov/Develop/dita-formats-demo/tmp/1653650809787/8a6acaafc08b3c7eb3d129b394e342b69417ea96.ditamap
219  [INFO ] Processing file:/Users/isemisynov/Develop/dita-formats-demo/demo-input/dita/demo-topic1.dita to file:/Users/isemisynov/Develop/dita-formats-demo/tmp/1653650809787/4c7e91b669af818713c8e3b1b862ceac73fda11d.dita
221  [INFO ] Processing file:/Users/isemisynov/Develop/dita-formats-demo/demo-input/dita/demo-topic2.dita to file:/Users/isemisynov/Develop/dita-formats-demo/tmp/1653650809787/0dc3b7ee4c3b0ac6435622554ccd9d01be9127e1.dita
224  [INFO ] Serializing job specification
226  [DEBUG] TopicReaderModule processing took 9 ms
227  [INFO ] Processing file:/Users/isemisynov/Develop/dita-formats-demo/tmp/1653650809787/8a6acaafc08b3c7eb3d129b394e342b69417ea96.ditamap
227  [DEBUG] Reading file:/Users/isemisynov/Develop/dita-formats-demo/tmp/1653650809787/8a6acaafc08b3c7eb3d129b394e342b69417ea96.ditamap
227  [DEBUG] Loading subject schemes
227  [DEBUG] Filter topics and generate copies
227  [DEBUG] Filter existing topics
228  [DEBUG] Writing file:/Users/isemisynov/Develop/dita-formats-demo/tmp/1653650809787/8a6acaafc08b3c7eb3d129b394e342b69417ea96.ditamap
230  [DEBUG] TopicBranchFilterModule processing took 3 ms
230  [DEBUG] KeyrefModule processing took 0 ms
233  [DEBUG] CopyToModule processing took 3 ms
233  [DEBUG] ConrefPushModule processing took 0 ms
233  [DEBUG] Property "dita.preprocess.reloadstylesheet" has not been set
233  [DEBUG] Override ignored for property "dita.preprocess.reloadstylesheet.conref"
234  [DEBUG] XsltModule processing took 0 ms
234  [DEBUG] Skipped because property 'preprocess.topic-profile.skip' set.
235  [INFO ] Processing file:/Users/isemisynov/Develop/dita-formats-demo/tmp/1653650809787/8a6acaafc08b3c7eb3d129b394e342b69417ea96.ditamap
235  [DEBUG] Configure filter org.dita.dost.writer.TopicFragmentFilter
235  [DEBUG] Configure filter org.dita.dost.writer.NormalizeTableFilter
235  [DEBUG] Configure filter org.dita.dost.writer.NormalizeSimpleTableFilter
235  [DEBUG] Configure filter org.dita.dost.writer.CoderefResolver
235  [DEBUG] Configure filter org.dita.dost.writer.NormalizeCodeblock
237  [INFO ] Processing file:/Users/isemisynov/Develop/dita-formats-demo/tmp/1653650809787/4c7e91b669af818713c8e3b1b862ceac73fda11d.dita
237  [DEBUG] Configure filter org.dita.dost.writer.TopicFragmentFilter
237  [DEBUG] Configure filter org.dita.dost.writer.NormalizeTableFilter
237  [DEBUG] Configure filter org.dita.dost.writer.NormalizeSimpleTableFilter
237  [DEBUG] Configure filter org.dita.dost.writer.CoderefResolver
237  [DEBUG] Configure filter org.dita.dost.writer.NormalizeCodeblock
239  [INFO ] Processing file:/Users/isemisynov/Develop/dita-formats-demo/tmp/1653650809787/0dc3b7ee4c3b0ac6435622554ccd9d01be9127e1.dita
239  [DEBUG] Configure filter org.dita.dost.writer.TopicFragmentFilter
239  [DEBUG] Configure filter org.dita.dost.writer.NormalizeTableFilter
239  [DEBUG] Configure filter org.dita.dost.writer.NormalizeSimpleTableFilter
239  [DEBUG] Configure filter org.dita.dost.writer.CoderefResolver
239  [DEBUG] Configure filter org.dita.dost.writer.NormalizeCodeblock
241  [DEBUG] XmlFilterModule processing took 6 ms
241  [DEBUG] Skipped because property 'preprocess.chunk.skip' set.
241  [INFO ] Processing file:/Users/isemisynov/Develop/dita-formats-demo/tmp/1653650809787/8a6acaafc08b3c7eb3d129b394e342b69417ea96.ditamap
242  [DEBUG] Writing file:/Users/isemisynov/Develop/dita-formats-demo/tmp/1653650809787/8a6acaafc08b3c7eb3d129b394e342b69417ea96.ditamap
243  [INFO ] Loading stylesheet /Users/isemisynov/Develop/dita-formats-demo/dita-ot-3.7.2/plugins/org.dita.base/xsl/preprocess/mappull.xsl
303  [INFO ] Processing file:/Users/isemisynov/Develop/dita-formats-demo/tmp/1653650809787/8a6acaafc08b3c7eb3d129b394e342b69417ea96.ditamap
303  [DEBUG] Processing file:/Users/isemisynov/Develop/dita-formats-demo/tmp/1653650809787/8a6acaafc08b3c7eb3d129b394e342b69417ea96.ditamap to file:/Users/isemisynov/Develop/dita-formats-demo/tmp/1653650809787/8a6acaafc08b3c7eb3d129b394e342b69417ea96.ditamap.tmp1653650810090
303  [DEBUG] Set parameter basedir to '/Users/isemisynov/Develop/dita-formats-demo/dita-ot-3.7.2'
303  [DEBUG] Set parameter style to '/Users/isemisynov/Develop/dita-formats-demo/dita-ot-3.7.2/plugins/org.dita.base/xsl/preprocess/mappull.xsl'
303  [DEBUG] Set parameter conserve-memory to 'false'
303  [DEBUG] Set parameter message to 'Move metadata entries.'
407  [DEBUG] Moving file:/Users/isemisynov/Develop/dita-formats-demo/tmp/1653650809787/8a6acaafc08b3c7eb3d129b394e342b69417ea96.ditamap.tmp1653650810090 to file:/Users/isemisynov/Develop/dita-formats-demo/tmp/1653650809787/8a6acaafc08b3c7eb3d129b394e342b69417ea96.ditamap
407  [DEBUG] MoveMetaModule processing took 166 ms
407  [DEBUG] Property "dita.preprocess.reloadstylesheet" has not been set
462  [DEBUG] MoveLinksModule processing took 54 ms
463  [DEBUG] Property "dita.preprocess.reloadstylesheet" has not been set
463  [INFO ] Transforming into /Users/isemisynov/Develop/dita-formats-demo/tmp/1653650809787
463  [INFO ] Loading stylesheet file:/Users/isemisynov/Develop/dita-formats-demo/dita-ot-3.7.2/plugins/org.dita.base/xsl/preprocess/topicpull.xsl
515  [INFO ] Loading stylesheet file:/Users/isemisynov/Develop/dita-formats-demo/dita-ot-3.7.2/plugins/org.dita.base/xsl/preprocess/topicpull.xsl
515  [DEBUG] Set parameter ONLYTOPICINMAP to 'false'
515  [DEBUG] Set parameter defaultLanguage to 'en'
515  [INFO ] Processing file:/Users/isemisynov/Develop/dita-formats-demo/tmp/1653650809787/4c7e91b669af818713c8e3b1b862ceac73fda11d.dita
517  [DEBUG] Set parameter ONLYTOPICINMAP to 'false'
517  [DEBUG] Set parameter defaultLanguage to 'en'
517  [INFO ] Processing file:/Users/isemisynov/Develop/dita-formats-demo/tmp/1653650809787/0dc3b7ee4c3b0ac6435622554ccd9d01be9127e1.dita
520  [DEBUG] XsltModule processing took 57 ms
520  [DEBUG] Property "dita.preprocess.reloadstylesheet" has not been set
520  [INFO ] Transforming into /Users/isemisynov/Develop/dita-formats-demo/tmp/1653650809787
521  [INFO ] Loading stylesheet file:/Users/isemisynov/Develop/dita-formats-demo/dita-ot-3.7.2/plugins/org.dita.base/xsl/preprocess/clean-map.xsl
534  [DEBUG] Apache resolver library found, xml-commons resolver will be used
555  [INFO ] Loading stylesheet file:/Users/isemisynov/Develop/dita-formats-demo/dita-ot-3.7.2/plugins/org.dita.base/xsl/preprocess/clean-map.xsl
555  [INFO ] Processing file:/Users/isemisynov/Develop/dita-formats-demo/tmp/1653650809787/8a6acaafc08b3c7eb3d129b394e342b69417ea96.ditamap
558  [DEBUG] XsltModule processing took 38 ms
559  [DEBUG] CleanPreprocessModule processing took 1 ms
559  [DEBUG] Skipped because property 'preprocess.copy-image.skip' set.
559  [DEBUG] Property "_dita.map.output.dir" has not been set
559  [DEBUG] Property "uplevels" has not been set
560  [DEBUG] Overriding previous definition of property "transtypes"
560  [DEBUG] Overriding previous definition of property "parser.md"
560  [DEBUG] Overriding previous definition of property "plugin.org.dita.specialization.dita11.dir"
560  [DEBUG] Overriding previous definition of property "parser.hdita"
560  [DEBUG] Overriding previous definition of property "cli.color"
560  [DEBUG] Overriding previous definition of property "plugin.org.dita.pdf2.dir"
560  [DEBUG] Overriding previous definition of property "print_transtypes"
560  [DEBUG] Overriding previous definition of property "supported_resource_extensions"
560  [DEBUG] Overriding previous definition of property "plugin.org.dita.xhtml.dir"
560  [DEBUG] Overriding previous definition of property "plugin.org.dita.index.dir"
560  [DEBUG] Overriding previous definition of property "supported_html_extensions"
560  [DEBUG] Overriding previous definition of property "plugin.order"
560  [DEBUG] Overriding previous definition of property "otrelease"
560  [DEBUG] Overriding previous definition of property "supported_image_extensions"
560  [DEBUG] Overriding previous definition of property "org.dita.pdf2.i18n.enabled"
560  [DEBUG] Overriding previous definition of property "plugin.org.dita.html5.dir"
560  [DEBUG] Overriding previous definition of property "default.cascade"
560  [DEBUG] Overriding previous definition of property "plugin.org.oasis-open.xdita.v0_2_2.dir"
560  [DEBUG] Overriding previous definition of property "plugin.org.dita.eclipsehelp.dir"
560  [DEBUG] Overriding previous definition of property "plugin.org.dita.htmlhelp.dir"
560  [DEBUG] Overriding previous definition of property "temp-file-name-scheme"
560  [DEBUG] Overriding previous definition of property "plugin.org.dita.base.dir"
560  [DEBUG] Overriding previous definition of property "plugindirs"
560  [DEBUG] Overriding previous definition of property "parser.mdita"
560  [DEBUG] Overriding previous definition of property "plugin.ignores"
560  [DEBUG] Overriding previous definition of property "registry"
561  [DEBUG] Overriding previous definition of property "plugin.org.dita.pdf2.axf.dir"
561  [DEBUG] Overriding previous definition of property "plugin.org.dita.normalize.dir"
561  [DEBUG] Overriding previous definition of property "plugin.org.oasis-open.dita.techcomm.v2_0.dir"
561  [DEBUG] Overriding previous definition of property "plugin.org.oasis-open.dita.v1_2.dir"
561  [DEBUG] Overriding previous definition of property "plugin.org.dita.pdf2.fop.dir"
561  [DEBUG] Overriding previous definition of property "plugin.org.lwdita.dir"
561  [DEBUG] Overriding previous definition of property "plugin.org.dita.pdf2.xep.dir"
561  [DEBUG] Overriding previous definition of property "plugin.org.oasis-open.dita.v2_0.dir"
561  [DEBUG] Overriding previous definition of property "otversion"
561  [DEBUG] Overriding previous definition of property "plugin.org.oasis-open.dita.v1_3.dir"
561  [DEBUG] Overriding previous definition of property "parser.markdown"
561  [DEBUG] Override ignored for property "preprocess.copy-flag.skip"
561  [DEBUG] Skipped because property 'preprocess.copy-flag.skip' set.
561  [DEBUG] Override ignored for property "uplevels"
584  [INFO ] Processing file:/Users/isemisynov/Develop/dita-formats-demo/tmp/1653650809787/8a6acaafc08b3c7eb3d129b394e342b69417ea96.ditamap
585  [INFO ] Processing file:/Users/isemisynov/Develop/dita-formats-demo/tmp/1653650809787/4c7e91b669af818713c8e3b1b862ceac73fda11d.dita
585  [INFO ] Processing file:/Users/isemisynov/Develop/dita-formats-demo/tmp/1653650809787/0dc3b7ee4c3b0ac6435622554ccd9d01be9127e1.dita
621  [DEBUG] TopicMergeModule processing took 59 ms
624  [DEBUG] Project base dir set to: /Users/isemisynov/Develop/dita-formats-demo/dita-ot-3.7.2
624  [DEBUG] calling target(s) [publish.map.pdf] in build file /Users/isemisynov/Develop/dita-formats-demo/dita-ot-3.7.2/build.xml
625  [DEBUG] parsing buildfile /Users/isemisynov/Develop/dita-formats-demo/dita-ot-3.7.2/build.xml with URI = file:/Users/isemisynov/Develop/dita-formats-demo/dita-ot-3.7.2/build.xml
625  [DEBUG] Project base dir set to: /Users/isemisynov/Develop/dita-formats-demo/dita-ot-3.7.2
625  [DEBUG] Override ignored for property "ant.file.DOST.dir"
625  [DEBUG] Override ignored for property "dita.dir"
626  [DEBUG] Override ignored for property "dita.dir"
626  [DEBUG] Loading /Users/isemisynov/Develop/dita-formats-demo/dita-ot-3.7.2/local.properties
626  [DEBUG] Unable to find property file: /Users/isemisynov/Develop/dita-formats-demo/dita-ot-3.7.2/local.properties
626  [DEBUG] Importing file /Users/isemisynov/Develop/dita-formats-demo/dita-ot-3.7.2/plugins/org.dita.base/build.xml from /Users/isemisynov/Develop/dita-formats-demo/dita-ot-3.7.2/build.xml
626  [DEBUG] Overriding previous definition of reference to ant.projectHelper
626  [DEBUG] parsing buildfile /Users/isemisynov/Develop/dita-formats-demo/dita-ot-3.7.2/plugins/org.dita.base/build.xml with URI = file:/Users/isemisynov/Develop/dita-formats-demo/dita-ot-3.7.2/plugins/org.dita.base/build.xml
633  [DEBUG] Override ignored for property "dita.plugin.org.dita.htmlhelp.dir"
634  [DEBUG] Override ignored for property "dita.plugin.org.dita.base.dir"
634  [DEBUG] Override ignored for property "dita.plugin.org.dita.pdf2.xep.dir"
634  [DEBUG] Override ignored for property "dita.plugin.org.oasis-open.dita.techcomm.v2_0.dir"
634  [DEBUG] Override ignored for property "dita.plugin.org.dita.eclipsehelp.dir"
634  [DEBUG] Override ignored for property "dita.plugin.org.dita.pdf2.fop.dir"
634  [DEBUG] Override ignored for property "dita.plugin.org.dita.specialization.dita11.dir"
634  [DEBUG] Override ignored for property "dita.plugin.org.dita.normalize.dir"
634  [DEBUG] Override ignored for property "dita.plugin.org.oasis-open.xdita.v0_2_2.dir"
634  [DEBUG] Override ignored for property "dita.plugin.org.dita.pdf2.axf.dir"
634  [DEBUG] Override ignored for property "dita.plugin.org.dita.html5.dir"
634  [DEBUG] Override ignored for property "dita.plugin.org.dita.index.dir"
634  [DEBUG] Override ignored for property "dita.plugin.org.dita.xhtml.dir"
634  [DEBUG] Override ignored for property "dita.plugin.org.lwdita.dir"
634  [DEBUG] Override ignored for property "dita.plugin.org.oasis-open.dita.v1_2.dir"
634  [DEBUG] Override ignored for property "dita.plugin.org.dita.pdf2.dir"
635  [DEBUG] Override ignored for property "dita.plugin.org.oasis-open.dita.v1_3.dir"
635  [DEBUG] Override ignored for property "dita.plugin.org.oasis-open.dita.v2_0.dir"
635  [DEBUG] Importing file /Users/isemisynov/Develop/dita-formats-demo/dita-ot-3.7.2/plugins/org.dita.base/build_init.xml from /Users/isemisynov/Develop/dita-formats-demo/dita-ot-3.7.2/plugins/org.dita.base/build.xml
635  [DEBUG] Overriding previous definition of reference to ant.projectHelper
636  [DEBUG] parsing buildfile /Users/isemisynov/Develop/dita-formats-demo/dita-ot-3.7.2/plugins/org.dita.base/build_init.xml with URI = file:/Users/isemisynov/Develop/dita-formats-demo/dita-ot-3.7.2/plugins/org.dita.base/build_init.xml
636  [DEBUG] Override ignored for property "otrelease"
636  [DEBUG] Override ignored for property "otversion"
637  [DEBUG] Loading /Users/isemisynov/Develop/dita-formats-demo/dita-ot-3.7.2/config/org.dita.dost.platform/plugin.properties
637  [DEBUG] Override ignored for property "plugin.org.oasis-open.xdita.v0_2_2.dir"
637  [DEBUG] Override ignored for property "plugin.org.dita.eclipsehelp.dir"
637  [DEBUG] Override ignored for property "plugin.org.dita.htmlhelp.dir"
637  [DEBUG] Override ignored for property "plugin.org.dita.base.dir"
637  [DEBUG] Override ignored for property "transtypes"
637  [DEBUG] Override ignored for property "parser.md"
637  [DEBUG] Override ignored for property "parser.mdita"
637  [DEBUG] Override ignored for property "plugin.org.dita.specialization.dita11.dir"
637  [DEBUG] Override ignored for property "parser.hdita"
637  [DEBUG] Override ignored for property "plugin.org.dita.pdf2.axf.dir"
637  [DEBUG] Override ignored for property "plugin.org.dita.pdf2.dir"
637  [DEBUG] Override ignored for property "plugin.org.dita.normalize.dir"
637  [DEBUG] Override ignored for property "print_transtypes"
637  [DEBUG] Override ignored for property "plugin.org.oasis-open.dita.techcomm.v2_0.dir"
637  [DEBUG] Override ignored for property "plugin.org.oasis-open.dita.v1_2.dir"
637  [DEBUG] Override ignored for property "supported_resource_extensions"
637  [DEBUG] Override ignored for property "plugin.org.dita.xhtml.dir"
637  [DEBUG] Override ignored for property "plugin.org.dita.pdf2.fop.dir"
637  [DEBUG] Override ignored for property "plugin.org.dita.index.dir"
637  [DEBUG] Override ignored for property "plugin.org.lwdita.dir"
637  [DEBUG] Override ignored for property "plugin.org.dita.pdf2.xep.dir"
637  [DEBUG] Override ignored for property "supported_html_extensions"
637  [DEBUG] Override ignored for property "supported_image_extensions"
637  [DEBUG] Override ignored for property "plugin.org.oasis-open.dita.v2_0.dir"
637  [DEBUG] Override ignored for property "plugin.org.oasis-open.dita.v1_3.dir"
637  [DEBUG] Override ignored for property "parser.markdown"
637  [DEBUG] Override ignored for property "plugin.org.dita.html5.dir"
637  [DEBUG] Loading /Users/isemisynov/Develop/dita-formats-demo/dita-ot-3.7.2/config/configuration.properties
638  [DEBUG] Override ignored for property "default.cascade"
638  [DEBUG] Override ignored for property "registry"
638  [DEBUG] Override ignored for property "plugin.ignores"
638  [DEBUG] Override ignored for property "plugin.order"
638  [DEBUG] Override ignored for property "temp-file-name-scheme"
638  [DEBUG] Override ignored for property "plugindirs"
638  [DEBUG] Override ignored for property "org.dita.pdf2.i18n.enabled"
638  [DEBUG] Override ignored for property "cli.color"
639  [DEBUG] creating macro  job-helper
639  [DEBUG] Overriding previous definition of reference to ant.projectHelper
639  [DEBUG] Importing file /Users/isemisynov/Develop/dita-formats-demo/dita-ot-3.7.2/plugins/org.dita.base/build_preprocess.xml from /Users/isemisynov/Develop/dita-formats-demo/dita-ot-3.7.2/plugins/org.dita.base/build.xml
639  [DEBUG] Overriding previous definition of reference to ant.projectHelper
640  [DEBUG] parsing buildfile /Users/isemisynov/Develop/dita-formats-demo/dita-ot-3.7.2/plugins/org.dita.base/build_preprocess.xml with URI = file:/Users/isemisynov/Develop/dita-formats-demo/dita-ot-3.7.2/plugins/org.dita.base/build_preprocess.xml
641  [DEBUG] Overriding previous definition of reference to ant.projectHelper
641  [DEBUG] Importing file /Users/isemisynov/Develop/dita-formats-demo/dita-ot-3.7.2/plugins/org.dita.base/build_preprocess2.xml from /Users/isemisynov/Develop/dita-formats-demo/dita-ot-3.7.2/plugins/org.dita.base/build.xml
641  [DEBUG] Overriding previous definition of reference to ant.projectHelper
642  [DEBUG] parsing buildfile /Users/isemisynov/Develop/dita-formats-demo/dita-ot-3.7.2/plugins/org.dita.base/build_preprocess2.xml with URI = file:/Users/isemisynov/Develop/dita-formats-demo/dita-ot-3.7.2/plugins/org.dita.base/build_preprocess2.xml
643  [DEBUG] Overriding previous definition of reference to ant.projectHelper
643  [DEBUG] Importing file /Users/isemisynov/Develop/dita-formats-demo/dita-ot-3.7.2/plugins/org.dita.xhtml/build_general.xml from /Users/isemisynov/Develop/dita-formats-demo/dita-ot-3.7.2/plugins/org.dita.base/build.xml
643  [DEBUG] Overriding previous definition of reference to ant.projectHelper
643  [DEBUG] parsing buildfile /Users/isemisynov/Develop/dita-formats-demo/dita-ot-3.7.2/plugins/org.dita.xhtml/build_general.xml with URI = file:/Users/isemisynov/Develop/dita-formats-demo/dita-ot-3.7.2/plugins/org.dita.xhtml/build_general.xml
644  [DEBUG] creating macro  topics.html
644  [DEBUG] Overriding previous definition of reference to ant.projectHelper
645  [DEBUG] Importing file /Users/isemisynov/Develop/dita-formats-demo/dita-ot-3.7.2/plugins/org.dita.xhtml/build_dita2xhtml.xml from /Users/isemisynov/Develop/dita-formats-demo/dita-ot-3.7.2/plugins/org.dita.base/build.xml
645  [DEBUG] Overriding previous definition of reference to ant.projectHelper
645  [DEBUG] parsing buildfile /Users/isemisynov/Develop/dita-formats-demo/dita-ot-3.7.2/plugins/org.dita.xhtml/build_dita2xhtml.xml with URI = file:/Users/isemisynov/Develop/dita-formats-demo/dita-ot-3.7.2/plugins/org.dita.xhtml/build_dita2xhtml.xml
646  [DEBUG] creating macro  map.html
646  [DEBUG] Overriding previous definition of reference to ant.projectHelper
646  [DEBUG] Importing file /Users/isemisynov/Develop/dita-formats-demo/dita-ot-3.7.2/plugins/org.dita.eclipsehelp/build_dita2eclipsehelp.xml from /Users/isemisynov/Develop/dita-formats-demo/dita-ot-3.7.2/plugins/org.dita.base/build.xml
647  [DEBUG] Overriding previous definition of reference to ant.projectHelper
647  [DEBUG] parsing buildfile /Users/isemisynov/Develop/dita-formats-demo/dita-ot-3.7.2/plugins/org.dita.eclipsehelp/build_dita2eclipsehelp.xml with URI = file:/Users/isemisynov/Develop/dita-formats-demo/dita-ot-3.7.2/plugins/org.dita.eclipsehelp/build_dita2eclipsehelp.xml
648  [DEBUG] Overriding previous definition of reference to ant.projectHelper
649  [DEBUG] Importing file /Users/isemisynov/Develop/dita-formats-demo/dita-ot-3.7.2/plugins/org.dita.html5/build_dita2html5.xml from /Users/isemisynov/Develop/dita-formats-demo/dita-ot-3.7.2/plugins/org.dita.base/build.xml
649  [DEBUG] Overriding previous definition of reference to ant.projectHelper
649  [DEBUG] parsing buildfile /Users/isemisynov/Develop/dita-formats-demo/dita-ot-3.7.2/plugins/org.dita.html5/build_dita2html5.xml with URI = file:/Users/isemisynov/Develop/dita-formats-demo/dita-ot-3.7.2/plugins/org.dita.html5/build_dita2html5.xml
650  [DEBUG] creating macro  html5.topics
650  [DEBUG] creating macro  html5.map
650  [DEBUG] Overriding previous definition of reference to ant.projectHelper
651  [DEBUG] Importing file /Users/isemisynov/Develop/dita-formats-demo/dita-ot-3.7.2/plugins/org.dita.htmlhelp/build_dita2htmlhelp.xml from /Users/isemisynov/Develop/dita-formats-demo/dita-ot-3.7.2/plugins/org.dita.base/build.xml
651  [DEBUG] Overriding previous definition of reference to ant.projectHelper
651  [DEBUG] parsing buildfile /Users/isemisynov/Develop/dita-formats-demo/dita-ot-3.7.2/plugins/org.dita.htmlhelp/build_dita2htmlhelp.xml with URI = file:/Users/isemisynov/Develop/dita-formats-demo/dita-ot-3.7.2/plugins/org.dita.htmlhelp/build_dita2htmlhelp.xml
652  [DEBUG] Overriding previous definition of reference to ant.projectHelper
652  [DEBUG] Importing file /Users/isemisynov/Develop/dita-formats-demo/dita-ot-3.7.2/plugins/org.dita.index/build.xml from /Users/isemisynov/Develop/dita-formats-demo/dita-ot-3.7.2/plugins/org.dita.base/build.xml
652  [DEBUG] Overriding previous definition of reference to ant.projectHelper
653  [DEBUG] parsing buildfile /Users/isemisynov/Develop/dita-formats-demo/dita-ot-3.7.2/plugins/org.dita.index/build.xml with URI = file:/Users/isemisynov/Develop/dita-formats-demo/dita-ot-3.7.2/plugins/org.dita.index/build.xml
653  [DEBUG] Overriding previous definition of reference to ant.projectHelper
653  [DEBUG] Importing file /Users/isemisynov/Develop/dita-formats-demo/dita-ot-3.7.2/plugins/org.dita.pdf2/build.xml from /Users/isemisynov/Develop/dita-formats-demo/dita-ot-3.7.2/plugins/org.dita.base/build.xml
653  [DEBUG] Overriding previous definition of reference to ant.projectHelper
654  [DEBUG] parsing buildfile /Users/isemisynov/Develop/dita-formats-demo/dita-ot-3.7.2/plugins/org.dita.pdf2/build.xml with URI = file:/Users/isemisynov/Develop/dita-formats-demo/dita-ot-3.7.2/plugins/org.dita.pdf2/build.xml
655  [DEBUG] Overriding previous definition of reference to ant.projectHelper
655  [DEBUG] Importing file /Users/isemisynov/Develop/dita-formats-demo/dita-ot-3.7.2/plugins/org.dita.pdf2.axf/build.xml from /Users/isemisynov/Develop/dita-formats-demo/dita-ot-3.7.2/plugins/org.dita.base/build.xml
655  [DEBUG] Overriding previous definition of reference to ant.projectHelper
655  [DEBUG] parsing buildfile /Users/isemisynov/Develop/dita-formats-demo/dita-ot-3.7.2/plugins/org.dita.pdf2.axf/build.xml with URI = file:/Users/isemisynov/Develop/dita-formats-demo/dita-ot-3.7.2/plugins/org.dita.pdf2.axf/build.xml
656  [DEBUG] Overriding previous definition of reference to ant.projectHelper
657  [DEBUG] Importing file /Users/isemisynov/Develop/dita-formats-demo/dita-ot-3.7.2/plugins/org.dita.pdf2.fop/build_fop.xml from /Users/isemisynov/Develop/dita-formats-demo/dita-ot-3.7.2/plugins/org.dita.base/build.xml
657  [DEBUG] Overriding previous definition of reference to ant.projectHelper
657  [DEBUG] parsing buildfile /Users/isemisynov/Develop/dita-formats-demo/dita-ot-3.7.2/plugins/org.dita.pdf2.fop/build_fop.xml with URI = file:/Users/isemisynov/Develop/dita-formats-demo/dita-ot-3.7.2/plugins/org.dita.pdf2.fop/build_fop.xml
657  [DEBUG] Override ignored for property "fop.home"
657  [DEBUG] Overriding previous definition of reference to ant.projectHelper
658  [DEBUG] Importing file /Users/isemisynov/Develop/dita-formats-demo/dita-ot-3.7.2/plugins/org.dita.pdf2.xep/build.xml from /Users/isemisynov/Develop/dita-formats-demo/dita-ot-3.7.2/plugins/org.dita.base/build.xml
658  [DEBUG] Overriding previous definition of reference to ant.projectHelper
658  [DEBUG] parsing buildfile /Users/isemisynov/Develop/dita-formats-demo/dita-ot-3.7.2/plugins/org.dita.pdf2.xep/build.xml with URI = file:/Users/isemisynov/Develop/dita-formats-demo/dita-ot-3.7.2/plugins/org.dita.pdf2.xep/build.xml
659  [DEBUG] Overriding previous definition of reference to ant.projectHelper
659  [DEBUG] Importing file /Users/isemisynov/Develop/dita-formats-demo/dita-ot-3.7.2/plugins/org.dita.normalize/build.xml from /Users/isemisynov/Develop/dita-formats-demo/dita-ot-3.7.2/plugins/org.dita.base/build.xml
659  [DEBUG] Overriding previous definition of reference to ant.projectHelper
659  [DEBUG] parsing buildfile /Users/isemisynov/Develop/dita-formats-demo/dita-ot-3.7.2/plugins/org.dita.normalize/build.xml with URI = file:/Users/isemisynov/Develop/dita-formats-demo/dita-ot-3.7.2/plugins/org.dita.normalize/build.xml
659  [DEBUG] Overriding previous definition of reference to ant.projectHelper
660  [DEBUG] Importing file /Users/isemisynov/Develop/dita-formats-demo/dita-ot-3.7.2/plugins/org.lwdita/build-markdown.xml from /Users/isemisynov/Develop/dita-formats-demo/dita-ot-3.7.2/plugins/org.dita.base/build.xml
660  [DEBUG] Overriding previous definition of reference to ant.projectHelper
660  [DEBUG] parsing buildfile /Users/isemisynov/Develop/dita-formats-demo/dita-ot-3.7.2/plugins/org.lwdita/build-markdown.xml with URI = file:/Users/isemisynov/Develop/dita-formats-demo/dita-ot-3.7.2/plugins/org.lwdita/build-markdown.xml
661  [DEBUG] creating macro  markdown.map
661  [DEBUG] creating macro  markdown.topics
661  [DEBUG] Overriding previous definition of reference to ant.projectHelper
661  [DEBUG] Importing file /Users/isemisynov/Develop/dita-formats-demo/dita-ot-3.7.2/plugins/org.lwdita/build-html.xml from /Users/isemisynov/Develop/dita-formats-demo/dita-ot-3.7.2/plugins/org.dita.base/build.xml
661  [DEBUG] Overriding previous definition of reference to ant.projectHelper
662  [DEBUG] parsing buildfile /Users/isemisynov/Develop/dita-formats-demo/dita-ot-3.7.2/plugins/org.lwdita/build-html.xml with URI = file:/Users/isemisynov/Develop/dita-formats-demo/dita-ot-3.7.2/plugins/org.lwdita/build-html.xml
663  [DEBUG] Overriding previous definition of reference to ant.projectHelper
663  [DEBUG] Overriding previous definition of reference to ant.projectHelper
663  [DEBUG] Entering /Users/isemisynov/Develop/dita-formats-demo/dita-ot-3.7.2/build.xml...
663  [DEBUG] Build sequence for target(s) `publish.map.pdf' is [transform.topic2pdf.init, publish.map.pdf.init, copyCoreArtwork, transform.fo2pdf.xep.test-use, transform.fo2pdf.xep.init, transform.fo2pdf.fop.test-use, transform.fo2pdf.fop.init, transform.fo2pdf.ah.test-use, transform.fo2pdf.ah.init, transform.topic2fo.init, org.dita.index.init, org.dita.index, transform.topic2fo.main, transform.topic2fo.i18n.filter, transform.topic2fo.i18n.no-filter, transform.topic2fo.i18n, transform.topic2fo, transform.fo2pdf.xep, transform.fo2pdf.fop, transform.fo2pdf.ah, transform.fo2pdf, transform.topic2pdf, publish.map.pdf]
664  [DEBUG] Complete build sequence is [transform.topic2pdf.init, publish.map.pdf.init, copyCoreArtwork, transform.fo2pdf.xep.test-use, transform.fo2pdf.xep.init, transform.fo2pdf.fop.test-use, transform.fo2pdf.fop.init, transform.fo2pdf.ah.test-use, transform.fo2pdf.ah.init, transform.topic2fo.init, org.dita.index.init, org.dita.index, transform.topic2fo.main, transform.topic2fo.i18n.filter, transform.topic2fo.i18n.no-filter, transform.topic2fo.i18n, transform.topic2fo, transform.fo2pdf.xep, transform.fo2pdf.fop, transform.fo2pdf.ah, transform.fo2pdf, transform.topic2pdf, publish.map.pdf, dita2pdf2.init, dita.index.eclipsehelp.init, ditaot-preprocess.mapref-check, conref, preview.topic.pdf.init, dita.build.preview.topic.pdf, ditaot-preprocess.maplink-check, markdown_github.init, init-properties, check-arg, log-arg, build-init, preprocess.init, ditaval-merge, gen-list, debug-filter, mapref-check, mapref, branch-filter, keyref, copy-to, conrefpush, profile-check, profile, topic-fragment, chunk-check, chunk, move-meta-entries, maplink-check, maplink, topicpull-check, topicpull, clean-map-check, clean-map, clean-preprocess, copy-image, copy-html, copy-flag-check, copy-flag, copy-files, preprocess, markdown.init, markdown.topics.common, markdown.topics.common.inner, markdown.topic, markdown.map.init, markdown.map.toc, markdown.map, dita2markdown, dita2normalize.dita2markdown_github, dita2normalize.markdown.topics.common, ditaot-init.check-arg, dita2dita, org.dita.pdf2.xep.transform.fo2pdf.xep, dita2htmlhelp.init, ditaot-preprocess.profile-check, dita2html5.html5.map.toc, html5.map.init, html5.map.toc, dita2html5.html5.map, ditaot-preprocess2.map-conrefpush, dita2eclipsehelp.dita.map.eclipse.plugin.init, dita.map.eclipse.plugin.init, dita.map.eclipse.plugin, ditaot-preprocess.debug-filter, dita.map.eclipse.fragment.move.files, dita2normalize.dita.out.map.hdita.toc, xhtml.init, xhtml.image-metadata, htmlhelp.topics, ditaot-init.build-init, dita2xhtml.copy-css-user, ditaot-preprocess.copy-to, ditaot-preprocess.keyref, ditaot-preprocess.copy-flag-check, ditaot-preprocess2.topic-keyref, transform.topic2fo.index.init, dita.build.transform.topic2fo.index, ditaot-preprocess2.topic-maplink, preprocess2.init, map-reader, map-mapref, map-branch-filter, map-keyref, map-conrefpush, map-conref, map-profile-check, map-profile, preprocess2.maps, topic-reader, topic-branch-filter, topic-keyref, topic-copy-to, topic-conrefpush, topic-conref, topic-profile-check, topic-profile, preprocess2.topic-fragment, topic-chunk, topic-move-meta-entries, topic-maplink, topic-topicpull, preprocess2.topics, map-clean-map, copy-image2, copy-files2, preprocess2, build_generaltargets.output-css-warn-message, ditaot-preprocess2.topic-reader, ditaot-preprocess.chunk, dita.topics.html.common, dita.build.transform.topic2fo.i18n.filter, org.dita.pdf2.axf.transform.fo2pdf.ah.nooption, ditaot-preprocess2.topic-branch-filter, build_generaltargets.xhtml.image-metadata, dita2normalize.dita.topics.hdita.common, dita.map.xhtml.init, dita.map.xhtml.toc, dita.map.xhtml, dita.map.eclipse.toc, dita.build.transform.topic2fo.i18n, org.dita.pdf2.axf.transform.fo2pdf.ah, html5.topic.init, org.dita.pdf2.xep.transform.fo2pdf.xep.test-use, ditaot-preprocess2.preprocess2.topic-fragment, markdown_gitbook.init, dita2eclipsehelp.dita.map.eclipse.fragment.language.init, ditaot-preprocess.preprocess.init, copy-revflag, ditaot-preprocess.clean-map, dita2xhtml.init, map2pdf2, topic2pdf2, dita.build.dita2pdf2, hdita.init, ditaot-preprocess.clean-preprocess, dita2xhtml.dita.out.map.xhtml.toc, org.dita.pdf2.xep.transform.fo2pdf.xep.init, ditaot-preprocess2.preprocess2, org.dita.pdf2.axf.transform.fo2pdf.ah.test-use, ditaot-preprocess.maplink, ditaot-init.init-properties, ditaot-preprocess.preprocess, use-init.envhhcdir, use-init.hhcdir, htmlhelp.copy-image, copy-css, dita2htmlhelp.dita2htmlhelp, dita2xhtml.dita.map.xhtml, copy-plugin-files, ditaot-preprocess2.map-clean-map, dita2pdf2, dita.build.dita2pdf, ditaot-preprocess.conrefpush, dita.map.eclipse.init, dita2eclipsehelp.dita.map.eclipse.fragment.error, ditaot-preprocess.branch-filter, dita.map.hdita.init, dita2eclipsehelp.copy-plugin-files, dita.build.transform.fo2pdf, html5.init, dita2eclipsehelp.dita.out.map.eclipse.plugin, build.eclipse.jar, org.dita.pdf2.fop.transform.fo2pdf.fop, dita.build.transform.topic2pdf.init, ditaot-preprocess2.map-mapref, dita.map.eclipse.fragment.language.init, ditaot-preprocess.gen-list, build_generaltargets.dita.topics.html.common, dita2htmlhelp.use-init.hhcdir, dita.build.publish.map.pdf, html5.topics.common.inner, dita2normalize.hdita.init, DOST.init, DOST.help, transform.fo2pdf.ah.nooption, dita.inner.topics.hdita.common, dita2htmlhelp.dita.htmlhelp.convertlang, ditaot-preprocess2.topic-topicpull, dita2eclipsehelp.dita.out.map.eclipse.toc, dita2normalize.markdown.init, html5.image-metadata, html5.topics.common, dita2html5.html5.topic, ditaot-preprocess.chunk-check, dita2normalize.markdown_gitbook.init, dita2htmlhelp.org.dita.index, build_generaltargets.dita.inner.topics.html.common, html5.topic, preprocess2-topic, ditaot-preprocess2.map-profile-check, dita.out.map.eclipse.plugin.properties, dita2eclipsehelp.dita.map.eclipse.index, ditaot-preprocess.profile, dita2normalize.markdown.topics.common.inner, dita.map.eclipse.fragment.language.country.init, dita2eclipsehelp.dita.map.eclipse.plugin.properties, ditaot-preprocess.copy-files, dita.inner.topics.html.common, build_generaltargets.xhtml.topics, org.dita.pdf2.fop.transform.fo2pdf.fop.test-use, dita2htmlhelp.dita2htmlhelp.init, dita.map.htmlhelp.init, ditaot-preprocess2.map-conref, dita.map.eclipse.index, dita.map.eclipse.plugin.properties, dita.map.eclipse.manifest.file, dita.out.map.eclipse.manifest.file, dita.out.map.eclipse.toc, dita.out.map.eclipse.index, dita.out.map.eclipse.plugin, dita.out.map.eclipse.fragment.move.files, dita.map.eclipse.genetrate.fragment, ditaot-preprocess.topicpull-check, init, help, ditaot-preprocess2.preprocess2-topic, dita.map.eclipse.fragment.error, ditaot-preprocess2.map-reader, ditaot-init.log-arg, dita2xhtml.copy-css, dita2normalize.markdown.map.toc, ditaot-preprocess.move-meta-entries, dita2markdown_gitbook, dita.build.transform.topic2fo, html5.css, preview.topic.pdf, transform.topic2fo.index, dita2eclipsehelp.dita.map.eclipse.init, xhtml.topics, dita2xhtml.dita2xhtml, ditaot-preprocess2.topic-move-meta-entries, dita2normalize.dita.inner.topics.hdita.common, dita2normalize.markdown_github.init, dita2eclipsehelp.dita.map.eclipse.toc, dita2normalize.dita2dita, ditaot-preprocess.copy-html, dita2normalize.markdown.topic, dita2html5.html5.topic.init, dita.topics.hdita.common, dita.map.hdita.toc, dita.out.map.hdita.toc, dita2normalize.dita2hdita, dita.map.eclipse.generate.plugin, clean-temp, dita2xhtml.dita2xhtml.init, ditaot-preprocess.copy-image, ditaot-preprocess.ditaval-merge, dita.map.htmlhelp.hhp, dita.map.htmlhelp.hhc, dita.map.htmlhelp.hhk, dita.htmlhelp.convertlang, compile.HTML.Help, dita.map.htmlhelp, dita2html5.html5.init, build_generaltargets.xhtml.init, dita2html5.html5.topics.common.inner, dita2xhtml.dita.map.xhtml.toc, org.dita.pdf2.fop.transform.fo2pdf.fop.init, dita2eclipsehelp.dita.out.map.eclipse.index, ditaot-preprocess2.preprocess2.maps, dita2eclipsehelp.build.eclipse.jar, ditaot-preprocess2.map-branch-filter, dita2normalize.markdown.map.init, dita2htmlhelp.compile.HTML.Help, dita.build.transform.topic2fo.index.init, dita2htmlhelp.dita.map.htmlhelp, html5.map, dita2html5, dita2html5.html5.map.init, ditaot-preprocess.mapref, dita2eclipsehelp.dita.out.map.eclipse.manifest.file, dita.build.transform.topic2fo.main, ditaot-preprocess.clean-map-check, dita2normalize.dita.map.hdita.toc, dita2eclipsehelp.dita.map.eclipse.genetrate.fragment, dita2eclipsehelp.dita.map.eclipse.fragment.language.country.init, dita.build.publish.map.pdf.init, ditaot-preprocess2.copy-image2, ditaot-preprocess.clean-temp, dita.build.dita2pdf2.init, dita2normalize.dita2markdown_gitbook, dita2eclipsehelp.dita.map.eclipse.manifest.file, dita2eclipsehelp.dita.out.map.eclipse.fragment.move.files, html5.copy-css-user, dita.eclipsehelp.init, dita2htmlhelp.org.dita.index.init, dita2hdita, dita2normalize.markdown.map, dita.build.transform.topic2fo.init, dita.out.map.xhtml.toc, ditaot-preprocess.copy-flag, dita2htmlhelp.htmlhelp.topics, dita2xhtml, dita2eclipsehelp.dita.index.eclipsehelp.init, org.dita.pdf2.axf.transform.fo2pdf.ah.hasoption, dita2eclipsehelp.dita.map.eclipse.generate.plugin, dita.build.preview.topic.pdf.init, ditaot-preprocess2.map-keyref, dita2htmlhelp.dita.map.htmlhelp.init, transform.fo2pdf.ah.hasoption, dita2eclipsehelp.dita.map.eclipse.plugin, ditaot-preprocess2.copy-files2, dita2pdf, ditaot-preprocess.conref, ditaot-preprocess2.topic-conref, dita.build.transform.topic2fo.i18n.no-filter, dita.build.copyCoreArtwork, dita2normalize.dita2markdown, dita2xhtml.copy-revflag, dita.build.transform.topic2pdf, dita2markdown_github, ditaot-preprocess.topic-fragment, ditaot-preprocess2.topic-conrefpush, dita.map.eclipse, dita2eclipsehelp.dita2eclipsehelp, ditaot-preprocess2.preprocess2.topics, dita2html5.html5.css, dita2eclipsehelp, dita2eclipsehelp.dita.map.eclipse, dita.build.topic2pdf2, dita2eclipsehelp.dita.map.eclipse.fragment.move.files, dita2html5.html5.copy-css-user, dita2normalize.dita.map.hdita.init, dita2htmlhelp.dita.map.htmlhelp.hhp, ditaot-preprocess2.map-profile, ditaot-preprocess.topicpull, ditaot-preprocess2.topic-profile-check, dita2htmlhelp.dita.map.htmlhelp.hhk, output-css-warn-message, dita2htmlhelp.dita.map.htmlhelp.hhc, dita2html5.html5.image-metadata, dita2htmlhelp.htmlhelp.copy-image, dita2htmlhelp.use-init.envhhcdir, copy-css-user, dita2htmlhelp, dita2eclipsehelp.dita.out.map.eclipse.plugin.properties, dita.build.map2pdf2, dita2html5.html5.topics.common, ditaot-preprocess2.topic-copy-to, dita2html5.dita2html5, org.dita.pdf2.axf.transform.fo2pdf.ah.init, ditaot-preprocess2.topic-chunk, dita2eclipsehelp.dita.eclipsehelp.init, ditaot-preprocess2.preprocess2.init, dita2xhtml.dita.map.xhtml.init, , ditaot-preprocess2.topic-profile]
664  [DEBUG] Loading /Users/isemisynov/Develop/dita-formats-demo/dita-ot-3.7.2/plugins/org.dita.pdf2/Customization/build.properties
664  [DEBUG] Unable to find property file: /Users/isemisynov/Develop/dita-formats-demo/dita-ot-3.7.2/plugins/org.dita.pdf2/Customization/build.properties
672  [DEBUG] loading en into property default.locale
674  [DEBUG] loaded 2 characters
675  [DEBUG] Override ignored for property "file.protocol.prefix"
675  [DEBUG] Set property xml.catalog.files = /Users/isemisynov/Develop/dita-formats-demo/dita-ot-3.7.2/plugins/org.dita.pdf2/Customization/catalog.xml:/Users/isemisynov/Develop/dita-formats-demo/dita-ot-3.7.2/plugins/org.dita.pdf2/cfg/catalog.xml:/Users/isemisynov/Develop/dita-formats-demo/dita-ot-3.7.2/plugins/org.dita.base/catalog-dita.xml
678  [DEBUG] Property "args.output.base" has not been set
679  [DEBUG] cfg/common/artwork/ISO_7010_W001.svg added as cfg/common/artwork/ISO_7010_W001.svg doesn't exist.
679  [DEBUG] cfg/common/artwork/hand.gif added as cfg/common/artwork/hand.gif doesn't exist.
680  [DEBUG] cfg/common/artwork/hand_rtl.gif added as cfg/common/artwork/hand_rtl.gif doesn't exist.
680  [DEBUG] cfg/common/artwork/warning.gif added as cfg/common/artwork/warning.gif doesn't exist.
680  [DEBUG] No sources found.
680  [INFO ] Copying 4 files to /Users/isemisynov/Develop/dita-formats-demo/tmp/1653650809787/Configuration/OpenTopic
680  [DEBUG] Copying /Users/isemisynov/Develop/dita-formats-demo/dita-ot-3.7.2/plugins/org.dita.pdf2/cfg/common/artwork/ISO_7010_W001.svg to /Users/isemisynov/Develop/dita-formats-demo/tmp/1653650809787/Configuration/OpenTopic/cfg/common/artwork/ISO_7010_W001.svg
683  [DEBUG] Copying /Users/isemisynov/Develop/dita-formats-demo/dita-ot-3.7.2/plugins/org.dita.pdf2/cfg/common/artwork/hand.gif to /Users/isemisynov/Develop/dita-formats-demo/tmp/1653650809787/Configuration/OpenTopic/cfg/common/artwork/hand.gif
685  [DEBUG] Copying /Users/isemisynov/Develop/dita-formats-demo/dita-ot-3.7.2/plugins/org.dita.pdf2/cfg/common/artwork/hand_rtl.gif to /Users/isemisynov/Develop/dita-formats-demo/tmp/1653650809787/Configuration/OpenTopic/cfg/common/artwork/hand_rtl.gif
686  [DEBUG] Copying /Users/isemisynov/Develop/dita-formats-demo/dita-ot-3.7.2/plugins/org.dita.pdf2/cfg/common/artwork/warning.gif to /Users/isemisynov/Develop/dita-formats-demo/tmp/1653650809787/Configuration/OpenTopic/cfg/common/artwork/warning.gif
687  [DEBUG] No sources found.
687  [DEBUG] No sources found.
687  [DEBUG] Skipped because property 'use.xep.pdf.formatter' not set.
687  [DEBUG] Override ignored for property "use.fop.pdf.formatter"
690  [DEBUG] Skipped because property 'use.ah.pdf.formatter' not set.
725  [DEBUG] Setting inputFile.url to URL file:/Users/isemisynov/Develop/dita-formats-demo/tmp/1653650809787/demo_MERGED.xml
729  [DEBUG] Unable to find /Users/isemisynov/Develop/dita-formats-demo/tmp/1653650809787/strings.1594252705.xml
729  [DEBUG] Loading /Users/isemisynov/Develop/dita-formats-demo/dita-ot-3.7.2/plugins/org.dita.pdf2/cfg/common/properties/en.properties
729  [DEBUG] Unable to find property file: /Users/isemisynov/Develop/dita-formats-demo/dita-ot-3.7.2/plugins/org.dita.pdf2/cfg/common/properties/en.properties
729  [INFO ] Using document.locale=en
729  [DEBUG] Property "args.xsl.pdf" has not been set
729  [DEBUG] Property "args.xsl.pdf" has not been set
730  [DEBUG] Property "args.xsl.pdf" has not been set
730  [DEBUG] Property "org.dita.index.skip" has not been set
731  [DEBUG] Found: plugins/org.dita.index/index/en.xml
731  [DEBUG] Found: plugins/org.dita.index/index/en.xml
731  [DEBUG] Override ignored for property "index.config.file"
731  [DEBUG] Override ignored for property "index.config.file"
731  [INFO ] Processing /Users/isemisynov/Develop/dita-formats-demo/tmp/1653650809787/demo_MERGED.xml to /Users/isemisynov/Develop/dita-formats-demo/tmp/1653650809787/stage1.xml
818  [DEBUG] Found: /Users/isemisynov/Develop/dita-formats-demo/tmp/1653650809787/stage1.xml
818  [DEBUG] Setting artworkPrefixUrl to URL file:/Users/isemisynov/Develop/dita-formats-demo/tmp/1653650809787/
818  [DEBUG] Setting dita.map.output.dir.url to URL file:/Users/isemisynov/Develop/dita-formats-demo/tmp/1653650809787/
818  [DEBUG] Setting work.dir.url to URL file:/Users/isemisynov/Develop/dita-formats-demo/tmp/1653650809787/
818  [DEBUG] Setting customization.dir.url to URL file:/Users/isemisynov/Develop/dita-formats-demo/dita-ot-3.7.2/plugins/org.dita.pdf2/Customization/
819  [DEBUG] Setting user.input.dir.url to URL file:/Users/isemisynov/Develop/dita-formats-demo/demo-input/dita/
819  [DEBUG] Setting variable.file.url to URL file:/Users/isemisynov/Develop/dita-formats-demo/tmp/1653650809787/strings.1594252705.xml
820  [INFO ] Loading stylesheet file:/Users/isemisynov/Develop/dita-formats-demo/dita-ot-3.7.2/plugins/org.dita.pdf2.fop/xsl/fo/topic2fo_shell_fop.xsl
835  [DEBUG] Apache resolver library found, xml-commons resolver will be used
1298 [INFO ] Loading stylesheet file:/Users/isemisynov/Develop/dita-formats-demo/dita-ot-3.7.2/plugins/org.dita.pdf2.fop/xsl/fo/topic2fo_shell_fop.xsl
1298 [DEBUG] Set parameter bookmap-order to 'discard'
1298 [DEBUG] Set parameter customizationDir.url to 'file:/Users/isemisynov/Develop/dita-formats-demo/dita-ot-3.7.2/plugins/org.dita.pdf2/Customization/'
1298 [DEBUG] Set parameter publishRequiredCleanup to 'no'
1298 [DEBUG] Set parameter DRAFT to 'no'
1298 [DEBUG] Set parameter figurelink.style to 'NUMTITLE'
1298 [DEBUG] Set parameter pdfFormatter to 'fop'
1298 [DEBUG] Set parameter input.dir.url to 'file:/Users/isemisynov/Develop/dita-formats-demo/demo-input/dita/'
1298 [DEBUG] Set parameter work.dir.url to 'file:/Users/isemisynov/Develop/dita-formats-demo/tmp/1653650809787/'
1298 [DEBUG] Set parameter artworkPrefix to 'file:/Users/isemisynov/Develop/dita-formats-demo/tmp/1653650809787/'
1298 [DEBUG] Set parameter locale to 'en'
1298 [DEBUG] Set parameter antArgsBookmarkStyle to ''
1298 [DEBUG] Set parameter antArgsChapterLayout to ''
1298 [DEBUG] Set parameter defaultLanguage to 'en'
1298 [DEBUG] Set parameter tablelink.style to 'NUMTITLE'
1298 [DEBUG] Set parameter antArgsGenerateTaskLabels to ''
1298 [DEBUG] Set parameter output.dir.url to 'file:/Users/isemisynov/Develop/dita-formats-demo/tmp/1653650809787/'
1298 [DEBUG] Set parameter include.rellinks to '#default friend sample external other'
1298 [INFO ] Processing file:/Users/isemisynov/Develop/dita-formats-demo/tmp/1653650809787/stage1.xml to file:/Users/isemisynov/Develop/dita-formats-demo/tmp/1653650809787/stage2.fo
1468 [DEBUG] XsltModule processing took 648 ms
1488 [DEBUG] Unable to find plugins/org.dita.pdf2/Customization/fo/i18n/en.xml
1488 [DEBUG] Found: plugins/org.dita.pdf2/cfg/fo/i18n/en.xml
1488 [DEBUG] Override ignored for property "i18n.config.file"
1489 [INFO ] Processing file:/Users/isemisynov/Develop/dita-formats-demo/tmp/1653650809787/stage2.fo to file:/Users/isemisynov/Develop/dita-formats-demo/tmp/1653650809787/topic.fo
1494 [INFO ] Loading stylesheet file:/Users/isemisynov/Develop/dita-formats-demo/dita-ot-3.7.2/plugins/org.dita.pdf2/xsl/fo/i18n-postprocess.xsl
1576 [DEBUG] Skipped because property 'pdf2.i18n.skip' not set.
1576 [DEBUG] Skipped because property 'use.xep.pdf.formatter' not set.
1577 [DEBUG] Skipping /Users/isemisynov/Develop/dita-formats-demo/output/dita/pdf because it already exists.
2448 [INFO ] /Users/isemisynov/Develop/dita-formats-demo/tmp/1653650809787/topic.fo -> /Users/isemisynov/Develop/dita-formats-demo/output/dita/pdf/demo.pdf
2449 [DEBUG] Found file: /Users/isemisynov/Develop/dita-formats-demo/output/dita/pdf/demo.pdf
2449 [DEBUG] Skipped because property 'use.ah.pdf.formatter' not set.
2449 [DEBUG] Exiting /Users/isemisynov/Develop/dita-formats-demo/dita-ot-3.7.2/build.xml.
2451 [DEBUG] Skipped because property 'noMap' not set.
