1    [DEBUG] Detected Java version: 18 in: /Library/Java/JavaVirtualMachines/jdk-18.jdk/Contents/Home
1    [DEBUG] Detected OS: Mac OS X
1    [DEBUG] Project base dir set to: /Users/isemisynov/Develop/dita-formats-demo/dita-ot-3.7.2
2    [DEBUG] parsing buildfile /Users/isemisynov/Develop/dita-formats-demo/dita-ot-3.7.2/build.xml with URI = file:/Users/isemisynov/Develop/dita-formats-demo/dita-ot-3.7.2/build.xml
2    [DEBUG] Project base dir set to: /Users/isemisynov/Develop/dita-formats-demo/dita-ot-3.7.2
22   [DEBUG] parsing buildfile jar:file:/Users/isemisynov/Develop/dita-formats-demo/dita-ot-3.7.2/lib/ant.jar!/org/apache/tools/ant/antlib.xml with URI = jar:file:/Users/isemisynov/Develop/dita-formats-demo/dita-ot-3.7.2/lib/ant.jar!/org/apache/tools/ant/antlib.xml from a zip file
44   [DEBUG] parsing buildfile jar:file:/Users/isemisynov/.gradle/caches/modules-2/files-2.1/org.apache.ant/ant/1.10.12/be08c4f63e92e03bac761404cf77bc270928b6c5/ant-1.10.12.jar!/org/apache/tools/ant/antlib.xml with URI = jar:file:/Users/isemisynov/.gradle/caches/modules-2/files-2.1/org.apache.ant/ant/1.10.12/be08c4f63e92e03bac761404cf77bc270928b6c5/ant-1.10.12.jar!/org/apache/tools/ant/antlib.xml from a zip file
47   [DEBUG] Override ignored for property "dita.dir"
47   [DEBUG] Override ignored for property "dita.dir"
47   [DEBUG] Loading /Users/isemisynov/Develop/dita-formats-demo/dita-ot-3.7.2/local.properties
47   [DEBUG] Unable to find property file: /Users/isemisynov/Develop/dita-formats-demo/dita-ot-3.7.2/local.properties
47   [DEBUG] Importing file /Users/isemisynov/Develop/dita-formats-demo/dita-ot-3.7.2/plugins/org.dita.base/build.xml from /Users/isemisynov/Develop/dita-formats-demo/dita-ot-3.7.2/build.xml
47   [DEBUG] Overriding previous definition of reference to ant.projectHelper
48   [DEBUG] parsing buildfile /Users/isemisynov/Develop/dita-formats-demo/dita-ot-3.7.2/plugins/org.dita.base/build.xml with URI = file:/Users/isemisynov/Develop/dita-formats-demo/dita-ot-3.7.2/plugins/org.dita.base/build.xml
56   [DEBUG] Importing file /Users/isemisynov/Develop/dita-formats-demo/dita-ot-3.7.2/plugins/org.dita.base/build_init.xml from /Users/isemisynov/Develop/dita-formats-demo/dita-ot-3.7.2/plugins/org.dita.base/build.xml
56   [DEBUG] Overriding previous definition of reference to ant.projectHelper
56   [DEBUG] parsing buildfile /Users/isemisynov/Develop/dita-formats-demo/dita-ot-3.7.2/plugins/org.dita.base/build_init.xml with URI = file:/Users/isemisynov/Develop/dita-formats-demo/dita-ot-3.7.2/plugins/org.dita.base/build_init.xml
57   [DEBUG] Loading /Users/isemisynov/Develop/dita-formats-demo/dita-ot-3.7.2/config/org.dita.dost.platform/plugin.properties
60   [DEBUG] Loading /Users/isemisynov/Develop/dita-formats-demo/dita-ot-3.7.2/config/configuration.properties
62   [DEBUG] creating macro  job-helper
62   [DEBUG] Overriding previous definition of reference to ant.projectHelper
62   [DEBUG] Importing file /Users/isemisynov/Develop/dita-formats-demo/dita-ot-3.7.2/plugins/org.dita.base/build_preprocess.xml from /Users/isemisynov/Develop/dita-formats-demo/dita-ot-3.7.2/plugins/org.dita.base/build.xml
62   [DEBUG] Overriding previous definition of reference to ant.projectHelper
63   [DEBUG] parsing buildfile /Users/isemisynov/Develop/dita-formats-demo/dita-ot-3.7.2/plugins/org.dita.base/build_preprocess.xml with URI = file:/Users/isemisynov/Develop/dita-formats-demo/dita-ot-3.7.2/plugins/org.dita.base/build_preprocess.xml
64   [DEBUG] Property "conserve-memory" has not been set
64   [DEBUG] Overriding previous definition of reference to ant.projectHelper
65   [DEBUG] Importing file /Users/isemisynov/Develop/dita-formats-demo/dita-ot-3.7.2/plugins/org.dita.base/build_preprocess2.xml from /Users/isemisynov/Develop/dita-formats-demo/dita-ot-3.7.2/plugins/org.dita.base/build.xml
65   [DEBUG] Overriding previous definition of reference to ant.projectHelper
65   [DEBUG] parsing buildfile /Users/isemisynov/Develop/dita-formats-demo/dita-ot-3.7.2/plugins/org.dita.base/build_preprocess2.xml with URI = file:/Users/isemisynov/Develop/dita-formats-demo/dita-ot-3.7.2/plugins/org.dita.base/build_preprocess2.xml
66   [DEBUG] Overriding previous definition of reference to ant.projectHelper
67   [DEBUG] Importing file /Users/isemisynov/Develop/dita-formats-demo/dita-ot-3.7.2/plugins/org.dita.xhtml/build_general.xml from /Users/isemisynov/Develop/dita-formats-demo/dita-ot-3.7.2/plugins/org.dita.base/build.xml
67   [DEBUG] Overriding previous definition of reference to ant.projectHelper
67   [DEBUG] parsing buildfile /Users/isemisynov/Develop/dita-formats-demo/dita-ot-3.7.2/plugins/org.dita.xhtml/build_general.xml with URI = file:/Users/isemisynov/Develop/dita-formats-demo/dita-ot-3.7.2/plugins/org.dita.xhtml/build_general.xml
68   [DEBUG] creating macro  topics.html
68   [DEBUG] Overriding previous definition of reference to ant.projectHelper
68   [DEBUG] Importing file /Users/isemisynov/Develop/dita-formats-demo/dita-ot-3.7.2/plugins/org.dita.xhtml/build_dita2xhtml.xml from /Users/isemisynov/Develop/dita-formats-demo/dita-ot-3.7.2/plugins/org.dita.base/build.xml
68   [DEBUG] Overriding previous definition of reference to ant.projectHelper
69   [DEBUG] parsing buildfile /Users/isemisynov/Develop/dita-formats-demo/dita-ot-3.7.2/plugins/org.dita.xhtml/build_dita2xhtml.xml with URI = file:/Users/isemisynov/Develop/dita-formats-demo/dita-ot-3.7.2/plugins/org.dita.xhtml/build_dita2xhtml.xml
69   [DEBUG] creating macro  map.html
69   [DEBUG] Overriding previous definition of reference to ant.projectHelper
70   [DEBUG] Importing file /Users/isemisynov/Develop/dita-formats-demo/dita-ot-3.7.2/plugins/org.dita.eclipsehelp/build_dita2eclipsehelp.xml from /Users/isemisynov/Develop/dita-formats-demo/dita-ot-3.7.2/plugins/org.dita.base/build.xml
70   [DEBUG] Overriding previous definition of reference to ant.projectHelper
70   [DEBUG] parsing buildfile /Users/isemisynov/Develop/dita-formats-demo/dita-ot-3.7.2/plugins/org.dita.eclipsehelp/build_dita2eclipsehelp.xml with URI = file:/Users/isemisynov/Develop/dita-formats-demo/dita-ot-3.7.2/plugins/org.dita.eclipsehelp/build_dita2eclipsehelp.xml
71   [DEBUG] Overriding previous definition of reference to ant.projectHelper
71   [DEBUG] Importing file /Users/isemisynov/Develop/dita-formats-demo/dita-ot-3.7.2/plugins/org.dita.html5/build_dita2html5.xml from /Users/isemisynov/Develop/dita-formats-demo/dita-ot-3.7.2/plugins/org.dita.base/build.xml
72   [DEBUG] Overriding previous definition of reference to ant.projectHelper
72   [DEBUG] parsing buildfile /Users/isemisynov/Develop/dita-formats-demo/dita-ot-3.7.2/plugins/org.dita.html5/build_dita2html5.xml with URI = file:/Users/isemisynov/Develop/dita-formats-demo/dita-ot-3.7.2/plugins/org.dita.html5/build_dita2html5.xml
73   [DEBUG] creating macro  html5.topics
73   [DEBUG] creating macro  html5.map
73   [DEBUG] Overriding previous definition of reference to ant.projectHelper
73   [DEBUG] Importing file /Users/isemisynov/Develop/dita-formats-demo/dita-ot-3.7.2/plugins/org.dita.htmlhelp/build_dita2htmlhelp.xml from /Users/isemisynov/Develop/dita-formats-demo/dita-ot-3.7.2/plugins/org.dita.base/build.xml
73   [DEBUG] Overriding previous definition of reference to ant.projectHelper
74   [DEBUG] parsing buildfile /Users/isemisynov/Develop/dita-formats-demo/dita-ot-3.7.2/plugins/org.dita.htmlhelp/build_dita2htmlhelp.xml with URI = file:/Users/isemisynov/Develop/dita-formats-demo/dita-ot-3.7.2/plugins/org.dita.htmlhelp/build_dita2htmlhelp.xml
74   [DEBUG] Overriding previous definition of reference to ant.projectHelper
75   [DEBUG] Importing file /Users/isemisynov/Develop/dita-formats-demo/dita-ot-3.7.2/plugins/org.dita.index/build.xml from /Users/isemisynov/Develop/dita-formats-demo/dita-ot-3.7.2/plugins/org.dita.base/build.xml
75   [DEBUG] Overriding previous definition of reference to ant.projectHelper
75   [DEBUG] parsing buildfile /Users/isemisynov/Develop/dita-formats-demo/dita-ot-3.7.2/plugins/org.dita.index/build.xml with URI = file:/Users/isemisynov/Develop/dita-formats-demo/dita-ot-3.7.2/plugins/org.dita.index/build.xml
75   [DEBUG] Overriding previous definition of reference to ant.projectHelper
76   [DEBUG] Importing file /Users/isemisynov/Develop/dita-formats-demo/dita-ot-3.7.2/plugins/org.dita.pdf2/build.xml from /Users/isemisynov/Develop/dita-formats-demo/dita-ot-3.7.2/plugins/org.dita.base/build.xml
76   [DEBUG] Overriding previous definition of reference to ant.projectHelper
76   [DEBUG] parsing buildfile /Users/isemisynov/Develop/dita-formats-demo/dita-ot-3.7.2/plugins/org.dita.pdf2/build.xml with URI = file:/Users/isemisynov/Develop/dita-formats-demo/dita-ot-3.7.2/plugins/org.dita.pdf2/build.xml
77   [DEBUG] Overriding previous definition of reference to ant.projectHelper
78   [DEBUG] Importing file /Users/isemisynov/Develop/dita-formats-demo/dita-ot-3.7.2/plugins/org.dita.pdf2.axf/build.xml from /Users/isemisynov/Develop/dita-formats-demo/dita-ot-3.7.2/plugins/org.dita.base/build.xml
78   [DEBUG] Overriding previous definition of reference to ant.projectHelper
78   [DEBUG] parsing buildfile /Users/isemisynov/Develop/dita-formats-demo/dita-ot-3.7.2/plugins/org.dita.pdf2.axf/build.xml with URI = file:/Users/isemisynov/Develop/dita-formats-demo/dita-ot-3.7.2/plugins/org.dita.pdf2.axf/build.xml
80   [DEBUG] Overriding previous definition of reference to ant.projectHelper
80   [DEBUG] Importing file /Users/isemisynov/Develop/dita-formats-demo/dita-ot-3.7.2/plugins/org.dita.pdf2.fop/build_fop.xml from /Users/isemisynov/Develop/dita-formats-demo/dita-ot-3.7.2/plugins/org.dita.base/build.xml
80   [DEBUG] Overriding previous definition of reference to ant.projectHelper
81   [DEBUG] parsing buildfile /Users/isemisynov/Develop/dita-formats-demo/dita-ot-3.7.2/plugins/org.dita.pdf2.fop/build_fop.xml with URI = file:/Users/isemisynov/Develop/dita-formats-demo/dita-ot-3.7.2/plugins/org.dita.pdf2.fop/build_fop.xml
81   [DEBUG] Overriding previous definition of reference to ant.projectHelper
82   [DEBUG] Importing file /Users/isemisynov/Develop/dita-formats-demo/dita-ot-3.7.2/plugins/org.dita.pdf2.xep/build.xml from /Users/isemisynov/Develop/dita-formats-demo/dita-ot-3.7.2/plugins/org.dita.base/build.xml
82   [DEBUG] Overriding previous definition of reference to ant.projectHelper
82   [DEBUG] parsing buildfile /Users/isemisynov/Develop/dita-formats-demo/dita-ot-3.7.2/plugins/org.dita.pdf2.xep/build.xml with URI = file:/Users/isemisynov/Develop/dita-formats-demo/dita-ot-3.7.2/plugins/org.dita.pdf2.xep/build.xml
82   [DEBUG] Overriding previous definition of reference to ant.projectHelper
83   [DEBUG] Importing file /Users/isemisynov/Develop/dita-formats-demo/dita-ot-3.7.2/plugins/org.dita.normalize/build.xml from /Users/isemisynov/Develop/dita-formats-demo/dita-ot-3.7.2/plugins/org.dita.base/build.xml
83   [DEBUG] Overriding previous definition of reference to ant.projectHelper
83   [DEBUG] parsing buildfile /Users/isemisynov/Develop/dita-formats-demo/dita-ot-3.7.2/plugins/org.dita.normalize/build.xml with URI = file:/Users/isemisynov/Develop/dita-formats-demo/dita-ot-3.7.2/plugins/org.dita.normalize/build.xml
83   [DEBUG] Overriding previous definition of reference to ant.projectHelper
83   [DEBUG] Importing file /Users/isemisynov/Develop/dita-formats-demo/dita-ot-3.7.2/plugins/org.lwdita/build-markdown.xml from /Users/isemisynov/Develop/dita-formats-demo/dita-ot-3.7.2/plugins/org.dita.base/build.xml
84   [DEBUG] Overriding previous definition of reference to ant.projectHelper
84   [DEBUG] parsing buildfile /Users/isemisynov/Develop/dita-formats-demo/dita-ot-3.7.2/plugins/org.lwdita/build-markdown.xml with URI = file:/Users/isemisynov/Develop/dita-formats-demo/dita-ot-3.7.2/plugins/org.lwdita/build-markdown.xml
85   [DEBUG] creating macro  markdown.map
85   [DEBUG] creating macro  markdown.topics
85   [DEBUG] Overriding previous definition of reference to ant.projectHelper
85   [DEBUG] Importing file /Users/isemisynov/Develop/dita-formats-demo/dita-ot-3.7.2/plugins/org.lwdita/build-html.xml from /Users/isemisynov/Develop/dita-formats-demo/dita-ot-3.7.2/plugins/org.dita.base/build.xml
85   [DEBUG] Overriding previous definition of reference to ant.projectHelper
86   [DEBUG] parsing buildfile /Users/isemisynov/Develop/dita-formats-demo/dita-ot-3.7.2/plugins/org.lwdita/build-html.xml with URI = file:/Users/isemisynov/Develop/dita-formats-demo/dita-ot-3.7.2/plugins/org.lwdita/build-html.xml
87   [DEBUG] Overriding previous definition of reference to ant.projectHelper
87   [DEBUG] Overriding previous definition of reference to ant.projectHelper
87   [DEBUG] Build sequence for target(s) `dita2markdown' is [init-properties, check-arg, log-arg, build-init, preprocess.init, ditaval-merge, gen-list, debug-filter, mapref-check, mapref, branch-filter, keyref, copy-to, conrefpush, conref, profile-check, profile, topic-fragment, chunk-check, chunk, move-meta-entries, maplink-check, maplink, topicpull-check, topicpull, clean-map-check, clean-map, clean-preprocess, copy-image, copy-html, copy-flag-check, copy-flag, copy-files, preprocess, markdown.init, markdown.topics.common, markdown.topics.common.inner, markdown.topic, markdown.map.init, markdown.map.toc, markdown.map, dita2markdown]
88   [DEBUG] Complete build sequence is [init-properties, check-arg, log-arg, build-init, preprocess.init, ditaval-merge, gen-list, debug-filter, mapref-check, mapref, branch-filter, keyref, copy-to, conrefpush, conref, profile-check, profile, topic-fragment, chunk-check, chunk, move-meta-entries, maplink-check, maplink, topicpull-check, topicpull, clean-map-check, clean-map, clean-preprocess, copy-image, copy-html, copy-flag-check, copy-flag, copy-files, preprocess, markdown.init, markdown.topics.common, markdown.topics.common.inner, markdown.topic, markdown.map.init, markdown.map.toc, markdown.map, dita2markdown, dita2pdf2.init, dita.index.eclipsehelp.init, ditaot-preprocess.mapref-check, transform.topic2pdf.init, preview.topic.pdf.init, copyCoreArtwork, transform.fo2pdf.xep.test-use, transform.fo2pdf.xep.init, transform.fo2pdf.fop.test-use, transform.fo2pdf.fop.init, transform.fo2pdf.ah.test-use, transform.fo2pdf.ah.init, transform.topic2fo.init, org.dita.index.init, org.dita.index, transform.topic2fo.main, transform.topic2fo.i18n.filter, transform.topic2fo.i18n.no-filter, transform.topic2fo.i18n, transform.topic2fo, transform.fo2pdf.xep, transform.fo2pdf.fop, transform.fo2pdf.ah, transform.fo2pdf, transform.topic2pdf, dita.build.preview.topic.pdf, ditaot-preprocess.maplink-check, markdown_github.init, dita2normalize.dita2markdown_github, dita2normalize.markdown.topics.common, ditaot-init.check-arg, dita2dita, org.dita.pdf2.xep.transform.fo2pdf.xep, dita2htmlhelp.init, ditaot-preprocess.profile-check, dita2html5.html5.map.toc, html5.map.init, html5.map.toc, dita2html5.html5.map, ditaot-preprocess2.map-conrefpush, dita2eclipsehelp.dita.map.eclipse.plugin.init, dita.map.eclipse.plugin.init, dita.map.eclipse.plugin, ditaot-preprocess.debug-filter, dita.map.eclipse.fragment.move.files, dita2normalize.dita.out.map.hdita.toc, xhtml.init, xhtml.image-metadata, htmlhelp.topics, ditaot-init.build-init, dita2xhtml.copy-css-user, ditaot-preprocess.copy-to, ditaot-preprocess.keyref, ditaot-preprocess.copy-flag-check, ditaot-preprocess2.topic-keyref, transform.topic2fo.index.init, dita.build.transform.topic2fo.index, ditaot-preprocess2.topic-maplink, preprocess2.init, map-reader, map-mapref, map-branch-filter, map-keyref, map-conrefpush, map-conref, map-profile-check, map-profile, preprocess2.maps, topic-reader, topic-branch-filter, topic-keyref, topic-copy-to, topic-conrefpush, topic-conref, topic-profile-check, topic-profile, preprocess2.topic-fragment, topic-chunk, topic-move-meta-entries, topic-maplink, topic-topicpull, preprocess2.topics, map-clean-map, copy-image2, copy-files2, preprocess2, build_generaltargets.output-css-warn-message, ditaot-preprocess2.topic-reader, ditaot-preprocess.chunk, dita.topics.html.common, dita.build.transform.topic2fo.i18n.filter, org.dita.pdf2.axf.transform.fo2pdf.ah.nooption, ditaot-preprocess2.topic-branch-filter, build_generaltargets.xhtml.image-metadata, dita2normalize.dita.topics.hdita.common, dita.map.xhtml.init, dita.map.xhtml.toc, dita.map.xhtml, dita.map.eclipse.toc, dita.build.transform.topic2fo.i18n, org.dita.pdf2.axf.transform.fo2pdf.ah, html5.topic.init, org.dita.pdf2.xep.transform.fo2pdf.xep.test-use, ditaot-preprocess2.preprocess2.topic-fragment, markdown_gitbook.init, dita2eclipsehelp.dita.map.eclipse.fragment.language.init, ditaot-preprocess.preprocess.init, copy-revflag, ditaot-preprocess.clean-map, dita2xhtml.init, map2pdf2, topic2pdf2, dita.build.dita2pdf2, hdita.init, ditaot-preprocess.clean-preprocess, dita2xhtml.dita.out.map.xhtml.toc, org.dita.pdf2.xep.transform.fo2pdf.xep.init, ditaot-preprocess2.preprocess2, org.dita.pdf2.axf.transform.fo2pdf.ah.test-use, ditaot-preprocess.maplink, ditaot-init.init-properties, ditaot-preprocess.preprocess, use-init.envhhcdir, use-init.hhcdir, htmlhelp.copy-image, copy-css, dita2htmlhelp.dita2htmlhelp, publish.map.pdf.init, dita2xhtml.dita.map.xhtml, copy-plugin-files, ditaot-preprocess2.map-clean-map, dita2pdf2, dita.build.dita2pdf, ditaot-preprocess.conrefpush, dita.map.eclipse.init, dita2eclipsehelp.dita.map.eclipse.fragment.error, ditaot-preprocess.branch-filter, dita.map.hdita.init, dita2eclipsehelp.copy-plugin-files, dita.build.transform.fo2pdf, html5.init, dita2eclipsehelp.dita.out.map.eclipse.plugin, build.eclipse.jar, org.dita.pdf2.fop.transform.fo2pdf.fop, dita.build.transform.topic2pdf.init, ditaot-preprocess2.map-mapref, dita.map.eclipse.fragment.language.init, ditaot-preprocess.gen-list, build_generaltargets.dita.topics.html.common, dita2htmlhelp.use-init.hhcdir, dita.build.publish.map.pdf, html5.topics.common.inner, dita2normalize.hdita.init, DOST.init, DOST.help, transform.fo2pdf.ah.nooption, dita.inner.topics.hdita.common, dita2htmlhelp.dita.htmlhelp.convertlang, ditaot-preprocess2.topic-topicpull, dita2eclipsehelp.dita.out.map.eclipse.toc, dita2normalize.markdown.init, html5.image-metadata, html5.topics.common, dita2html5.html5.topic, ditaot-preprocess.chunk-check, dita2normalize.markdown_gitbook.init, dita2htmlhelp.org.dita.index, build_generaltargets.dita.inner.topics.html.common, html5.topic, preprocess2-topic, ditaot-preprocess2.map-profile-check, dita.out.map.eclipse.plugin.properties, dita2eclipsehelp.dita.map.eclipse.index, ditaot-preprocess.profile, dita2normalize.markdown.topics.common.inner, dita.map.eclipse.fragment.language.country.init, dita2eclipsehelp.dita.map.eclipse.plugin.properties, ditaot-preprocess.copy-files, dita.inner.topics.html.common, build_generaltargets.xhtml.topics, org.dita.pdf2.fop.transform.fo2pdf.fop.test-use, dita2htmlhelp.dita2htmlhelp.init, dita.map.htmlhelp.init, ditaot-preprocess2.map-conref, dita.map.eclipse.index, dita.map.eclipse.plugin.properties, dita.map.eclipse.manifest.file, dita.out.map.eclipse.manifest.file, dita.out.map.eclipse.toc, dita.out.map.eclipse.index, dita.out.map.eclipse.plugin, dita.out.map.eclipse.fragment.move.files, dita.map.eclipse.genetrate.fragment, ditaot-preprocess.topicpull-check, init, help, ditaot-preprocess2.preprocess2-topic, dita.map.eclipse.fragment.error, ditaot-preprocess2.map-reader, ditaot-init.log-arg, dita2xhtml.copy-css, dita2normalize.markdown.map.toc, ditaot-preprocess.move-meta-entries, dita2markdown_gitbook, dita.build.transform.topic2fo, html5.css, preview.topic.pdf, transform.topic2fo.index, dita2eclipsehelp.dita.map.eclipse.init, xhtml.topics, dita2xhtml.dita2xhtml, ditaot-preprocess2.topic-move-meta-entries, dita2normalize.dita.inner.topics.hdita.common, dita2normalize.markdown_github.init, dita2eclipsehelp.dita.map.eclipse.toc, dita2normalize.dita2dita, ditaot-preprocess.copy-html, dita2normalize.markdown.topic, dita2html5.html5.topic.init, dita.topics.hdita.common, dita.map.hdita.toc, dita.out.map.hdita.toc, dita2normalize.dita2hdita, dita.map.eclipse.generate.plugin, clean-temp, dita2xhtml.dita2xhtml.init, ditaot-preprocess.copy-image, ditaot-preprocess.ditaval-merge, dita.map.htmlhelp.hhp, dita.map.htmlhelp.hhc, dita.map.htmlhelp.hhk, dita.htmlhelp.convertlang, compile.HTML.Help, dita.map.htmlhelp, dita2html5.html5.init, build_generaltargets.xhtml.init, dita2html5.html5.topics.common.inner, dita2xhtml.dita.map.xhtml.toc, org.dita.pdf2.fop.transform.fo2pdf.fop.init, dita2eclipsehelp.dita.out.map.eclipse.index, ditaot-preprocess2.preprocess2.maps, dita2eclipsehelp.build.eclipse.jar, ditaot-preprocess2.map-branch-filter, dita2normalize.markdown.map.init, dita2htmlhelp.compile.HTML.Help, dita.build.transform.topic2fo.index.init, dita2htmlhelp.dita.map.htmlhelp, html5.map, dita2html5, dita2html5.html5.map.init, ditaot-preprocess.mapref, dita2eclipsehelp.dita.out.map.eclipse.manifest.file, dita.build.transform.topic2fo.main, ditaot-preprocess.clean-map-check, dita2normalize.dita.map.hdita.toc, dita2eclipsehelp.dita.map.eclipse.genetrate.fragment, dita2eclipsehelp.dita.map.eclipse.fragment.language.country.init, dita.build.publish.map.pdf.init, ditaot-preprocess2.copy-image2, ditaot-preprocess.clean-temp, dita.build.dita2pdf2.init, dita2normalize.dita2markdown_gitbook, dita2eclipsehelp.dita.map.eclipse.manifest.file, dita2eclipsehelp.dita.out.map.eclipse.fragment.move.files, html5.copy-css-user, dita.eclipsehelp.init, dita2htmlhelp.org.dita.index.init, dita2hdita, dita2normalize.markdown.map, dita.build.transform.topic2fo.init, dita.out.map.xhtml.toc, ditaot-preprocess.copy-flag, dita2htmlhelp.htmlhelp.topics, dita2xhtml, dita2eclipsehelp.dita.index.eclipsehelp.init, org.dita.pdf2.axf.transform.fo2pdf.ah.hasoption, dita2eclipsehelp.dita.map.eclipse.generate.plugin, dita.build.preview.topic.pdf.init, ditaot-preprocess2.map-keyref, dita2htmlhelp.dita.map.htmlhelp.init, transform.fo2pdf.ah.hasoption, dita2eclipsehelp.dita.map.eclipse.plugin, ditaot-preprocess2.copy-files2, dita2pdf, ditaot-preprocess.conref, ditaot-preprocess2.topic-conref, dita.build.transform.topic2fo.i18n.no-filter, dita.build.copyCoreArtwork, dita2normalize.dita2markdown, dita2xhtml.copy-revflag, dita.build.transform.topic2pdf, dita2markdown_github, ditaot-preprocess.topic-fragment, ditaot-preprocess2.topic-conrefpush, dita.map.eclipse, dita2eclipsehelp.dita2eclipsehelp, ditaot-preprocess2.preprocess2.topics, dita2html5.html5.css, dita2eclipsehelp, dita2eclipsehelp.dita.map.eclipse, dita.build.topic2pdf2, dita2eclipsehelp.dita.map.eclipse.fragment.move.files, dita2html5.html5.copy-css-user, dita2normalize.dita.map.hdita.init, dita2htmlhelp.dita.map.htmlhelp.hhp, ditaot-preprocess2.map-profile, ditaot-preprocess.topicpull, ditaot-preprocess2.topic-profile-check, dita2htmlhelp.dita.map.htmlhelp.hhk, output-css-warn-message, dita2htmlhelp.dita.map.htmlhelp.hhc, dita2html5.html5.image-metadata, dita2htmlhelp.htmlhelp.copy-image, dita2htmlhelp.use-init.envhhcdir, copy-css-user, dita2htmlhelp, dita2eclipsehelp.dita.out.map.eclipse.plugin.properties, dita.build.map2pdf2, dita2html5.html5.topics.common, ditaot-preprocess2.topic-copy-to, dita2html5.dita2html5, org.dita.pdf2.axf.transform.fo2pdf.ah.init, ditaot-preprocess2.topic-chunk, dita2eclipsehelp.dita.eclipsehelp.init, ditaot-preprocess2.preprocess2.init, publish.map.pdf, dita2xhtml.dita.map.xhtml.init, , ditaot-preprocess2.topic-profile]
89   [DEBUG] Override ignored for property "base.temp.dir"
89   [DEBUG] Override ignored for property "dita.temp.dir"
89   [DEBUG] Override ignored for property "output.dir"
89   [DEBUG] Property "temp.output.dir.name" has not been set
89   [INFO ] Initializing project
91   [DEBUG] Loading Environment env.
92   [DEBUG] Property "args.xsl" has not been set
92   [DEBUG] Property "args.xsl" has not been set
93   [DEBUG] Property "args.outext" has not been set
93   [DEBUG] Property "args.outext" has not been set
93   [DEBUG] Property "args.outext" has not been set
93   [DEBUG] Property "args.outext" has not been set
93   [DEBUG] Skipping /Users/isemisynov/Develop/dita-formats-demo/output/dita/markdown because it already exists.
93   [INFO ] Deleting directory /Users/isemisynov/Develop/dita-formats-demo/tmp/1653650817232
94   [DEBUG] Deleting directory /Users/isemisynov/Develop/dita-formats-demo/tmp/1653650817232
94   [INFO ] Created dir: /Users/isemisynov/Develop/dita-formats-demo/tmp/1653650817232
94   [DEBUG] Property "args.rellinks" has not been set
95   [DEBUG] Property "args.rellinks" has not been set
95   [DEBUG] Property "args.hide.parent.link" has not been set
95   [DEBUG] Property "args.rellinks" has not been set
95   [DEBUG] Property "args.rellinks" has not been set
96   [DEBUG] Property "org.xml.sax.driver" has not been set
96   [DEBUG] Unable to load class org.apache.crimson.parser.XMLReaderImpl
97   [DEBUG] Unable to load class net.sf.saxon.StyleSheet
97   [INFO ] *****************************************************************
97   [INFO ] * basedir = /Users/isemisynov/Develop/dita-formats-demo/dita-ot-3.7.2
97   [INFO ] * dita.dir = /Users/isemisynov/Develop/dita-formats-demo/dita-ot-3.7.2
97   [INFO ] * transtype = markdown
97   [INFO ] * tempdir = /Users/isemisynov/Develop/dita-formats-demo/tmp/1653650817232
98   [INFO ] * outputdir = /Users/isemisynov/Develop/dita-formats-demo/output/dita/markdown
98   [DEBUG] Property "clean.temp" has not been set
98   [INFO ] * clean.temp = ${clean.temp}
98   [INFO ] * DITA-OT version = 3.7.2
98   [INFO ] * XML parser = Xerces
98   [INFO ] * XSLT processor = Saxon
98   [INFO ] * collator = ICU
98   [INFO ] *****************************************************************
99   [INFO ] #Ant properties
99   [INFO ] #Fri May 27 14:26:57 MSK 2022
99   [INFO ] args.grammar.cache=yes
99   [INFO ] args.input=file\:/Users/isemisynov/Develop/dita-formats-demo/demo-input/dita/demo.ditamap
99   [INFO ] args.xml.systemid.set=yes
99   [INFO ] dita.dir=/Users/isemisynov/Develop/dita-formats-demo/dita-ot-3.7.2
99   [INFO ] dita.output.dir=/Users/isemisynov/Develop/dita-formats-demo/output/dita/markdown
99   [INFO ] dita.plugin.org.dita.base.dir=/Users/isemisynov/Develop/dita-formats-demo/dita-ot-3.7.2/plugins/org.dita.base
99   [INFO ] dita.plugin.org.dita.eclipsehelp.dir=/Users/isemisynov/Develop/dita-formats-demo/dita-ot-3.7.2/plugins/org.dita.eclipsehelp
99   [INFO ] dita.plugin.org.dita.html5.dir=/Users/isemisynov/Develop/dita-formats-demo/dita-ot-3.7.2/plugins/org.dita.html5
99   [INFO ] dita.plugin.org.dita.htmlhelp.dir=/Users/isemisynov/Develop/dita-formats-demo/dita-ot-3.7.2/plugins/org.dita.htmlhelp
99   [INFO ] dita.plugin.org.dita.index.dir=/Users/isemisynov/Develop/dita-formats-demo/dita-ot-3.7.2/plugins/org.dita.index
99   [INFO ] dita.plugin.org.dita.normalize.dir=/Users/isemisynov/Develop/dita-formats-demo/dita-ot-3.7.2/plugins/org.dita.normalize
99   [INFO ] dita.plugin.org.dita.pdf2.axf.dir=/Users/isemisynov/Develop/dita-formats-demo/dita-ot-3.7.2/plugins/org.dita.pdf2.axf
99   [INFO ] dita.plugin.org.dita.pdf2.dir=/Users/isemisynov/Develop/dita-formats-demo/dita-ot-3.7.2/plugins/org.dita.pdf2
99   [INFO ] dita.plugin.org.dita.pdf2.fop.dir=/Users/isemisynov/Develop/dita-formats-demo/dita-ot-3.7.2/plugins/org.dita.pdf2.fop
99   [INFO ] dita.plugin.org.dita.pdf2.xep.dir=/Users/isemisynov/Develop/dita-formats-demo/dita-ot-3.7.2/plugins/org.dita.pdf2.xep
99   [INFO ] dita.plugin.org.dita.specialization.dita11.dir=/Users/isemisynov/Develop/dita-formats-demo/dita-ot-3.7.2/plugins/org.dita.specialization.dita11
99   [INFO ] dita.plugin.org.dita.xhtml.dir=/Users/isemisynov/Develop/dita-formats-demo/dita-ot-3.7.2/plugins/org.dita.xhtml
99   [INFO ] dita.plugin.org.lwdita.dir=/Users/isemisynov/Develop/dita-formats-demo/dita-ot-3.7.2/plugins/org.lwdita
99   [INFO ] dita.plugin.org.oasis-open.dita.techcomm.v2_0.dir=/Users/isemisynov/Develop/dita-formats-demo/dita-ot-3.7.2/plugins/org.oasis-open.dita.techcomm.v2_0
99   [INFO ] dita.plugin.org.oasis-open.dita.v1_2.dir=/Users/isemisynov/Develop/dita-formats-demo/dita-ot-3.7.2/plugins/org.oasis-open.dita.v1_2
99   [INFO ] dita.plugin.org.oasis-open.dita.v1_3.dir=/Users/isemisynov/Develop/dita-formats-demo/dita-ot-3.7.2/plugins/org.oasis-open.dita.v1_3
99   [INFO ] dita.plugin.org.oasis-open.dita.v2_0.dir=/Users/isemisynov/Develop/dita-formats-demo/dita-ot-3.7.2/plugins/org.oasis-open.dita.v2_0
100  [INFO ] dita.plugin.org.oasis-open.xdita.v0_2_2.dir=/Users/isemisynov/Develop/dita-formats-demo/dita-ot-3.7.2/plugins/org.oasis-open.xdita.v0_2_2
100  [INFO ] dita.temp.dir=/Users/isemisynov/Develop/dita-formats-demo/tmp/1653650817232
100  [INFO ] *****************************************************************
101  [DEBUG] Set property dita.map.filename.root = demo
101  [INFO ] *****************************************************************
101  [INFO ] * input = file:/Users/isemisynov/Develop/dita-formats-demo/demo-input/dita/demo.ditamap
101  [DEBUG] Property "args.resources" has not been set
101  [INFO ] * resources = ${args.resources}
101  [INFO ] *****************************************************************
102  [DEBUG] Job not found from Ant project reference
103  [INFO ] Using Xerces grammar pool for DTD and schema caching.
103  [INFO ] Processing file:/Users/isemisynov/Develop/dita-formats-demo/demo-input/dita/demo.ditamap
104  [INFO ] Processing file:/Users/isemisynov/Develop/dita-formats-demo/demo-input/dita/demo-topic1.dita
104  [INFO ] Processing file:/Users/isemisynov/Develop/dita-formats-demo/demo-input/dita/demo-topic2.dita
106  [INFO ] Serializing job specification
107  [DEBUG] GenMapAndTopicListModule processing took 5 ms
108  [INFO ] Using Xerces grammar pool for DTD and schema caching.
109  [INFO ] Processing file:/Users/isemisynov/Develop/dita-formats-demo/demo-input/dita/demo-topic1.dita to file:/Users/isemisynov/Develop/dita-formats-demo/tmp/1653650817232/demo-topic1.dita
111  [INFO ] Processing file:/Users/isemisynov/Develop/dita-formats-demo/demo-input/dita/demo-topic2.dita to file:/Users/isemisynov/Develop/dita-formats-demo/tmp/1653650817232/demo-topic2.dita
113  [INFO ] Processing file:/Users/isemisynov/Develop/dita-formats-demo/demo-input/dita/demo.ditamap to file:/Users/isemisynov/Develop/dita-formats-demo/tmp/1653650817232/demo.ditamap
116  [DEBUG] DebugAndFilterModule processing took 8 ms
117  [DEBUG] Overriding previous definition of property "transtypes"
117  [DEBUG] Overriding previous definition of property "parser.md"
117  [DEBUG] Overriding previous definition of property "plugin.org.dita.specialization.dita11.dir"
117  [DEBUG] Overriding previous definition of property "parser.hdita"
117  [DEBUG] Overriding previous definition of property "cli.color"
117  [DEBUG] Overriding previous definition of property "plugin.org.dita.pdf2.dir"
117  [DEBUG] Overriding previous definition of property "print_transtypes"
117  [DEBUG] Overriding previous definition of property "supported_resource_extensions"
117  [DEBUG] Overriding previous definition of property "plugin.org.dita.xhtml.dir"
117  [DEBUG] Overriding previous definition of property "plugin.org.dita.index.dir"
117  [DEBUG] Overriding previous definition of property "supported_html_extensions"
117  [DEBUG] Overriding previous definition of property "plugin.order"
117  [DEBUG] Overriding previous definition of property "otrelease"
117  [DEBUG] Overriding previous definition of property "supported_image_extensions"
117  [DEBUG] Overriding previous definition of property "org.dita.pdf2.i18n.enabled"
117  [DEBUG] Overriding previous definition of property "plugin.org.dita.html5.dir"
117  [DEBUG] Overriding previous definition of property "default.cascade"
117  [DEBUG] Overriding previous definition of property "plugin.org.oasis-open.xdita.v0_2_2.dir"
117  [DEBUG] Overriding previous definition of property "plugin.org.dita.eclipsehelp.dir"
117  [DEBUG] Overriding previous definition of property "plugin.org.dita.htmlhelp.dir"
117  [DEBUG] Overriding previous definition of property "temp-file-name-scheme"
117  [DEBUG] Overriding previous definition of property "plugin.org.dita.base.dir"
117  [DEBUG] Overriding previous definition of property "plugindirs"
117  [DEBUG] Overriding previous definition of property "parser.mdita"
117  [DEBUG] Overriding previous definition of property "plugin.ignores"
117  [DEBUG] Overriding previous definition of property "registry"
117  [DEBUG] Overriding previous definition of property "plugin.org.dita.pdf2.axf.dir"
117  [DEBUG] Overriding previous definition of property "plugin.org.dita.normalize.dir"
117  [DEBUG] Overriding previous definition of property "plugin.org.oasis-open.dita.techcomm.v2_0.dir"
117  [DEBUG] Overriding previous definition of property "plugin.org.oasis-open.dita.v1_2.dir"
117  [DEBUG] Overriding previous definition of property "plugin.org.dita.pdf2.fop.dir"
117  [DEBUG] Overriding previous definition of property "plugin.org.lwdita.dir"
117  [DEBUG] Overriding previous definition of property "plugin.org.dita.pdf2.xep.dir"
118  [DEBUG] Overriding previous definition of property "plugin.org.oasis-open.dita.v2_0.dir"
118  [DEBUG] Overriding previous definition of property "otversion"
118  [DEBUG] Overriding previous definition of property "plugin.org.oasis-open.dita.v1_3.dir"
118  [DEBUG] Overriding previous definition of property "parser.markdown"
118  [DEBUG] Scanning for demo.ditamap
118  [DEBUG] Found temporary directory file /Users/isemisynov/Develop/dita-formats-demo/tmp/1653650817232/demo.ditamap
118  [DEBUG] Set property inputMapPath = file:/Users/isemisynov/Develop/dita-formats-demo/tmp/1653650817232/demo.ditamap
118  [DEBUG] Property "dita.preprocess.reloadstylesheet" has not been set
161  [INFO ] Processing file:/Users/isemisynov/Develop/dita-formats-demo/tmp/1653650817232/demo.ditamap
168  [DEBUG] MaprefModule processing took 49 ms
168  [INFO ] Processing file:/Users/isemisynov/Develop/dita-formats-demo/tmp/1653650817232/demo.ditamap
168  [DEBUG] Reading file:/Users/isemisynov/Develop/dita-formats-demo/tmp/1653650817232/demo.ditamap
169  [DEBUG] Split branches and generate copy-to
169  [DEBUG] Filter map
169  [DEBUG] Rewrite duplicate topic references
169  [DEBUG] Filter topics and generate copies
169  [DEBUG] Remove obsolete references
169  [DEBUG] Filter existing topics
169  [DEBUG] Writing file:/Users/isemisynov/Develop/dita-formats-demo/tmp/1653650817232/demo.ditamap
171  [DEBUG] BranchFilterModule processing took 3 ms
172  [DEBUG] KeyrefModule processing took 0 ms
172  [INFO ] Transforming into /Users/isemisynov/Develop/dita-formats-demo/tmp/1653650817232
173  [INFO ] Loading stylesheet file:/Users/isemisynov/Develop/dita-formats-demo/dita-ot-3.7.2/plugins/org.dita.base/xsl/preprocess/mapref.xsl
188  [DEBUG] Apache resolver library found, xml-commons resolver will be used
231  [INFO ] Loading stylesheet file:/Users/isemisynov/Develop/dita-formats-demo/dita-ot-3.7.2/plugins/org.dita.base/xsl/preprocess/mapref.xsl
231  [DEBUG] Set parameter keep-submap-href to 'false'
231  [DEBUG] Set parameter child-topicref-warning to 'false'
232  [DEBUG] Set parameter TRANSTYPE to 'markdown'
232  [DEBUG] Set parameter file-being-processed to 'demo.ditamap'
232  [INFO ] Processing file:/Users/isemisynov/Develop/dita-formats-demo/tmp/1653650817232/demo.ditamap
234  [DEBUG] XsltModule processing took 62 ms
237  [DEBUG] CopyToModule processing took 3 ms
237  [DEBUG] ConrefPushModule processing took 0 ms
237  [DEBUG] Property "dita.preprocess.reloadstylesheet" has not been set
238  [DEBUG] Setting exportfile.url to URL file:/Users/isemisynov/Develop/dita-formats-demo/tmp/1653650817232/export.xml
238  [DEBUG] XsltModule processing took 0 ms
238  [DEBUG] Skipped because property 'preprocess.profile.skip' set.
239  [INFO ] Processing file:/Users/isemisynov/Develop/dita-formats-demo/tmp/1653650817232/demo-topic1.dita
239  [DEBUG] Configure filter org.dita.dost.writer.TopicFragmentFilter
239  [DEBUG] Configure filter org.dita.dost.writer.NormalizeTableFilter
239  [DEBUG] Configure filter org.dita.dost.writer.NormalizeSimpleTableFilter
239  [DEBUG] Configure filter org.dita.dost.writer.CoderefResolver
239  [DEBUG] Configure filter org.dita.dost.writer.NormalizeCodeblock
241  [INFO ] Processing file:/Users/isemisynov/Develop/dita-formats-demo/tmp/1653650817232/demo-topic2.dita
241  [DEBUG] Configure filter org.dita.dost.writer.TopicFragmentFilter
241  [DEBUG] Configure filter org.dita.dost.writer.NormalizeTableFilter
241  [DEBUG] Configure filter org.dita.dost.writer.NormalizeSimpleTableFilter
241  [DEBUG] Configure filter org.dita.dost.writer.CoderefResolver
241  [DEBUG] Configure filter org.dita.dost.writer.NormalizeCodeblock
243  [DEBUG] XmlFilterModule processing took 4 ms
243  [INFO ] Processing file:/Users/isemisynov/Develop/dita-formats-demo/tmp/1653650817232/demo.ditamap
244  [DEBUG] Writing file:/Users/isemisynov/Develop/dita-formats-demo/tmp/1653650817232/demo.ditamap
245  [DEBUG] ChunkModule processing took 2 ms
245  [INFO ] Processing file:/Users/isemisynov/Develop/dita-formats-demo/tmp/1653650817232/demo.ditamap
247  [DEBUG] ChunkModule processing took 2 ms
247  [DEBUG] Scanning for demo-topic1.dita
247  [DEBUG] Found temporary directory file /Users/isemisynov/Develop/dita-formats-demo/tmp/1653650817232/demo-topic1.dita
247  [DEBUG] Scanning for demo-topic2.dita
247  [DEBUG] Found temporary directory file /Users/isemisynov/Develop/dita-formats-demo/tmp/1653650817232/demo-topic2.dita
247  [DEBUG] Set property inputTopicPath = file:/Users/isemisynov/Develop/dita-formats-demo/tmp/1653650817232/demo-topic1.dita:file:/Users/isemisynov/Develop/dita-formats-demo/tmp/1653650817232/demo-topic2.dita
248  [INFO ] Processing file:/Users/isemisynov/Develop/dita-formats-demo/tmp/1653650817232/demo.ditamap
249  [DEBUG] Writing file:/Users/isemisynov/Develop/dita-formats-demo/tmp/1653650817232/demo.ditamap
249  [INFO ] Loading stylesheet /Users/isemisynov/Develop/dita-formats-demo/dita-ot-3.7.2/plugins/org.dita.base/xsl/preprocess/mappull.xsl
304  [INFO ] Processing file:/Users/isemisynov/Develop/dita-formats-demo/tmp/1653650817232/demo.ditamap
304  [DEBUG] Processing file:/Users/isemisynov/Develop/dita-formats-demo/tmp/1653650817232/demo.ditamap to file:/Users/isemisynov/Develop/dita-formats-demo/tmp/1653650817232/demo.ditamap.tmp1653650817536
304  [DEBUG] Set parameter basedir to '/Users/isemisynov/Develop/dita-formats-demo/dita-ot-3.7.2'
304  [DEBUG] Set parameter style to '/Users/isemisynov/Develop/dita-formats-demo/dita-ot-3.7.2/plugins/org.dita.base/xsl/preprocess/mappull.xsl'
304  [DEBUG] Set parameter conserve-memory to 'false'
304  [DEBUG] Set parameter message to 'Move metadata entries.'
304  [DEBUG] Set parameter inputmap to 'demo.ditamap'
401  [DEBUG] Moving file:/Users/isemisynov/Develop/dita-formats-demo/tmp/1653650817232/demo.ditamap.tmp1653650817536 to file:/Users/isemisynov/Develop/dita-formats-demo/tmp/1653650817232/demo.ditamap
402  [DEBUG] MoveMetaModule processing took 154 ms
402  [DEBUG] Property "dita.preprocess.reloadstylesheet" has not been set
457  [DEBUG] MoveLinksModule processing took 55 ms
457  [DEBUG] Property "dita.preprocess.reloadstylesheet" has not been set
458  [INFO ] Transforming into /Users/isemisynov/Develop/dita-formats-demo/tmp/1653650817232
458  [INFO ] Loading stylesheet file:/Users/isemisynov/Develop/dita-formats-demo/dita-ot-3.7.2/plugins/org.dita.base/xsl/preprocess/topicpull.xsl
511  [INFO ] Loading stylesheet file:/Users/isemisynov/Develop/dita-formats-demo/dita-ot-3.7.2/plugins/org.dita.base/xsl/preprocess/topicpull.xsl
511  [DEBUG] Set parameter ONLYTOPICINMAP to 'false'
511  [DEBUG] Set parameter defaultLanguage to 'en'
512  [INFO ] Processing file:/Users/isemisynov/Develop/dita-formats-demo/tmp/1653650817232/demo-topic1.dita
514  [DEBUG] Set parameter ONLYTOPICINMAP to 'false'
514  [DEBUG] Set parameter defaultLanguage to 'en'
514  [INFO ] Processing file:/Users/isemisynov/Develop/dita-formats-demo/tmp/1653650817232/demo-topic2.dita
517  [DEBUG] XsltModule processing took 59 ms
518  [DEBUG] Property "dita.preprocess.reloadstylesheet" has not been set
518  [INFO ] Transforming into /Users/isemisynov/Develop/dita-formats-demo/tmp/1653650817232
518  [INFO ] Loading stylesheet file:/Users/isemisynov/Develop/dita-formats-demo/dita-ot-3.7.2/plugins/org.dita.base/xsl/preprocess/clean-map.xsl
538  [INFO ] Loading stylesheet file:/Users/isemisynov/Develop/dita-formats-demo/dita-ot-3.7.2/plugins/org.dita.base/xsl/preprocess/clean-map.xsl
539  [INFO ] Processing file:/Users/isemisynov/Develop/dita-formats-demo/tmp/1653650817232/demo.ditamap
541  [DEBUG] XsltModule processing took 23 ms
542  [DEBUG] CleanPreprocessModule processing took 1 ms
543  [DEBUG] Overriding previous definition of property "user.input.dir"
543  [DEBUG] Overriding previous definition of property "transtypes"
543  [DEBUG] Overriding previous definition of property "parser.md"
543  [DEBUG] Overriding previous definition of property "plugin.org.dita.specialization.dita11.dir"
543  [DEBUG] Overriding previous definition of property "crawl"
543  [DEBUG] Overriding previous definition of property "parser.hdita"
543  [DEBUG] Overriding previous definition of property "cli.color"
543  [DEBUG] Overriding previous definition of property "user.input.file"
543  [DEBUG] Overriding previous definition of property "plugin.org.dita.pdf2.dir"
543  [DEBUG] Overriding previous definition of property "print_transtypes"
543  [DEBUG] Overriding previous definition of property "onlytopicinmap"
543  [DEBUG] Overriding previous definition of property "supported_resource_extensions"
543  [DEBUG] Overriding previous definition of property "plugin.org.dita.xhtml.dir"
543  [DEBUG] Overriding previous definition of property "plugin.org.dita.index.dir"
543  [DEBUG] Overriding previous definition of property "relflagimagelist"
543  [DEBUG] Overriding previous definition of property "supported_html_extensions"
543  [DEBUG] Overriding previous definition of property "plugin.order"
543  [DEBUG] Overriding previous definition of property "otrelease"
543  [DEBUG] Overriding previous definition of property "supported_image_extensions"
543  [DEBUG] Overriding previous definition of property "InputMapDir"
543  [DEBUG] Overriding previous definition of property "org.dita.pdf2.i18n.enabled"
543  [DEBUG] Overriding previous definition of property "user.input.dir.uri"
543  [DEBUG] Overriding previous definition of property "plugin.org.dita.html5.dir"
543  [DEBUG] Overriding previous definition of property "generatecopyouter"
544  [DEBUG] Overriding previous definition of property "default.cascade"
544  [DEBUG] Overriding previous definition of property "plugin.org.oasis-open.xdita.v0_2_2.dir"
544  [DEBUG] Overriding previous definition of property "plugin.org.dita.eclipsehelp.dir"
544  [DEBUG] Overriding previous definition of property "outputdir"
544  [DEBUG] Overriding previous definition of property "plugin.org.dita.htmlhelp.dir"
544  [DEBUG] Overriding previous definition of property "temp-file-name-scheme"
544  [DEBUG] Overriding previous definition of property "plugin.org.dita.base.dir"
544  [DEBUG] Overriding previous definition of property "plugindirs"
544  [DEBUG] Overriding previous definition of property "parser.mdita"
544  [DEBUG] Overriding previous definition of property "user.input.file.listfile"
544  [DEBUG] Overriding previous definition of property "outercontrol"
544  [DEBUG] Overriding previous definition of property "plugin.ignores"
544  [DEBUG] Overriding previous definition of property "relflagimagefile"
544  [DEBUG] Overriding previous definition of property "user.input.file.uri"
544  [DEBUG] Overriding previous definition of property "registry"
544  [DEBUG] Overriding previous definition of property "plugin.org.dita.pdf2.axf.dir"
544  [DEBUG] Overriding previous definition of property "plugin.org.dita.normalize.dir"
544  [DEBUG] Overriding previous definition of property "plugin.org.oasis-open.dita.techcomm.v2_0.dir"
544  [DEBUG] Overriding previous definition of property "plugin.org.oasis-open.dita.v1_2.dir"
544  [DEBUG] Overriding previous definition of property "InputMapDir.uri"
544  [DEBUG] Overriding previous definition of property "plugin.org.dita.pdf2.fop.dir"
544  [DEBUG] Overriding previous definition of property "plugin.org.lwdita.dir"
544  [DEBUG] Overriding previous definition of property "plugin.org.dita.pdf2.xep.dir"
544  [DEBUG] Overriding previous definition of property "tempdirToinputmapdir.relative.value"
544  [DEBUG] Overriding previous definition of property "plugin.org.oasis-open.dita.v2_0.dir"
544  [DEBUG] Overriding previous definition of property "otversion"
544  [DEBUG] Overriding previous definition of property "plugin.org.oasis-open.dita.v1_3.dir"
544  [DEBUG] Overriding previous definition of property "parser.markdown"
544  [DEBUG] Overriding previous definition of property "uplevels"
544  [DEBUG] Skipped because property 'preprocess.copy-flag.skip' set.
545  [DEBUG] Property "markdown.type" has not been set
545  [DEBUG] Property "dita.input.valfile" has not been set
545  [DEBUG] Setting dita.input.valfile.url to URL file:/Users/isemisynov/Develop/dita-formats-demo/dita-ot-3.7.2/$%7Bdita.input.valfile%7D
545  [DEBUG] Skipped because property 'old.transform' not set.
546  [INFO ] Transforming into /Users/isemisynov/Develop/dita-formats-demo/output/dita/markdown
546  [INFO ] Loading stylesheet file:/Users/isemisynov/Develop/dita-formats-demo/dita-ot-3.7.2/plugins/org.lwdita/xsl/dita2markdown.xsl
842  [INFO ] Loading stylesheet file:/Users/isemisynov/Develop/dita-formats-demo/dita-ot-3.7.2/plugins/org.lwdita/xsl/dita2markdown.xsl
842  [DEBUG] Set parameter OUTEXT to '.md'
842  [DEBUG] Set parameter defaultLanguage to 'en'
842  [DEBUG] Set parameter BASEDIR to '/Users/isemisynov/Develop/dita-formats-demo/dita-ot-3.7.2'
842  [DEBUG] Set parameter OUTPUTDIR to '/Users/isemisynov/Develop/dita-formats-demo/output/dita/markdown'
842  [DEBUG] Set parameter include.rellinks to '#default parent child sibling friend next previous cousin descendant sample external other'
842  [DEBUG] Set parameter FILENAME to 'demo-topic1.dita'
842  [DEBUG] Set parameter FILEDIR to '.'
842  [INFO ] Processing file:/Users/isemisynov/Develop/dita-formats-demo/tmp/1653650817232/demo-topic1.dita to file:/Users/isemisynov/Develop/dita-formats-demo/output/dita/markdown/demo-topic1.md
845  [DEBUG] Set parameter OUTEXT to '.md'
845  [DEBUG] Set parameter defaultLanguage to 'en'
845  [DEBUG] Set parameter BASEDIR to '/Users/isemisynov/Develop/dita-formats-demo/dita-ot-3.7.2'
845  [DEBUG] Set parameter OUTPUTDIR to '/Users/isemisynov/Develop/dita-formats-demo/output/dita/markdown'
845  [DEBUG] Set parameter include.rellinks to '#default parent child sibling friend next previous cousin descendant sample external other'
845  [DEBUG] Set parameter FILENAME to 'demo-topic2.dita'
845  [DEBUG] Set parameter FILEDIR to '.'
845  [INFO ] Processing file:/Users/isemisynov/Develop/dita-formats-demo/tmp/1653650817232/demo-topic2.dita to file:/Users/isemisynov/Develop/dita-formats-demo/output/dita/markdown/demo-topic2.md
860  [DEBUG] XsltModule processing took 314 ms
862  [INFO ] Transforming into /Users/isemisynov/Develop/dita-formats-demo/output/dita/markdown
862  [INFO ] Loading stylesheet file:/Users/isemisynov/Develop/dita-formats-demo/dita-ot-3.7.2/plugins/org.lwdita/xsl/map2markdown-cover.xsl
1062 [INFO ] Loading stylesheet file:/Users/isemisynov/Develop/dita-formats-demo/dita-ot-3.7.2/plugins/org.lwdita/xsl/map2markdown-cover.xsl
1062 [DEBUG] Set parameter OUTEXT to '.md'
1062 [INFO ] Processing file:/Users/isemisynov/Develop/dita-formats-demo/tmp/1653650817232/demo.ditamap to file:/Users/isemisynov/Develop/dita-formats-demo/output/dita/markdown/index.md
1065 [DEBUG] XsltModule processing took 203 ms
