0    [DEBUG] Detected Java version: 18 in: /Library/Java/JavaVirtualMachines/jdk-18.jdk/Contents/Home
1    [DEBUG] Detected OS: Mac OS X
1    [DEBUG] Project base dir set to: /Users/isemisynov/Develop/dita-formats-demo/dita-ot-3.7.2
2    [DEBUG] parsing buildfile /Users/isemisynov/Develop/dita-formats-demo/dita-ot-3.7.2/build.xml with URI = file:/Users/isemisynov/Develop/dita-formats-demo/dita-ot-3.7.2/build.xml
2    [DEBUG] Project base dir set to: /Users/isemisynov/Develop/dita-formats-demo/dita-ot-3.7.2
26   [DEBUG] parsing buildfile jar:file:/Users/isemisynov/Develop/dita-formats-demo/dita-ot-3.7.2/lib/ant.jar!/org/apache/tools/ant/antlib.xml with URI = jar:file:/Users/isemisynov/Develop/dita-formats-demo/dita-ot-3.7.2/lib/ant.jar!/org/apache/tools/ant/antlib.xml from a zip file
51   [DEBUG] parsing buildfile jar:file:/Users/isemisynov/.gradle/caches/modules-2/files-2.1/org.apache.ant/ant/1.10.12/be08c4f63e92e03bac761404cf77bc270928b6c5/ant-1.10.12.jar!/org/apache/tools/ant/antlib.xml with URI = jar:file:/Users/isemisynov/.gradle/caches/modules-2/files-2.1/org.apache.ant/ant/1.10.12/be08c4f63e92e03bac761404cf77bc270928b6c5/ant-1.10.12.jar!/org/apache/tools/ant/antlib.xml from a zip file
54   [DEBUG] Override ignored for property "dita.dir"
55   [DEBUG] Override ignored for property "dita.dir"
55   [DEBUG] Loading /Users/isemisynov/Develop/dita-formats-demo/dita-ot-3.7.2/local.properties
55   [DEBUG] Unable to find property file: /Users/isemisynov/Develop/dita-formats-demo/dita-ot-3.7.2/local.properties
55   [DEBUG] Importing file /Users/isemisynov/Develop/dita-formats-demo/dita-ot-3.7.2/plugins/org.dita.base/build.xml from /Users/isemisynov/Develop/dita-formats-demo/dita-ot-3.7.2/build.xml
55   [DEBUG] Overriding previous definition of reference to ant.projectHelper
56   [DEBUG] parsing buildfile /Users/isemisynov/Develop/dita-formats-demo/dita-ot-3.7.2/plugins/org.dita.base/build.xml with URI = file:/Users/isemisynov/Develop/dita-formats-demo/dita-ot-3.7.2/plugins/org.dita.base/build.xml
64   [DEBUG] Importing file /Users/isemisynov/Develop/dita-formats-demo/dita-ot-3.7.2/plugins/org.dita.base/build_init.xml from /Users/isemisynov/Develop/dita-formats-demo/dita-ot-3.7.2/plugins/org.dita.base/build.xml
64   [DEBUG] Overriding previous definition of reference to ant.projectHelper
65   [DEBUG] parsing buildfile /Users/isemisynov/Develop/dita-formats-demo/dita-ot-3.7.2/plugins/org.dita.base/build_init.xml with URI = file:/Users/isemisynov/Develop/dita-formats-demo/dita-ot-3.7.2/plugins/org.dita.base/build_init.xml
66   [DEBUG] Loading /Users/isemisynov/Develop/dita-formats-demo/dita-ot-3.7.2/config/org.dita.dost.platform/plugin.properties
67   [DEBUG] Loading /Users/isemisynov/Develop/dita-formats-demo/dita-ot-3.7.2/config/configuration.properties
71   [DEBUG] creating macro  job-helper
71   [DEBUG] Overriding previous definition of reference to ant.projectHelper
71   [DEBUG] Importing file /Users/isemisynov/Develop/dita-formats-demo/dita-ot-3.7.2/plugins/org.dita.base/build_preprocess.xml from /Users/isemisynov/Develop/dita-formats-demo/dita-ot-3.7.2/plugins/org.dita.base/build.xml
72   [DEBUG] Overriding previous definition of reference to ant.projectHelper
72   [DEBUG] parsing buildfile /Users/isemisynov/Develop/dita-formats-demo/dita-ot-3.7.2/plugins/org.dita.base/build_preprocess.xml with URI = file:/Users/isemisynov/Develop/dita-formats-demo/dita-ot-3.7.2/plugins/org.dita.base/build_preprocess.xml
74   [DEBUG] Property "conserve-memory" has not been set
74   [DEBUG] Overriding previous definition of reference to ant.projectHelper
75   [DEBUG] Importing file /Users/isemisynov/Develop/dita-formats-demo/dita-ot-3.7.2/plugins/org.dita.base/build_preprocess2.xml from /Users/isemisynov/Develop/dita-formats-demo/dita-ot-3.7.2/plugins/org.dita.base/build.xml
75   [DEBUG] Overriding previous definition of reference to ant.projectHelper
75   [DEBUG] parsing buildfile /Users/isemisynov/Develop/dita-formats-demo/dita-ot-3.7.2/plugins/org.dita.base/build_preprocess2.xml with URI = file:/Users/isemisynov/Develop/dita-formats-demo/dita-ot-3.7.2/plugins/org.dita.base/build_preprocess2.xml
77   [DEBUG] Overriding previous definition of reference to ant.projectHelper
78   [DEBUG] Importing file /Users/isemisynov/Develop/dita-formats-demo/dita-ot-3.7.2/plugins/org.dita.xhtml/build_general.xml from /Users/isemisynov/Develop/dita-formats-demo/dita-ot-3.7.2/plugins/org.dita.base/build.xml
78   [DEBUG] Overriding previous definition of reference to ant.projectHelper
79   [DEBUG] parsing buildfile /Users/isemisynov/Develop/dita-formats-demo/dita-ot-3.7.2/plugins/org.dita.xhtml/build_general.xml with URI = file:/Users/isemisynov/Develop/dita-formats-demo/dita-ot-3.7.2/plugins/org.dita.xhtml/build_general.xml
80   [DEBUG] creating macro  topics.html
80   [DEBUG] Overriding previous definition of reference to ant.projectHelper
80   [DEBUG] Importing file /Users/isemisynov/Develop/dita-formats-demo/dita-ot-3.7.2/plugins/org.dita.xhtml/build_dita2xhtml.xml from /Users/isemisynov/Develop/dita-formats-demo/dita-ot-3.7.2/plugins/org.dita.base/build.xml
80   [DEBUG] Overriding previous definition of reference to ant.projectHelper
80   [DEBUG] parsing buildfile /Users/isemisynov/Develop/dita-formats-demo/dita-ot-3.7.2/plugins/org.dita.xhtml/build_dita2xhtml.xml with URI = file:/Users/isemisynov/Develop/dita-formats-demo/dita-ot-3.7.2/plugins/org.dita.xhtml/build_dita2xhtml.xml
81   [DEBUG] creating macro  map.html
81   [DEBUG] Overriding previous definition of reference to ant.projectHelper
82   [DEBUG] Importing file /Users/isemisynov/Develop/dita-formats-demo/dita-ot-3.7.2/plugins/org.dita.eclipsehelp/build_dita2eclipsehelp.xml from /Users/isemisynov/Develop/dita-formats-demo/dita-ot-3.7.2/plugins/org.dita.base/build.xml
82   [DEBUG] Overriding previous definition of reference to ant.projectHelper
82   [DEBUG] parsing buildfile /Users/isemisynov/Develop/dita-formats-demo/dita-ot-3.7.2/plugins/org.dita.eclipsehelp/build_dita2eclipsehelp.xml with URI = file:/Users/isemisynov/Develop/dita-formats-demo/dita-ot-3.7.2/plugins/org.dita.eclipsehelp/build_dita2eclipsehelp.xml
84   [DEBUG] Overriding previous definition of reference to ant.projectHelper
84   [DEBUG] Importing file /Users/isemisynov/Develop/dita-formats-demo/dita-ot-3.7.2/plugins/org.dita.html5/build_dita2html5.xml from /Users/isemisynov/Develop/dita-formats-demo/dita-ot-3.7.2/plugins/org.dita.base/build.xml
84   [DEBUG] Overriding previous definition of reference to ant.projectHelper
85   [DEBUG] parsing buildfile /Users/isemisynov/Develop/dita-formats-demo/dita-ot-3.7.2/plugins/org.dita.html5/build_dita2html5.xml with URI = file:/Users/isemisynov/Develop/dita-formats-demo/dita-ot-3.7.2/plugins/org.dita.html5/build_dita2html5.xml
86   [DEBUG] creating macro  html5.topics
87   [DEBUG] creating macro  html5.map
87   [DEBUG] Overriding previous definition of reference to ant.projectHelper
87   [DEBUG] Importing file /Users/isemisynov/Develop/dita-formats-demo/dita-ot-3.7.2/plugins/org.dita.htmlhelp/build_dita2htmlhelp.xml from /Users/isemisynov/Develop/dita-formats-demo/dita-ot-3.7.2/plugins/org.dita.base/build.xml
87   [DEBUG] Overriding previous definition of reference to ant.projectHelper
88   [DEBUG] parsing buildfile /Users/isemisynov/Develop/dita-formats-demo/dita-ot-3.7.2/plugins/org.dita.htmlhelp/build_dita2htmlhelp.xml with URI = file:/Users/isemisynov/Develop/dita-formats-demo/dita-ot-3.7.2/plugins/org.dita.htmlhelp/build_dita2htmlhelp.xml
88   [DEBUG] Overriding previous definition of reference to ant.projectHelper
89   [DEBUG] Importing file /Users/isemisynov/Develop/dita-formats-demo/dita-ot-3.7.2/plugins/org.dita.index/build.xml from /Users/isemisynov/Develop/dita-formats-demo/dita-ot-3.7.2/plugins/org.dita.base/build.xml
89   [DEBUG] Overriding previous definition of reference to ant.projectHelper
89   [DEBUG] parsing buildfile /Users/isemisynov/Develop/dita-formats-demo/dita-ot-3.7.2/plugins/org.dita.index/build.xml with URI = file:/Users/isemisynov/Develop/dita-formats-demo/dita-ot-3.7.2/plugins/org.dita.index/build.xml
89   [DEBUG] Overriding previous definition of reference to ant.projectHelper
90   [DEBUG] Importing file /Users/isemisynov/Develop/dita-formats-demo/dita-ot-3.7.2/plugins/org.dita.pdf2/build.xml from /Users/isemisynov/Develop/dita-formats-demo/dita-ot-3.7.2/plugins/org.dita.base/build.xml
90   [DEBUG] Overriding previous definition of reference to ant.projectHelper
90   [DEBUG] parsing buildfile /Users/isemisynov/Develop/dita-formats-demo/dita-ot-3.7.2/plugins/org.dita.pdf2/build.xml with URI = file:/Users/isemisynov/Develop/dita-formats-demo/dita-ot-3.7.2/plugins/org.dita.pdf2/build.xml
91   [DEBUG] Overriding previous definition of reference to ant.projectHelper
92   [DEBUG] Importing file /Users/isemisynov/Develop/dita-formats-demo/dita-ot-3.7.2/plugins/org.dita.pdf2.axf/build.xml from /Users/isemisynov/Develop/dita-formats-demo/dita-ot-3.7.2/plugins/org.dita.base/build.xml
92   [DEBUG] Overriding previous definition of reference to ant.projectHelper
92   [DEBUG] parsing buildfile /Users/isemisynov/Develop/dita-formats-demo/dita-ot-3.7.2/plugins/org.dita.pdf2.axf/build.xml with URI = file:/Users/isemisynov/Develop/dita-formats-demo/dita-ot-3.7.2/plugins/org.dita.pdf2.axf/build.xml
93   [DEBUG] Overriding previous definition of reference to ant.projectHelper
94   [DEBUG] Importing file /Users/isemisynov/Develop/dita-formats-demo/dita-ot-3.7.2/plugins/org.dita.pdf2.fop/build_fop.xml from /Users/isemisynov/Develop/dita-formats-demo/dita-ot-3.7.2/plugins/org.dita.base/build.xml
94   [DEBUG] Overriding previous definition of reference to ant.projectHelper
95   [DEBUG] parsing buildfile /Users/isemisynov/Develop/dita-formats-demo/dita-ot-3.7.2/plugins/org.dita.pdf2.fop/build_fop.xml with URI = file:/Users/isemisynov/Develop/dita-formats-demo/dita-ot-3.7.2/plugins/org.dita.pdf2.fop/build_fop.xml
96   [DEBUG] Overriding previous definition of reference to ant.projectHelper
96   [DEBUG] Importing file /Users/isemisynov/Develop/dita-formats-demo/dita-ot-3.7.2/plugins/org.dita.pdf2.xep/build.xml from /Users/isemisynov/Develop/dita-formats-demo/dita-ot-3.7.2/plugins/org.dita.base/build.xml
97   [DEBUG] Overriding previous definition of reference to ant.projectHelper
97   [DEBUG] parsing buildfile /Users/isemisynov/Develop/dita-formats-demo/dita-ot-3.7.2/plugins/org.dita.pdf2.xep/build.xml with URI = file:/Users/isemisynov/Develop/dita-formats-demo/dita-ot-3.7.2/plugins/org.dita.pdf2.xep/build.xml
98   [DEBUG] Overriding previous definition of reference to ant.projectHelper
98   [DEBUG] Importing file /Users/isemisynov/Develop/dita-formats-demo/dita-ot-3.7.2/plugins/org.dita.normalize/build.xml from /Users/isemisynov/Develop/dita-formats-demo/dita-ot-3.7.2/plugins/org.dita.base/build.xml
98   [DEBUG] Overriding previous definition of reference to ant.projectHelper
99   [DEBUG] parsing buildfile /Users/isemisynov/Develop/dita-formats-demo/dita-ot-3.7.2/plugins/org.dita.normalize/build.xml with URI = file:/Users/isemisynov/Develop/dita-formats-demo/dita-ot-3.7.2/plugins/org.dita.normalize/build.xml
99   [DEBUG] Overriding previous definition of reference to ant.projectHelper
99   [DEBUG] Importing file /Users/isemisynov/Develop/dita-formats-demo/dita-ot-3.7.2/plugins/org.lwdita/build-markdown.xml from /Users/isemisynov/Develop/dita-formats-demo/dita-ot-3.7.2/plugins/org.dita.base/build.xml
99   [DEBUG] Overriding previous definition of reference to ant.projectHelper
100  [DEBUG] parsing buildfile /Users/isemisynov/Develop/dita-formats-demo/dita-ot-3.7.2/plugins/org.lwdita/build-markdown.xml with URI = file:/Users/isemisynov/Develop/dita-formats-demo/dita-ot-3.7.2/plugins/org.lwdita/build-markdown.xml
101  [DEBUG] creating macro  markdown.map
101  [DEBUG] creating macro  markdown.topics
101  [DEBUG] Overriding previous definition of reference to ant.projectHelper
101  [DEBUG] Importing file /Users/isemisynov/Develop/dita-formats-demo/dita-ot-3.7.2/plugins/org.lwdita/build-html.xml from /Users/isemisynov/Develop/dita-formats-demo/dita-ot-3.7.2/plugins/org.dita.base/build.xml
101  [DEBUG] Overriding previous definition of reference to ant.projectHelper
102  [DEBUG] parsing buildfile /Users/isemisynov/Develop/dita-formats-demo/dita-ot-3.7.2/plugins/org.lwdita/build-html.xml with URI = file:/Users/isemisynov/Develop/dita-formats-demo/dita-ot-3.7.2/plugins/org.lwdita/build-html.xml
102  [DEBUG] Overriding previous definition of reference to ant.projectHelper
102  [DEBUG] Overriding previous definition of reference to ant.projectHelper
103  [DEBUG] Build sequence for target(s) `dita2markdown_gitbook' is [markdown_github.init, markdown_gitbook.init, init-properties, check-arg, log-arg, build-init, preprocess.init, ditaval-merge, gen-list, debug-filter, mapref-check, mapref, branch-filter, keyref, copy-to, conrefpush, conref, profile-check, profile, topic-fragment, chunk-check, chunk, move-meta-entries, maplink-check, maplink, topicpull-check, topicpull, clean-map-check, clean-map, clean-preprocess, copy-image, copy-html, copy-flag-check, copy-flag, copy-files, preprocess, markdown.init, markdown.topics.common, markdown.topics.common.inner, markdown.topic, markdown.map.init, markdown.map.toc, markdown.map, dita2markdown, dita2markdown_gitbook]
104  [DEBUG] Complete build sequence is [markdown_github.init, markdown_gitbook.init, init-properties, check-arg, log-arg, build-init, preprocess.init, ditaval-merge, gen-list, debug-filter, mapref-check, mapref, branch-filter, keyref, copy-to, conrefpush, conref, profile-check, profile, topic-fragment, chunk-check, chunk, move-meta-entries, maplink-check, maplink, topicpull-check, topicpull, clean-map-check, clean-map, clean-preprocess, copy-image, copy-html, copy-flag-check, copy-flag, copy-files, preprocess, markdown.init, markdown.topics.common, markdown.topics.common.inner, markdown.topic, markdown.map.init, markdown.map.toc, markdown.map, dita2markdown, dita2markdown_gitbook, dita2pdf2.init, dita.index.eclipsehelp.init, ditaot-preprocess.mapref-check, transform.topic2pdf.init, preview.topic.pdf.init, copyCoreArtwork, transform.fo2pdf.xep.test-use, transform.fo2pdf.xep.init, transform.fo2pdf.fop.test-use, transform.fo2pdf.fop.init, transform.fo2pdf.ah.test-use, transform.fo2pdf.ah.init, transform.topic2fo.init, org.dita.index.init, org.dita.index, transform.topic2fo.main, transform.topic2fo.i18n.filter, transform.topic2fo.i18n.no-filter, transform.topic2fo.i18n, transform.topic2fo, transform.fo2pdf.xep, transform.fo2pdf.fop, transform.fo2pdf.ah, transform.fo2pdf, transform.topic2pdf, dita.build.preview.topic.pdf, ditaot-preprocess.maplink-check, dita2normalize.dita2markdown_github, dita2normalize.markdown.topics.common, ditaot-init.check-arg, dita2dita, org.dita.pdf2.xep.transform.fo2pdf.xep, dita2htmlhelp.init, ditaot-preprocess.profile-check, dita2html5.html5.map.toc, html5.map.init, html5.map.toc, dita2html5.html5.map, ditaot-preprocess2.map-conrefpush, dita2eclipsehelp.dita.map.eclipse.plugin.init, dita.map.eclipse.plugin.init, dita.map.eclipse.plugin, ditaot-preprocess.debug-filter, dita.map.eclipse.fragment.move.files, dita2normalize.dita.out.map.hdita.toc, xhtml.init, xhtml.image-metadata, htmlhelp.topics, ditaot-init.build-init, dita2xhtml.copy-css-user, ditaot-preprocess.copy-to, ditaot-preprocess.keyref, ditaot-preprocess.copy-flag-check, ditaot-preprocess2.topic-keyref, transform.topic2fo.index.init, dita.build.transform.topic2fo.index, ditaot-preprocess2.topic-maplink, preprocess2.init, map-reader, map-mapref, map-branch-filter, map-keyref, map-conrefpush, map-conref, map-profile-check, map-profile, preprocess2.maps, topic-reader, topic-branch-filter, topic-keyref, topic-copy-to, topic-conrefpush, topic-conref, topic-profile-check, topic-profile, preprocess2.topic-fragment, topic-chunk, topic-move-meta-entries, topic-maplink, topic-topicpull, preprocess2.topics, map-clean-map, copy-image2, copy-files2, preprocess2, build_generaltargets.output-css-warn-message, ditaot-preprocess2.topic-reader, ditaot-preprocess.chunk, dita.topics.html.common, dita.build.transform.topic2fo.i18n.filter, org.dita.pdf2.axf.transform.fo2pdf.ah.nooption, ditaot-preprocess2.topic-branch-filter, build_generaltargets.xhtml.image-metadata, dita2normalize.dita.topics.hdita.common, dita.map.xhtml.init, dita.map.xhtml.toc, dita.map.xhtml, dita.map.eclipse.toc, dita.build.transform.topic2fo.i18n, org.dita.pdf2.axf.transform.fo2pdf.ah, html5.topic.init, org.dita.pdf2.xep.transform.fo2pdf.xep.test-use, ditaot-preprocess2.preprocess2.topic-fragment, dita2eclipsehelp.dita.map.eclipse.fragment.language.init, ditaot-preprocess.preprocess.init, copy-revflag, ditaot-preprocess.clean-map, dita2xhtml.init, map2pdf2, topic2pdf2, dita.build.dita2pdf2, hdita.init, ditaot-preprocess.clean-preprocess, dita2xhtml.dita.out.map.xhtml.toc, org.dita.pdf2.xep.transform.fo2pdf.xep.init, ditaot-preprocess2.preprocess2, org.dita.pdf2.axf.transform.fo2pdf.ah.test-use, ditaot-preprocess.maplink, ditaot-init.init-properties, ditaot-preprocess.preprocess, use-init.envhhcdir, use-init.hhcdir, htmlhelp.copy-image, copy-css, dita2htmlhelp.dita2htmlhelp, publish.map.pdf.init, dita2xhtml.dita.map.xhtml, copy-plugin-files, ditaot-preprocess2.map-clean-map, dita2pdf2, dita.build.dita2pdf, ditaot-preprocess.conrefpush, dita.map.eclipse.init, dita2eclipsehelp.dita.map.eclipse.fragment.error, ditaot-preprocess.branch-filter, dita.map.hdita.init, dita2eclipsehelp.copy-plugin-files, dita.build.transform.fo2pdf, html5.init, dita2eclipsehelp.dita.out.map.eclipse.plugin, build.eclipse.jar, org.dita.pdf2.fop.transform.fo2pdf.fop, dita.build.transform.topic2pdf.init, ditaot-preprocess2.map-mapref, dita.map.eclipse.fragment.language.init, ditaot-preprocess.gen-list, build_generaltargets.dita.topics.html.common, dita2htmlhelp.use-init.hhcdir, dita.build.publish.map.pdf, html5.topics.common.inner, dita2normalize.hdita.init, DOST.init, DOST.help, transform.fo2pdf.ah.nooption, dita.inner.topics.hdita.common, dita2htmlhelp.dita.htmlhelp.convertlang, ditaot-preprocess2.topic-topicpull, dita2eclipsehelp.dita.out.map.eclipse.toc, dita2normalize.markdown.init, html5.image-metadata, html5.topics.common, dita2html5.html5.topic, ditaot-preprocess.chunk-check, dita2normalize.markdown_gitbook.init, dita2htmlhelp.org.dita.index, build_generaltargets.dita.inner.topics.html.common, html5.topic, preprocess2-topic, ditaot-preprocess2.map-profile-check, dita.out.map.eclipse.plugin.properties, dita2eclipsehelp.dita.map.eclipse.index, ditaot-preprocess.profile, dita2normalize.markdown.topics.common.inner, dita.map.eclipse.fragment.language.country.init, dita2eclipsehelp.dita.map.eclipse.plugin.properties, ditaot-preprocess.copy-files, dita.inner.topics.html.common, build_generaltargets.xhtml.topics, org.dita.pdf2.fop.transform.fo2pdf.fop.test-use, dita2htmlhelp.dita2htmlhelp.init, dita.map.htmlhelp.init, ditaot-preprocess2.map-conref, dita.map.eclipse.index, dita.map.eclipse.plugin.properties, dita.map.eclipse.manifest.file, dita.out.map.eclipse.manifest.file, dita.out.map.eclipse.toc, dita.out.map.eclipse.index, dita.out.map.eclipse.plugin, dita.out.map.eclipse.fragment.move.files, dita.map.eclipse.genetrate.fragment, ditaot-preprocess.topicpull-check, init, help, ditaot-preprocess2.preprocess2-topic, dita.map.eclipse.fragment.error, ditaot-preprocess2.map-reader, ditaot-init.log-arg, dita2xhtml.copy-css, dita2normalize.markdown.map.toc, ditaot-preprocess.move-meta-entries, dita.build.transform.topic2fo, html5.css, preview.topic.pdf, transform.topic2fo.index, dita2eclipsehelp.dita.map.eclipse.init, xhtml.topics, dita2xhtml.dita2xhtml, ditaot-preprocess2.topic-move-meta-entries, dita2normalize.dita.inner.topics.hdita.common, dita2normalize.markdown_github.init, dita2eclipsehelp.dita.map.eclipse.toc, dita2normalize.dita2dita, ditaot-preprocess.copy-html, dita2normalize.markdown.topic, dita2html5.html5.topic.init, dita.topics.hdita.common, dita.map.hdita.toc, dita.out.map.hdita.toc, dita2normalize.dita2hdita, dita.map.eclipse.generate.plugin, clean-temp, dita2xhtml.dita2xhtml.init, ditaot-preprocess.copy-image, ditaot-preprocess.ditaval-merge, dita.map.htmlhelp.hhp, dita.map.htmlhelp.hhc, dita.map.htmlhelp.hhk, dita.htmlhelp.convertlang, compile.HTML.Help, dita.map.htmlhelp, dita2html5.html5.init, build_generaltargets.xhtml.init, dita2html5.html5.topics.common.inner, dita2xhtml.dita.map.xhtml.toc, org.dita.pdf2.fop.transform.fo2pdf.fop.init, dita2eclipsehelp.dita.out.map.eclipse.index, ditaot-preprocess2.preprocess2.maps, dita2eclipsehelp.build.eclipse.jar, ditaot-preprocess2.map-branch-filter, dita2normalize.markdown.map.init, dita2htmlhelp.compile.HTML.Help, dita.build.transform.topic2fo.index.init, dita2htmlhelp.dita.map.htmlhelp, html5.map, dita2html5, dita2html5.html5.map.init, ditaot-preprocess.mapref, dita2eclipsehelp.dita.out.map.eclipse.manifest.file, dita.build.transform.topic2fo.main, ditaot-preprocess.clean-map-check, dita2normalize.dita.map.hdita.toc, dita2eclipsehelp.dita.map.eclipse.genetrate.fragment, dita2eclipsehelp.dita.map.eclipse.fragment.language.country.init, dita.build.publish.map.pdf.init, ditaot-preprocess2.copy-image2, ditaot-preprocess.clean-temp, dita.build.dita2pdf2.init, dita2normalize.dita2markdown_gitbook, dita2eclipsehelp.dita.map.eclipse.manifest.file, dita2eclipsehelp.dita.out.map.eclipse.fragment.move.files, html5.copy-css-user, dita.eclipsehelp.init, dita2htmlhelp.org.dita.index.init, dita2hdita, dita2normalize.markdown.map, dita.build.transform.topic2fo.init, dita.out.map.xhtml.toc, ditaot-preprocess.copy-flag, dita2htmlhelp.htmlhelp.topics, dita2xhtml, dita2eclipsehelp.dita.index.eclipsehelp.init, org.dita.pdf2.axf.transform.fo2pdf.ah.hasoption, dita2eclipsehelp.dita.map.eclipse.generate.plugin, dita.build.preview.topic.pdf.init, ditaot-preprocess2.map-keyref, dita2htmlhelp.dita.map.htmlhelp.init, transform.fo2pdf.ah.hasoption, dita2eclipsehelp.dita.map.eclipse.plugin, ditaot-preprocess2.copy-files2, dita2pdf, ditaot-preprocess.conref, ditaot-preprocess2.topic-conref, dita.build.transform.topic2fo.i18n.no-filter, dita.build.copyCoreArtwork, dita2normalize.dita2markdown, dita2xhtml.copy-revflag, dita.build.transform.topic2pdf, dita2markdown_github, ditaot-preprocess.topic-fragment, ditaot-preprocess2.topic-conrefpush, dita.map.eclipse, dita2eclipsehelp.dita2eclipsehelp, ditaot-preprocess2.preprocess2.topics, dita2html5.html5.css, dita2eclipsehelp, dita2eclipsehelp.dita.map.eclipse, dita.build.topic2pdf2, dita2eclipsehelp.dita.map.eclipse.fragment.move.files, dita2html5.html5.copy-css-user, dita2normalize.dita.map.hdita.init, dita2htmlhelp.dita.map.htmlhelp.hhp, ditaot-preprocess2.map-profile, ditaot-preprocess.topicpull, ditaot-preprocess2.topic-profile-check, dita2htmlhelp.dita.map.htmlhelp.hhk, output-css-warn-message, dita2htmlhelp.dita.map.htmlhelp.hhc, dita2html5.html5.image-metadata, dita2htmlhelp.htmlhelp.copy-image, dita2htmlhelp.use-init.envhhcdir, copy-css-user, dita2htmlhelp, dita2eclipsehelp.dita.out.map.eclipse.plugin.properties, dita.build.map2pdf2, dita2html5.html5.topics.common, ditaot-preprocess2.topic-copy-to, dita2html5.dita2html5, org.dita.pdf2.axf.transform.fo2pdf.ah.init, ditaot-preprocess2.topic-chunk, dita2eclipsehelp.dita.eclipsehelp.init, ditaot-preprocess2.preprocess2.init, publish.map.pdf, dita2xhtml.dita.map.xhtml.init, , ditaot-preprocess2.topic-profile]
105  [DEBUG] Override ignored for property "base.temp.dir"
105  [DEBUG] Override ignored for property "dita.temp.dir"
105  [DEBUG] Override ignored for property "output.dir"
105  [DEBUG] Property "temp.output.dir.name" has not been set
105  [INFO ] Initializing project
107  [DEBUG] Loading Environment env.
108  [DEBUG] Property "args.xsl" has not been set
108  [DEBUG] Property "args.xsl" has not been set
109  [DEBUG] Property "args.outext" has not been set
109  [DEBUG] Property "args.outext" has not been set
109  [DEBUG] Property "args.outext" has not been set
109  [DEBUG] Property "args.outext" has not been set
109  [DEBUG] Skipping /Users/isemisynov/Develop/dita-formats-demo/output/dita/markdown_gitbook because it already exists.
109  [INFO ] Deleting directory /Users/isemisynov/Develop/dita-formats-demo/tmp/1653650822016
110  [DEBUG] Deleting directory /Users/isemisynov/Develop/dita-formats-demo/tmp/1653650822016
110  [INFO ] Created dir: /Users/isemisynov/Develop/dita-formats-demo/tmp/1653650822016
111  [DEBUG] Property "args.hide.parent.link" has not been set
112  [DEBUG] Property "org.xml.sax.driver" has not been set
113  [DEBUG] Unable to load class org.apache.crimson.parser.XMLReaderImpl
113  [DEBUG] Unable to load class net.sf.saxon.StyleSheet
114  [INFO ] *****************************************************************
114  [INFO ] * basedir = /Users/isemisynov/Develop/dita-formats-demo/dita-ot-3.7.2
114  [INFO ] * dita.dir = /Users/isemisynov/Develop/dita-formats-demo/dita-ot-3.7.2
114  [INFO ] * transtype = markdown_gitbook
114  [INFO ] * tempdir = /Users/isemisynov/Develop/dita-formats-demo/tmp/1653650822016
114  [INFO ] * outputdir = /Users/isemisynov/Develop/dita-formats-demo/output/dita/markdown_gitbook
114  [DEBUG] Property "clean.temp" has not been set
114  [INFO ] * clean.temp = ${clean.temp}
114  [INFO ] * DITA-OT version = 3.7.2
115  [INFO ] * XML parser = Xerces
115  [INFO ] * XSLT processor = Saxon
115  [INFO ] * collator = ICU
115  [INFO ] *****************************************************************
116  [INFO ] #Ant properties
116  [INFO ] #Fri May 27 14:27:02 MSK 2022
116  [INFO ] args.grammar.cache=yes
116  [INFO ] args.input=file\:/Users/isemisynov/Develop/dita-formats-demo/demo-input/dita/demo.ditamap
116  [INFO ] args.markdown.toc=SUMMARY
116  [INFO ] args.markdown.toc.xsl=/Users/isemisynov/Develop/dita-formats-demo/dita-ot-3.7.2/plugins/org.lwdita/xsl/map2markdown-cover_gitbook.xsl
116  [INFO ] args.rellinks=nofamily
116  [INFO ] args.xml.systemid.set=yes
116  [INFO ] dita.dir=/Users/isemisynov/Develop/dita-formats-demo/dita-ot-3.7.2
116  [INFO ] dita.output.dir=/Users/isemisynov/Develop/dita-formats-demo/output/dita/markdown_gitbook
116  [INFO ] dita.plugin.org.dita.base.dir=/Users/isemisynov/Develop/dita-formats-demo/dita-ot-3.7.2/plugins/org.dita.base
116  [INFO ] dita.plugin.org.dita.eclipsehelp.dir=/Users/isemisynov/Develop/dita-formats-demo/dita-ot-3.7.2/plugins/org.dita.eclipsehelp
116  [INFO ] dita.plugin.org.dita.html5.dir=/Users/isemisynov/Develop/dita-formats-demo/dita-ot-3.7.2/plugins/org.dita.html5
116  [INFO ] dita.plugin.org.dita.htmlhelp.dir=/Users/isemisynov/Develop/dita-formats-demo/dita-ot-3.7.2/plugins/org.dita.htmlhelp
116  [INFO ] dita.plugin.org.dita.index.dir=/Users/isemisynov/Develop/dita-formats-demo/dita-ot-3.7.2/plugins/org.dita.index
116  [INFO ] dita.plugin.org.dita.normalize.dir=/Users/isemisynov/Develop/dita-formats-demo/dita-ot-3.7.2/plugins/org.dita.normalize
116  [INFO ] dita.plugin.org.dita.pdf2.axf.dir=/Users/isemisynov/Develop/dita-formats-demo/dita-ot-3.7.2/plugins/org.dita.pdf2.axf
116  [INFO ] dita.plugin.org.dita.pdf2.dir=/Users/isemisynov/Develop/dita-formats-demo/dita-ot-3.7.2/plugins/org.dita.pdf2
116  [INFO ] dita.plugin.org.dita.pdf2.fop.dir=/Users/isemisynov/Develop/dita-formats-demo/dita-ot-3.7.2/plugins/org.dita.pdf2.fop
116  [INFO ] dita.plugin.org.dita.pdf2.xep.dir=/Users/isemisynov/Develop/dita-formats-demo/dita-ot-3.7.2/plugins/org.dita.pdf2.xep
116  [INFO ] dita.plugin.org.dita.specialization.dita11.dir=/Users/isemisynov/Develop/dita-formats-demo/dita-ot-3.7.2/plugins/org.dita.specialization.dita11
116  [INFO ] dita.plugin.org.dita.xhtml.dir=/Users/isemisynov/Develop/dita-formats-demo/dita-ot-3.7.2/plugins/org.dita.xhtml
116  [INFO ] dita.plugin.org.lwdita.dir=/Users/isemisynov/Develop/dita-formats-demo/dita-ot-3.7.2/plugins/org.lwdita
116  [INFO ] dita.plugin.org.oasis-open.dita.techcomm.v2_0.dir=/Users/isemisynov/Develop/dita-formats-demo/dita-ot-3.7.2/plugins/org.oasis-open.dita.techcomm.v2_0
116  [INFO ] dita.plugin.org.oasis-open.dita.v1_2.dir=/Users/isemisynov/Develop/dita-formats-demo/dita-ot-3.7.2/plugins/org.oasis-open.dita.v1_2
116  [INFO ] dita.plugin.org.oasis-open.dita.v1_3.dir=/Users/isemisynov/Develop/dita-formats-demo/dita-ot-3.7.2/plugins/org.oasis-open.dita.v1_3
116  [INFO ] dita.plugin.org.oasis-open.dita.v2_0.dir=/Users/isemisynov/Develop/dita-formats-demo/dita-ot-3.7.2/plugins/org.oasis-open.dita.v2_0
116  [INFO ] dita.plugin.org.oasis-open.xdita.v0_2_2.dir=/Users/isemisynov/Develop/dita-formats-demo/dita-ot-3.7.2/plugins/org.oasis-open.xdita.v0_2_2
116  [INFO ] dita.temp.dir=/Users/isemisynov/Develop/dita-formats-demo/tmp/1653650822016
117  [INFO ] *****************************************************************
117  [DEBUG] Set property dita.map.filename.root = demo
118  [INFO ] *****************************************************************
118  [INFO ] * input = file:/Users/isemisynov/Develop/dita-formats-demo/demo-input/dita/demo.ditamap
118  [DEBUG] Property "args.resources" has not been set
118  [INFO ] * resources = ${args.resources}
118  [INFO ] *****************************************************************
119  [DEBUG] Job not found from Ant project reference
120  [INFO ] Using Xerces grammar pool for DTD and schema caching.
120  [INFO ] Processing file:/Users/isemisynov/Develop/dita-formats-demo/demo-input/dita/demo.ditamap
121  [INFO ] Processing file:/Users/isemisynov/Develop/dita-formats-demo/demo-input/dita/demo-topic1.dita
121  [INFO ] Processing file:/Users/isemisynov/Develop/dita-formats-demo/demo-input/dita/demo-topic2.dita
123  [INFO ] Serializing job specification
124  [DEBUG] GenMapAndTopicListModule processing took 5 ms
125  [INFO ] Using Xerces grammar pool for DTD and schema caching.
126  [INFO ] Processing file:/Users/isemisynov/Develop/dita-formats-demo/demo-input/dita/demo-topic1.dita to file:/Users/isemisynov/Develop/dita-formats-demo/tmp/1653650822016/demo-topic1.dita
128  [INFO ] Processing file:/Users/isemisynov/Develop/dita-formats-demo/demo-input/dita/demo-topic2.dita to file:/Users/isemisynov/Develop/dita-formats-demo/tmp/1653650822016/demo-topic2.dita
129  [INFO ] Processing file:/Users/isemisynov/Develop/dita-formats-demo/demo-input/dita/demo.ditamap to file:/Users/isemisynov/Develop/dita-formats-demo/tmp/1653650822016/demo.ditamap
133  [DEBUG] DebugAndFilterModule processing took 7 ms
133  [DEBUG] Overriding previous definition of property "transtypes"
133  [DEBUG] Overriding previous definition of property "parser.md"
133  [DEBUG] Overriding previous definition of property "plugin.org.dita.specialization.dita11.dir"
133  [DEBUG] Overriding previous definition of property "parser.hdita"
133  [DEBUG] Overriding previous definition of property "cli.color"
133  [DEBUG] Overriding previous definition of property "plugin.org.dita.pdf2.dir"
133  [DEBUG] Overriding previous definition of property "print_transtypes"
133  [DEBUG] Overriding previous definition of property "supported_resource_extensions"
133  [DEBUG] Overriding previous definition of property "plugin.org.dita.xhtml.dir"
133  [DEBUG] Overriding previous definition of property "plugin.org.dita.index.dir"
133  [DEBUG] Overriding previous definition of property "supported_html_extensions"
133  [DEBUG] Overriding previous definition of property "plugin.order"
133  [DEBUG] Overriding previous definition of property "otrelease"
133  [DEBUG] Overriding previous definition of property "supported_image_extensions"
133  [DEBUG] Overriding previous definition of property "org.dita.pdf2.i18n.enabled"
133  [DEBUG] Overriding previous definition of property "plugin.org.dita.html5.dir"
133  [DEBUG] Overriding previous definition of property "default.cascade"
133  [DEBUG] Overriding previous definition of property "plugin.org.oasis-open.xdita.v0_2_2.dir"
133  [DEBUG] Overriding previous definition of property "plugin.org.dita.eclipsehelp.dir"
133  [DEBUG] Overriding previous definition of property "plugin.org.dita.htmlhelp.dir"
133  [DEBUG] Overriding previous definition of property "temp-file-name-scheme"
133  [DEBUG] Overriding previous definition of property "plugin.org.dita.base.dir"
133  [DEBUG] Overriding previous definition of property "plugindirs"
133  [DEBUG] Overriding previous definition of property "parser.mdita"
133  [DEBUG] Overriding previous definition of property "plugin.ignores"
133  [DEBUG] Overriding previous definition of property "registry"
133  [DEBUG] Overriding previous definition of property "plugin.org.dita.pdf2.axf.dir"
133  [DEBUG] Overriding previous definition of property "plugin.org.dita.normalize.dir"
134  [DEBUG] Overriding previous definition of property "plugin.org.oasis-open.dita.techcomm.v2_0.dir"
134  [DEBUG] Overriding previous definition of property "plugin.org.oasis-open.dita.v1_2.dir"
134  [DEBUG] Overriding previous definition of property "plugin.org.dita.pdf2.fop.dir"
134  [DEBUG] Overriding previous definition of property "plugin.org.lwdita.dir"
134  [DEBUG] Overriding previous definition of property "plugin.org.dita.pdf2.xep.dir"
134  [DEBUG] Overriding previous definition of property "plugin.org.oasis-open.dita.v2_0.dir"
134  [DEBUG] Overriding previous definition of property "otversion"
134  [DEBUG] Overriding previous definition of property "plugin.org.oasis-open.dita.v1_3.dir"
134  [DEBUG] Overriding previous definition of property "parser.markdown"
134  [DEBUG] Scanning for demo.ditamap
134  [DEBUG] Found temporary directory file /Users/isemisynov/Develop/dita-formats-demo/tmp/1653650822016/demo.ditamap
134  [DEBUG] Set property inputMapPath = file:/Users/isemisynov/Develop/dita-formats-demo/tmp/1653650822016/demo.ditamap
134  [DEBUG] Property "dita.preprocess.reloadstylesheet" has not been set
174  [INFO ] Processing file:/Users/isemisynov/Develop/dita-formats-demo/tmp/1653650822016/demo.ditamap
178  [DEBUG] MaprefModule processing took 43 ms
179  [INFO ] Processing file:/Users/isemisynov/Develop/dita-formats-demo/tmp/1653650822016/demo.ditamap
179  [DEBUG] Reading file:/Users/isemisynov/Develop/dita-formats-demo/tmp/1653650822016/demo.ditamap
179  [DEBUG] Split branches and generate copy-to
179  [DEBUG] Filter map
180  [DEBUG] Rewrite duplicate topic references
180  [DEBUG] Filter topics and generate copies
180  [DEBUG] Remove obsolete references
180  [DEBUG] Filter existing topics
180  [DEBUG] Writing file:/Users/isemisynov/Develop/dita-formats-demo/tmp/1653650822016/demo.ditamap
181  [DEBUG] BranchFilterModule processing took 2 ms
182  [DEBUG] KeyrefModule processing took 0 ms
182  [INFO ] Transforming into /Users/isemisynov/Develop/dita-formats-demo/tmp/1653650822016
182  [INFO ] Loading stylesheet file:/Users/isemisynov/Develop/dita-formats-demo/dita-ot-3.7.2/plugins/org.dita.base/xsl/preprocess/mapref.xsl
197  [DEBUG] Apache resolver library found, xml-commons resolver will be used
238  [INFO ] Loading stylesheet file:/Users/isemisynov/Develop/dita-formats-demo/dita-ot-3.7.2/plugins/org.dita.base/xsl/preprocess/mapref.xsl
238  [DEBUG] Set parameter keep-submap-href to 'false'
238  [DEBUG] Set parameter child-topicref-warning to 'false'
238  [DEBUG] Set parameter TRANSTYPE to 'markdown_gitbook'
238  [DEBUG] Set parameter file-being-processed to 'demo.ditamap'
238  [INFO ] Processing file:/Users/isemisynov/Develop/dita-formats-demo/tmp/1653650822016/demo.ditamap
241  [DEBUG] XsltModule processing took 58 ms
244  [DEBUG] CopyToModule processing took 3 ms
244  [DEBUG] ConrefPushModule processing took 0 ms
244  [DEBUG] Property "dita.preprocess.reloadstylesheet" has not been set
244  [DEBUG] Setting exportfile.url to URL file:/Users/isemisynov/Develop/dita-formats-demo/tmp/1653650822016/export.xml
245  [DEBUG] XsltModule processing took 0 ms
245  [DEBUG] Skipped because property 'preprocess.profile.skip' set.
246  [INFO ] Processing file:/Users/isemisynov/Develop/dita-formats-demo/tmp/1653650822016/demo-topic1.dita
246  [DEBUG] Configure filter org.dita.dost.writer.TopicFragmentFilter
246  [DEBUG] Configure filter org.dita.dost.writer.NormalizeTableFilter
246  [DEBUG] Configure filter org.dita.dost.writer.NormalizeSimpleTableFilter
246  [DEBUG] Configure filter org.dita.dost.writer.CoderefResolver
246  [DEBUG] Configure filter org.dita.dost.writer.NormalizeCodeblock
248  [INFO ] Processing file:/Users/isemisynov/Develop/dita-formats-demo/tmp/1653650822016/demo-topic2.dita
248  [DEBUG] Configure filter org.dita.dost.writer.TopicFragmentFilter
248  [DEBUG] Configure filter org.dita.dost.writer.NormalizeTableFilter
248  [DEBUG] Configure filter org.dita.dost.writer.NormalizeSimpleTableFilter
248  [DEBUG] Configure filter org.dita.dost.writer.CoderefResolver
248  [DEBUG] Configure filter org.dita.dost.writer.NormalizeCodeblock
251  [DEBUG] XmlFilterModule processing took 5 ms
251  [INFO ] Processing file:/Users/isemisynov/Develop/dita-formats-demo/tmp/1653650822016/demo.ditamap
252  [DEBUG] Writing file:/Users/isemisynov/Develop/dita-formats-demo/tmp/1653650822016/demo.ditamap
253  [DEBUG] ChunkModule processing took 2 ms
253  [INFO ] Processing file:/Users/isemisynov/Develop/dita-formats-demo/tmp/1653650822016/demo.ditamap
254  [DEBUG] ChunkModule processing took 1 ms
254  [DEBUG] Scanning for demo-topic1.dita
254  [DEBUG] Found temporary directory file /Users/isemisynov/Develop/dita-formats-demo/tmp/1653650822016/demo-topic1.dita
254  [DEBUG] Scanning for demo-topic2.dita
255  [DEBUG] Found temporary directory file /Users/isemisynov/Develop/dita-formats-demo/tmp/1653650822016/demo-topic2.dita
255  [DEBUG] Set property inputTopicPath = file:/Users/isemisynov/Develop/dita-formats-demo/tmp/1653650822016/demo-topic1.dita:file:/Users/isemisynov/Develop/dita-formats-demo/tmp/1653650822016/demo-topic2.dita
255  [INFO ] Processing file:/Users/isemisynov/Develop/dita-formats-demo/tmp/1653650822016/demo.ditamap
256  [DEBUG] Writing file:/Users/isemisynov/Develop/dita-formats-demo/tmp/1653650822016/demo.ditamap
257  [INFO ] Loading stylesheet /Users/isemisynov/Develop/dita-formats-demo/dita-ot-3.7.2/plugins/org.dita.base/xsl/preprocess/mappull.xsl
318  [INFO ] Processing file:/Users/isemisynov/Develop/dita-formats-demo/tmp/1653650822016/demo.ditamap
318  [DEBUG] Processing file:/Users/isemisynov/Develop/dita-formats-demo/tmp/1653650822016/demo.ditamap to file:/Users/isemisynov/Develop/dita-formats-demo/tmp/1653650822016/demo.ditamap.tmp1653650822334
318  [DEBUG] Set parameter basedir to '/Users/isemisynov/Develop/dita-formats-demo/dita-ot-3.7.2'
318  [DEBUG] Set parameter style to '/Users/isemisynov/Develop/dita-formats-demo/dita-ot-3.7.2/plugins/org.dita.base/xsl/preprocess/mappull.xsl'
318  [DEBUG] Set parameter conserve-memory to 'false'
318  [DEBUG] Set parameter message to 'Move metadata entries.'
318  [DEBUG] Set parameter inputmap to 'demo.ditamap'
424  [DEBUG] Moving file:/Users/isemisynov/Develop/dita-formats-demo/tmp/1653650822016/demo.ditamap.tmp1653650822334 to file:/Users/isemisynov/Develop/dita-formats-demo/tmp/1653650822016/demo.ditamap
425  [DEBUG] MoveMetaModule processing took 170 ms
425  [DEBUG] Property "dita.preprocess.reloadstylesheet" has not been set
478  [DEBUG] MoveLinksModule processing took 52 ms
478  [DEBUG] Property "dita.preprocess.reloadstylesheet" has not been set
478  [INFO ] Transforming into /Users/isemisynov/Develop/dita-formats-demo/tmp/1653650822016
478  [INFO ] Loading stylesheet file:/Users/isemisynov/Develop/dita-formats-demo/dita-ot-3.7.2/plugins/org.dita.base/xsl/preprocess/topicpull.xsl
534  [INFO ] Loading stylesheet file:/Users/isemisynov/Develop/dita-formats-demo/dita-ot-3.7.2/plugins/org.dita.base/xsl/preprocess/topicpull.xsl
534  [DEBUG] Set parameter ONLYTOPICINMAP to 'false'
534  [DEBUG] Set parameter defaultLanguage to 'en'
534  [INFO ] Processing file:/Users/isemisynov/Develop/dita-formats-demo/tmp/1653650822016/demo-topic1.dita
536  [DEBUG] Set parameter ONLYTOPICINMAP to 'false'
536  [DEBUG] Set parameter defaultLanguage to 'en'
536  [INFO ] Processing file:/Users/isemisynov/Develop/dita-formats-demo/tmp/1653650822016/demo-topic2.dita
539  [DEBUG] XsltModule processing took 61 ms
539  [DEBUG] Property "dita.preprocess.reloadstylesheet" has not been set
541  [INFO ] Transforming into /Users/isemisynov/Develop/dita-formats-demo/tmp/1653650822016
541  [INFO ] Loading stylesheet file:/Users/isemisynov/Develop/dita-formats-demo/dita-ot-3.7.2/plugins/org.dita.base/xsl/preprocess/clean-map.xsl
562  [INFO ] Loading stylesheet file:/Users/isemisynov/Develop/dita-formats-demo/dita-ot-3.7.2/plugins/org.dita.base/xsl/preprocess/clean-map.xsl
563  [INFO ] Processing file:/Users/isemisynov/Develop/dita-formats-demo/tmp/1653650822016/demo.ditamap
565  [DEBUG] XsltModule processing took 24 ms
566  [DEBUG] CleanPreprocessModule processing took 1 ms
568  [DEBUG] Overriding previous definition of property "user.input.dir"
568  [DEBUG] Overriding previous definition of property "transtypes"
568  [DEBUG] Overriding previous definition of property "parser.md"
568  [DEBUG] Overriding previous definition of property "plugin.org.dita.specialization.dita11.dir"
568  [DEBUG] Overriding previous definition of property "crawl"
568  [DEBUG] Overriding previous definition of property "parser.hdita"
568  [DEBUG] Overriding previous definition of property "cli.color"
568  [DEBUG] Overriding previous definition of property "user.input.file"
568  [DEBUG] Overriding previous definition of property "plugin.org.dita.pdf2.dir"
568  [DEBUG] Overriding previous definition of property "print_transtypes"
568  [DEBUG] Overriding previous definition of property "onlytopicinmap"
568  [DEBUG] Overriding previous definition of property "supported_resource_extensions"
568  [DEBUG] Overriding previous definition of property "plugin.org.dita.xhtml.dir"
568  [DEBUG] Overriding previous definition of property "plugin.org.dita.index.dir"
568  [DEBUG] Overriding previous definition of property "relflagimagelist"
568  [DEBUG] Overriding previous definition of property "supported_html_extensions"
568  [DEBUG] Overriding previous definition of property "plugin.order"
568  [DEBUG] Overriding previous definition of property "otrelease"
568  [DEBUG] Overriding previous definition of property "supported_image_extensions"
568  [DEBUG] Overriding previous definition of property "InputMapDir"
568  [DEBUG] Overriding previous definition of property "org.dita.pdf2.i18n.enabled"
568  [DEBUG] Overriding previous definition of property "user.input.dir.uri"
568  [DEBUG] Overriding previous definition of property "plugin.org.dita.html5.dir"
568  [DEBUG] Overriding previous definition of property "generatecopyouter"
568  [DEBUG] Overriding previous definition of property "default.cascade"
568  [DEBUG] Overriding previous definition of property "plugin.org.oasis-open.xdita.v0_2_2.dir"
568  [DEBUG] Overriding previous definition of property "plugin.org.dita.eclipsehelp.dir"
568  [DEBUG] Overriding previous definition of property "outputdir"
568  [DEBUG] Overriding previous definition of property "plugin.org.dita.htmlhelp.dir"
569  [DEBUG] Overriding previous definition of property "temp-file-name-scheme"
569  [DEBUG] Overriding previous definition of property "plugin.org.dita.base.dir"
569  [DEBUG] Overriding previous definition of property "plugindirs"
569  [DEBUG] Overriding previous definition of property "parser.mdita"
569  [DEBUG] Overriding previous definition of property "user.input.file.listfile"
569  [DEBUG] Overriding previous definition of property "outercontrol"
569  [DEBUG] Overriding previous definition of property "plugin.ignores"
569  [DEBUG] Overriding previous definition of property "relflagimagefile"
569  [DEBUG] Overriding previous definition of property "user.input.file.uri"
569  [DEBUG] Overriding previous definition of property "registry"
569  [DEBUG] Overriding previous definition of property "plugin.org.dita.pdf2.axf.dir"
569  [DEBUG] Overriding previous definition of property "plugin.org.dita.normalize.dir"
569  [DEBUG] Overriding previous definition of property "plugin.org.oasis-open.dita.techcomm.v2_0.dir"
569  [DEBUG] Overriding previous definition of property "plugin.org.oasis-open.dita.v1_2.dir"
569  [DEBUG] Overriding previous definition of property "InputMapDir.uri"
569  [DEBUG] Overriding previous definition of property "plugin.org.dita.pdf2.fop.dir"
569  [DEBUG] Overriding previous definition of property "plugin.org.lwdita.dir"
569  [DEBUG] Overriding previous definition of property "plugin.org.dita.pdf2.xep.dir"
569  [DEBUG] Overriding previous definition of property "tempdirToinputmapdir.relative.value"
569  [DEBUG] Overriding previous definition of property "plugin.org.oasis-open.dita.v2_0.dir"
569  [DEBUG] Overriding previous definition of property "otversion"
569  [DEBUG] Overriding previous definition of property "plugin.org.oasis-open.dita.v1_3.dir"
569  [DEBUG] Overriding previous definition of property "parser.markdown"
569  [DEBUG] Overriding previous definition of property "uplevels"
569  [DEBUG] Skipped because property 'preprocess.copy-flag.skip' set.
569  [DEBUG] Property "dita.input.valfile" has not been set
570  [DEBUG] Setting dita.input.valfile.url to URL file:/Users/isemisynov/Develop/dita-formats-demo/dita-ot-3.7.2/$%7Bdita.input.valfile%7D
570  [DEBUG] Skipped because property 'old.transform' not set.
571  [INFO ] Transforming into /Users/isemisynov/Develop/dita-formats-demo/output/dita/markdown_gitbook
571  [INFO ] Loading stylesheet file:/Users/isemisynov/Develop/dita-formats-demo/dita-ot-3.7.2/plugins/org.lwdita/xsl/dita2markdown_github.xsl
872  [INFO ] Loading stylesheet file:/Users/isemisynov/Develop/dita-formats-demo/dita-ot-3.7.2/plugins/org.lwdita/xsl/dita2markdown_github.xsl
872  [DEBUG] Set parameter OUTEXT to '.md'
872  [DEBUG] Set parameter defaultLanguage to 'en'
872  [DEBUG] Set parameter BASEDIR to '/Users/isemisynov/Develop/dita-formats-demo/dita-ot-3.7.2'
872  [DEBUG] Set parameter OUTPUTDIR to '/Users/isemisynov/Develop/dita-formats-demo/output/dita/markdown_gitbook'
872  [DEBUG] Set parameter include.rellinks to '#default friend sample external other'
872  [DEBUG] Set parameter FILENAME to 'demo-topic1.dita'
872  [DEBUG] Set parameter FILEDIR to '.'
872  [INFO ] Processing file:/Users/isemisynov/Develop/dita-formats-demo/tmp/1653650822016/demo-topic1.dita to file:/Users/isemisynov/Develop/dita-formats-demo/output/dita/markdown_gitbook/demo-topic1.md
875  [DEBUG] Set parameter OUTEXT to '.md'
875  [DEBUG] Set parameter defaultLanguage to 'en'
875  [DEBUG] Set parameter BASEDIR to '/Users/isemisynov/Develop/dita-formats-demo/dita-ot-3.7.2'
875  [DEBUG] Set parameter OUTPUTDIR to '/Users/isemisynov/Develop/dita-formats-demo/output/dita/markdown_gitbook'
875  [DEBUG] Set parameter include.rellinks to '#default friend sample external other'
875  [DEBUG] Set parameter FILENAME to 'demo-topic2.dita'
875  [DEBUG] Set parameter FILEDIR to '.'
875  [INFO ] Processing file:/Users/isemisynov/Develop/dita-formats-demo/tmp/1653650822016/demo-topic2.dita to file:/Users/isemisynov/Develop/dita-formats-demo/output/dita/markdown_gitbook/demo-topic2.md
892  [DEBUG] XsltModule processing took 321 ms
893  [DEBUG] Override ignored for property "args.markdown.toc.xsl"
893  [DEBUG] Override ignored for property "args.markdown.toc"
893  [INFO ] Transforming into /Users/isemisynov/Develop/dita-formats-demo/output/dita/markdown_gitbook
893  [INFO ] Loading stylesheet file:/Users/isemisynov/Develop/dita-formats-demo/dita-ot-3.7.2/plugins/org.lwdita/xsl/map2markdown-cover_gitbook.xsl
1108 [INFO ] Loading stylesheet file:/Users/isemisynov/Develop/dita-formats-demo/dita-ot-3.7.2/plugins/org.lwdita/xsl/map2markdown-cover_gitbook.xsl
1108 [DEBUG] Set parameter OUTEXT to '.md'
1108 [INFO ] Processing file:/Users/isemisynov/Develop/dita-formats-demo/tmp/1653650822016/demo.ditamap to file:/Users/isemisynov/Develop/dita-formats-demo/output/dita/markdown_gitbook/SUMMARY.md
1110 [DEBUG] XsltModule processing took 217 ms
