1    [DEBUG] Detected Java version: 18 in: /Library/Java/JavaVirtualMachines/jdk-18.jdk/Contents/Home
1    [DEBUG] Detected OS: Mac OS X
1    [DEBUG] Project base dir set to: /Users/isemisynov/Develop/dita-formats-demo/dita-ot-3.7.2
2    [DEBUG] parsing buildfile /Users/isemisynov/Develop/dita-formats-demo/dita-ot-3.7.2/build.xml with URI = file:/Users/isemisynov/Develop/dita-formats-demo/dita-ot-3.7.2/build.xml
2    [DEBUG] Project base dir set to: /Users/isemisynov/Develop/dita-formats-demo/dita-ot-3.7.2
39   [DEBUG] parsing buildfile jar:file:/Users/isemisynov/Develop/dita-formats-demo/dita-ot-3.7.2/lib/ant.jar!/org/apache/tools/ant/antlib.xml with URI = jar:file:/Users/isemisynov/Develop/dita-formats-demo/dita-ot-3.7.2/lib/ant.jar!/org/apache/tools/ant/antlib.xml from a zip file
82   [DEBUG] parsing buildfile jar:file:/Users/isemisynov/.gradle/caches/modules-2/files-2.1/org.apache.ant/ant/1.10.12/be08c4f63e92e03bac761404cf77bc270928b6c5/ant-1.10.12.jar!/org/apache/tools/ant/antlib.xml with URI = jar:file:/Users/isemisynov/.gradle/caches/modules-2/files-2.1/org.apache.ant/ant/1.10.12/be08c4f63e92e03bac761404cf77bc270928b6c5/ant-1.10.12.jar!/org/apache/tools/ant/antlib.xml from a zip file
84   [DEBUG] Override ignored for property "dita.dir"
84   [DEBUG] Override ignored for property "dita.dir"
84   [DEBUG] Loading /Users/isemisynov/Develop/dita-formats-demo/dita-ot-3.7.2/local.properties
84   [DEBUG] Unable to find property file: /Users/isemisynov/Develop/dita-formats-demo/dita-ot-3.7.2/local.properties
84   [DEBUG] Importing file /Users/isemisynov/Develop/dita-formats-demo/dita-ot-3.7.2/plugins/org.dita.base/build.xml from /Users/isemisynov/Develop/dita-formats-demo/dita-ot-3.7.2/build.xml
84   [DEBUG] Overriding previous definition of reference to ant.projectHelper
85   [DEBUG] parsing buildfile /Users/isemisynov/Develop/dita-formats-demo/dita-ot-3.7.2/plugins/org.dita.base/build.xml with URI = file:/Users/isemisynov/Develop/dita-formats-demo/dita-ot-3.7.2/plugins/org.dita.base/build.xml
91   [DEBUG] Importing file /Users/isemisynov/Develop/dita-formats-demo/dita-ot-3.7.2/plugins/org.dita.base/build_init.xml from /Users/isemisynov/Develop/dita-formats-demo/dita-ot-3.7.2/plugins/org.dita.base/build.xml
91   [DEBUG] Overriding previous definition of reference to ant.projectHelper
92   [DEBUG] parsing buildfile /Users/isemisynov/Develop/dita-formats-demo/dita-ot-3.7.2/plugins/org.dita.base/build_init.xml with URI = file:/Users/isemisynov/Develop/dita-formats-demo/dita-ot-3.7.2/plugins/org.dita.base/build_init.xml
93   [DEBUG] Loading /Users/isemisynov/Develop/dita-formats-demo/dita-ot-3.7.2/config/org.dita.dost.platform/plugin.properties
93   [DEBUG] Loading /Users/isemisynov/Develop/dita-formats-demo/dita-ot-3.7.2/config/configuration.properties
95   [DEBUG] creating macro  job-helper
95   [DEBUG] Overriding previous definition of reference to ant.projectHelper
95   [DEBUG] Importing file /Users/isemisynov/Develop/dita-formats-demo/dita-ot-3.7.2/plugins/org.dita.base/build_preprocess.xml from /Users/isemisynov/Develop/dita-formats-demo/dita-ot-3.7.2/plugins/org.dita.base/build.xml
95   [DEBUG] Overriding previous definition of reference to ant.projectHelper
95   [DEBUG] parsing buildfile /Users/isemisynov/Develop/dita-formats-demo/dita-ot-3.7.2/plugins/org.dita.base/build_preprocess.xml with URI = file:/Users/isemisynov/Develop/dita-formats-demo/dita-ot-3.7.2/plugins/org.dita.base/build_preprocess.xml
97   [DEBUG] Property "conserve-memory" has not been set
97   [DEBUG] Overriding previous definition of reference to ant.projectHelper
97   [DEBUG] Importing file /Users/isemisynov/Develop/dita-formats-demo/dita-ot-3.7.2/plugins/org.dita.base/build_preprocess2.xml from /Users/isemisynov/Develop/dita-formats-demo/dita-ot-3.7.2/plugins/org.dita.base/build.xml
97   [DEBUG] Overriding previous definition of reference to ant.projectHelper
97   [DEBUG] parsing buildfile /Users/isemisynov/Develop/dita-formats-demo/dita-ot-3.7.2/plugins/org.dita.base/build_preprocess2.xml with URI = file:/Users/isemisynov/Develop/dita-formats-demo/dita-ot-3.7.2/plugins/org.dita.base/build_preprocess2.xml
98   [DEBUG] Overriding previous definition of reference to ant.projectHelper
99   [DEBUG] Importing file /Users/isemisynov/Develop/dita-formats-demo/dita-ot-3.7.2/plugins/org.dita.xhtml/build_general.xml from /Users/isemisynov/Develop/dita-formats-demo/dita-ot-3.7.2/plugins/org.dita.base/build.xml
99   [DEBUG] Overriding previous definition of reference to ant.projectHelper
99   [DEBUG] parsing buildfile /Users/isemisynov/Develop/dita-formats-demo/dita-ot-3.7.2/plugins/org.dita.xhtml/build_general.xml with URI = file:/Users/isemisynov/Develop/dita-formats-demo/dita-ot-3.7.2/plugins/org.dita.xhtml/build_general.xml
100  [DEBUG] creating macro  topics.html
100  [DEBUG] Overriding previous definition of reference to ant.projectHelper
100  [DEBUG] Importing file /Users/isemisynov/Develop/dita-formats-demo/dita-ot-3.7.2/plugins/org.dita.xhtml/build_dita2xhtml.xml from /Users/isemisynov/Develop/dita-formats-demo/dita-ot-3.7.2/plugins/org.dita.base/build.xml
100  [DEBUG] Overriding previous definition of reference to ant.projectHelper
100  [DEBUG] parsing buildfile /Users/isemisynov/Develop/dita-formats-demo/dita-ot-3.7.2/plugins/org.dita.xhtml/build_dita2xhtml.xml with URI = file:/Users/isemisynov/Develop/dita-formats-demo/dita-ot-3.7.2/plugins/org.dita.xhtml/build_dita2xhtml.xml
101  [DEBUG] creating macro  map.html
101  [DEBUG] Overriding previous definition of reference to ant.projectHelper
101  [DEBUG] Importing file /Users/isemisynov/Develop/dita-formats-demo/dita-ot-3.7.2/plugins/org.dita.eclipsehelp/build_dita2eclipsehelp.xml from /Users/isemisynov/Develop/dita-formats-demo/dita-ot-3.7.2/plugins/org.dita.base/build.xml
101  [DEBUG] Overriding previous definition of reference to ant.projectHelper
101  [DEBUG] parsing buildfile /Users/isemisynov/Develop/dita-formats-demo/dita-ot-3.7.2/plugins/org.dita.eclipsehelp/build_dita2eclipsehelp.xml with URI = file:/Users/isemisynov/Develop/dita-formats-demo/dita-ot-3.7.2/plugins/org.dita.eclipsehelp/build_dita2eclipsehelp.xml
102  [DEBUG] Overriding previous definition of reference to ant.projectHelper
102  [DEBUG] Importing file /Users/isemisynov/Develop/dita-formats-demo/dita-ot-3.7.2/plugins/org.dita.html5/build_dita2html5.xml from /Users/isemisynov/Develop/dita-formats-demo/dita-ot-3.7.2/plugins/org.dita.base/build.xml
103  [DEBUG] Overriding previous definition of reference to ant.projectHelper
103  [DEBUG] parsing buildfile /Users/isemisynov/Develop/dita-formats-demo/dita-ot-3.7.2/plugins/org.dita.html5/build_dita2html5.xml with URI = file:/Users/isemisynov/Develop/dita-formats-demo/dita-ot-3.7.2/plugins/org.dita.html5/build_dita2html5.xml
103  [DEBUG] creating macro  html5.topics
104  [DEBUG] creating macro  html5.map
104  [DEBUG] Overriding previous definition of reference to ant.projectHelper
104  [DEBUG] Importing file /Users/isemisynov/Develop/dita-formats-demo/dita-ot-3.7.2/plugins/org.dita.htmlhelp/build_dita2htmlhelp.xml from /Users/isemisynov/Develop/dita-formats-demo/dita-ot-3.7.2/plugins/org.dita.base/build.xml
104  [DEBUG] Overriding previous definition of reference to ant.projectHelper
104  [DEBUG] parsing buildfile /Users/isemisynov/Develop/dita-formats-demo/dita-ot-3.7.2/plugins/org.dita.htmlhelp/build_dita2htmlhelp.xml with URI = file:/Users/isemisynov/Develop/dita-formats-demo/dita-ot-3.7.2/plugins/org.dita.htmlhelp/build_dita2htmlhelp.xml
105  [DEBUG] Overriding previous definition of reference to ant.projectHelper
105  [DEBUG] Importing file /Users/isemisynov/Develop/dita-formats-demo/dita-ot-3.7.2/plugins/org.dita.index/build.xml from /Users/isemisynov/Develop/dita-formats-demo/dita-ot-3.7.2/plugins/org.dita.base/build.xml
105  [DEBUG] Overriding previous definition of reference to ant.projectHelper
105  [DEBUG] parsing buildfile /Users/isemisynov/Develop/dita-formats-demo/dita-ot-3.7.2/plugins/org.dita.index/build.xml with URI = file:/Users/isemisynov/Develop/dita-formats-demo/dita-ot-3.7.2/plugins/org.dita.index/build.xml
105  [DEBUG] Overriding previous definition of reference to ant.projectHelper
106  [DEBUG] Importing file /Users/isemisynov/Develop/dita-formats-demo/dita-ot-3.7.2/plugins/org.dita.pdf2/build.xml from /Users/isemisynov/Develop/dita-formats-demo/dita-ot-3.7.2/plugins/org.dita.base/build.xml
106  [DEBUG] Overriding previous definition of reference to ant.projectHelper
106  [DEBUG] parsing buildfile /Users/isemisynov/Develop/dita-formats-demo/dita-ot-3.7.2/plugins/org.dita.pdf2/build.xml with URI = file:/Users/isemisynov/Develop/dita-formats-demo/dita-ot-3.7.2/plugins/org.dita.pdf2/build.xml
107  [DEBUG] Overriding previous definition of reference to ant.projectHelper
107  [DEBUG] Importing file /Users/isemisynov/Develop/dita-formats-demo/dita-ot-3.7.2/plugins/org.dita.pdf2.axf/build.xml from /Users/isemisynov/Develop/dita-formats-demo/dita-ot-3.7.2/plugins/org.dita.base/build.xml
107  [DEBUG] Overriding previous definition of reference to ant.projectHelper
107  [DEBUG] parsing buildfile /Users/isemisynov/Develop/dita-formats-demo/dita-ot-3.7.2/plugins/org.dita.pdf2.axf/build.xml with URI = file:/Users/isemisynov/Develop/dita-formats-demo/dita-ot-3.7.2/plugins/org.dita.pdf2.axf/build.xml
108  [DEBUG] Overriding previous definition of reference to ant.projectHelper
108  [DEBUG] Importing file /Users/isemisynov/Develop/dita-formats-demo/dita-ot-3.7.2/plugins/org.dita.pdf2.fop/build_fop.xml from /Users/isemisynov/Develop/dita-formats-demo/dita-ot-3.7.2/plugins/org.dita.base/build.xml
108  [DEBUG] Overriding previous definition of reference to ant.projectHelper
109  [DEBUG] parsing buildfile /Users/isemisynov/Develop/dita-formats-demo/dita-ot-3.7.2/plugins/org.dita.pdf2.fop/build_fop.xml with URI = file:/Users/isemisynov/Develop/dita-formats-demo/dita-ot-3.7.2/plugins/org.dita.pdf2.fop/build_fop.xml
109  [DEBUG] Overriding previous definition of reference to ant.projectHelper
110  [DEBUG] Importing file /Users/isemisynov/Develop/dita-formats-demo/dita-ot-3.7.2/plugins/org.dita.pdf2.xep/build.xml from /Users/isemisynov/Develop/dita-formats-demo/dita-ot-3.7.2/plugins/org.dita.base/build.xml
110  [DEBUG] Overriding previous definition of reference to ant.projectHelper
110  [DEBUG] parsing buildfile /Users/isemisynov/Develop/dita-formats-demo/dita-ot-3.7.2/plugins/org.dita.pdf2.xep/build.xml with URI = file:/Users/isemisynov/Develop/dita-formats-demo/dita-ot-3.7.2/plugins/org.dita.pdf2.xep/build.xml
110  [DEBUG] Overriding previous definition of reference to ant.projectHelper
111  [DEBUG] Importing file /Users/isemisynov/Develop/dita-formats-demo/dita-ot-3.7.2/plugins/org.dita.normalize/build.xml from /Users/isemisynov/Develop/dita-formats-demo/dita-ot-3.7.2/plugins/org.dita.base/build.xml
111  [DEBUG] Overriding previous definition of reference to ant.projectHelper
111  [DEBUG] parsing buildfile /Users/isemisynov/Develop/dita-formats-demo/dita-ot-3.7.2/plugins/org.dita.normalize/build.xml with URI = file:/Users/isemisynov/Develop/dita-formats-demo/dita-ot-3.7.2/plugins/org.dita.normalize/build.xml
111  [DEBUG] Overriding previous definition of reference to ant.projectHelper
111  [DEBUG] Importing file /Users/isemisynov/Develop/dita-formats-demo/dita-ot-3.7.2/plugins/org.lwdita/build-markdown.xml from /Users/isemisynov/Develop/dita-formats-demo/dita-ot-3.7.2/plugins/org.dita.base/build.xml
111  [DEBUG] Overriding previous definition of reference to ant.projectHelper
112  [DEBUG] parsing buildfile /Users/isemisynov/Develop/dita-formats-demo/dita-ot-3.7.2/plugins/org.lwdita/build-markdown.xml with URI = file:/Users/isemisynov/Develop/dita-formats-demo/dita-ot-3.7.2/plugins/org.lwdita/build-markdown.xml
112  [DEBUG] creating macro  markdown.map
112  [DEBUG] creating macro  markdown.topics
112  [DEBUG] Overriding previous definition of reference to ant.projectHelper
113  [DEBUG] Importing file /Users/isemisynov/Develop/dita-formats-demo/dita-ot-3.7.2/plugins/org.lwdita/build-html.xml from /Users/isemisynov/Develop/dita-formats-demo/dita-ot-3.7.2/plugins/org.dita.base/build.xml
113  [DEBUG] Overriding previous definition of reference to ant.projectHelper
113  [DEBUG] parsing buildfile /Users/isemisynov/Develop/dita-formats-demo/dita-ot-3.7.2/plugins/org.lwdita/build-html.xml with URI = file:/Users/isemisynov/Develop/dita-formats-demo/dita-ot-3.7.2/plugins/org.lwdita/build-html.xml
113  [DEBUG] Overriding previous definition of reference to ant.projectHelper
113  [DEBUG] Overriding previous definition of reference to ant.projectHelper
114  [DEBUG] Build sequence for target(s) `dita2markdown_gitbook' is [markdown_github.init, markdown_gitbook.init, init-properties, check-arg, log-arg, build-init, preprocess.init, ditaval-merge, gen-list, debug-filter, mapref-check, mapref, branch-filter, keyref, copy-to, conrefpush, conref, profile-check, profile, topic-fragment, chunk-check, chunk, move-meta-entries, maplink-check, maplink, topicpull-check, topicpull, clean-map-check, clean-map, clean-preprocess, copy-image, copy-html, copy-flag-check, copy-flag, copy-files, preprocess, markdown.init, markdown.topics.common, markdown.topics.common.inner, markdown.topic, markdown.map.init, markdown.map.toc, markdown.map, dita2markdown, dita2markdown_gitbook]
114  [DEBUG] Complete build sequence is [markdown_github.init, markdown_gitbook.init, init-properties, check-arg, log-arg, build-init, preprocess.init, ditaval-merge, gen-list, debug-filter, mapref-check, mapref, branch-filter, keyref, copy-to, conrefpush, conref, profile-check, profile, topic-fragment, chunk-check, chunk, move-meta-entries, maplink-check, maplink, topicpull-check, topicpull, clean-map-check, clean-map, clean-preprocess, copy-image, copy-html, copy-flag-check, copy-flag, copy-files, preprocess, markdown.init, markdown.topics.common, markdown.topics.common.inner, markdown.topic, markdown.map.init, markdown.map.toc, markdown.map, dita2markdown, dita2markdown_gitbook, dita2pdf2.init, dita.index.eclipsehelp.init, ditaot-preprocess.mapref-check, transform.topic2pdf.init, preview.topic.pdf.init, copyCoreArtwork, transform.fo2pdf.xep.test-use, transform.fo2pdf.xep.init, transform.fo2pdf.fop.test-use, transform.fo2pdf.fop.init, transform.fo2pdf.ah.test-use, transform.fo2pdf.ah.init, transform.topic2fo.init, org.dita.index.init, org.dita.index, transform.topic2fo.main, transform.topic2fo.i18n.filter, transform.topic2fo.i18n.no-filter, transform.topic2fo.i18n, transform.topic2fo, transform.fo2pdf.xep, transform.fo2pdf.fop, transform.fo2pdf.ah, transform.fo2pdf, transform.topic2pdf, dita.build.preview.topic.pdf, ditaot-preprocess.maplink-check, dita2normalize.dita2markdown_github, dita2normalize.markdown.topics.common, ditaot-init.check-arg, dita2dita, org.dita.pdf2.xep.transform.fo2pdf.xep, dita2htmlhelp.init, ditaot-preprocess.profile-check, dita2html5.html5.map.toc, html5.map.init, html5.map.toc, dita2html5.html5.map, ditaot-preprocess2.map-conrefpush, dita2eclipsehelp.dita.map.eclipse.plugin.init, dita.map.eclipse.plugin.init, dita.map.eclipse.plugin, ditaot-preprocess.debug-filter, dita.map.eclipse.fragment.move.files, dita2normalize.dita.out.map.hdita.toc, xhtml.init, xhtml.image-metadata, htmlhelp.topics, ditaot-init.build-init, dita2xhtml.copy-css-user, ditaot-preprocess.copy-to, ditaot-preprocess.keyref, ditaot-preprocess.copy-flag-check, ditaot-preprocess2.topic-keyref, transform.topic2fo.index.init, dita.build.transform.topic2fo.index, ditaot-preprocess2.topic-maplink, preprocess2.init, map-reader, map-mapref, map-branch-filter, map-keyref, map-conrefpush, map-conref, map-profile-check, map-profile, preprocess2.maps, topic-reader, topic-branch-filter, topic-keyref, topic-copy-to, topic-conrefpush, topic-conref, topic-profile-check, topic-profile, preprocess2.topic-fragment, topic-chunk, topic-move-meta-entries, topic-maplink, topic-topicpull, preprocess2.topics, map-clean-map, copy-image2, copy-files2, preprocess2, build_generaltargets.output-css-warn-message, ditaot-preprocess2.topic-reader, ditaot-preprocess.chunk, dita.topics.html.common, dita.build.transform.topic2fo.i18n.filter, org.dita.pdf2.axf.transform.fo2pdf.ah.nooption, ditaot-preprocess2.topic-branch-filter, build_generaltargets.xhtml.image-metadata, dita2normalize.dita.topics.hdita.common, dita.map.xhtml.init, dita.map.xhtml.toc, dita.map.xhtml, dita.map.eclipse.toc, dita.build.transform.topic2fo.i18n, org.dita.pdf2.axf.transform.fo2pdf.ah, html5.topic.init, org.dita.pdf2.xep.transform.fo2pdf.xep.test-use, ditaot-preprocess2.preprocess2.topic-fragment, dita2eclipsehelp.dita.map.eclipse.fragment.language.init, ditaot-preprocess.preprocess.init, copy-revflag, ditaot-preprocess.clean-map, dita2xhtml.init, map2pdf2, topic2pdf2, dita.build.dita2pdf2, hdita.init, ditaot-preprocess.clean-preprocess, dita2xhtml.dita.out.map.xhtml.toc, org.dita.pdf2.xep.transform.fo2pdf.xep.init, ditaot-preprocess2.preprocess2, org.dita.pdf2.axf.transform.fo2pdf.ah.test-use, ditaot-preprocess.maplink, ditaot-init.init-properties, ditaot-preprocess.preprocess, use-init.envhhcdir, use-init.hhcdir, htmlhelp.copy-image, copy-css, dita2htmlhelp.dita2htmlhelp, publish.map.pdf.init, dita2xhtml.dita.map.xhtml, copy-plugin-files, ditaot-preprocess2.map-clean-map, dita2pdf2, dita.build.dita2pdf, ditaot-preprocess.conrefpush, dita.map.eclipse.init, dita2eclipsehelp.dita.map.eclipse.fragment.error, ditaot-preprocess.branch-filter, dita.map.hdita.init, dita2eclipsehelp.copy-plugin-files, dita.build.transform.fo2pdf, html5.init, dita2eclipsehelp.dita.out.map.eclipse.plugin, build.eclipse.jar, org.dita.pdf2.fop.transform.fo2pdf.fop, dita.build.transform.topic2pdf.init, ditaot-preprocess2.map-mapref, dita.map.eclipse.fragment.language.init, ditaot-preprocess.gen-list, build_generaltargets.dita.topics.html.common, dita2htmlhelp.use-init.hhcdir, dita.build.publish.map.pdf, html5.topics.common.inner, dita2normalize.hdita.init, DOST.init, DOST.help, transform.fo2pdf.ah.nooption, dita.inner.topics.hdita.common, dita2htmlhelp.dita.htmlhelp.convertlang, ditaot-preprocess2.topic-topicpull, dita2eclipsehelp.dita.out.map.eclipse.toc, dita2normalize.markdown.init, html5.image-metadata, html5.topics.common, dita2html5.html5.topic, ditaot-preprocess.chunk-check, dita2normalize.markdown_gitbook.init, dita2htmlhelp.org.dita.index, build_generaltargets.dita.inner.topics.html.common, html5.topic, preprocess2-topic, ditaot-preprocess2.map-profile-check, dita.out.map.eclipse.plugin.properties, dita2eclipsehelp.dita.map.eclipse.index, ditaot-preprocess.profile, dita2normalize.markdown.topics.common.inner, dita.map.eclipse.fragment.language.country.init, dita2eclipsehelp.dita.map.eclipse.plugin.properties, ditaot-preprocess.copy-files, dita.inner.topics.html.common, build_generaltargets.xhtml.topics, org.dita.pdf2.fop.transform.fo2pdf.fop.test-use, dita2htmlhelp.dita2htmlhelp.init, dita.map.htmlhelp.init, ditaot-preprocess2.map-conref, dita.map.eclipse.index, dita.map.eclipse.plugin.properties, dita.map.eclipse.manifest.file, dita.out.map.eclipse.manifest.file, dita.out.map.eclipse.toc, dita.out.map.eclipse.index, dita.out.map.eclipse.plugin, dita.out.map.eclipse.fragment.move.files, dita.map.eclipse.genetrate.fragment, ditaot-preprocess.topicpull-check, init, help, ditaot-preprocess2.preprocess2-topic, dita.map.eclipse.fragment.error, ditaot-preprocess2.map-reader, ditaot-init.log-arg, dita2xhtml.copy-css, dita2normalize.markdown.map.toc, ditaot-preprocess.move-meta-entries, dita.build.transform.topic2fo, html5.css, preview.topic.pdf, transform.topic2fo.index, dita2eclipsehelp.dita.map.eclipse.init, xhtml.topics, dita2xhtml.dita2xhtml, ditaot-preprocess2.topic-move-meta-entries, dita2normalize.dita.inner.topics.hdita.common, dita2normalize.markdown_github.init, dita2eclipsehelp.dita.map.eclipse.toc, dita2normalize.dita2dita, ditaot-preprocess.copy-html, dita2normalize.markdown.topic, dita2html5.html5.topic.init, dita.topics.hdita.common, dita.map.hdita.toc, dita.out.map.hdita.toc, dita2normalize.dita2hdita, dita.map.eclipse.generate.plugin, clean-temp, dita2xhtml.dita2xhtml.init, ditaot-preprocess.copy-image, ditaot-preprocess.ditaval-merge, dita.map.htmlhelp.hhp, dita.map.htmlhelp.hhc, dita.map.htmlhelp.hhk, dita.htmlhelp.convertlang, compile.HTML.Help, dita.map.htmlhelp, dita2html5.html5.init, build_generaltargets.xhtml.init, dita2html5.html5.topics.common.inner, dita2xhtml.dita.map.xhtml.toc, org.dita.pdf2.fop.transform.fo2pdf.fop.init, dita2eclipsehelp.dita.out.map.eclipse.index, ditaot-preprocess2.preprocess2.maps, dita2eclipsehelp.build.eclipse.jar, ditaot-preprocess2.map-branch-filter, dita2normalize.markdown.map.init, dita2htmlhelp.compile.HTML.Help, dita.build.transform.topic2fo.index.init, dita2htmlhelp.dita.map.htmlhelp, html5.map, dita2html5, dita2html5.html5.map.init, ditaot-preprocess.mapref, dita2eclipsehelp.dita.out.map.eclipse.manifest.file, dita.build.transform.topic2fo.main, ditaot-preprocess.clean-map-check, dita2normalize.dita.map.hdita.toc, dita2eclipsehelp.dita.map.eclipse.genetrate.fragment, dita2eclipsehelp.dita.map.eclipse.fragment.language.country.init, dita.build.publish.map.pdf.init, ditaot-preprocess2.copy-image2, ditaot-preprocess.clean-temp, dita.build.dita2pdf2.init, dita2normalize.dita2markdown_gitbook, dita2eclipsehelp.dita.map.eclipse.manifest.file, dita2eclipsehelp.dita.out.map.eclipse.fragment.move.files, html5.copy-css-user, dita.eclipsehelp.init, dita2htmlhelp.org.dita.index.init, dita2hdita, dita2normalize.markdown.map, dita.build.transform.topic2fo.init, dita.out.map.xhtml.toc, ditaot-preprocess.copy-flag, dita2htmlhelp.htmlhelp.topics, dita2xhtml, dita2eclipsehelp.dita.index.eclipsehelp.init, org.dita.pdf2.axf.transform.fo2pdf.ah.hasoption, dita2eclipsehelp.dita.map.eclipse.generate.plugin, dita.build.preview.topic.pdf.init, ditaot-preprocess2.map-keyref, dita2htmlhelp.dita.map.htmlhelp.init, transform.fo2pdf.ah.hasoption, dita2eclipsehelp.dita.map.eclipse.plugin, ditaot-preprocess2.copy-files2, dita2pdf, ditaot-preprocess.conref, ditaot-preprocess2.topic-conref, dita.build.transform.topic2fo.i18n.no-filter, dita.build.copyCoreArtwork, dita2normalize.dita2markdown, dita2xhtml.copy-revflag, dita.build.transform.topic2pdf, dita2markdown_github, ditaot-preprocess.topic-fragment, ditaot-preprocess2.topic-conrefpush, dita.map.eclipse, dita2eclipsehelp.dita2eclipsehelp, ditaot-preprocess2.preprocess2.topics, dita2html5.html5.css, dita2eclipsehelp, dita2eclipsehelp.dita.map.eclipse, dita.build.topic2pdf2, dita2eclipsehelp.dita.map.eclipse.fragment.move.files, dita2html5.html5.copy-css-user, dita2normalize.dita.map.hdita.init, dita2htmlhelp.dita.map.htmlhelp.hhp, ditaot-preprocess2.map-profile, ditaot-preprocess.topicpull, ditaot-preprocess2.topic-profile-check, dita2htmlhelp.dita.map.htmlhelp.hhk, output-css-warn-message, dita2htmlhelp.dita.map.htmlhelp.hhc, dita2html5.html5.image-metadata, dita2htmlhelp.htmlhelp.copy-image, dita2htmlhelp.use-init.envhhcdir, copy-css-user, dita2htmlhelp, dita2eclipsehelp.dita.out.map.eclipse.plugin.properties, dita.build.map2pdf2, dita2html5.html5.topics.common, ditaot-preprocess2.topic-copy-to, dita2html5.dita2html5, org.dita.pdf2.axf.transform.fo2pdf.ah.init, ditaot-preprocess2.topic-chunk, dita2eclipsehelp.dita.eclipsehelp.init, ditaot-preprocess2.preprocess2.init, publish.map.pdf, dita2xhtml.dita.map.xhtml.init, , ditaot-preprocess2.topic-profile]
115  [DEBUG] Override ignored for property "base.temp.dir"
115  [DEBUG] Override ignored for property "dita.temp.dir"
115  [DEBUG] Override ignored for property "output.dir"
115  [DEBUG] Property "temp.output.dir.name" has not been set
115  [INFO ] Initializing project
116  [DEBUG] Loading Environment env.
117  [DEBUG] Property "args.xsl" has not been set
117  [DEBUG] Property "args.xsl" has not been set
117  [DEBUG] Property "args.outext" has not been set
117  [DEBUG] Property "args.outext" has not been set
117  [DEBUG] Property "args.outext" has not been set
117  [DEBUG] Property "args.outext" has not been set
118  [DEBUG] Skipping /Users/isemisynov/Develop/dita-formats-demo/output/markdown/markdown_gitbook because it already exists.
118  [INFO ] Deleting directory /Users/isemisynov/Develop/dita-formats-demo/tmp/1653650823130
118  [DEBUG] Deleting directory /Users/isemisynov/Develop/dita-formats-demo/tmp/1653650823130
118  [INFO ] Created dir: /Users/isemisynov/Develop/dita-formats-demo/tmp/1653650823130
119  [DEBUG] Property "args.hide.parent.link" has not been set
119  [DEBUG] Property "org.xml.sax.driver" has not been set
120  [DEBUG] Unable to load class org.apache.crimson.parser.XMLReaderImpl
120  [DEBUG] Unable to load class net.sf.saxon.StyleSheet
120  [INFO ] *****************************************************************
120  [INFO ] * basedir = /Users/isemisynov/Develop/dita-formats-demo/dita-ot-3.7.2
120  [INFO ] * dita.dir = /Users/isemisynov/Develop/dita-formats-demo/dita-ot-3.7.2
120  [INFO ] * transtype = markdown_gitbook
121  [INFO ] * tempdir = /Users/isemisynov/Develop/dita-formats-demo/tmp/1653650823130
121  [INFO ] * outputdir = /Users/isemisynov/Develop/dita-formats-demo/output/markdown/markdown_gitbook
121  [DEBUG] Property "clean.temp" has not been set
121  [INFO ] * clean.temp = ${clean.temp}
121  [INFO ] * DITA-OT version = 3.7.2
121  [INFO ] * XML parser = Xerces
121  [INFO ] * XSLT processor = Saxon
121  [INFO ] * collator = ICU
121  [INFO ] *****************************************************************
121  [INFO ] #Ant properties
121  [INFO ] #Fri May 27 14:27:03 MSK 2022
121  [INFO ] args.grammar.cache=yes
121  [INFO ] args.input=file\:/Users/isemisynov/Develop/dita-formats-demo/demo-input/markdown/demo-markdown.ditamap
121  [INFO ] args.markdown.toc=SUMMARY
121  [INFO ] args.markdown.toc.xsl=/Users/isemisynov/Develop/dita-formats-demo/dita-ot-3.7.2/plugins/org.lwdita/xsl/map2markdown-cover_gitbook.xsl
121  [INFO ] args.rellinks=nofamily
121  [INFO ] args.xml.systemid.set=yes
122  [INFO ] dita.dir=/Users/isemisynov/Develop/dita-formats-demo/dita-ot-3.7.2
122  [INFO ] dita.output.dir=/Users/isemisynov/Develop/dita-formats-demo/output/markdown/markdown_gitbook
122  [INFO ] dita.plugin.org.dita.base.dir=/Users/isemisynov/Develop/dita-formats-demo/dita-ot-3.7.2/plugins/org.dita.base
122  [INFO ] dita.plugin.org.dita.eclipsehelp.dir=/Users/isemisynov/Develop/dita-formats-demo/dita-ot-3.7.2/plugins/org.dita.eclipsehelp
122  [INFO ] dita.plugin.org.dita.html5.dir=/Users/isemisynov/Develop/dita-formats-demo/dita-ot-3.7.2/plugins/org.dita.html5
122  [INFO ] dita.plugin.org.dita.htmlhelp.dir=/Users/isemisynov/Develop/dita-formats-demo/dita-ot-3.7.2/plugins/org.dita.htmlhelp
122  [INFO ] dita.plugin.org.dita.index.dir=/Users/isemisynov/Develop/dita-formats-demo/dita-ot-3.7.2/plugins/org.dita.index
122  [INFO ] dita.plugin.org.dita.normalize.dir=/Users/isemisynov/Develop/dita-formats-demo/dita-ot-3.7.2/plugins/org.dita.normalize
122  [INFO ] dita.plugin.org.dita.pdf2.axf.dir=/Users/isemisynov/Develop/dita-formats-demo/dita-ot-3.7.2/plugins/org.dita.pdf2.axf
122  [INFO ] dita.plugin.org.dita.pdf2.dir=/Users/isemisynov/Develop/dita-formats-demo/dita-ot-3.7.2/plugins/org.dita.pdf2
122  [INFO ] dita.plugin.org.dita.pdf2.fop.dir=/Users/isemisynov/Develop/dita-formats-demo/dita-ot-3.7.2/plugins/org.dita.pdf2.fop
122  [INFO ] dita.plugin.org.dita.pdf2.xep.dir=/Users/isemisynov/Develop/dita-formats-demo/dita-ot-3.7.2/plugins/org.dita.pdf2.xep
122  [INFO ] dita.plugin.org.dita.specialization.dita11.dir=/Users/isemisynov/Develop/dita-formats-demo/dita-ot-3.7.2/plugins/org.dita.specialization.dita11
122  [INFO ] dita.plugin.org.dita.xhtml.dir=/Users/isemisynov/Develop/dita-formats-demo/dita-ot-3.7.2/plugins/org.dita.xhtml
122  [INFO ] dita.plugin.org.lwdita.dir=/Users/isemisynov/Develop/dita-formats-demo/dita-ot-3.7.2/plugins/org.lwdita
122  [INFO ] dita.plugin.org.oasis-open.dita.techcomm.v2_0.dir=/Users/isemisynov/Develop/dita-formats-demo/dita-ot-3.7.2/plugins/org.oasis-open.dita.techcomm.v2_0
122  [INFO ] dita.plugin.org.oasis-open.dita.v1_2.dir=/Users/isemisynov/Develop/dita-formats-demo/dita-ot-3.7.2/plugins/org.oasis-open.dita.v1_2
122  [INFO ] dita.plugin.org.oasis-open.dita.v1_3.dir=/Users/isemisynov/Develop/dita-formats-demo/dita-ot-3.7.2/plugins/org.oasis-open.dita.v1_3
122  [INFO ] dita.plugin.org.oasis-open.dita.v2_0.dir=/Users/isemisynov/Develop/dita-formats-demo/dita-ot-3.7.2/plugins/org.oasis-open.dita.v2_0
122  [INFO ] dita.plugin.org.oasis-open.xdita.v0_2_2.dir=/Users/isemisynov/Develop/dita-formats-demo/dita-ot-3.7.2/plugins/org.oasis-open.xdita.v0_2_2
122  [INFO ] dita.temp.dir=/Users/isemisynov/Develop/dita-formats-demo/tmp/1653650823130
122  [INFO ] *****************************************************************
123  [DEBUG] Set property dita.map.filename.root = demo-markdown
123  [INFO ] *****************************************************************
123  [INFO ] * input = file:/Users/isemisynov/Develop/dita-formats-demo/demo-input/markdown/demo-markdown.ditamap
123  [DEBUG] Property "args.resources" has not been set
123  [INFO ] * resources = ${args.resources}
123  [INFO ] *****************************************************************
123  [DEBUG] Job not found from Ant project reference
124  [INFO ] Using Xerces grammar pool for DTD and schema caching.
124  [INFO ] Processing file:/Users/isemisynov/Develop/dita-formats-demo/demo-input/markdown/demo-markdown.ditamap
125  [INFO ] Processing file:/Users/isemisynov/Develop/dita-formats-demo/demo-input/markdown/demo-markdown-topic1.md
176  [INFO ] Processing file:/Users/isemisynov/Develop/dita-formats-demo/demo-input/markdown/demo-markdown-topic2.md
229  [INFO ] Serializing job specification
231  [DEBUG] GenMapAndTopicListModule processing took 107 ms
231  [INFO ] Using Xerces grammar pool for DTD and schema caching.
232  [INFO ] Processing file:/Users/isemisynov/Develop/dita-formats-demo/demo-input/markdown/demo-markdown.ditamap to file:/Users/isemisynov/Develop/dita-formats-demo/tmp/1653650823130/demo-markdown.ditamap
234  [INFO ] Processing file:/Users/isemisynov/Develop/dita-formats-demo/demo-input/markdown/demo-markdown-topic2.md to file:/Users/isemisynov/Develop/dita-formats-demo/tmp/1653650823130/demo-markdown-topic2.md
289  [INFO ] Processing file:/Users/isemisynov/Develop/dita-formats-demo/demo-input/markdown/demo-markdown-topic1.md to file:/Users/isemisynov/Develop/dita-formats-demo/tmp/1653650823130/demo-markdown-topic1.md
347  [DEBUG] DebugAndFilterModule processing took 116 ms
347  [DEBUG] Overriding previous definition of property "transtypes"
347  [DEBUG] Overriding previous definition of property "parser.md"
347  [DEBUG] Overriding previous definition of property "plugin.org.dita.specialization.dita11.dir"
347  [DEBUG] Overriding previous definition of property "parser.hdita"
347  [DEBUG] Overriding previous definition of property "cli.color"
347  [DEBUG] Overriding previous definition of property "plugin.org.dita.pdf2.dir"
347  [DEBUG] Overriding previous definition of property "print_transtypes"
347  [DEBUG] Overriding previous definition of property "supported_resource_extensions"
347  [DEBUG] Overriding previous definition of property "plugin.org.dita.xhtml.dir"
347  [DEBUG] Overriding previous definition of property "plugin.org.dita.index.dir"
347  [DEBUG] Overriding previous definition of property "supported_html_extensions"
347  [DEBUG] Overriding previous definition of property "plugin.order"
347  [DEBUG] Overriding previous definition of property "otrelease"
347  [DEBUG] Overriding previous definition of property "supported_image_extensions"
347  [DEBUG] Overriding previous definition of property "org.dita.pdf2.i18n.enabled"
347  [DEBUG] Overriding previous definition of property "plugin.org.dita.html5.dir"
347  [DEBUG] Overriding previous definition of property "default.cascade"
347  [DEBUG] Overriding previous definition of property "plugin.org.oasis-open.xdita.v0_2_2.dir"
347  [DEBUG] Overriding previous definition of property "plugin.org.dita.eclipsehelp.dir"
347  [DEBUG] Overriding previous definition of property "plugin.org.dita.htmlhelp.dir"
347  [DEBUG] Overriding previous definition of property "temp-file-name-scheme"
347  [DEBUG] Overriding previous definition of property "plugin.org.dita.base.dir"
347  [DEBUG] Overriding previous definition of property "plugindirs"
347  [DEBUG] Overriding previous definition of property "parser.mdita"
348  [DEBUG] Overriding previous definition of property "plugin.ignores"
348  [DEBUG] Overriding previous definition of property "registry"
348  [DEBUG] Overriding previous definition of property "plugin.org.dita.pdf2.axf.dir"
348  [DEBUG] Overriding previous definition of property "plugin.org.dita.normalize.dir"
348  [DEBUG] Overriding previous definition of property "plugin.org.oasis-open.dita.techcomm.v2_0.dir"
348  [DEBUG] Overriding previous definition of property "plugin.org.oasis-open.dita.v1_2.dir"
348  [DEBUG] Overriding previous definition of property "plugin.org.dita.pdf2.fop.dir"
348  [DEBUG] Overriding previous definition of property "plugin.org.lwdita.dir"
348  [DEBUG] Overriding previous definition of property "plugin.org.dita.pdf2.xep.dir"
348  [DEBUG] Overriding previous definition of property "plugin.org.oasis-open.dita.v2_0.dir"
348  [DEBUG] Overriding previous definition of property "otversion"
348  [DEBUG] Overriding previous definition of property "plugin.org.oasis-open.dita.v1_3.dir"
348  [DEBUG] Overriding previous definition of property "parser.markdown"
348  [DEBUG] Scanning for demo-markdown.ditamap
348  [DEBUG] Found temporary directory file /Users/isemisynov/Develop/dita-formats-demo/tmp/1653650823130/demo-markdown.ditamap
348  [DEBUG] Set property inputMapPath = file:/Users/isemisynov/Develop/dita-formats-demo/tmp/1653650823130/demo-markdown.ditamap
348  [DEBUG] Property "dita.preprocess.reloadstylesheet" has not been set
380  [INFO ] Processing file:/Users/isemisynov/Develop/dita-formats-demo/tmp/1653650823130/demo-markdown.ditamap
383  [DEBUG] MaprefModule processing took 34 ms
383  [INFO ] Processing file:/Users/isemisynov/Develop/dita-formats-demo/tmp/1653650823130/demo-markdown.ditamap
383  [DEBUG] Reading file:/Users/isemisynov/Develop/dita-formats-demo/tmp/1653650823130/demo-markdown.ditamap
384  [DEBUG] Split branches and generate copy-to
384  [DEBUG] Filter map
384  [DEBUG] Rewrite duplicate topic references
384  [DEBUG] Filter topics and generate copies
384  [DEBUG] Remove obsolete references
384  [DEBUG] Filter existing topics
384  [DEBUG] Writing file:/Users/isemisynov/Develop/dita-formats-demo/tmp/1653650823130/demo-markdown.ditamap
385  [DEBUG] BranchFilterModule processing took 2 ms
385  [DEBUG] KeyrefModule processing took 0 ms
386  [INFO ] Transforming into /Users/isemisynov/Develop/dita-formats-demo/tmp/1653650823130
386  [INFO ] Loading stylesheet file:/Users/isemisynov/Develop/dita-formats-demo/dita-ot-3.7.2/plugins/org.dita.base/xsl/preprocess/mapref.xsl
397  [DEBUG] Apache resolver library found, xml-commons resolver will be used
427  [INFO ] Loading stylesheet file:/Users/isemisynov/Develop/dita-formats-demo/dita-ot-3.7.2/plugins/org.dita.base/xsl/preprocess/mapref.xsl
427  [DEBUG] Set parameter keep-submap-href to 'false'
427  [DEBUG] Set parameter child-topicref-warning to 'false'
427  [DEBUG] Set parameter TRANSTYPE to 'markdown_gitbook'
427  [DEBUG] Set parameter file-being-processed to 'demo-markdown.ditamap'
427  [INFO ] Processing file:/Users/isemisynov/Develop/dita-formats-demo/tmp/1653650823130/demo-markdown.ditamap
429  [DEBUG] XsltModule processing took 43 ms
432  [DEBUG] CopyToModule processing took 2 ms
432  [DEBUG] ConrefPushModule processing took 0 ms
432  [DEBUG] Property "dita.preprocess.reloadstylesheet" has not been set
432  [DEBUG] Setting exportfile.url to URL file:/Users/isemisynov/Develop/dita-formats-demo/tmp/1653650823130/export.xml
433  [DEBUG] XsltModule processing took 0 ms
433  [DEBUG] Skipped because property 'preprocess.profile.skip' set.
433  [INFO ] Processing file:/Users/isemisynov/Develop/dita-formats-demo/tmp/1653650823130/demo-markdown-topic2.md
433  [DEBUG] Configure filter org.dita.dost.writer.TopicFragmentFilter
433  [DEBUG] Configure filter org.dita.dost.writer.NormalizeTableFilter
433  [DEBUG] Configure filter org.dita.dost.writer.NormalizeSimpleTableFilter
433  [DEBUG] Configure filter org.dita.dost.writer.CoderefResolver
433  [DEBUG] Configure filter org.dita.dost.writer.NormalizeCodeblock
435  [INFO ] Processing file:/Users/isemisynov/Develop/dita-formats-demo/tmp/1653650823130/demo-markdown-topic1.md
435  [DEBUG] Configure filter org.dita.dost.writer.TopicFragmentFilter
435  [DEBUG] Configure filter org.dita.dost.writer.NormalizeTableFilter
435  [DEBUG] Configure filter org.dita.dost.writer.NormalizeSimpleTableFilter
435  [DEBUG] Configure filter org.dita.dost.writer.CoderefResolver
435  [DEBUG] Configure filter org.dita.dost.writer.NormalizeCodeblock
437  [DEBUG] XmlFilterModule processing took 4 ms
437  [INFO ] Processing file:/Users/isemisynov/Develop/dita-formats-demo/tmp/1653650823130/demo-markdown.ditamap
438  [DEBUG] Writing file:/Users/isemisynov/Develop/dita-formats-demo/tmp/1653650823130/demo-markdown.ditamap
439  [DEBUG] ChunkModule processing took 2 ms
439  [INFO ] Processing file:/Users/isemisynov/Develop/dita-formats-demo/tmp/1653650823130/demo-markdown.ditamap
440  [DEBUG] ChunkModule processing took 1 ms
440  [DEBUG] Scanning for demo-markdown-topic2.md
440  [DEBUG] Found temporary directory file /Users/isemisynov/Develop/dita-formats-demo/tmp/1653650823130/demo-markdown-topic2.md
440  [DEBUG] Scanning for demo-markdown-topic1.md
440  [DEBUG] Found temporary directory file /Users/isemisynov/Develop/dita-formats-demo/tmp/1653650823130/demo-markdown-topic1.md
440  [DEBUG] Set property inputTopicPath = file:/Users/isemisynov/Develop/dita-formats-demo/tmp/1653650823130/demo-markdown-topic2.md:file:/Users/isemisynov/Develop/dita-formats-demo/tmp/1653650823130/demo-markdown-topic1.md
441  [INFO ] Processing file:/Users/isemisynov/Develop/dita-formats-demo/tmp/1653650823130/demo-markdown.ditamap
441  [DEBUG] Writing file:/Users/isemisynov/Develop/dita-formats-demo/tmp/1653650823130/demo-markdown.ditamap
442  [INFO ] Loading stylesheet /Users/isemisynov/Develop/dita-formats-demo/dita-ot-3.7.2/plugins/org.dita.base/xsl/preprocess/mappull.xsl
499  [INFO ] Processing file:/Users/isemisynov/Develop/dita-formats-demo/tmp/1653650823130/demo-markdown.ditamap
499  [DEBUG] Processing file:/Users/isemisynov/Develop/dita-formats-demo/tmp/1653650823130/demo-markdown.ditamap to file:/Users/isemisynov/Develop/dita-formats-demo/tmp/1653650823130/demo-markdown.ditamap.tmp1653650823629
499  [DEBUG] Set parameter basedir to '/Users/isemisynov/Develop/dita-formats-demo/dita-ot-3.7.2'
499  [DEBUG] Set parameter style to '/Users/isemisynov/Develop/dita-formats-demo/dita-ot-3.7.2/plugins/org.dita.base/xsl/preprocess/mappull.xsl'
499  [DEBUG] Set parameter conserve-memory to 'false'
499  [DEBUG] Set parameter message to 'Move metadata entries.'
499  [DEBUG] Set parameter inputmap to 'demo-markdown.ditamap'
611  [DEBUG] Moving file:/Users/isemisynov/Develop/dita-formats-demo/tmp/1653650823130/demo-markdown.ditamap.tmp1653650823629 to file:/Users/isemisynov/Develop/dita-formats-demo/tmp/1653650823130/demo-markdown.ditamap
612  [DEBUG] MoveMetaModule processing took 171 ms
612  [DEBUG] Property "dita.preprocess.reloadstylesheet" has not been set
669  [DEBUG] MoveLinksModule processing took 56 ms
669  [DEBUG] Property "dita.preprocess.reloadstylesheet" has not been set
669  [INFO ] Transforming into /Users/isemisynov/Develop/dita-formats-demo/tmp/1653650823130
669  [INFO ] Loading stylesheet file:/Users/isemisynov/Develop/dita-formats-demo/dita-ot-3.7.2/plugins/org.dita.base/xsl/preprocess/topicpull.xsl
724  [INFO ] Loading stylesheet file:/Users/isemisynov/Develop/dita-formats-demo/dita-ot-3.7.2/plugins/org.dita.base/xsl/preprocess/topicpull.xsl
724  [DEBUG] Set parameter ONLYTOPICINMAP to 'false'
724  [DEBUG] Set parameter defaultLanguage to 'en'
724  [INFO ] Processing file:/Users/isemisynov/Develop/dita-formats-demo/tmp/1653650823130/demo-markdown-topic2.md
729  [DEBUG] Set parameter ONLYTOPICINMAP to 'false'
729  [DEBUG] Set parameter defaultLanguage to 'en'
729  [INFO ] Processing file:/Users/isemisynov/Develop/dita-formats-demo/tmp/1653650823130/demo-markdown-topic1.md
731  [DEBUG] XsltModule processing took 62 ms
731  [DEBUG] Property "dita.preprocess.reloadstylesheet" has not been set
732  [INFO ] Transforming into /Users/isemisynov/Develop/dita-formats-demo/tmp/1653650823130
732  [INFO ] Loading stylesheet file:/Users/isemisynov/Develop/dita-formats-demo/dita-ot-3.7.2/plugins/org.dita.base/xsl/preprocess/clean-map.xsl
753  [INFO ] Loading stylesheet file:/Users/isemisynov/Develop/dita-formats-demo/dita-ot-3.7.2/plugins/org.dita.base/xsl/preprocess/clean-map.xsl
753  [INFO ] Processing file:/Users/isemisynov/Develop/dita-formats-demo/tmp/1653650823130/demo-markdown.ditamap
756  [DEBUG] XsltModule processing took 24 ms
757  [DEBUG] CleanPreprocessModule processing took 1 ms
758  [DEBUG] Overriding previous definition of property "user.input.dir"
758  [DEBUG] Overriding previous definition of property "transtypes"
758  [DEBUG] Overriding previous definition of property "parser.md"
758  [DEBUG] Overriding previous definition of property "plugin.org.dita.specialization.dita11.dir"
758  [DEBUG] Overriding previous definition of property "crawl"
758  [DEBUG] Overriding previous definition of property "parser.hdita"
758  [DEBUG] Overriding previous definition of property "cli.color"
758  [DEBUG] Overriding previous definition of property "user.input.file"
758  [DEBUG] Overriding previous definition of property "plugin.org.dita.pdf2.dir"
758  [DEBUG] Overriding previous definition of property "print_transtypes"
758  [DEBUG] Overriding previous definition of property "onlytopicinmap"
758  [DEBUG] Overriding previous definition of property "supported_resource_extensions"
758  [DEBUG] Overriding previous definition of property "plugin.org.dita.xhtml.dir"
758  [DEBUG] Overriding previous definition of property "plugin.org.dita.index.dir"
758  [DEBUG] Overriding previous definition of property "relflagimagelist"
758  [DEBUG] Overriding previous definition of property "supported_html_extensions"
758  [DEBUG] Overriding previous definition of property "plugin.order"
758  [DEBUG] Overriding previous definition of property "otrelease"
758  [DEBUG] Overriding previous definition of property "supported_image_extensions"
758  [DEBUG] Overriding previous definition of property "InputMapDir"
759  [DEBUG] Overriding previous definition of property "org.dita.pdf2.i18n.enabled"
759  [DEBUG] Overriding previous definition of property "user.input.dir.uri"
759  [DEBUG] Overriding previous definition of property "plugin.org.dita.html5.dir"
759  [DEBUG] Overriding previous definition of property "generatecopyouter"
759  [DEBUG] Overriding previous definition of property "default.cascade"
759  [DEBUG] Overriding previous definition of property "plugin.org.oasis-open.xdita.v0_2_2.dir"
759  [DEBUG] Overriding previous definition of property "plugin.org.dita.eclipsehelp.dir"
759  [DEBUG] Overriding previous definition of property "outputdir"
759  [DEBUG] Overriding previous definition of property "plugin.org.dita.htmlhelp.dir"
759  [DEBUG] Overriding previous definition of property "temp-file-name-scheme"
759  [DEBUG] Overriding previous definition of property "plugin.org.dita.base.dir"
759  [DEBUG] Overriding previous definition of property "plugindirs"
759  [DEBUG] Overriding previous definition of property "parser.mdita"
759  [DEBUG] Overriding previous definition of property "user.input.file.listfile"
759  [DEBUG] Overriding previous definition of property "outercontrol"
759  [DEBUG] Overriding previous definition of property "plugin.ignores"
759  [DEBUG] Overriding previous definition of property "relflagimagefile"
759  [DEBUG] Overriding previous definition of property "user.input.file.uri"
759  [DEBUG] Overriding previous definition of property "registry"
759  [DEBUG] Overriding previous definition of property "plugin.org.dita.pdf2.axf.dir"
759  [DEBUG] Overriding previous definition of property "plugin.org.dita.normalize.dir"
759  [DEBUG] Overriding previous definition of property "plugin.org.oasis-open.dita.techcomm.v2_0.dir"
759  [DEBUG] Overriding previous definition of property "plugin.org.oasis-open.dita.v1_2.dir"
759  [DEBUG] Overriding previous definition of property "InputMapDir.uri"
759  [DEBUG] Overriding previous definition of property "plugin.org.dita.pdf2.fop.dir"
759  [DEBUG] Overriding previous definition of property "plugin.org.lwdita.dir"
759  [DEBUG] Overriding previous definition of property "plugin.org.dita.pdf2.xep.dir"
759  [DEBUG] Overriding previous definition of property "tempdirToinputmapdir.relative.value"
759  [DEBUG] Overriding previous definition of property "plugin.org.oasis-open.dita.v2_0.dir"
759  [DEBUG] Overriding previous definition of property "otversion"
759  [DEBUG] Overriding previous definition of property "plugin.org.oasis-open.dita.v1_3.dir"
759  [DEBUG] Overriding previous definition of property "parser.markdown"
759  [DEBUG] Overriding previous definition of property "uplevels"
760  [DEBUG] Skipped because property 'preprocess.copy-flag.skip' set.
760  [DEBUG] Property "dita.input.valfile" has not been set
760  [DEBUG] Setting dita.input.valfile.url to URL file:/Users/isemisynov/Develop/dita-formats-demo/dita-ot-3.7.2/$%7Bdita.input.valfile%7D
760  [DEBUG] Skipped because property 'old.transform' not set.
761  [INFO ] Transforming into /Users/isemisynov/Develop/dita-formats-demo/output/markdown/markdown_gitbook
761  [INFO ] Loading stylesheet file:/Users/isemisynov/Develop/dita-formats-demo/dita-ot-3.7.2/plugins/org.lwdita/xsl/dita2markdown_github.xsl
1058 [INFO ] Loading stylesheet file:/Users/isemisynov/Develop/dita-formats-demo/dita-ot-3.7.2/plugins/org.lwdita/xsl/dita2markdown_github.xsl
1058 [DEBUG] Set parameter OUTEXT to '.md'
1058 [DEBUG] Set parameter defaultLanguage to 'en'
1058 [DEBUG] Set parameter BASEDIR to '/Users/isemisynov/Develop/dita-formats-demo/dita-ot-3.7.2'
1058 [DEBUG] Set parameter OUTPUTDIR to '/Users/isemisynov/Develop/dita-formats-demo/output/markdown/markdown_gitbook'
1058 [DEBUG] Set parameter include.rellinks to '#default friend sample external other'
1058 [DEBUG] Set parameter FILENAME to 'demo-markdown-topic2.md'
1058 [DEBUG] Set parameter FILEDIR to '.'
1058 [INFO ] Processing file:/Users/isemisynov/Develop/dita-formats-demo/tmp/1653650823130/demo-markdown-topic2.md to file:/Users/isemisynov/Develop/dita-formats-demo/output/markdown/markdown_gitbook/demo-markdown-topic2.md
1061 [DEBUG] Set parameter OUTEXT to '.md'
1061 [DEBUG] Set parameter defaultLanguage to 'en'
1061 [DEBUG] Set parameter BASEDIR to '/Users/isemisynov/Develop/dita-formats-demo/dita-ot-3.7.2'
1061 [DEBUG] Set parameter OUTPUTDIR to '/Users/isemisynov/Develop/dita-formats-demo/output/markdown/markdown_gitbook'
1061 [DEBUG] Set parameter include.rellinks to '#default friend sample external other'
1061 [DEBUG] Set parameter FILENAME to 'demo-markdown-topic1.md'
1061 [DEBUG] Set parameter FILEDIR to '.'
1061 [INFO ] Processing file:/Users/isemisynov/Develop/dita-formats-demo/tmp/1653650823130/demo-markdown-topic1.md to file:/Users/isemisynov/Develop/dita-formats-demo/output/markdown/markdown_gitbook/demo-markdown-topic1.md
1064 [DEBUG] XsltModule processing took 302 ms
1064 [DEBUG] Override ignored for property "args.markdown.toc.xsl"
1064 [DEBUG] Override ignored for property "args.markdown.toc"
1065 [INFO ] Transforming into /Users/isemisynov/Develop/dita-formats-demo/output/markdown/markdown_gitbook
1065 [INFO ] Loading stylesheet file:/Users/isemisynov/Develop/dita-formats-demo/dita-ot-3.7.2/plugins/org.lwdita/xsl/map2markdown-cover_gitbook.xsl
1279 [INFO ] Loading stylesheet file:/Users/isemisynov/Develop/dita-formats-demo/dita-ot-3.7.2/plugins/org.lwdita/xsl/map2markdown-cover_gitbook.xsl
1280 [DEBUG] Set parameter OUTEXT to '.md'
1280 [INFO ] Processing file:/Users/isemisynov/Develop/dita-formats-demo/tmp/1653650823130/demo-markdown.ditamap to file:/Users/isemisynov/Develop/dita-formats-demo/output/markdown/markdown_gitbook/SUMMARY.md
1282 [DEBUG] XsltModule processing took 217 ms
