0    [DEBUG] Detected Java version: 18 in: /Library/Java/JavaVirtualMachines/jdk-18.jdk/Contents/Home
1    [DEBUG] Detected OS: Mac OS X
1    [DEBUG] Project base dir set to: /Users/isemisynov/Develop/dita-formats-demo/dita-ot-3.7.2
1    [DEBUG] parsing buildfile /Users/isemisynov/Develop/dita-formats-demo/dita-ot-3.7.2/build.xml with URI = file:/Users/isemisynov/Develop/dita-formats-demo/dita-ot-3.7.2/build.xml
2    [DEBUG] Project base dir set to: /Users/isemisynov/Develop/dita-formats-demo/dita-ot-3.7.2
24   [DEBUG] parsing buildfile jar:file:/Users/isemisynov/Develop/dita-formats-demo/dita-ot-3.7.2/lib/ant.jar!/org/apache/tools/ant/antlib.xml with URI = jar:file:/Users/isemisynov/Develop/dita-formats-demo/dita-ot-3.7.2/lib/ant.jar!/org/apache/tools/ant/antlib.xml from a zip file
47   [DEBUG] parsing buildfile jar:file:/Users/isemisynov/.gradle/caches/modules-2/files-2.1/org.apache.ant/ant/1.10.12/be08c4f63e92e03bac761404cf77bc270928b6c5/ant-1.10.12.jar!/org/apache/tools/ant/antlib.xml with URI = jar:file:/Users/isemisynov/.gradle/caches/modules-2/files-2.1/org.apache.ant/ant/1.10.12/be08c4f63e92e03bac761404cf77bc270928b6c5/ant-1.10.12.jar!/org/apache/tools/ant/antlib.xml from a zip file
49   [DEBUG] Override ignored for property "dita.dir"
49   [DEBUG] Override ignored for property "dita.dir"
49   [DEBUG] Loading /Users/isemisynov/Develop/dita-formats-demo/dita-ot-3.7.2/local.properties
49   [DEBUG] Unable to find property file: /Users/isemisynov/Develop/dita-formats-demo/dita-ot-3.7.2/local.properties
50   [DEBUG] Importing file /Users/isemisynov/Develop/dita-formats-demo/dita-ot-3.7.2/plugins/org.dita.base/build.xml from /Users/isemisynov/Develop/dita-formats-demo/dita-ot-3.7.2/build.xml
50   [DEBUG] Overriding previous definition of reference to ant.projectHelper
50   [DEBUG] parsing buildfile /Users/isemisynov/Develop/dita-formats-demo/dita-ot-3.7.2/plugins/org.dita.base/build.xml with URI = file:/Users/isemisynov/Develop/dita-formats-demo/dita-ot-3.7.2/plugins/org.dita.base/build.xml
58   [DEBUG] Importing file /Users/isemisynov/Develop/dita-formats-demo/dita-ot-3.7.2/plugins/org.dita.base/build_init.xml from /Users/isemisynov/Develop/dita-formats-demo/dita-ot-3.7.2/plugins/org.dita.base/build.xml
58   [DEBUG] Overriding previous definition of reference to ant.projectHelper
59   [DEBUG] parsing buildfile /Users/isemisynov/Develop/dita-formats-demo/dita-ot-3.7.2/plugins/org.dita.base/build_init.xml with URI = file:/Users/isemisynov/Develop/dita-formats-demo/dita-ot-3.7.2/plugins/org.dita.base/build_init.xml
60   [DEBUG] Loading /Users/isemisynov/Develop/dita-formats-demo/dita-ot-3.7.2/config/org.dita.dost.platform/plugin.properties
60   [DEBUG] Loading /Users/isemisynov/Develop/dita-formats-demo/dita-ot-3.7.2/config/configuration.properties
62   [DEBUG] creating macro  job-helper
62   [DEBUG] Overriding previous definition of reference to ant.projectHelper
62   [DEBUG] Importing file /Users/isemisynov/Develop/dita-formats-demo/dita-ot-3.7.2/plugins/org.dita.base/build_preprocess.xml from /Users/isemisynov/Develop/dita-formats-demo/dita-ot-3.7.2/plugins/org.dita.base/build.xml
62   [DEBUG] Overriding previous definition of reference to ant.projectHelper
63   [DEBUG] parsing buildfile /Users/isemisynov/Develop/dita-formats-demo/dita-ot-3.7.2/plugins/org.dita.base/build_preprocess.xml with URI = file:/Users/isemisynov/Develop/dita-formats-demo/dita-ot-3.7.2/plugins/org.dita.base/build_preprocess.xml
64   [DEBUG] Property "conserve-memory" has not been set
64   [DEBUG] Overriding previous definition of reference to ant.projectHelper
65   [DEBUG] Importing file /Users/isemisynov/Develop/dita-formats-demo/dita-ot-3.7.2/plugins/org.dita.base/build_preprocess2.xml from /Users/isemisynov/Develop/dita-formats-demo/dita-ot-3.7.2/plugins/org.dita.base/build.xml
65   [DEBUG] Overriding previous definition of reference to ant.projectHelper
65   [DEBUG] parsing buildfile /Users/isemisynov/Develop/dita-formats-demo/dita-ot-3.7.2/plugins/org.dita.base/build_preprocess2.xml with URI = file:/Users/isemisynov/Develop/dita-formats-demo/dita-ot-3.7.2/plugins/org.dita.base/build_preprocess2.xml
66   [DEBUG] Overriding previous definition of reference to ant.projectHelper
67   [DEBUG] Importing file /Users/isemisynov/Develop/dita-formats-demo/dita-ot-3.7.2/plugins/org.dita.xhtml/build_general.xml from /Users/isemisynov/Develop/dita-formats-demo/dita-ot-3.7.2/plugins/org.dita.base/build.xml
67   [DEBUG] Overriding previous definition of reference to ant.projectHelper
67   [DEBUG] parsing buildfile /Users/isemisynov/Develop/dita-formats-demo/dita-ot-3.7.2/plugins/org.dita.xhtml/build_general.xml with URI = file:/Users/isemisynov/Develop/dita-formats-demo/dita-ot-3.7.2/plugins/org.dita.xhtml/build_general.xml
68   [DEBUG] creating macro  topics.html
68   [DEBUG] Overriding previous definition of reference to ant.projectHelper
69   [DEBUG] Importing file /Users/isemisynov/Develop/dita-formats-demo/dita-ot-3.7.2/plugins/org.dita.xhtml/build_dita2xhtml.xml from /Users/isemisynov/Develop/dita-formats-demo/dita-ot-3.7.2/plugins/org.dita.base/build.xml
69   [DEBUG] Overriding previous definition of reference to ant.projectHelper
69   [DEBUG] parsing buildfile /Users/isemisynov/Develop/dita-formats-demo/dita-ot-3.7.2/plugins/org.dita.xhtml/build_dita2xhtml.xml with URI = file:/Users/isemisynov/Develop/dita-formats-demo/dita-ot-3.7.2/plugins/org.dita.xhtml/build_dita2xhtml.xml
70   [DEBUG] creating macro  map.html
70   [DEBUG] Overriding previous definition of reference to ant.projectHelper
70   [DEBUG] Importing file /Users/isemisynov/Develop/dita-formats-demo/dita-ot-3.7.2/plugins/org.dita.eclipsehelp/build_dita2eclipsehelp.xml from /Users/isemisynov/Develop/dita-formats-demo/dita-ot-3.7.2/plugins/org.dita.base/build.xml
70   [DEBUG] Overriding previous definition of reference to ant.projectHelper
71   [DEBUG] parsing buildfile /Users/isemisynov/Develop/dita-formats-demo/dita-ot-3.7.2/plugins/org.dita.eclipsehelp/build_dita2eclipsehelp.xml with URI = file:/Users/isemisynov/Develop/dita-formats-demo/dita-ot-3.7.2/plugins/org.dita.eclipsehelp/build_dita2eclipsehelp.xml
72   [DEBUG] Overriding previous definition of reference to ant.projectHelper
72   [DEBUG] Importing file /Users/isemisynov/Develop/dita-formats-demo/dita-ot-3.7.2/plugins/org.dita.html5/build_dita2html5.xml from /Users/isemisynov/Develop/dita-formats-demo/dita-ot-3.7.2/plugins/org.dita.base/build.xml
72   [DEBUG] Overriding previous definition of reference to ant.projectHelper
72   [DEBUG] parsing buildfile /Users/isemisynov/Develop/dita-formats-demo/dita-ot-3.7.2/plugins/org.dita.html5/build_dita2html5.xml with URI = file:/Users/isemisynov/Develop/dita-formats-demo/dita-ot-3.7.2/plugins/org.dita.html5/build_dita2html5.xml
73   [DEBUG] creating macro  html5.topics
73   [DEBUG] creating macro  html5.map
73   [DEBUG] Overriding previous definition of reference to ant.projectHelper
74   [DEBUG] Importing file /Users/isemisynov/Develop/dita-formats-demo/dita-ot-3.7.2/plugins/org.dita.htmlhelp/build_dita2htmlhelp.xml from /Users/isemisynov/Develop/dita-formats-demo/dita-ot-3.7.2/plugins/org.dita.base/build.xml
74   [DEBUG] Overriding previous definition of reference to ant.projectHelper
74   [DEBUG] parsing buildfile /Users/isemisynov/Develop/dita-formats-demo/dita-ot-3.7.2/plugins/org.dita.htmlhelp/build_dita2htmlhelp.xml with URI = file:/Users/isemisynov/Develop/dita-formats-demo/dita-ot-3.7.2/plugins/org.dita.htmlhelp/build_dita2htmlhelp.xml
75   [DEBUG] Overriding previous definition of reference to ant.projectHelper
75   [DEBUG] Importing file /Users/isemisynov/Develop/dita-formats-demo/dita-ot-3.7.2/plugins/org.dita.index/build.xml from /Users/isemisynov/Develop/dita-formats-demo/dita-ot-3.7.2/plugins/org.dita.base/build.xml
75   [DEBUG] Overriding previous definition of reference to ant.projectHelper
75   [DEBUG] parsing buildfile /Users/isemisynov/Develop/dita-formats-demo/dita-ot-3.7.2/plugins/org.dita.index/build.xml with URI = file:/Users/isemisynov/Develop/dita-formats-demo/dita-ot-3.7.2/plugins/org.dita.index/build.xml
76   [DEBUG] Overriding previous definition of reference to ant.projectHelper
76   [DEBUG] Importing file /Users/isemisynov/Develop/dita-formats-demo/dita-ot-3.7.2/plugins/org.dita.pdf2/build.xml from /Users/isemisynov/Develop/dita-formats-demo/dita-ot-3.7.2/plugins/org.dita.base/build.xml
76   [DEBUG] Overriding previous definition of reference to ant.projectHelper
76   [DEBUG] parsing buildfile /Users/isemisynov/Develop/dita-formats-demo/dita-ot-3.7.2/plugins/org.dita.pdf2/build.xml with URI = file:/Users/isemisynov/Develop/dita-formats-demo/dita-ot-3.7.2/plugins/org.dita.pdf2/build.xml
77   [DEBUG] Overriding previous definition of reference to ant.projectHelper
78   [DEBUG] Importing file /Users/isemisynov/Develop/dita-formats-demo/dita-ot-3.7.2/plugins/org.dita.pdf2.axf/build.xml from /Users/isemisynov/Develop/dita-formats-demo/dita-ot-3.7.2/plugins/org.dita.base/build.xml
78   [DEBUG] Overriding previous definition of reference to ant.projectHelper
78   [DEBUG] parsing buildfile /Users/isemisynov/Develop/dita-formats-demo/dita-ot-3.7.2/plugins/org.dita.pdf2.axf/build.xml with URI = file:/Users/isemisynov/Develop/dita-formats-demo/dita-ot-3.7.2/plugins/org.dita.pdf2.axf/build.xml
79   [DEBUG] Overriding previous definition of reference to ant.projectHelper
79   [DEBUG] Importing file /Users/isemisynov/Develop/dita-formats-demo/dita-ot-3.7.2/plugins/org.dita.pdf2.fop/build_fop.xml from /Users/isemisynov/Develop/dita-formats-demo/dita-ot-3.7.2/plugins/org.dita.base/build.xml
80   [DEBUG] Overriding previous definition of reference to ant.projectHelper
80   [DEBUG] parsing buildfile /Users/isemisynov/Develop/dita-formats-demo/dita-ot-3.7.2/plugins/org.dita.pdf2.fop/build_fop.xml with URI = file:/Users/isemisynov/Develop/dita-formats-demo/dita-ot-3.7.2/plugins/org.dita.pdf2.fop/build_fop.xml
81   [DEBUG] Overriding previous definition of reference to ant.projectHelper
81   [DEBUG] Importing file /Users/isemisynov/Develop/dita-formats-demo/dita-ot-3.7.2/plugins/org.dita.pdf2.xep/build.xml from /Users/isemisynov/Develop/dita-formats-demo/dita-ot-3.7.2/plugins/org.dita.base/build.xml
81   [DEBUG] Overriding previous definition of reference to ant.projectHelper
82   [DEBUG] parsing buildfile /Users/isemisynov/Develop/dita-formats-demo/dita-ot-3.7.2/plugins/org.dita.pdf2.xep/build.xml with URI = file:/Users/isemisynov/Develop/dita-formats-demo/dita-ot-3.7.2/plugins/org.dita.pdf2.xep/build.xml
82   [DEBUG] Overriding previous definition of reference to ant.projectHelper
82   [DEBUG] Importing file /Users/isemisynov/Develop/dita-formats-demo/dita-ot-3.7.2/plugins/org.dita.normalize/build.xml from /Users/isemisynov/Develop/dita-formats-demo/dita-ot-3.7.2/plugins/org.dita.base/build.xml
82   [DEBUG] Overriding previous definition of reference to ant.projectHelper
83   [DEBUG] parsing buildfile /Users/isemisynov/Develop/dita-formats-demo/dita-ot-3.7.2/plugins/org.dita.normalize/build.xml with URI = file:/Users/isemisynov/Develop/dita-formats-demo/dita-ot-3.7.2/plugins/org.dita.normalize/build.xml
83   [DEBUG] Overriding previous definition of reference to ant.projectHelper
83   [DEBUG] Importing file /Users/isemisynov/Develop/dita-formats-demo/dita-ot-3.7.2/plugins/org.lwdita/build-markdown.xml from /Users/isemisynov/Develop/dita-formats-demo/dita-ot-3.7.2/plugins/org.dita.base/build.xml
84   [DEBUG] Overriding previous definition of reference to ant.projectHelper
84   [DEBUG] parsing buildfile /Users/isemisynov/Develop/dita-formats-demo/dita-ot-3.7.2/plugins/org.lwdita/build-markdown.xml with URI = file:/Users/isemisynov/Develop/dita-formats-demo/dita-ot-3.7.2/plugins/org.lwdita/build-markdown.xml
85   [DEBUG] creating macro  markdown.map
85   [DEBUG] creating macro  markdown.topics
85   [DEBUG] Overriding previous definition of reference to ant.projectHelper
85   [DEBUG] Importing file /Users/isemisynov/Develop/dita-formats-demo/dita-ot-3.7.2/plugins/org.lwdita/build-html.xml from /Users/isemisynov/Develop/dita-formats-demo/dita-ot-3.7.2/plugins/org.dita.base/build.xml
85   [DEBUG] Overriding previous definition of reference to ant.projectHelper
86   [DEBUG] parsing buildfile /Users/isemisynov/Develop/dita-formats-demo/dita-ot-3.7.2/plugins/org.lwdita/build-html.xml with URI = file:/Users/isemisynov/Develop/dita-formats-demo/dita-ot-3.7.2/plugins/org.lwdita/build-html.xml
86   [DEBUG] Overriding previous definition of reference to ant.projectHelper
86   [DEBUG] Overriding previous definition of reference to ant.projectHelper
86   [DEBUG] Build sequence for target(s) `dita2dita' is [init-properties, check-arg, log-arg, build-init, preprocess.init, ditaval-merge, gen-list, debug-filter, mapref-check, mapref, branch-filter, keyref, copy-to, conrefpush, conref, profile-check, profile, topic-fragment, chunk-check, chunk, move-meta-entries, maplink-check, maplink, topicpull-check, topicpull, clean-map-check, clean-map, clean-preprocess, copy-image, copy-html, copy-flag-check, copy-flag, copy-files, preprocess, dita2dita]
87   [DEBUG] Complete build sequence is [init-properties, check-arg, log-arg, build-init, preprocess.init, ditaval-merge, gen-list, debug-filter, mapref-check, mapref, branch-filter, keyref, copy-to, conrefpush, conref, profile-check, profile, topic-fragment, chunk-check, chunk, move-meta-entries, maplink-check, maplink, topicpull-check, topicpull, clean-map-check, clean-map, clean-preprocess, copy-image, copy-html, copy-flag-check, copy-flag, copy-files, preprocess, dita2dita, dita2pdf2.init, dita.index.eclipsehelp.init, ditaot-preprocess.mapref-check, transform.topic2pdf.init, preview.topic.pdf.init, copyCoreArtwork, transform.fo2pdf.xep.test-use, transform.fo2pdf.xep.init, transform.fo2pdf.fop.test-use, transform.fo2pdf.fop.init, transform.fo2pdf.ah.test-use, transform.fo2pdf.ah.init, transform.topic2fo.init, org.dita.index.init, org.dita.index, transform.topic2fo.main, transform.topic2fo.i18n.filter, transform.topic2fo.i18n.no-filter, transform.topic2fo.i18n, transform.topic2fo, transform.fo2pdf.xep, transform.fo2pdf.fop, transform.fo2pdf.ah, transform.fo2pdf, transform.topic2pdf, dita.build.preview.topic.pdf, ditaot-preprocess.maplink-check, markdown_github.init, markdown.init, markdown.topics.common, markdown.topics.common.inner, markdown.topic, markdown.map.init, markdown.map.toc, markdown.map, dita2markdown, dita2normalize.dita2markdown_github, dita2normalize.markdown.topics.common, ditaot-init.check-arg, org.dita.pdf2.xep.transform.fo2pdf.xep, dita2htmlhelp.init, ditaot-preprocess.profile-check, dita2html5.html5.map.toc, html5.map.init, html5.map.toc, dita2html5.html5.map, ditaot-preprocess2.map-conrefpush, dita2eclipsehelp.dita.map.eclipse.plugin.init, dita.map.eclipse.plugin.init, dita.map.eclipse.plugin, ditaot-preprocess.debug-filter, dita.map.eclipse.fragment.move.files, dita2normalize.dita.out.map.hdita.toc, xhtml.init, xhtml.image-metadata, htmlhelp.topics, ditaot-init.build-init, dita2xhtml.copy-css-user, ditaot-preprocess.copy-to, ditaot-preprocess.keyref, ditaot-preprocess.copy-flag-check, ditaot-preprocess2.topic-keyref, transform.topic2fo.index.init, dita.build.transform.topic2fo.index, ditaot-preprocess2.topic-maplink, preprocess2.init, map-reader, map-mapref, map-branch-filter, map-keyref, map-conrefpush, map-conref, map-profile-check, map-profile, preprocess2.maps, topic-reader, topic-branch-filter, topic-keyref, topic-copy-to, topic-conrefpush, topic-conref, topic-profile-check, topic-profile, preprocess2.topic-fragment, topic-chunk, topic-move-meta-entries, topic-maplink, topic-topicpull, preprocess2.topics, map-clean-map, copy-image2, copy-files2, preprocess2, build_generaltargets.output-css-warn-message, ditaot-preprocess2.topic-reader, ditaot-preprocess.chunk, dita.topics.html.common, dita.build.transform.topic2fo.i18n.filter, org.dita.pdf2.axf.transform.fo2pdf.ah.nooption, ditaot-preprocess2.topic-branch-filter, build_generaltargets.xhtml.image-metadata, dita2normalize.dita.topics.hdita.common, dita.map.xhtml.init, dita.map.xhtml.toc, dita.map.xhtml, dita.map.eclipse.toc, dita.build.transform.topic2fo.i18n, org.dita.pdf2.axf.transform.fo2pdf.ah, html5.topic.init, org.dita.pdf2.xep.transform.fo2pdf.xep.test-use, ditaot-preprocess2.preprocess2.topic-fragment, markdown_gitbook.init, dita2eclipsehelp.dita.map.eclipse.fragment.language.init, ditaot-preprocess.preprocess.init, copy-revflag, ditaot-preprocess.clean-map, dita2xhtml.init, map2pdf2, topic2pdf2, dita.build.dita2pdf2, hdita.init, ditaot-preprocess.clean-preprocess, dita2xhtml.dita.out.map.xhtml.toc, org.dita.pdf2.xep.transform.fo2pdf.xep.init, ditaot-preprocess2.preprocess2, org.dita.pdf2.axf.transform.fo2pdf.ah.test-use, ditaot-preprocess.maplink, ditaot-init.init-properties, ditaot-preprocess.preprocess, use-init.envhhcdir, use-init.hhcdir, htmlhelp.copy-image, copy-css, dita2htmlhelp.dita2htmlhelp, publish.map.pdf.init, dita2xhtml.dita.map.xhtml, copy-plugin-files, ditaot-preprocess2.map-clean-map, dita2pdf2, dita.build.dita2pdf, ditaot-preprocess.conrefpush, dita.map.eclipse.init, dita2eclipsehelp.dita.map.eclipse.fragment.error, ditaot-preprocess.branch-filter, dita.map.hdita.init, dita2eclipsehelp.copy-plugin-files, dita.build.transform.fo2pdf, html5.init, dita2eclipsehelp.dita.out.map.eclipse.plugin, build.eclipse.jar, org.dita.pdf2.fop.transform.fo2pdf.fop, dita.build.transform.topic2pdf.init, ditaot-preprocess2.map-mapref, dita.map.eclipse.fragment.language.init, ditaot-preprocess.gen-list, build_generaltargets.dita.topics.html.common, dita2htmlhelp.use-init.hhcdir, dita.build.publish.map.pdf, html5.topics.common.inner, dita2normalize.hdita.init, DOST.init, DOST.help, transform.fo2pdf.ah.nooption, dita.inner.topics.hdita.common, dita2htmlhelp.dita.htmlhelp.convertlang, ditaot-preprocess2.topic-topicpull, dita2eclipsehelp.dita.out.map.eclipse.toc, dita2normalize.markdown.init, html5.image-metadata, html5.topics.common, dita2html5.html5.topic, ditaot-preprocess.chunk-check, dita2normalize.markdown_gitbook.init, dita2htmlhelp.org.dita.index, build_generaltargets.dita.inner.topics.html.common, html5.topic, preprocess2-topic, ditaot-preprocess2.map-profile-check, dita.out.map.eclipse.plugin.properties, dita2eclipsehelp.dita.map.eclipse.index, ditaot-preprocess.profile, dita2normalize.markdown.topics.common.inner, dita.map.eclipse.fragment.language.country.init, dita2eclipsehelp.dita.map.eclipse.plugin.properties, ditaot-preprocess.copy-files, dita.inner.topics.html.common, build_generaltargets.xhtml.topics, org.dita.pdf2.fop.transform.fo2pdf.fop.test-use, dita2htmlhelp.dita2htmlhelp.init, dita.map.htmlhelp.init, ditaot-preprocess2.map-conref, dita.map.eclipse.index, dita.map.eclipse.plugin.properties, dita.map.eclipse.manifest.file, dita.out.map.eclipse.manifest.file, dita.out.map.eclipse.toc, dita.out.map.eclipse.index, dita.out.map.eclipse.plugin, dita.out.map.eclipse.fragment.move.files, dita.map.eclipse.genetrate.fragment, ditaot-preprocess.topicpull-check, init, help, ditaot-preprocess2.preprocess2-topic, dita.map.eclipse.fragment.error, ditaot-preprocess2.map-reader, ditaot-init.log-arg, dita2xhtml.copy-css, dita2normalize.markdown.map.toc, ditaot-preprocess.move-meta-entries, dita2markdown_gitbook, dita.build.transform.topic2fo, html5.css, preview.topic.pdf, transform.topic2fo.index, dita2eclipsehelp.dita.map.eclipse.init, xhtml.topics, dita2xhtml.dita2xhtml, ditaot-preprocess2.topic-move-meta-entries, dita2normalize.dita.inner.topics.hdita.common, dita2normalize.markdown_github.init, dita2eclipsehelp.dita.map.eclipse.toc, dita2normalize.dita2dita, ditaot-preprocess.copy-html, dita2normalize.markdown.topic, dita2html5.html5.topic.init, dita.topics.hdita.common, dita.map.hdita.toc, dita.out.map.hdita.toc, dita2normalize.dita2hdita, dita.map.eclipse.generate.plugin, clean-temp, dita2xhtml.dita2xhtml.init, ditaot-preprocess.copy-image, ditaot-preprocess.ditaval-merge, dita.map.htmlhelp.hhp, dita.map.htmlhelp.hhc, dita.map.htmlhelp.hhk, dita.htmlhelp.convertlang, compile.HTML.Help, dita.map.htmlhelp, dita2html5.html5.init, build_generaltargets.xhtml.init, dita2html5.html5.topics.common.inner, dita2xhtml.dita.map.xhtml.toc, org.dita.pdf2.fop.transform.fo2pdf.fop.init, dita2eclipsehelp.dita.out.map.eclipse.index, ditaot-preprocess2.preprocess2.maps, dita2eclipsehelp.build.eclipse.jar, ditaot-preprocess2.map-branch-filter, dita2normalize.markdown.map.init, dita2htmlhelp.compile.HTML.Help, dita.build.transform.topic2fo.index.init, dita2htmlhelp.dita.map.htmlhelp, html5.map, dita2html5, dita2html5.html5.map.init, ditaot-preprocess.mapref, dita2eclipsehelp.dita.out.map.eclipse.manifest.file, dita.build.transform.topic2fo.main, ditaot-preprocess.clean-map-check, dita2normalize.dita.map.hdita.toc, dita2eclipsehelp.dita.map.eclipse.genetrate.fragment, dita2eclipsehelp.dita.map.eclipse.fragment.language.country.init, dita.build.publish.map.pdf.init, ditaot-preprocess2.copy-image2, ditaot-preprocess.clean-temp, dita.build.dita2pdf2.init, dita2normalize.dita2markdown_gitbook, dita2eclipsehelp.dita.map.eclipse.manifest.file, dita2eclipsehelp.dita.out.map.eclipse.fragment.move.files, html5.copy-css-user, dita.eclipsehelp.init, dita2htmlhelp.org.dita.index.init, dita2hdita, dita2normalize.markdown.map, dita.build.transform.topic2fo.init, dita.out.map.xhtml.toc, ditaot-preprocess.copy-flag, dita2htmlhelp.htmlhelp.topics, dita2xhtml, dita2eclipsehelp.dita.index.eclipsehelp.init, org.dita.pdf2.axf.transform.fo2pdf.ah.hasoption, dita2eclipsehelp.dita.map.eclipse.generate.plugin, dita.build.preview.topic.pdf.init, ditaot-preprocess2.map-keyref, dita2htmlhelp.dita.map.htmlhelp.init, transform.fo2pdf.ah.hasoption, dita2eclipsehelp.dita.map.eclipse.plugin, ditaot-preprocess2.copy-files2, dita2pdf, ditaot-preprocess.conref, ditaot-preprocess2.topic-conref, dita.build.transform.topic2fo.i18n.no-filter, dita.build.copyCoreArtwork, dita2normalize.dita2markdown, dita2xhtml.copy-revflag, dita.build.transform.topic2pdf, dita2markdown_github, ditaot-preprocess.topic-fragment, ditaot-preprocess2.topic-conrefpush, dita.map.eclipse, dita2eclipsehelp.dita2eclipsehelp, ditaot-preprocess2.preprocess2.topics, dita2html5.html5.css, dita2eclipsehelp, dita2eclipsehelp.dita.map.eclipse, dita.build.topic2pdf2, dita2eclipsehelp.dita.map.eclipse.fragment.move.files, dita2html5.html5.copy-css-user, dita2normalize.dita.map.hdita.init, dita2htmlhelp.dita.map.htmlhelp.hhp, ditaot-preprocess2.map-profile, ditaot-preprocess.topicpull, ditaot-preprocess2.topic-profile-check, dita2htmlhelp.dita.map.htmlhelp.hhk, output-css-warn-message, dita2htmlhelp.dita.map.htmlhelp.hhc, dita2html5.html5.image-metadata, dita2htmlhelp.htmlhelp.copy-image, dita2htmlhelp.use-init.envhhcdir, copy-css-user, dita2htmlhelp, dita2eclipsehelp.dita.out.map.eclipse.plugin.properties, dita.build.map2pdf2, dita2html5.html5.topics.common, ditaot-preprocess2.topic-copy-to, dita2html5.dita2html5, org.dita.pdf2.axf.transform.fo2pdf.ah.init, ditaot-preprocess2.topic-chunk, dita2eclipsehelp.dita.eclipsehelp.init, ditaot-preprocess2.preprocess2.init, publish.map.pdf, dita2xhtml.dita.map.xhtml.init, , ditaot-preprocess2.topic-profile]
88   [DEBUG] Override ignored for property "base.temp.dir"
88   [DEBUG] Override ignored for property "dita.temp.dir"
88   [DEBUG] Override ignored for property "output.dir"
88   [DEBUG] Property "temp.output.dir.name" has not been set
88   [INFO ] Initializing project
90   [DEBUG] Loading Environment env.
90   [DEBUG] Property "args.xsl" has not been set
90   [DEBUG] Property "args.xsl" has not been set
91   [DEBUG] Property "args.outext" has not been set
91   [DEBUG] Property "args.outext" has not been set
91   [DEBUG] Property "args.outext" has not been set
91   [DEBUG] Property "args.outext" has not been set
91   [DEBUG] Skipping /Users/isemisynov/Develop/dita-formats-demo/output/markdown/dita because it already exists.
91   [INFO ] Deleting directory /Users/isemisynov/Develop/dita-formats-demo/tmp/1653650808850
92   [DEBUG] Deleting directory /Users/isemisynov/Develop/dita-formats-demo/tmp/1653650808850
92   [INFO ] Created dir: /Users/isemisynov/Develop/dita-formats-demo/tmp/1653650808850
93   [DEBUG] Property "args.rellinks" has not been set
93   [DEBUG] Property "args.rellinks" has not been set
93   [DEBUG] Property "args.hide.parent.link" has not been set
93   [DEBUG] Property "args.rellinks" has not been set
93   [DEBUG] Property "args.rellinks" has not been set
94   [DEBUG] Property "org.xml.sax.driver" has not been set
94   [DEBUG] Unable to load class org.apache.crimson.parser.XMLReaderImpl
95   [DEBUG] Unable to load class net.sf.saxon.StyleSheet
95   [INFO ] *****************************************************************
95   [INFO ] * basedir = /Users/isemisynov/Develop/dita-formats-demo/dita-ot-3.7.2
95   [INFO ] * dita.dir = /Users/isemisynov/Develop/dita-formats-demo/dita-ot-3.7.2
95   [INFO ] * transtype = dita
95   [INFO ] * tempdir = /Users/isemisynov/Develop/dita-formats-demo/tmp/1653650808850
95   [INFO ] * outputdir = /Users/isemisynov/Develop/dita-formats-demo/output/markdown/dita
95   [DEBUG] Property "clean.temp" has not been set
95   [INFO ] * clean.temp = ${clean.temp}
95   [INFO ] * DITA-OT version = 3.7.2
96   [INFO ] * XML parser = Xerces
96   [INFO ] * XSLT processor = Saxon
96   [INFO ] * collator = ICU
96   [INFO ] *****************************************************************
97   [INFO ] #Ant properties
97   [INFO ] #Fri May 27 14:26:48 MSK 2022
97   [INFO ] args.grammar.cache=yes
97   [INFO ] args.input=file\:/Users/isemisynov/Develop/dita-formats-demo/demo-input/markdown/demo-markdown.ditamap
97   [INFO ] args.xml.systemid.set=yes
97   [INFO ] dita.dir=/Users/isemisynov/Develop/dita-formats-demo/dita-ot-3.7.2
97   [INFO ] dita.output.dir=/Users/isemisynov/Develop/dita-formats-demo/output/markdown/dita
97   [INFO ] dita.plugin.org.dita.base.dir=/Users/isemisynov/Develop/dita-formats-demo/dita-ot-3.7.2/plugins/org.dita.base
97   [INFO ] dita.plugin.org.dita.eclipsehelp.dir=/Users/isemisynov/Develop/dita-formats-demo/dita-ot-3.7.2/plugins/org.dita.eclipsehelp
97   [INFO ] dita.plugin.org.dita.html5.dir=/Users/isemisynov/Develop/dita-formats-demo/dita-ot-3.7.2/plugins/org.dita.html5
97   [INFO ] dita.plugin.org.dita.htmlhelp.dir=/Users/isemisynov/Develop/dita-formats-demo/dita-ot-3.7.2/plugins/org.dita.htmlhelp
97   [INFO ] dita.plugin.org.dita.index.dir=/Users/isemisynov/Develop/dita-formats-demo/dita-ot-3.7.2/plugins/org.dita.index
97   [INFO ] dita.plugin.org.dita.normalize.dir=/Users/isemisynov/Develop/dita-formats-demo/dita-ot-3.7.2/plugins/org.dita.normalize
97   [INFO ] dita.plugin.org.dita.pdf2.axf.dir=/Users/isemisynov/Develop/dita-formats-demo/dita-ot-3.7.2/plugins/org.dita.pdf2.axf
97   [INFO ] dita.plugin.org.dita.pdf2.dir=/Users/isemisynov/Develop/dita-formats-demo/dita-ot-3.7.2/plugins/org.dita.pdf2
97   [INFO ] dita.plugin.org.dita.pdf2.fop.dir=/Users/isemisynov/Develop/dita-formats-demo/dita-ot-3.7.2/plugins/org.dita.pdf2.fop
97   [INFO ] dita.plugin.org.dita.pdf2.xep.dir=/Users/isemisynov/Develop/dita-formats-demo/dita-ot-3.7.2/plugins/org.dita.pdf2.xep
97   [INFO ] dita.plugin.org.dita.specialization.dita11.dir=/Users/isemisynov/Develop/dita-formats-demo/dita-ot-3.7.2/plugins/org.dita.specialization.dita11
97   [INFO ] dita.plugin.org.dita.xhtml.dir=/Users/isemisynov/Develop/dita-formats-demo/dita-ot-3.7.2/plugins/org.dita.xhtml
97   [INFO ] dita.plugin.org.lwdita.dir=/Users/isemisynov/Develop/dita-formats-demo/dita-ot-3.7.2/plugins/org.lwdita
97   [INFO ] dita.plugin.org.oasis-open.dita.techcomm.v2_0.dir=/Users/isemisynov/Develop/dita-formats-demo/dita-ot-3.7.2/plugins/org.oasis-open.dita.techcomm.v2_0
97   [INFO ] dita.plugin.org.oasis-open.dita.v1_2.dir=/Users/isemisynov/Develop/dita-formats-demo/dita-ot-3.7.2/plugins/org.oasis-open.dita.v1_2
97   [INFO ] dita.plugin.org.oasis-open.dita.v1_3.dir=/Users/isemisynov/Develop/dita-formats-demo/dita-ot-3.7.2/plugins/org.oasis-open.dita.v1_3
97   [INFO ] dita.plugin.org.oasis-open.dita.v2_0.dir=/Users/isemisynov/Develop/dita-formats-demo/dita-ot-3.7.2/plugins/org.oasis-open.dita.v2_0
97   [INFO ] dita.plugin.org.oasis-open.xdita.v0_2_2.dir=/Users/isemisynov/Develop/dita-formats-demo/dita-ot-3.7.2/plugins/org.oasis-open.xdita.v0_2_2
97   [INFO ] dita.temp.dir=/Users/isemisynov/Develop/dita-formats-demo/tmp/1653650808850
97   [INFO ] *****************************************************************
98   [DEBUG] Set property dita.map.filename.root = demo-markdown
98   [INFO ] *****************************************************************
99   [INFO ] * input = file:/Users/isemisynov/Develop/dita-formats-demo/demo-input/markdown/demo-markdown.ditamap
99   [DEBUG] Property "args.resources" has not been set
99   [INFO ] * resources = ${args.resources}
99   [INFO ] *****************************************************************
100  [DEBUG] Job not found from Ant project reference
100  [INFO ] Using Xerces grammar pool for DTD and schema caching.
100  [INFO ] Processing file:/Users/isemisynov/Develop/dita-formats-demo/demo-input/markdown/demo-markdown.ditamap
101  [INFO ] Processing file:/Users/isemisynov/Develop/dita-formats-demo/demo-input/markdown/demo-markdown-topic1.md
168  [INFO ] Processing file:/Users/isemisynov/Develop/dita-formats-demo/demo-input/markdown/demo-markdown-topic2.md
237  [INFO ] Serializing job specification
239  [DEBUG] GenMapAndTopicListModule processing took 139 ms
240  [INFO ] Using Xerces grammar pool for DTD and schema caching.
241  [INFO ] Processing file:/Users/isemisynov/Develop/dita-formats-demo/demo-input/markdown/demo-markdown.ditamap to file:/Users/isemisynov/Develop/dita-formats-demo/tmp/1653650808850/demo-markdown.ditamap
243  [INFO ] Processing file:/Users/isemisynov/Develop/dita-formats-demo/demo-input/markdown/demo-markdown-topic2.md to file:/Users/isemisynov/Develop/dita-formats-demo/tmp/1653650808850/demo-markdown-topic2.md
309  [INFO ] Processing file:/Users/isemisynov/Develop/dita-formats-demo/demo-input/markdown/demo-markdown-topic1.md to file:/Users/isemisynov/Develop/dita-formats-demo/tmp/1653650808850/demo-markdown-topic1.md
372  [DEBUG] DebugAndFilterModule processing took 132 ms
372  [DEBUG] Overriding previous definition of property "transtypes"
372  [DEBUG] Overriding previous definition of property "parser.md"
372  [DEBUG] Overriding previous definition of property "plugin.org.dita.specialization.dita11.dir"
372  [DEBUG] Overriding previous definition of property "parser.hdita"
372  [DEBUG] Overriding previous definition of property "cli.color"
372  [DEBUG] Overriding previous definition of property "plugin.org.dita.pdf2.dir"
372  [DEBUG] Overriding previous definition of property "print_transtypes"
372  [DEBUG] Overriding previous definition of property "supported_resource_extensions"
373  [DEBUG] Overriding previous definition of property "plugin.org.dita.xhtml.dir"
373  [DEBUG] Overriding previous definition of property "plugin.org.dita.index.dir"
373  [DEBUG] Overriding previous definition of property "supported_html_extensions"
373  [DEBUG] Overriding previous definition of property "plugin.order"
373  [DEBUG] Overriding previous definition of property "otrelease"
373  [DEBUG] Overriding previous definition of property "supported_image_extensions"
373  [DEBUG] Overriding previous definition of property "org.dita.pdf2.i18n.enabled"
373  [DEBUG] Overriding previous definition of property "plugin.org.dita.html5.dir"
373  [DEBUG] Overriding previous definition of property "default.cascade"
373  [DEBUG] Overriding previous definition of property "plugin.org.oasis-open.xdita.v0_2_2.dir"
373  [DEBUG] Overriding previous definition of property "plugin.org.dita.eclipsehelp.dir"
373  [DEBUG] Overriding previous definition of property "plugin.org.dita.htmlhelp.dir"
373  [DEBUG] Overriding previous definition of property "temp-file-name-scheme"
373  [DEBUG] Overriding previous definition of property "plugin.org.dita.base.dir"
373  [DEBUG] Overriding previous definition of property "plugindirs"
373  [DEBUG] Overriding previous definition of property "parser.mdita"
373  [DEBUG] Overriding previous definition of property "plugin.ignores"
373  [DEBUG] Overriding previous definition of property "registry"
373  [DEBUG] Overriding previous definition of property "plugin.org.dita.pdf2.axf.dir"
373  [DEBUG] Overriding previous definition of property "plugin.org.dita.normalize.dir"
373  [DEBUG] Overriding previous definition of property "plugin.org.oasis-open.dita.techcomm.v2_0.dir"
373  [DEBUG] Overriding previous definition of property "plugin.org.oasis-open.dita.v1_2.dir"
373  [DEBUG] Overriding previous definition of property "plugin.org.dita.pdf2.fop.dir"
373  [DEBUG] Overriding previous definition of property "plugin.org.lwdita.dir"
373  [DEBUG] Overriding previous definition of property "plugin.org.dita.pdf2.xep.dir"
373  [DEBUG] Overriding previous definition of property "plugin.org.oasis-open.dita.v2_0.dir"
373  [DEBUG] Overriding previous definition of property "otversion"
374  [DEBUG] Overriding previous definition of property "plugin.org.oasis-open.dita.v1_3.dir"
374  [DEBUG] Overriding previous definition of property "parser.markdown"
374  [DEBUG] Scanning for demo-markdown.ditamap
374  [DEBUG] Found temporary directory file /Users/isemisynov/Develop/dita-formats-demo/tmp/1653650808850/demo-markdown.ditamap
374  [DEBUG] Set property inputMapPath = file:/Users/isemisynov/Develop/dita-formats-demo/tmp/1653650808850/demo-markdown.ditamap
374  [DEBUG] Property "dita.preprocess.reloadstylesheet" has not been set
410  [INFO ] Processing file:/Users/isemisynov/Develop/dita-formats-demo/tmp/1653650808850/demo-markdown.ditamap
415  [DEBUG] MaprefModule processing took 40 ms
415  [INFO ] Processing file:/Users/isemisynov/Develop/dita-formats-demo/tmp/1653650808850/demo-markdown.ditamap
416  [DEBUG] Reading file:/Users/isemisynov/Develop/dita-formats-demo/tmp/1653650808850/demo-markdown.ditamap
416  [DEBUG] Split branches and generate copy-to
416  [DEBUG] Filter map
416  [DEBUG] Rewrite duplicate topic references
416  [DEBUG] Filter topics and generate copies
416  [DEBUG] Remove obsolete references
416  [DEBUG] Filter existing topics
416  [DEBUG] Writing file:/Users/isemisynov/Develop/dita-formats-demo/tmp/1653650808850/demo-markdown.ditamap
418  [DEBUG] BranchFilterModule processing took 3 ms
419  [DEBUG] KeyrefModule processing took 0 ms
419  [INFO ] Transforming into /Users/isemisynov/Develop/dita-formats-demo/tmp/1653650808850
419  [INFO ] Loading stylesheet file:/Users/isemisynov/Develop/dita-formats-demo/dita-ot-3.7.2/plugins/org.dita.base/xsl/preprocess/mapref.xsl
433  [DEBUG] Apache resolver library found, xml-commons resolver will be used
470  [INFO ] Loading stylesheet file:/Users/isemisynov/Develop/dita-formats-demo/dita-ot-3.7.2/plugins/org.dita.base/xsl/preprocess/mapref.xsl
470  [DEBUG] Set parameter keep-submap-href to 'false'
470  [DEBUG] Set parameter child-topicref-warning to 'false'
470  [DEBUG] Set parameter TRANSTYPE to 'dita'
470  [DEBUG] Set parameter file-being-processed to 'demo-markdown.ditamap'
470  [INFO ] Processing file:/Users/isemisynov/Develop/dita-formats-demo/tmp/1653650808850/demo-markdown.ditamap
473  [DEBUG] XsltModule processing took 54 ms
476  [DEBUG] CopyToModule processing took 3 ms
476  [DEBUG] ConrefPushModule processing took 0 ms
476  [DEBUG] Property "dita.preprocess.reloadstylesheet" has not been set
477  [DEBUG] Setting exportfile.url to URL file:/Users/isemisynov/Develop/dita-formats-demo/tmp/1653650808850/export.xml
477  [DEBUG] XsltModule processing took 0 ms
477  [DEBUG] Skipped because property 'preprocess.profile.skip' set.
478  [INFO ] Processing file:/Users/isemisynov/Develop/dita-formats-demo/tmp/1653650808850/demo-markdown-topic2.md
478  [DEBUG] Configure filter org.dita.dost.writer.TopicFragmentFilter
478  [DEBUG] Configure filter org.dita.dost.writer.NormalizeTableFilter
478  [DEBUG] Configure filter org.dita.dost.writer.NormalizeSimpleTableFilter
478  [DEBUG] Configure filter org.dita.dost.writer.CoderefResolver
478  [DEBUG] Configure filter org.dita.dost.writer.NormalizeCodeblock
480  [INFO ] Processing file:/Users/isemisynov/Develop/dita-formats-demo/tmp/1653650808850/demo-markdown-topic1.md
480  [DEBUG] Configure filter org.dita.dost.writer.TopicFragmentFilter
480  [DEBUG] Configure filter org.dita.dost.writer.NormalizeTableFilter
480  [DEBUG] Configure filter org.dita.dost.writer.NormalizeSimpleTableFilter
480  [DEBUG] Configure filter org.dita.dost.writer.CoderefResolver
480  [DEBUG] Configure filter org.dita.dost.writer.NormalizeCodeblock
482  [DEBUG] XmlFilterModule processing took 4 ms
483  [INFO ] Processing file:/Users/isemisynov/Develop/dita-formats-demo/tmp/1653650808850/demo-markdown.ditamap
484  [DEBUG] Writing file:/Users/isemisynov/Develop/dita-formats-demo/tmp/1653650808850/demo-markdown.ditamap
485  [DEBUG] ChunkModule processing took 2 ms
485  [INFO ] Processing file:/Users/isemisynov/Develop/dita-formats-demo/tmp/1653650808850/demo-markdown.ditamap
487  [DEBUG] ChunkModule processing took 2 ms
487  [DEBUG] Scanning for demo-markdown-topic2.md
487  [DEBUG] Found temporary directory file /Users/isemisynov/Develop/dita-formats-demo/tmp/1653650808850/demo-markdown-topic2.md
487  [DEBUG] Scanning for demo-markdown-topic1.md
487  [DEBUG] Found temporary directory file /Users/isemisynov/Develop/dita-formats-demo/tmp/1653650808850/demo-markdown-topic1.md
487  [DEBUG] Set property inputTopicPath = file:/Users/isemisynov/Develop/dita-formats-demo/tmp/1653650808850/demo-markdown-topic2.md:file:/Users/isemisynov/Develop/dita-formats-demo/tmp/1653650808850/demo-markdown-topic1.md
488  [INFO ] Processing file:/Users/isemisynov/Develop/dita-formats-demo/tmp/1653650808850/demo-markdown.ditamap
489  [DEBUG] Writing file:/Users/isemisynov/Develop/dita-formats-demo/tmp/1653650808850/demo-markdown.ditamap
489  [INFO ] Loading stylesheet /Users/isemisynov/Develop/dita-formats-demo/dita-ot-3.7.2/plugins/org.dita.base/xsl/preprocess/mappull.xsl
545  [INFO ] Processing file:/Users/isemisynov/Develop/dita-formats-demo/tmp/1653650808850/demo-markdown.ditamap
545  [DEBUG] Processing file:/Users/isemisynov/Develop/dita-formats-demo/tmp/1653650808850/demo-markdown.ditamap to file:/Users/isemisynov/Develop/dita-formats-demo/tmp/1653650808850/demo-markdown.ditamap.tmp1653650809394
545  [DEBUG] Set parameter basedir to '/Users/isemisynov/Develop/dita-formats-demo/dita-ot-3.7.2'
545  [DEBUG] Set parameter style to '/Users/isemisynov/Develop/dita-formats-demo/dita-ot-3.7.2/plugins/org.dita.base/xsl/preprocess/mappull.xsl'
545  [DEBUG] Set parameter conserve-memory to 'false'
545  [DEBUG] Set parameter message to 'Move metadata entries.'
545  [DEBUG] Set parameter inputmap to 'demo-markdown.ditamap'
648  [DEBUG] Moving file:/Users/isemisynov/Develop/dita-formats-demo/tmp/1653650808850/demo-markdown.ditamap.tmp1653650809394 to file:/Users/isemisynov/Develop/dita-formats-demo/tmp/1653650808850/demo-markdown.ditamap
648  [DEBUG] MoveMetaModule processing took 160 ms
649  [DEBUG] Property "dita.preprocess.reloadstylesheet" has not been set
703  [DEBUG] MoveLinksModule processing took 54 ms
703  [DEBUG] Property "dita.preprocess.reloadstylesheet" has not been set
704  [INFO ] Transforming into /Users/isemisynov/Develop/dita-formats-demo/tmp/1653650808850
704  [INFO ] Loading stylesheet file:/Users/isemisynov/Develop/dita-formats-demo/dita-ot-3.7.2/plugins/org.dita.base/xsl/preprocess/topicpull.xsl
760  [INFO ] Loading stylesheet file:/Users/isemisynov/Develop/dita-formats-demo/dita-ot-3.7.2/plugins/org.dita.base/xsl/preprocess/topicpull.xsl
760  [DEBUG] Set parameter ONLYTOPICINMAP to 'false'
760  [DEBUG] Set parameter defaultLanguage to 'en'
760  [INFO ] Processing file:/Users/isemisynov/Develop/dita-formats-demo/tmp/1653650808850/demo-markdown-topic2.md
764  [DEBUG] Set parameter ONLYTOPICINMAP to 'false'
764  [DEBUG] Set parameter defaultLanguage to 'en'
764  [INFO ] Processing file:/Users/isemisynov/Develop/dita-formats-demo/tmp/1653650808850/demo-markdown-topic1.md
766  [DEBUG] XsltModule processing took 62 ms
766  [DEBUG] Property "dita.preprocess.reloadstylesheet" has not been set
767  [INFO ] Transforming into /Users/isemisynov/Develop/dita-formats-demo/tmp/1653650808850
767  [INFO ] Loading stylesheet file:/Users/isemisynov/Develop/dita-formats-demo/dita-ot-3.7.2/plugins/org.dita.base/xsl/preprocess/clean-map.xsl
787  [INFO ] Loading stylesheet file:/Users/isemisynov/Develop/dita-formats-demo/dita-ot-3.7.2/plugins/org.dita.base/xsl/preprocess/clean-map.xsl
787  [INFO ] Processing file:/Users/isemisynov/Develop/dita-formats-demo/tmp/1653650808850/demo-markdown.ditamap
790  [DEBUG] XsltModule processing took 23 ms
791  [DEBUG] CleanPreprocessModule processing took 1 ms
792  [DEBUG] Overriding previous definition of property "user.input.dir"
792  [DEBUG] Overriding previous definition of property "transtypes"
792  [DEBUG] Overriding previous definition of property "parser.md"
792  [DEBUG] Overriding previous definition of property "plugin.org.dita.specialization.dita11.dir"
792  [DEBUG] Overriding previous definition of property "crawl"
792  [DEBUG] Overriding previous definition of property "parser.hdita"
792  [DEBUG] Overriding previous definition of property "cli.color"
792  [DEBUG] Overriding previous definition of property "user.input.file"
792  [DEBUG] Overriding previous definition of property "plugin.org.dita.pdf2.dir"
792  [DEBUG] Overriding previous definition of property "print_transtypes"
792  [DEBUG] Overriding previous definition of property "onlytopicinmap"
792  [DEBUG] Overriding previous definition of property "supported_resource_extensions"
792  [DEBUG] Overriding previous definition of property "plugin.org.dita.xhtml.dir"
792  [DEBUG] Overriding previous definition of property "plugin.org.dita.index.dir"
792  [DEBUG] Overriding previous definition of property "relflagimagelist"
793  [DEBUG] Overriding previous definition of property "supported_html_extensions"
793  [DEBUG] Overriding previous definition of property "plugin.order"
793  [DEBUG] Overriding previous definition of property "otrelease"
793  [DEBUG] Overriding previous definition of property "supported_image_extensions"
793  [DEBUG] Overriding previous definition of property "InputMapDir"
793  [DEBUG] Overriding previous definition of property "org.dita.pdf2.i18n.enabled"
793  [DEBUG] Overriding previous definition of property "user.input.dir.uri"
793  [DEBUG] Overriding previous definition of property "plugin.org.dita.html5.dir"
793  [DEBUG] Overriding previous definition of property "generatecopyouter"
793  [DEBUG] Overriding previous definition of property "default.cascade"
793  [DEBUG] Overriding previous definition of property "plugin.org.oasis-open.xdita.v0_2_2.dir"
793  [DEBUG] Overriding previous definition of property "plugin.org.dita.eclipsehelp.dir"
793  [DEBUG] Overriding previous definition of property "outputdir"
793  [DEBUG] Overriding previous definition of property "plugin.org.dita.htmlhelp.dir"
793  [DEBUG] Overriding previous definition of property "temp-file-name-scheme"
793  [DEBUG] Overriding previous definition of property "plugin.org.dita.base.dir"
793  [DEBUG] Overriding previous definition of property "plugindirs"
793  [DEBUG] Overriding previous definition of property "parser.mdita"
793  [DEBUG] Overriding previous definition of property "user.input.file.listfile"
793  [DEBUG] Overriding previous definition of property "outercontrol"
793  [DEBUG] Overriding previous definition of property "plugin.ignores"
793  [DEBUG] Overriding previous definition of property "relflagimagefile"
793  [DEBUG] Overriding previous definition of property "user.input.file.uri"
793  [DEBUG] Overriding previous definition of property "registry"
793  [DEBUG] Overriding previous definition of property "plugin.org.dita.pdf2.axf.dir"
793  [DEBUG] Overriding previous definition of property "plugin.org.dita.normalize.dir"
793  [DEBUG] Overriding previous definition of property "plugin.org.oasis-open.dita.techcomm.v2_0.dir"
793  [DEBUG] Overriding previous definition of property "plugin.org.oasis-open.dita.v1_2.dir"
793  [DEBUG] Overriding previous definition of property "InputMapDir.uri"
793  [DEBUG] Overriding previous definition of property "plugin.org.dita.pdf2.fop.dir"
793  [DEBUG] Overriding previous definition of property "plugin.org.lwdita.dir"
793  [DEBUG] Overriding previous definition of property "plugin.org.dita.pdf2.xep.dir"
793  [DEBUG] Overriding previous definition of property "tempdirToinputmapdir.relative.value"
793  [DEBUG] Overriding previous definition of property "plugin.org.oasis-open.dita.v2_0.dir"
793  [DEBUG] Overriding previous definition of property "otversion"
793  [DEBUG] Overriding previous definition of property "plugin.org.oasis-open.dita.v1_3.dir"
793  [DEBUG] Overriding previous definition of property "parser.markdown"
793  [DEBUG] Overriding previous definition of property "uplevels"
794  [DEBUG] Skipped because property 'preprocess.copy-flag.skip' set.
794  [DEBUG] Setting output.dir.uri to URL file:/Users/isemisynov/Develop/dita-formats-demo/output/markdown/dita/
794  [DEBUG] Using class org.apache.tools.ant.taskdefs.optional.TraXLiaison
794  [INFO ] Processing /Users/isemisynov/Develop/dita-formats-demo/tmp/1653650808850/.job.xml to /Users/isemisynov/Develop/dita-formats-demo/tmp/1653650808850/.job.xml.temp
794  [INFO ] Loading stylesheet /Users/isemisynov/Develop/dita-formats-demo/dita-ot-3.7.2/plugins/org.dita.normalize/xsl/normalize.xsl
835  [DEBUG] Apache resolver library found, xml-commons resolver will be used
932  [INFO ] Deleting: /Users/isemisynov/Develop/dita-formats-demo/tmp/1653650808850/.job.xml.temp
