0    [DEBUG] Detected Java version: 18 in: /Library/Java/JavaVirtualMachines/jdk-18.jdk/Contents/Home
0    [DEBUG] Detected OS: Mac OS X
1    [DEBUG] Project base dir set to: /Users/isemisynov/Develop/dita-formats-demo/dita-ot-3.7.2
1    [DEBUG] parsing buildfile /Users/isemisynov/Develop/dita-formats-demo/dita-ot-3.7.2/build.xml with URI = file:/Users/isemisynov/Develop/dita-formats-demo/dita-ot-3.7.2/build.xml
2    [DEBUG] Project base dir set to: /Users/isemisynov/Develop/dita-formats-demo/dita-ot-3.7.2
45   [DEBUG] parsing buildfile jar:file:/Users/isemisynov/Develop/dita-formats-demo/dita-ot-3.7.2/lib/ant.jar!/org/apache/tools/ant/antlib.xml with URI = jar:file:/Users/isemisynov/Develop/dita-formats-demo/dita-ot-3.7.2/lib/ant.jar!/org/apache/tools/ant/antlib.xml from a zip file
95   [DEBUG] parsing buildfile jar:file:/Users/isemisynov/.gradle/caches/modules-2/files-2.1/org.apache.ant/ant/1.10.12/be08c4f63e92e03bac761404cf77bc270928b6c5/ant-1.10.12.jar!/org/apache/tools/ant/antlib.xml with URI = jar:file:/Users/isemisynov/.gradle/caches/modules-2/files-2.1/org.apache.ant/ant/1.10.12/be08c4f63e92e03bac761404cf77bc270928b6c5/ant-1.10.12.jar!/org/apache/tools/ant/antlib.xml from a zip file
97   [DEBUG] Override ignored for property "dita.dir"
97   [DEBUG] Override ignored for property "dita.dir"
97   [DEBUG] Loading /Users/isemisynov/Develop/dita-formats-demo/dita-ot-3.7.2/local.properties
97   [DEBUG] Unable to find property file: /Users/isemisynov/Develop/dita-formats-demo/dita-ot-3.7.2/local.properties
98   [DEBUG] Importing file /Users/isemisynov/Develop/dita-formats-demo/dita-ot-3.7.2/plugins/org.dita.base/build.xml from /Users/isemisynov/Develop/dita-formats-demo/dita-ot-3.7.2/build.xml
98   [DEBUG] Overriding previous definition of reference to ant.projectHelper
98   [DEBUG] parsing buildfile /Users/isemisynov/Develop/dita-formats-demo/dita-ot-3.7.2/plugins/org.dita.base/build.xml with URI = file:/Users/isemisynov/Develop/dita-formats-demo/dita-ot-3.7.2/plugins/org.dita.base/build.xml
105  [DEBUG] Importing file /Users/isemisynov/Develop/dita-formats-demo/dita-ot-3.7.2/plugins/org.dita.base/build_init.xml from /Users/isemisynov/Develop/dita-formats-demo/dita-ot-3.7.2/plugins/org.dita.base/build.xml
105  [DEBUG] Overriding previous definition of reference to ant.projectHelper
105  [DEBUG] parsing buildfile /Users/isemisynov/Develop/dita-formats-demo/dita-ot-3.7.2/plugins/org.dita.base/build_init.xml with URI = file:/Users/isemisynov/Develop/dita-formats-demo/dita-ot-3.7.2/plugins/org.dita.base/build_init.xml
106  [DEBUG] Loading /Users/isemisynov/Develop/dita-formats-demo/dita-ot-3.7.2/config/org.dita.dost.platform/plugin.properties
107  [DEBUG] Loading /Users/isemisynov/Develop/dita-formats-demo/dita-ot-3.7.2/config/configuration.properties
108  [DEBUG] creating macro  job-helper
108  [DEBUG] Overriding previous definition of reference to ant.projectHelper
108  [DEBUG] Importing file /Users/isemisynov/Develop/dita-formats-demo/dita-ot-3.7.2/plugins/org.dita.base/build_preprocess.xml from /Users/isemisynov/Develop/dita-formats-demo/dita-ot-3.7.2/plugins/org.dita.base/build.xml
108  [DEBUG] Overriding previous definition of reference to ant.projectHelper
109  [DEBUG] parsing buildfile /Users/isemisynov/Develop/dita-formats-demo/dita-ot-3.7.2/plugins/org.dita.base/build_preprocess.xml with URI = file:/Users/isemisynov/Develop/dita-formats-demo/dita-ot-3.7.2/plugins/org.dita.base/build_preprocess.xml
110  [DEBUG] Property "conserve-memory" has not been set
110  [DEBUG] Overriding previous definition of reference to ant.projectHelper
110  [DEBUG] Importing file /Users/isemisynov/Develop/dita-formats-demo/dita-ot-3.7.2/plugins/org.dita.base/build_preprocess2.xml from /Users/isemisynov/Develop/dita-formats-demo/dita-ot-3.7.2/plugins/org.dita.base/build.xml
110  [DEBUG] Overriding previous definition of reference to ant.projectHelper
110  [DEBUG] parsing buildfile /Users/isemisynov/Develop/dita-formats-demo/dita-ot-3.7.2/plugins/org.dita.base/build_preprocess2.xml with URI = file:/Users/isemisynov/Develop/dita-formats-demo/dita-ot-3.7.2/plugins/org.dita.base/build_preprocess2.xml
111  [DEBUG] Overriding previous definition of reference to ant.projectHelper
111  [DEBUG] Importing file /Users/isemisynov/Develop/dita-formats-demo/dita-ot-3.7.2/plugins/org.dita.xhtml/build_general.xml from /Users/isemisynov/Develop/dita-formats-demo/dita-ot-3.7.2/plugins/org.dita.base/build.xml
112  [DEBUG] Overriding previous definition of reference to ant.projectHelper
112  [DEBUG] parsing buildfile /Users/isemisynov/Develop/dita-formats-demo/dita-ot-3.7.2/plugins/org.dita.xhtml/build_general.xml with URI = file:/Users/isemisynov/Develop/dita-formats-demo/dita-ot-3.7.2/plugins/org.dita.xhtml/build_general.xml
112  [DEBUG] creating macro  topics.html
112  [DEBUG] Overriding previous definition of reference to ant.projectHelper
113  [DEBUG] Importing file /Users/isemisynov/Develop/dita-formats-demo/dita-ot-3.7.2/plugins/org.dita.xhtml/build_dita2xhtml.xml from /Users/isemisynov/Develop/dita-formats-demo/dita-ot-3.7.2/plugins/org.dita.base/build.xml
113  [DEBUG] Overriding previous definition of reference to ant.projectHelper
113  [DEBUG] parsing buildfile /Users/isemisynov/Develop/dita-formats-demo/dita-ot-3.7.2/plugins/org.dita.xhtml/build_dita2xhtml.xml with URI = file:/Users/isemisynov/Develop/dita-formats-demo/dita-ot-3.7.2/plugins/org.dita.xhtml/build_dita2xhtml.xml
114  [DEBUG] creating macro  map.html
114  [DEBUG] Overriding previous definition of reference to ant.projectHelper
114  [DEBUG] Importing file /Users/isemisynov/Develop/dita-formats-demo/dita-ot-3.7.2/plugins/org.dita.eclipsehelp/build_dita2eclipsehelp.xml from /Users/isemisynov/Develop/dita-formats-demo/dita-ot-3.7.2/plugins/org.dita.base/build.xml
114  [DEBUG] Overriding previous definition of reference to ant.projectHelper
114  [DEBUG] parsing buildfile /Users/isemisynov/Develop/dita-formats-demo/dita-ot-3.7.2/plugins/org.dita.eclipsehelp/build_dita2eclipsehelp.xml with URI = file:/Users/isemisynov/Develop/dita-formats-demo/dita-ot-3.7.2/plugins/org.dita.eclipsehelp/build_dita2eclipsehelp.xml
115  [DEBUG] Overriding previous definition of reference to ant.projectHelper
115  [DEBUG] Importing file /Users/isemisynov/Develop/dita-formats-demo/dita-ot-3.7.2/plugins/org.dita.html5/build_dita2html5.xml from /Users/isemisynov/Develop/dita-formats-demo/dita-ot-3.7.2/plugins/org.dita.base/build.xml
115  [DEBUG] Overriding previous definition of reference to ant.projectHelper
116  [DEBUG] parsing buildfile /Users/isemisynov/Develop/dita-formats-demo/dita-ot-3.7.2/plugins/org.dita.html5/build_dita2html5.xml with URI = file:/Users/isemisynov/Develop/dita-formats-demo/dita-ot-3.7.2/plugins/org.dita.html5/build_dita2html5.xml
116  [DEBUG] creating macro  html5.topics
116  [DEBUG] creating macro  html5.map
116  [DEBUG] Overriding previous definition of reference to ant.projectHelper
117  [DEBUG] Importing file /Users/isemisynov/Develop/dita-formats-demo/dita-ot-3.7.2/plugins/org.dita.htmlhelp/build_dita2htmlhelp.xml from /Users/isemisynov/Develop/dita-formats-demo/dita-ot-3.7.2/plugins/org.dita.base/build.xml
117  [DEBUG] Overriding previous definition of reference to ant.projectHelper
117  [DEBUG] parsing buildfile /Users/isemisynov/Develop/dita-formats-demo/dita-ot-3.7.2/plugins/org.dita.htmlhelp/build_dita2htmlhelp.xml with URI = file:/Users/isemisynov/Develop/dita-formats-demo/dita-ot-3.7.2/plugins/org.dita.htmlhelp/build_dita2htmlhelp.xml
117  [DEBUG] Overriding previous definition of reference to ant.projectHelper
118  [DEBUG] Importing file /Users/isemisynov/Develop/dita-formats-demo/dita-ot-3.7.2/plugins/org.dita.index/build.xml from /Users/isemisynov/Develop/dita-formats-demo/dita-ot-3.7.2/plugins/org.dita.base/build.xml
118  [DEBUG] Overriding previous definition of reference to ant.projectHelper
118  [DEBUG] parsing buildfile /Users/isemisynov/Develop/dita-formats-demo/dita-ot-3.7.2/plugins/org.dita.index/build.xml with URI = file:/Users/isemisynov/Develop/dita-formats-demo/dita-ot-3.7.2/plugins/org.dita.index/build.xml
118  [DEBUG] Overriding previous definition of reference to ant.projectHelper
119  [DEBUG] Importing file /Users/isemisynov/Develop/dita-formats-demo/dita-ot-3.7.2/plugins/org.dita.pdf2/build.xml from /Users/isemisynov/Develop/dita-formats-demo/dita-ot-3.7.2/plugins/org.dita.base/build.xml
119  [DEBUG] Overriding previous definition of reference to ant.projectHelper
119  [DEBUG] parsing buildfile /Users/isemisynov/Develop/dita-formats-demo/dita-ot-3.7.2/plugins/org.dita.pdf2/build.xml with URI = file:/Users/isemisynov/Develop/dita-formats-demo/dita-ot-3.7.2/plugins/org.dita.pdf2/build.xml
120  [DEBUG] Overriding previous definition of reference to ant.projectHelper
120  [DEBUG] Importing file /Users/isemisynov/Develop/dita-formats-demo/dita-ot-3.7.2/plugins/org.dita.pdf2.axf/build.xml from /Users/isemisynov/Develop/dita-formats-demo/dita-ot-3.7.2/plugins/org.dita.base/build.xml
120  [DEBUG] Overriding previous definition of reference to ant.projectHelper
121  [DEBUG] parsing buildfile /Users/isemisynov/Develop/dita-formats-demo/dita-ot-3.7.2/plugins/org.dita.pdf2.axf/build.xml with URI = file:/Users/isemisynov/Develop/dita-formats-demo/dita-ot-3.7.2/plugins/org.dita.pdf2.axf/build.xml
121  [DEBUG] Overriding previous definition of reference to ant.projectHelper
122  [DEBUG] Importing file /Users/isemisynov/Develop/dita-formats-demo/dita-ot-3.7.2/plugins/org.dita.pdf2.fop/build_fop.xml from /Users/isemisynov/Develop/dita-formats-demo/dita-ot-3.7.2/plugins/org.dita.base/build.xml
122  [DEBUG] Overriding previous definition of reference to ant.projectHelper
122  [DEBUG] parsing buildfile /Users/isemisynov/Develop/dita-formats-demo/dita-ot-3.7.2/plugins/org.dita.pdf2.fop/build_fop.xml with URI = file:/Users/isemisynov/Develop/dita-formats-demo/dita-ot-3.7.2/plugins/org.dita.pdf2.fop/build_fop.xml
123  [DEBUG] Overriding previous definition of reference to ant.projectHelper
123  [DEBUG] Importing file /Users/isemisynov/Develop/dita-formats-demo/dita-ot-3.7.2/plugins/org.dita.pdf2.xep/build.xml from /Users/isemisynov/Develop/dita-formats-demo/dita-ot-3.7.2/plugins/org.dita.base/build.xml
123  [DEBUG] Overriding previous definition of reference to ant.projectHelper
123  [DEBUG] parsing buildfile /Users/isemisynov/Develop/dita-formats-demo/dita-ot-3.7.2/plugins/org.dita.pdf2.xep/build.xml with URI = file:/Users/isemisynov/Develop/dita-formats-demo/dita-ot-3.7.2/plugins/org.dita.pdf2.xep/build.xml
124  [DEBUG] Overriding previous definition of reference to ant.projectHelper
124  [DEBUG] Importing file /Users/isemisynov/Develop/dita-formats-demo/dita-ot-3.7.2/plugins/org.dita.normalize/build.xml from /Users/isemisynov/Develop/dita-formats-demo/dita-ot-3.7.2/plugins/org.dita.base/build.xml
124  [DEBUG] Overriding previous definition of reference to ant.projectHelper
124  [DEBUG] parsing buildfile /Users/isemisynov/Develop/dita-formats-demo/dita-ot-3.7.2/plugins/org.dita.normalize/build.xml with URI = file:/Users/isemisynov/Develop/dita-formats-demo/dita-ot-3.7.2/plugins/org.dita.normalize/build.xml
124  [DEBUG] Overriding previous definition of reference to ant.projectHelper
125  [DEBUG] Importing file /Users/isemisynov/Develop/dita-formats-demo/dita-ot-3.7.2/plugins/org.lwdita/build-markdown.xml from /Users/isemisynov/Develop/dita-formats-demo/dita-ot-3.7.2/plugins/org.dita.base/build.xml
125  [DEBUG] Overriding previous definition of reference to ant.projectHelper
125  [DEBUG] parsing buildfile /Users/isemisynov/Develop/dita-formats-demo/dita-ot-3.7.2/plugins/org.lwdita/build-markdown.xml with URI = file:/Users/isemisynov/Develop/dita-formats-demo/dita-ot-3.7.2/plugins/org.lwdita/build-markdown.xml
126  [DEBUG] creating macro  markdown.map
126  [DEBUG] creating macro  markdown.topics
126  [DEBUG] Overriding previous definition of reference to ant.projectHelper
126  [DEBUG] Importing file /Users/isemisynov/Develop/dita-formats-demo/dita-ot-3.7.2/plugins/org.lwdita/build-html.xml from /Users/isemisynov/Develop/dita-formats-demo/dita-ot-3.7.2/plugins/org.dita.base/build.xml
126  [DEBUG] Overriding previous definition of reference to ant.projectHelper
126  [DEBUG] parsing buildfile /Users/isemisynov/Develop/dita-formats-demo/dita-ot-3.7.2/plugins/org.lwdita/build-html.xml with URI = file:/Users/isemisynov/Develop/dita-formats-demo/dita-ot-3.7.2/plugins/org.lwdita/build-html.xml
127  [DEBUG] Overriding previous definition of reference to ant.projectHelper
127  [DEBUG] Overriding previous definition of reference to ant.projectHelper
127  [DEBUG] Build sequence for target(s) `dita2pdf' is [dita2pdf2.init, init-properties, check-arg, log-arg, build-init, preprocess2.init, ditaval-merge, map-reader, map-mapref, map-branch-filter, map-keyref, map-conrefpush, map-conref, map-profile-check, map-profile, preprocess2.maps, topic-reader, topic-branch-filter, topic-keyref, topic-copy-to, topic-conrefpush, topic-conref, topic-profile-check, topic-profile, preprocess2.topic-fragment, topic-chunk, topic-move-meta-entries, topic-maplink, topic-topicpull, preprocess2.topics, map-clean-map, clean-preprocess, copy-image2, copy-html, copy-flag-check, copy-flag, copy-files2, preprocess2, map2pdf2, topic2pdf2, dita2pdf2, dita2pdf]
128  [DEBUG] Complete build sequence is [dita2pdf2.init, init-properties, check-arg, log-arg, build-init, preprocess2.init, ditaval-merge, map-reader, map-mapref, map-branch-filter, map-keyref, map-conrefpush, map-conref, map-profile-check, map-profile, preprocess2.maps, topic-reader, topic-branch-filter, topic-keyref, topic-copy-to, topic-conrefpush, topic-conref, topic-profile-check, topic-profile, preprocess2.topic-fragment, topic-chunk, topic-move-meta-entries, topic-maplink, topic-topicpull, preprocess2.topics, map-clean-map, clean-preprocess, copy-image2, copy-html, copy-flag-check, copy-flag, copy-files2, preprocess2, map2pdf2, topic2pdf2, dita2pdf2, dita2pdf, dita.index.eclipsehelp.init, ditaot-preprocess.mapref-check, conref, transform.topic2pdf.init, preview.topic.pdf.init, copyCoreArtwork, transform.fo2pdf.xep.test-use, transform.fo2pdf.xep.init, transform.fo2pdf.fop.test-use, transform.fo2pdf.fop.init, transform.fo2pdf.ah.test-use, transform.fo2pdf.ah.init, transform.topic2fo.init, org.dita.index.init, org.dita.index, transform.topic2fo.main, transform.topic2fo.i18n.filter, transform.topic2fo.i18n.no-filter, transform.topic2fo.i18n, transform.topic2fo, transform.fo2pdf.xep, transform.fo2pdf.fop, transform.fo2pdf.ah, transform.fo2pdf, transform.topic2pdf, dita.build.preview.topic.pdf, ditaot-preprocess.maplink-check, markdown_github.init, preprocess.init, gen-list, debug-filter, mapref-check, mapref, branch-filter, keyref, copy-to, conrefpush, profile-check, profile, topic-fragment, chunk-check, chunk, move-meta-entries, maplink-check, maplink, topicpull-check, topicpull, clean-map-check, clean-map, copy-image, copy-files, preprocess, markdown.init, markdown.topics.common, markdown.topics.common.inner, markdown.topic, markdown.map.init, markdown.map.toc, markdown.map, dita2markdown, dita2normalize.dita2markdown_github, dita2normalize.markdown.topics.common, ditaot-init.check-arg, dita2dita, org.dita.pdf2.xep.transform.fo2pdf.xep, dita2htmlhelp.init, ditaot-preprocess.profile-check, dita2html5.html5.map.toc, html5.map.init, html5.map.toc, dita2html5.html5.map, ditaot-preprocess2.map-conrefpush, dita2eclipsehelp.dita.map.eclipse.plugin.init, dita.map.eclipse.plugin.init, dita.map.eclipse.plugin, ditaot-preprocess.debug-filter, dita.map.eclipse.fragment.move.files, dita2normalize.dita.out.map.hdita.toc, xhtml.init, xhtml.image-metadata, htmlhelp.topics, ditaot-init.build-init, dita2xhtml.copy-css-user, ditaot-preprocess.copy-to, ditaot-preprocess.keyref, ditaot-preprocess.copy-flag-check, ditaot-preprocess2.topic-keyref, transform.topic2fo.index.init, dita.build.transform.topic2fo.index, ditaot-preprocess2.topic-maplink, build_generaltargets.output-css-warn-message, ditaot-preprocess2.topic-reader, ditaot-preprocess.chunk, dita.topics.html.common, dita.build.transform.topic2fo.i18n.filter, org.dita.pdf2.axf.transform.fo2pdf.ah.nooption, ditaot-preprocess2.topic-branch-filter, build_generaltargets.xhtml.image-metadata, dita2normalize.dita.topics.hdita.common, dita.map.xhtml.init, dita.map.xhtml.toc, dita.map.xhtml, dita.map.eclipse.toc, dita.build.transform.topic2fo.i18n, org.dita.pdf2.axf.transform.fo2pdf.ah, html5.topic.init, org.dita.pdf2.xep.transform.fo2pdf.xep.test-use, ditaot-preprocess2.preprocess2.topic-fragment, markdown_gitbook.init, dita2eclipsehelp.dita.map.eclipse.fragment.language.init, ditaot-preprocess.preprocess.init, copy-revflag, ditaot-preprocess.clean-map, dita2xhtml.init, dita.build.dita2pdf2, hdita.init, ditaot-preprocess.clean-preprocess, dita2xhtml.dita.out.map.xhtml.toc, org.dita.pdf2.xep.transform.fo2pdf.xep.init, ditaot-preprocess2.preprocess2, org.dita.pdf2.axf.transform.fo2pdf.ah.test-use, ditaot-preprocess.maplink, ditaot-init.init-properties, ditaot-preprocess.preprocess, use-init.envhhcdir, use-init.hhcdir, htmlhelp.copy-image, copy-css, dita2htmlhelp.dita2htmlhelp, publish.map.pdf.init, dita2xhtml.dita.map.xhtml, copy-plugin-files, ditaot-preprocess2.map-clean-map, dita.build.dita2pdf, ditaot-preprocess.conrefpush, dita.map.eclipse.init, dita2eclipsehelp.dita.map.eclipse.fragment.error, ditaot-preprocess.branch-filter, dita.map.hdita.init, dita2eclipsehelp.copy-plugin-files, dita.build.transform.fo2pdf, html5.init, dita2eclipsehelp.dita.out.map.eclipse.plugin, build.eclipse.jar, org.dita.pdf2.fop.transform.fo2pdf.fop, dita.build.transform.topic2pdf.init, ditaot-preprocess2.map-mapref, dita.map.eclipse.fragment.language.init, ditaot-preprocess.gen-list, build_generaltargets.dita.topics.html.common, dita2htmlhelp.use-init.hhcdir, dita.build.publish.map.pdf, html5.topics.common.inner, dita2normalize.hdita.init, DOST.init, DOST.help, transform.fo2pdf.ah.nooption, dita.inner.topics.hdita.common, dita2htmlhelp.dita.htmlhelp.convertlang, ditaot-preprocess2.topic-topicpull, dita2eclipsehelp.dita.out.map.eclipse.toc, dita2normalize.markdown.init, html5.image-metadata, html5.topics.common, dita2html5.html5.topic, ditaot-preprocess.chunk-check, dita2normalize.markdown_gitbook.init, dita2htmlhelp.org.dita.index, build_generaltargets.dita.inner.topics.html.common, html5.topic, preprocess2-topic, ditaot-preprocess2.map-profile-check, dita.out.map.eclipse.plugin.properties, dita2eclipsehelp.dita.map.eclipse.index, ditaot-preprocess.profile, dita2normalize.markdown.topics.common.inner, dita.map.eclipse.fragment.language.country.init, dita2eclipsehelp.dita.map.eclipse.plugin.properties, ditaot-preprocess.copy-files, dita.inner.topics.html.common, build_generaltargets.xhtml.topics, org.dita.pdf2.fop.transform.fo2pdf.fop.test-use, dita2htmlhelp.dita2htmlhelp.init, dita.map.htmlhelp.init, ditaot-preprocess2.map-conref, dita.map.eclipse.index, dita.map.eclipse.plugin.properties, dita.map.eclipse.manifest.file, dita.out.map.eclipse.manifest.file, dita.out.map.eclipse.toc, dita.out.map.eclipse.index, dita.out.map.eclipse.plugin, dita.out.map.eclipse.fragment.move.files, dita.map.eclipse.genetrate.fragment, ditaot-preprocess.topicpull-check, init, help, ditaot-preprocess2.preprocess2-topic, dita.map.eclipse.fragment.error, ditaot-preprocess2.map-reader, ditaot-init.log-arg, dita2xhtml.copy-css, dita2normalize.markdown.map.toc, ditaot-preprocess.move-meta-entries, dita2markdown_gitbook, dita.build.transform.topic2fo, html5.css, preview.topic.pdf, transform.topic2fo.index, dita2eclipsehelp.dita.map.eclipse.init, xhtml.topics, dita2xhtml.dita2xhtml, ditaot-preprocess2.topic-move-meta-entries, dita2normalize.dita.inner.topics.hdita.common, dita2normalize.markdown_github.init, dita2eclipsehelp.dita.map.eclipse.toc, dita2normalize.dita2dita, ditaot-preprocess.copy-html, dita2normalize.markdown.topic, dita2html5.html5.topic.init, dita.topics.hdita.common, dita.map.hdita.toc, dita.out.map.hdita.toc, dita2normalize.dita2hdita, dita.map.eclipse.generate.plugin, clean-temp, dita2xhtml.dita2xhtml.init, ditaot-preprocess.copy-image, ditaot-preprocess.ditaval-merge, dita.map.htmlhelp.hhp, dita.map.htmlhelp.hhc, dita.map.htmlhelp.hhk, dita.htmlhelp.convertlang, compile.HTML.Help, dita.map.htmlhelp, dita2html5.html5.init, build_generaltargets.xhtml.init, dita2html5.html5.topics.common.inner, dita2xhtml.dita.map.xhtml.toc, org.dita.pdf2.fop.transform.fo2pdf.fop.init, dita2eclipsehelp.dita.out.map.eclipse.index, ditaot-preprocess2.preprocess2.maps, dita2eclipsehelp.build.eclipse.jar, ditaot-preprocess2.map-branch-filter, dita2normalize.markdown.map.init, dita2htmlhelp.compile.HTML.Help, dita.build.transform.topic2fo.index.init, dita2htmlhelp.dita.map.htmlhelp, html5.map, dita2html5, dita2html5.html5.map.init, ditaot-preprocess.mapref, dita2eclipsehelp.dita.out.map.eclipse.manifest.file, dita.build.transform.topic2fo.main, ditaot-preprocess.clean-map-check, dita2normalize.dita.map.hdita.toc, dita2eclipsehelp.dita.map.eclipse.genetrate.fragment, dita2eclipsehelp.dita.map.eclipse.fragment.language.country.init, dita.build.publish.map.pdf.init, ditaot-preprocess2.copy-image2, ditaot-preprocess.clean-temp, dita.build.dita2pdf2.init, dita2normalize.dita2markdown_gitbook, dita2eclipsehelp.dita.map.eclipse.manifest.file, dita2eclipsehelp.dita.out.map.eclipse.fragment.move.files, html5.copy-css-user, dita.eclipsehelp.init, dita2htmlhelp.org.dita.index.init, dita2hdita, dita2normalize.markdown.map, dita.build.transform.topic2fo.init, dita.out.map.xhtml.toc, ditaot-preprocess.copy-flag, dita2htmlhelp.htmlhelp.topics, dita2xhtml, dita2eclipsehelp.dita.index.eclipsehelp.init, org.dita.pdf2.axf.transform.fo2pdf.ah.hasoption, dita2eclipsehelp.dita.map.eclipse.generate.plugin, dita.build.preview.topic.pdf.init, ditaot-preprocess2.map-keyref, dita2htmlhelp.dita.map.htmlhelp.init, transform.fo2pdf.ah.hasoption, dita2eclipsehelp.dita.map.eclipse.plugin, ditaot-preprocess2.copy-files2, ditaot-preprocess.conref, ditaot-preprocess2.topic-conref, dita.build.transform.topic2fo.i18n.no-filter, dita.build.copyCoreArtwork, dita2normalize.dita2markdown, dita2xhtml.copy-revflag, dita.build.transform.topic2pdf, dita2markdown_github, ditaot-preprocess.topic-fragment, ditaot-preprocess2.topic-conrefpush, dita.map.eclipse, dita2eclipsehelp.dita2eclipsehelp, ditaot-preprocess2.preprocess2.topics, dita2html5.html5.css, dita2eclipsehelp, dita2eclipsehelp.dita.map.eclipse, dita.build.topic2pdf2, dita2eclipsehelp.dita.map.eclipse.fragment.move.files, dita2html5.html5.copy-css-user, dita2normalize.dita.map.hdita.init, dita2htmlhelp.dita.map.htmlhelp.hhp, ditaot-preprocess2.map-profile, ditaot-preprocess.topicpull, ditaot-preprocess2.topic-profile-check, dita2htmlhelp.dita.map.htmlhelp.hhk, output-css-warn-message, dita2htmlhelp.dita.map.htmlhelp.hhc, dita2html5.html5.image-metadata, dita2htmlhelp.htmlhelp.copy-image, dita2htmlhelp.use-init.envhhcdir, copy-css-user, dita2htmlhelp, dita2eclipsehelp.dita.out.map.eclipse.plugin.properties, dita.build.map2pdf2, dita2html5.html5.topics.common, ditaot-preprocess2.topic-copy-to, dita2html5.dita2html5, org.dita.pdf2.axf.transform.fo2pdf.ah.init, ditaot-preprocess2.topic-chunk, dita2eclipsehelp.dita.eclipsehelp.init, ditaot-preprocess2.preprocess2.init, publish.map.pdf, dita2xhtml.dita.map.xhtml.init, , ditaot-preprocess2.topic-profile]
128  [DEBUG] Property "pdf.formatter" has not been set
128  [DEBUG] Property "pdf.formatter" has not been set
128  [DEBUG] Property "pdf.formatter" has not been set
128  [DEBUG] Property "pdf.formatter" has not been set
128  [DEBUG] Property "pdf.formatter" has not been set
128  [DEBUG] Property "args.xsl.pdf" has not been set
128  [DEBUG] Property "args.xsl.pdf" has not been set
129  [DEBUG] Property "org.dita.pdf2.chunk.enabled" has not been set
129  [DEBUG] Override ignored for property "base.temp.dir"
129  [DEBUG] Override ignored for property "dita.temp.dir"
129  [DEBUG] Override ignored for property "output.dir"
129  [DEBUG] Property "temp.output.dir.name" has not been set
129  [INFO ] Initializing project
130  [DEBUG] Loading Environment env.
131  [DEBUG] Property "args.xsl" has not been set
131  [DEBUG] Property "args.xsl" has not been set
131  [DEBUG] Property "args.outext" has not been set
131  [DEBUG] Property "args.outext" has not been set
131  [DEBUG] Property "args.outext" has not been set
131  [DEBUG] Property "args.outext" has not been set
131  [DEBUG] Skipping /Users/isemisynov/Develop/dita-formats-demo/output/markdown/pdf because it already exists.
132  [INFO ] Deleting directory /Users/isemisynov/Develop/dita-formats-demo/tmp/1653650812246
132  [DEBUG] Deleting directory /Users/isemisynov/Develop/dita-formats-demo/tmp/1653650812246
132  [INFO ] Created dir: /Users/isemisynov/Develop/dita-formats-demo/tmp/1653650812246
133  [DEBUG] Property "args.hide.parent.link" has not been set
133  [DEBUG] Property "org.xml.sax.driver" has not been set
134  [DEBUG] Unable to load class org.apache.crimson.parser.XMLReaderImpl
134  [DEBUG] Unable to load class net.sf.saxon.StyleSheet
134  [INFO ] *****************************************************************
134  [INFO ] * basedir = /Users/isemisynov/Develop/dita-formats-demo/dita-ot-3.7.2
134  [INFO ] * dita.dir = /Users/isemisynov/Develop/dita-formats-demo/dita-ot-3.7.2
134  [INFO ] * transtype = pdf
134  [INFO ] * tempdir = /Users/isemisynov/Develop/dita-formats-demo/tmp/1653650812246
134  [INFO ] * outputdir = /Users/isemisynov/Develop/dita-formats-demo/output/markdown/pdf
134  [DEBUG] Property "clean.temp" has not been set
135  [INFO ] * clean.temp = ${clean.temp}
135  [INFO ] * DITA-OT version = 3.7.2
135  [INFO ] * XML parser = Xerces
135  [INFO ] * XSLT processor = Saxon
135  [INFO ] * collator = ICU
135  [INFO ] *****************************************************************
136  [INFO ] #Ant properties
136  [INFO ] #Fri May 27 14:26:52 MSK 2022
136  [INFO ] args.grammar.cache=yes
136  [INFO ] args.input=file\:/Users/isemisynov/Develop/dita-formats-demo/demo-input/markdown/demo-markdown.ditamap
136  [INFO ] args.rellinks=nofamily
136  [INFO ] args.xml.systemid.set=yes
136  [INFO ] dita.dir=/Users/isemisynov/Develop/dita-formats-demo/dita-ot-3.7.2
136  [INFO ] dita.output.dir=/Users/isemisynov/Develop/dita-formats-demo/output/markdown/pdf
136  [INFO ] dita.plugin.org.dita.base.dir=/Users/isemisynov/Develop/dita-formats-demo/dita-ot-3.7.2/plugins/org.dita.base
136  [INFO ] dita.plugin.org.dita.eclipsehelp.dir=/Users/isemisynov/Develop/dita-formats-demo/dita-ot-3.7.2/plugins/org.dita.eclipsehelp
136  [INFO ] dita.plugin.org.dita.html5.dir=/Users/isemisynov/Develop/dita-formats-demo/dita-ot-3.7.2/plugins/org.dita.html5
136  [INFO ] dita.plugin.org.dita.htmlhelp.dir=/Users/isemisynov/Develop/dita-formats-demo/dita-ot-3.7.2/plugins/org.dita.htmlhelp
136  [INFO ] dita.plugin.org.dita.index.dir=/Users/isemisynov/Develop/dita-formats-demo/dita-ot-3.7.2/plugins/org.dita.index
136  [INFO ] dita.plugin.org.dita.normalize.dir=/Users/isemisynov/Develop/dita-formats-demo/dita-ot-3.7.2/plugins/org.dita.normalize
136  [INFO ] dita.plugin.org.dita.pdf2.axf.dir=/Users/isemisynov/Develop/dita-formats-demo/dita-ot-3.7.2/plugins/org.dita.pdf2.axf
136  [INFO ] dita.plugin.org.dita.pdf2.dir=/Users/isemisynov/Develop/dita-formats-demo/dita-ot-3.7.2/plugins/org.dita.pdf2
136  [INFO ] dita.plugin.org.dita.pdf2.fop.dir=/Users/isemisynov/Develop/dita-formats-demo/dita-ot-3.7.2/plugins/org.dita.pdf2.fop
136  [INFO ] dita.plugin.org.dita.pdf2.xep.dir=/Users/isemisynov/Develop/dita-formats-demo/dita-ot-3.7.2/plugins/org.dita.pdf2.xep
136  [INFO ] dita.plugin.org.dita.specialization.dita11.dir=/Users/isemisynov/Develop/dita-formats-demo/dita-ot-3.7.2/plugins/org.dita.specialization.dita11
136  [INFO ] dita.plugin.org.dita.xhtml.dir=/Users/isemisynov/Develop/dita-formats-demo/dita-ot-3.7.2/plugins/org.dita.xhtml
136  [INFO ] dita.plugin.org.lwdita.dir=/Users/isemisynov/Develop/dita-formats-demo/dita-ot-3.7.2/plugins/org.lwdita
136  [INFO ] dita.plugin.org.oasis-open.dita.techcomm.v2_0.dir=/Users/isemisynov/Develop/dita-formats-demo/dita-ot-3.7.2/plugins/org.oasis-open.dita.techcomm.v2_0
136  [INFO ] dita.plugin.org.oasis-open.dita.v1_2.dir=/Users/isemisynov/Develop/dita-formats-demo/dita-ot-3.7.2/plugins/org.oasis-open.dita.v1_2
136  [INFO ] dita.plugin.org.oasis-open.dita.v1_3.dir=/Users/isemisynov/Develop/dita-formats-demo/dita-ot-3.7.2/plugins/org.oasis-open.dita.v1_3
136  [INFO ] dita.plugin.org.oasis-open.dita.v2_0.dir=/Users/isemisynov/Develop/dita-formats-demo/dita-ot-3.7.2/plugins/org.oasis-open.dita.v2_0
136  [INFO ] dita.plugin.org.oasis-open.xdita.v0_2_2.dir=/Users/isemisynov/Develop/dita-formats-demo/dita-ot-3.7.2/plugins/org.oasis-open.xdita.v0_2_2
136  [INFO ] dita.temp.dir=/Users/isemisynov/Develop/dita-formats-demo/tmp/1653650812246
136  [INFO ] preprocess.chunk.skip=true
136  [INFO ] preprocess.copy-flag.skip=true
136  [INFO ] preprocess.copy-image.skip=true
136  [INFO ] *****************************************************************
136  [DEBUG] Override ignored for property "clean-preprocess.use-result-filename"
137  [DEBUG] Set property dita.map.filename.root = demo-markdown
137  [INFO ] *****************************************************************
137  [INFO ] * input = file:/Users/isemisynov/Develop/dita-formats-demo/demo-input/markdown/demo-markdown.ditamap
137  [DEBUG] Property "args.resources" has not been set
137  [INFO ] * resources = ${args.resources}
137  [INFO ] *****************************************************************
139  [DEBUG] Job not found from Ant project reference
140  [INFO ] Using Xerces grammar pool for DTD and schema caching.
140  [INFO ] Processing file:/Users/isemisynov/Develop/dita-formats-demo/demo-input/markdown/demo-markdown.ditamap to file:/Users/isemisynov/Develop/dita-formats-demo/tmp/1653650812246/4682a7a37b54571dc65dff2911c4db6f4ab27dab.ditamap
143  [INFO ] Serializing job specification
145  [DEBUG] MapReaderModule processing took 5 ms
145  [DEBUG] Scanning for 4682a7a37b54571dc65dff2911c4db6f4ab27dab.ditamap
145  [DEBUG] Found temporary directory file /Users/isemisynov/Develop/dita-formats-demo/tmp/1653650812246/4682a7a37b54571dc65dff2911c4db6f4ab27dab.ditamap
145  [DEBUG] Set property inputMapPath = file:/Users/isemisynov/Develop/dita-formats-demo/tmp/1653650812246/4682a7a37b54571dc65dff2911c4db6f4ab27dab.ditamap
145  [DEBUG] Property "dita.preprocess.reloadstylesheet" has not been set
145  [DEBUG] Property "user.input.file" has not been set
174  [INFO ] Processing file:/Users/isemisynov/Develop/dita-formats-demo/tmp/1653650812246/4682a7a37b54571dc65dff2911c4db6f4ab27dab.ditamap
178  [DEBUG] MaprefModule processing took 32 ms
178  [INFO ] Processing file:/Users/isemisynov/Develop/dita-formats-demo/tmp/1653650812246/4682a7a37b54571dc65dff2911c4db6f4ab27dab.ditamap
178  [DEBUG] Reading file:/Users/isemisynov/Develop/dita-formats-demo/tmp/1653650812246/4682a7a37b54571dc65dff2911c4db6f4ab27dab.ditamap
179  [DEBUG] Split branches and generate copy-to
179  [DEBUG] Filter map
179  [DEBUG] Loading subject schemes
179  [DEBUG] Rewrite duplicate topic references
179  [DEBUG] Writing file:/Users/isemisynov/Develop/dita-formats-demo/tmp/1653650812246/4682a7a37b54571dc65dff2911c4db6f4ab27dab.ditamap
180  [DEBUG] MapBranchFilterModule processing took 2 ms
180  [DEBUG] KeyrefModule processing took 0 ms
211  [INFO ] Processing file:/Users/isemisynov/Develop/dita-formats-demo/tmp/1653650812246/4682a7a37b54571dc65dff2911c4db6f4ab27dab.ditamap
215  [DEBUG] MaprefModule processing took 35 ms
216  [DEBUG] ConrefPushModule processing took 0 ms
216  [DEBUG] Property "dita.preprocess.reloadstylesheet" has not been set
216  [DEBUG] Setting exportfile.url to URL file:/Users/isemisynov/Develop/dita-formats-demo/tmp/1653650812246/export.xml
216  [DEBUG] XsltModule processing took 0 ms
217  [INFO ] Processing /Users/isemisynov/Develop/dita-formats-demo/tmp/1653650812246/4682a7a37b54571dc65dff2911c4db6f4ab27dab.ditamap
220  [DEBUG] FilterModule processing took 4 ms
221  [INFO ] Using Xerces grammar pool for DTD and schema caching.
221  [DEBUG] Reading file:/Users/isemisynov/Develop/dita-formats-demo/tmp/1653650812246/4682a7a37b54571dc65dff2911c4db6f4ab27dab.ditamap
222  [DEBUG] Loading subject schemes
222  [INFO ] Reading file:/Users/isemisynov/Develop/dita-formats-demo/tmp/1653650812246/4682a7a37b54571dc65dff2911c4db6f4ab27dab.ditamap
223  [INFO ] Processing file:/Users/isemisynov/Develop/dita-formats-demo/demo-input/markdown/demo-markdown-topic1.md to file:/Users/isemisynov/Develop/dita-formats-demo/tmp/1653650812246/5a7bcca56bc99a016d034441fbf6e2d4388bffd8.md
280  [INFO ] Processing file:/Users/isemisynov/Develop/dita-formats-demo/demo-input/markdown/demo-markdown-topic2.md to file:/Users/isemisynov/Develop/dita-formats-demo/tmp/1653650812246/76b5d3e83eb1b5da725bb94f2efd34557a355b69.md
336  [INFO ] Serializing job specification
338  [DEBUG] TopicReaderModule processing took 117 ms
338  [INFO ] Processing file:/Users/isemisynov/Develop/dita-formats-demo/tmp/1653650812246/4682a7a37b54571dc65dff2911c4db6f4ab27dab.ditamap
338  [DEBUG] Reading file:/Users/isemisynov/Develop/dita-formats-demo/tmp/1653650812246/4682a7a37b54571dc65dff2911c4db6f4ab27dab.ditamap
339  [DEBUG] Loading subject schemes
339  [DEBUG] Filter topics and generate copies
339  [DEBUG] Filter existing topics
339  [DEBUG] Writing file:/Users/isemisynov/Develop/dita-formats-demo/tmp/1653650812246/4682a7a37b54571dc65dff2911c4db6f4ab27dab.ditamap
341  [DEBUG] TopicBranchFilterModule processing took 3 ms
341  [DEBUG] KeyrefModule processing took 0 ms
344  [DEBUG] CopyToModule processing took 3 ms
344  [DEBUG] ConrefPushModule processing took 0 ms
344  [DEBUG] Property "dita.preprocess.reloadstylesheet" has not been set
344  [DEBUG] Override ignored for property "dita.preprocess.reloadstylesheet.conref"
345  [DEBUG] XsltModule processing took 0 ms
345  [DEBUG] Skipped because property 'preprocess.topic-profile.skip' set.
345  [INFO ] Processing file:/Users/isemisynov/Develop/dita-formats-demo/tmp/1653650812246/4682a7a37b54571dc65dff2911c4db6f4ab27dab.ditamap
345  [DEBUG] Configure filter org.dita.dost.writer.TopicFragmentFilter
345  [DEBUG] Configure filter org.dita.dost.writer.NormalizeTableFilter
345  [DEBUG] Configure filter org.dita.dost.writer.NormalizeSimpleTableFilter
346  [DEBUG] Configure filter org.dita.dost.writer.CoderefResolver
346  [DEBUG] Configure filter org.dita.dost.writer.NormalizeCodeblock
347  [DEBUG] XmlFilterModule processing took 2 ms
347  [DEBUG] Skipped because property 'preprocess.chunk.skip' set.
348  [INFO ] Processing file:/Users/isemisynov/Develop/dita-formats-demo/tmp/1653650812246/4682a7a37b54571dc65dff2911c4db6f4ab27dab.ditamap
348  [DEBUG] Writing file:/Users/isemisynov/Develop/dita-formats-demo/tmp/1653650812246/4682a7a37b54571dc65dff2911c4db6f4ab27dab.ditamap
349  [INFO ] Loading stylesheet /Users/isemisynov/Develop/dita-formats-demo/dita-ot-3.7.2/plugins/org.dita.base/xsl/preprocess/mappull.xsl
393  [INFO ] Processing file:/Users/isemisynov/Develop/dita-formats-demo/tmp/1653650812246/4682a7a37b54571dc65dff2911c4db6f4ab27dab.ditamap
393  [DEBUG] Processing file:/Users/isemisynov/Develop/dita-formats-demo/tmp/1653650812246/4682a7a37b54571dc65dff2911c4db6f4ab27dab.ditamap to file:/Users/isemisynov/Develop/dita-formats-demo/tmp/1653650812246/4682a7a37b54571dc65dff2911c4db6f4ab27dab.ditamap.tmp1653650812638
393  [DEBUG] Set parameter basedir to '/Users/isemisynov/Develop/dita-formats-demo/dita-ot-3.7.2'
393  [DEBUG] Set parameter style to '/Users/isemisynov/Develop/dita-formats-demo/dita-ot-3.7.2/plugins/org.dita.base/xsl/preprocess/mappull.xsl'
393  [DEBUG] Set parameter conserve-memory to 'false'
393  [DEBUG] Set parameter message to 'Move metadata entries.'
493  [DEBUG] Moving file:/Users/isemisynov/Develop/dita-formats-demo/tmp/1653650812246/4682a7a37b54571dc65dff2911c4db6f4ab27dab.ditamap.tmp1653650812638 to file:/Users/isemisynov/Develop/dita-formats-demo/tmp/1653650812246/4682a7a37b54571dc65dff2911c4db6f4ab27dab.ditamap
494  [DEBUG] MoveMetaModule processing took 146 ms
494  [DEBUG] Property "dita.preprocess.reloadstylesheet" has not been set
549  [DEBUG] MoveLinksModule processing took 55 ms
549  [DEBUG] Property "dita.preprocess.reloadstylesheet" has not been set
549  [DEBUG] XsltModule processing took 0 ms
549  [DEBUG] Property "dita.preprocess.reloadstylesheet" has not been set
550  [INFO ] Transforming into /Users/isemisynov/Develop/dita-formats-demo/tmp/1653650812246
550  [INFO ] Loading stylesheet file:/Users/isemisynov/Develop/dita-formats-demo/dita-ot-3.7.2/plugins/org.dita.base/xsl/preprocess/clean-map.xsl
564  [DEBUG] Apache resolver library found, xml-commons resolver will be used
586  [INFO ] Loading stylesheet file:/Users/isemisynov/Develop/dita-formats-demo/dita-ot-3.7.2/plugins/org.dita.base/xsl/preprocess/clean-map.xsl
586  [INFO ] Processing file:/Users/isemisynov/Develop/dita-formats-demo/tmp/1653650812246/4682a7a37b54571dc65dff2911c4db6f4ab27dab.ditamap
588  [DEBUG] XsltModule processing took 38 ms
590  [DEBUG] CleanPreprocessModule processing took 1 ms
590  [DEBUG] Skipped because property 'preprocess.copy-image.skip' set.
590  [DEBUG] Property "_dita.map.output.dir" has not been set
590  [DEBUG] Property "uplevels" has not been set
591  [DEBUG] Scanning for 76b5d3e83eb1b5da725bb94f2efd34557a355b69.md
591  [DEBUG] Found temporary directory file /Users/isemisynov/Develop/dita-formats-demo/tmp/1653650812246/76b5d3e83eb1b5da725bb94f2efd34557a355b69.md
591  [DEBUG] Scanning for 5a7bcca56bc99a016d034441fbf6e2d4388bffd8.md
591  [DEBUG] Found temporary directory file /Users/isemisynov/Develop/dita-formats-demo/tmp/1653650812246/5a7bcca56bc99a016d034441fbf6e2d4388bffd8.md
591  [INFO ] Copying 2 resources to /Users/isemisynov/Develop/dita-formats-demo/dita-ot-3.7.2/${_dita.map.output.dir}/${uplevels}
591  [DEBUG] Copying file:/Users/isemisynov/Develop/dita-formats-demo/tmp/1653650812246/76b5d3e83eb1b5da725bb94f2efd34557a355b69.md to /Users/isemisynov/Develop/dita-formats-demo/dita-ot-3.7.2/${_dita.map.output.dir}/${uplevels}/demo-markdown-topic2.md
592  [DEBUG] Copying file:/Users/isemisynov/Develop/dita-formats-demo/tmp/1653650812246/5a7bcca56bc99a016d034441fbf6e2d4388bffd8.md to /Users/isemisynov/Develop/dita-formats-demo/dita-ot-3.7.2/${_dita.map.output.dir}/${uplevels}/demo-markdown-topic1.md
593  [DEBUG] Overriding previous definition of property "transtypes"
593  [DEBUG] Overriding previous definition of property "parser.md"
593  [DEBUG] Overriding previous definition of property "plugin.org.dita.specialization.dita11.dir"
593  [DEBUG] Overriding previous definition of property "parser.hdita"
593  [DEBUG] Overriding previous definition of property "cli.color"
593  [DEBUG] Overriding previous definition of property "plugin.org.dita.pdf2.dir"
593  [DEBUG] Overriding previous definition of property "print_transtypes"
593  [DEBUG] Overriding previous definition of property "supported_resource_extensions"
593  [DEBUG] Overriding previous definition of property "plugin.org.dita.xhtml.dir"
593  [DEBUG] Overriding previous definition of property "plugin.org.dita.index.dir"
593  [DEBUG] Overriding previous definition of property "supported_html_extensions"
593  [DEBUG] Overriding previous definition of property "plugin.order"
593  [DEBUG] Overriding previous definition of property "otrelease"
593  [DEBUG] Overriding previous definition of property "supported_image_extensions"
593  [DEBUG] Overriding previous definition of property "org.dita.pdf2.i18n.enabled"
593  [DEBUG] Overriding previous definition of property "plugin.org.dita.html5.dir"
593  [DEBUG] Overriding previous definition of property "default.cascade"
593  [DEBUG] Overriding previous definition of property "plugin.org.oasis-open.xdita.v0_2_2.dir"
593  [DEBUG] Overriding previous definition of property "plugin.org.dita.eclipsehelp.dir"
594  [DEBUG] Overriding previous definition of property "plugin.org.dita.htmlhelp.dir"
594  [DEBUG] Overriding previous definition of property "temp-file-name-scheme"
594  [DEBUG] Overriding previous definition of property "plugin.org.dita.base.dir"
594  [DEBUG] Overriding previous definition of property "plugindirs"
594  [DEBUG] Overriding previous definition of property "parser.mdita"
594  [DEBUG] Overriding previous definition of property "plugin.ignores"
594  [DEBUG] Overriding previous definition of property "registry"
594  [DEBUG] Overriding previous definition of property "plugin.org.dita.pdf2.axf.dir"
594  [DEBUG] Overriding previous definition of property "plugin.org.dita.normalize.dir"
594  [DEBUG] Overriding previous definition of property "plugin.org.oasis-open.dita.techcomm.v2_0.dir"
594  [DEBUG] Overriding previous definition of property "plugin.org.oasis-open.dita.v1_2.dir"
594  [DEBUG] Overriding previous definition of property "plugin.org.dita.pdf2.fop.dir"
594  [DEBUG] Overriding previous definition of property "plugin.org.lwdita.dir"
594  [DEBUG] Overriding previous definition of property "plugin.org.dita.pdf2.xep.dir"
594  [DEBUG] Overriding previous definition of property "plugin.org.oasis-open.dita.v2_0.dir"
594  [DEBUG] Overriding previous definition of property "otversion"
594  [DEBUG] Overriding previous definition of property "plugin.org.oasis-open.dita.v1_3.dir"
594  [DEBUG] Overriding previous definition of property "parser.markdown"
594  [DEBUG] Override ignored for property "preprocess.copy-flag.skip"
594  [DEBUG] Skipped because property 'preprocess.copy-flag.skip' set.
594  [DEBUG] Override ignored for property "uplevels"
616  [INFO ] Processing file:/Users/isemisynov/Develop/dita-formats-demo/tmp/1653650812246/4682a7a37b54571dc65dff2911c4db6f4ab27dab.ditamap
617  [INFO ] Processing file:/Users/isemisynov/Develop/dita-formats-demo/tmp/1653650812246/5a7bcca56bc99a016d034441fbf6e2d4388bffd8.md
618  [INFO ] Processing file:/Users/isemisynov/Develop/dita-formats-demo/tmp/1653650812246/76b5d3e83eb1b5da725bb94f2efd34557a355b69.md
652  [DEBUG] TopicMergeModule processing took 57 ms
656  [DEBUG] Project base dir set to: /Users/isemisynov/Develop/dita-formats-demo/dita-ot-3.7.2
656  [DEBUG] calling target(s) [publish.map.pdf] in build file /Users/isemisynov/Develop/dita-formats-demo/dita-ot-3.7.2/build.xml
656  [DEBUG] parsing buildfile /Users/isemisynov/Develop/dita-formats-demo/dita-ot-3.7.2/build.xml with URI = file:/Users/isemisynov/Develop/dita-formats-demo/dita-ot-3.7.2/build.xml
657  [DEBUG] Project base dir set to: /Users/isemisynov/Develop/dita-formats-demo/dita-ot-3.7.2
657  [DEBUG] Override ignored for property "ant.file.DOST.dir"
657  [DEBUG] Override ignored for property "dita.dir"
657  [DEBUG] Override ignored for property "dita.dir"
657  [DEBUG] Loading /Users/isemisynov/Develop/dita-formats-demo/dita-ot-3.7.2/local.properties
657  [DEBUG] Unable to find property file: /Users/isemisynov/Develop/dita-formats-demo/dita-ot-3.7.2/local.properties
657  [DEBUG] Importing file /Users/isemisynov/Develop/dita-formats-demo/dita-ot-3.7.2/plugins/org.dita.base/build.xml from /Users/isemisynov/Develop/dita-formats-demo/dita-ot-3.7.2/build.xml
657  [DEBUG] Overriding previous definition of reference to ant.projectHelper
658  [DEBUG] parsing buildfile /Users/isemisynov/Develop/dita-formats-demo/dita-ot-3.7.2/plugins/org.dita.base/build.xml with URI = file:/Users/isemisynov/Develop/dita-formats-demo/dita-ot-3.7.2/plugins/org.dita.base/build.xml
664  [DEBUG] Override ignored for property "dita.plugin.org.dita.htmlhelp.dir"
665  [DEBUG] Override ignored for property "dita.plugin.org.dita.base.dir"
665  [DEBUG] Override ignored for property "dita.plugin.org.dita.pdf2.xep.dir"
665  [DEBUG] Override ignored for property "dita.plugin.org.oasis-open.dita.techcomm.v2_0.dir"
665  [DEBUG] Override ignored for property "dita.plugin.org.dita.eclipsehelp.dir"
665  [DEBUG] Override ignored for property "dita.plugin.org.dita.pdf2.fop.dir"
665  [DEBUG] Override ignored for property "dita.plugin.org.dita.specialization.dita11.dir"
665  [DEBUG] Override ignored for property "dita.plugin.org.dita.normalize.dir"
665  [DEBUG] Override ignored for property "dita.plugin.org.oasis-open.xdita.v0_2_2.dir"
665  [DEBUG] Override ignored for property "dita.plugin.org.dita.pdf2.axf.dir"
665  [DEBUG] Override ignored for property "dita.plugin.org.dita.html5.dir"
665  [DEBUG] Override ignored for property "dita.plugin.org.dita.index.dir"
665  [DEBUG] Override ignored for property "dita.plugin.org.dita.xhtml.dir"
665  [DEBUG] Override ignored for property "dita.plugin.org.lwdita.dir"
665  [DEBUG] Override ignored for property "dita.plugin.org.oasis-open.dita.v1_2.dir"
665  [DEBUG] Override ignored for property "dita.plugin.org.dita.pdf2.dir"
666  [DEBUG] Override ignored for property "dita.plugin.org.oasis-open.dita.v1_3.dir"
666  [DEBUG] Override ignored for property "dita.plugin.org.oasis-open.dita.v2_0.dir"
666  [DEBUG] Importing file /Users/isemisynov/Develop/dita-formats-demo/dita-ot-3.7.2/plugins/org.dita.base/build_init.xml from /Users/isemisynov/Develop/dita-formats-demo/dita-ot-3.7.2/plugins/org.dita.base/build.xml
666  [DEBUG] Overriding previous definition of reference to ant.projectHelper
666  [DEBUG] parsing buildfile /Users/isemisynov/Develop/dita-formats-demo/dita-ot-3.7.2/plugins/org.dita.base/build_init.xml with URI = file:/Users/isemisynov/Develop/dita-formats-demo/dita-ot-3.7.2/plugins/org.dita.base/build_init.xml
667  [DEBUG] Override ignored for property "otrelease"
667  [DEBUG] Override ignored for property "otversion"
667  [DEBUG] Loading /Users/isemisynov/Develop/dita-formats-demo/dita-ot-3.7.2/config/org.dita.dost.platform/plugin.properties
668  [DEBUG] Override ignored for property "plugin.org.oasis-open.xdita.v0_2_2.dir"
668  [DEBUG] Override ignored for property "plugin.org.dita.eclipsehelp.dir"
668  [DEBUG] Override ignored for property "plugin.org.dita.htmlhelp.dir"
668  [DEBUG] Override ignored for property "plugin.org.dita.base.dir"
668  [DEBUG] Override ignored for property "transtypes"
668  [DEBUG] Override ignored for property "parser.md"
668  [DEBUG] Override ignored for property "parser.mdita"
668  [DEBUG] Override ignored for property "plugin.org.dita.specialization.dita11.dir"
668  [DEBUG] Override ignored for property "parser.hdita"
668  [DEBUG] Override ignored for property "plugin.org.dita.pdf2.axf.dir"
668  [DEBUG] Override ignored for property "plugin.org.dita.pdf2.dir"
668  [DEBUG] Override ignored for property "plugin.org.dita.normalize.dir"
668  [DEBUG] Override ignored for property "print_transtypes"
668  [DEBUG] Override ignored for property "plugin.org.oasis-open.dita.techcomm.v2_0.dir"
668  [DEBUG] Override ignored for property "plugin.org.oasis-open.dita.v1_2.dir"
668  [DEBUG] Override ignored for property "supported_resource_extensions"
668  [DEBUG] Override ignored for property "plugin.org.dita.xhtml.dir"
668  [DEBUG] Override ignored for property "plugin.org.dita.pdf2.fop.dir"
668  [DEBUG] Override ignored for property "plugin.org.dita.index.dir"
668  [DEBUG] Override ignored for property "plugin.org.lwdita.dir"
668  [DEBUG] Override ignored for property "plugin.org.dita.pdf2.xep.dir"
668  [DEBUG] Override ignored for property "supported_html_extensions"
668  [DEBUG] Override ignored for property "supported_image_extensions"
668  [DEBUG] Override ignored for property "plugin.org.oasis-open.dita.v2_0.dir"
668  [DEBUG] Override ignored for property "plugin.org.oasis-open.dita.v1_3.dir"
668  [DEBUG] Override ignored for property "parser.markdown"
668  [DEBUG] Override ignored for property "plugin.org.dita.html5.dir"
668  [DEBUG] Loading /Users/isemisynov/Develop/dita-formats-demo/dita-ot-3.7.2/config/configuration.properties
669  [DEBUG] Override ignored for property "default.cascade"
669  [DEBUG] Override ignored for property "registry"
669  [DEBUG] Override ignored for property "plugin.ignores"
669  [DEBUG] Override ignored for property "plugin.order"
669  [DEBUG] Override ignored for property "temp-file-name-scheme"
669  [DEBUG] Override ignored for property "plugindirs"
669  [DEBUG] Override ignored for property "org.dita.pdf2.i18n.enabled"
669  [DEBUG] Override ignored for property "cli.color"
670  [DEBUG] creating macro  job-helper
670  [DEBUG] Overriding previous definition of reference to ant.projectHelper
670  [DEBUG] Importing file /Users/isemisynov/Develop/dita-formats-demo/dita-ot-3.7.2/plugins/org.dita.base/build_preprocess.xml from /Users/isemisynov/Develop/dita-formats-demo/dita-ot-3.7.2/plugins/org.dita.base/build.xml
671  [DEBUG] Overriding previous definition of reference to ant.projectHelper
671  [DEBUG] parsing buildfile /Users/isemisynov/Develop/dita-formats-demo/dita-ot-3.7.2/plugins/org.dita.base/build_preprocess.xml with URI = file:/Users/isemisynov/Develop/dita-formats-demo/dita-ot-3.7.2/plugins/org.dita.base/build_preprocess.xml
672  [DEBUG] Overriding previous definition of reference to ant.projectHelper
673  [DEBUG] Importing file /Users/isemisynov/Develop/dita-formats-demo/dita-ot-3.7.2/plugins/org.dita.base/build_preprocess2.xml from /Users/isemisynov/Develop/dita-formats-demo/dita-ot-3.7.2/plugins/org.dita.base/build.xml
673  [DEBUG] Overriding previous definition of reference to ant.projectHelper
673  [DEBUG] parsing buildfile /Users/isemisynov/Develop/dita-formats-demo/dita-ot-3.7.2/plugins/org.dita.base/build_preprocess2.xml with URI = file:/Users/isemisynov/Develop/dita-formats-demo/dita-ot-3.7.2/plugins/org.dita.base/build_preprocess2.xml
675  [DEBUG] Overriding previous definition of reference to ant.projectHelper
675  [DEBUG] Importing file /Users/isemisynov/Develop/dita-formats-demo/dita-ot-3.7.2/plugins/org.dita.xhtml/build_general.xml from /Users/isemisynov/Develop/dita-formats-demo/dita-ot-3.7.2/plugins/org.dita.base/build.xml
675  [DEBUG] Overriding previous definition of reference to ant.projectHelper
675  [DEBUG] parsing buildfile /Users/isemisynov/Develop/dita-formats-demo/dita-ot-3.7.2/plugins/org.dita.xhtml/build_general.xml with URI = file:/Users/isemisynov/Develop/dita-formats-demo/dita-ot-3.7.2/plugins/org.dita.xhtml/build_general.xml
676  [DEBUG] creating macro  topics.html
676  [DEBUG] Overriding previous definition of reference to ant.projectHelper
677  [DEBUG] Importing file /Users/isemisynov/Develop/dita-formats-demo/dita-ot-3.7.2/plugins/org.dita.xhtml/build_dita2xhtml.xml from /Users/isemisynov/Develop/dita-formats-demo/dita-ot-3.7.2/plugins/org.dita.base/build.xml
677  [DEBUG] Overriding previous definition of reference to ant.projectHelper
677  [DEBUG] parsing buildfile /Users/isemisynov/Develop/dita-formats-demo/dita-ot-3.7.2/plugins/org.dita.xhtml/build_dita2xhtml.xml with URI = file:/Users/isemisynov/Develop/dita-formats-demo/dita-ot-3.7.2/plugins/org.dita.xhtml/build_dita2xhtml.xml
678  [DEBUG] creating macro  map.html
678  [DEBUG] Overriding previous definition of reference to ant.projectHelper
678  [DEBUG] Importing file /Users/isemisynov/Develop/dita-formats-demo/dita-ot-3.7.2/plugins/org.dita.eclipsehelp/build_dita2eclipsehelp.xml from /Users/isemisynov/Develop/dita-formats-demo/dita-ot-3.7.2/plugins/org.dita.base/build.xml
678  [DEBUG] Overriding previous definition of reference to ant.projectHelper
679  [DEBUG] parsing buildfile /Users/isemisynov/Develop/dita-formats-demo/dita-ot-3.7.2/plugins/org.dita.eclipsehelp/build_dita2eclipsehelp.xml with URI = file:/Users/isemisynov/Develop/dita-formats-demo/dita-ot-3.7.2/plugins/org.dita.eclipsehelp/build_dita2eclipsehelp.xml
680  [DEBUG] Overriding previous definition of reference to ant.projectHelper
680  [DEBUG] Importing file /Users/isemisynov/Develop/dita-formats-demo/dita-ot-3.7.2/plugins/org.dita.html5/build_dita2html5.xml from /Users/isemisynov/Develop/dita-formats-demo/dita-ot-3.7.2/plugins/org.dita.base/build.xml
680  [DEBUG] Overriding previous definition of reference to ant.projectHelper
680  [DEBUG] parsing buildfile /Users/isemisynov/Develop/dita-formats-demo/dita-ot-3.7.2/plugins/org.dita.html5/build_dita2html5.xml with URI = file:/Users/isemisynov/Develop/dita-formats-demo/dita-ot-3.7.2/plugins/org.dita.html5/build_dita2html5.xml
681  [DEBUG] creating macro  html5.topics
682  [DEBUG] creating macro  html5.map
682  [DEBUG] Overriding previous definition of reference to ant.projectHelper
682  [DEBUG] Importing file /Users/isemisynov/Develop/dita-formats-demo/dita-ot-3.7.2/plugins/org.dita.htmlhelp/build_dita2htmlhelp.xml from /Users/isemisynov/Develop/dita-formats-demo/dita-ot-3.7.2/plugins/org.dita.base/build.xml
682  [DEBUG] Overriding previous definition of reference to ant.projectHelper
682  [DEBUG] parsing buildfile /Users/isemisynov/Develop/dita-formats-demo/dita-ot-3.7.2/plugins/org.dita.htmlhelp/build_dita2htmlhelp.xml with URI = file:/Users/isemisynov/Develop/dita-formats-demo/dita-ot-3.7.2/plugins/org.dita.htmlhelp/build_dita2htmlhelp.xml
683  [DEBUG] Overriding previous definition of reference to ant.projectHelper
683  [DEBUG] Importing file /Users/isemisynov/Develop/dita-formats-demo/dita-ot-3.7.2/plugins/org.dita.index/build.xml from /Users/isemisynov/Develop/dita-formats-demo/dita-ot-3.7.2/plugins/org.dita.base/build.xml
683  [DEBUG] Overriding previous definition of reference to ant.projectHelper
684  [DEBUG] parsing buildfile /Users/isemisynov/Develop/dita-formats-demo/dita-ot-3.7.2/plugins/org.dita.index/build.xml with URI = file:/Users/isemisynov/Develop/dita-formats-demo/dita-ot-3.7.2/plugins/org.dita.index/build.xml
684  [DEBUG] Overriding previous definition of reference to ant.projectHelper
684  [DEBUG] Importing file /Users/isemisynov/Develop/dita-formats-demo/dita-ot-3.7.2/plugins/org.dita.pdf2/build.xml from /Users/isemisynov/Develop/dita-formats-demo/dita-ot-3.7.2/plugins/org.dita.base/build.xml
684  [DEBUG] Overriding previous definition of reference to ant.projectHelper
685  [DEBUG] parsing buildfile /Users/isemisynov/Develop/dita-formats-demo/dita-ot-3.7.2/plugins/org.dita.pdf2/build.xml with URI = file:/Users/isemisynov/Develop/dita-formats-demo/dita-ot-3.7.2/plugins/org.dita.pdf2/build.xml
686  [DEBUG] Overriding previous definition of reference to ant.projectHelper
686  [DEBUG] Importing file /Users/isemisynov/Develop/dita-formats-demo/dita-ot-3.7.2/plugins/org.dita.pdf2.axf/build.xml from /Users/isemisynov/Develop/dita-formats-demo/dita-ot-3.7.2/plugins/org.dita.base/build.xml
686  [DEBUG] Overriding previous definition of reference to ant.projectHelper
687  [DEBUG] parsing buildfile /Users/isemisynov/Develop/dita-formats-demo/dita-ot-3.7.2/plugins/org.dita.pdf2.axf/build.xml with URI = file:/Users/isemisynov/Develop/dita-formats-demo/dita-ot-3.7.2/plugins/org.dita.pdf2.axf/build.xml
688  [DEBUG] Overriding previous definition of reference to ant.projectHelper
688  [DEBUG] Importing file /Users/isemisynov/Develop/dita-formats-demo/dita-ot-3.7.2/plugins/org.dita.pdf2.fop/build_fop.xml from /Users/isemisynov/Develop/dita-formats-demo/dita-ot-3.7.2/plugins/org.dita.base/build.xml
688  [DEBUG] Overriding previous definition of reference to ant.projectHelper
689  [DEBUG] parsing buildfile /Users/isemisynov/Develop/dita-formats-demo/dita-ot-3.7.2/plugins/org.dita.pdf2.fop/build_fop.xml with URI = file:/Users/isemisynov/Develop/dita-formats-demo/dita-ot-3.7.2/plugins/org.dita.pdf2.fop/build_fop.xml
689  [DEBUG] Override ignored for property "fop.home"
690  [DEBUG] Overriding previous definition of reference to ant.projectHelper
690  [DEBUG] Importing file /Users/isemisynov/Develop/dita-formats-demo/dita-ot-3.7.2/plugins/org.dita.pdf2.xep/build.xml from /Users/isemisynov/Develop/dita-formats-demo/dita-ot-3.7.2/plugins/org.dita.base/build.xml
690  [DEBUG] Overriding previous definition of reference to ant.projectHelper
690  [DEBUG] parsing buildfile /Users/isemisynov/Develop/dita-formats-demo/dita-ot-3.7.2/plugins/org.dita.pdf2.xep/build.xml with URI = file:/Users/isemisynov/Develop/dita-formats-demo/dita-ot-3.7.2/plugins/org.dita.pdf2.xep/build.xml
691  [DEBUG] Overriding previous definition of reference to ant.projectHelper
691  [DEBUG] Importing file /Users/isemisynov/Develop/dita-formats-demo/dita-ot-3.7.2/plugins/org.dita.normalize/build.xml from /Users/isemisynov/Develop/dita-formats-demo/dita-ot-3.7.2/plugins/org.dita.base/build.xml
691  [DEBUG] Overriding previous definition of reference to ant.projectHelper
692  [DEBUG] parsing buildfile /Users/isemisynov/Develop/dita-formats-demo/dita-ot-3.7.2/plugins/org.dita.normalize/build.xml with URI = file:/Users/isemisynov/Develop/dita-formats-demo/dita-ot-3.7.2/plugins/org.dita.normalize/build.xml
692  [DEBUG] Overriding previous definition of reference to ant.projectHelper
692  [DEBUG] Importing file /Users/isemisynov/Develop/dita-formats-demo/dita-ot-3.7.2/plugins/org.lwdita/build-markdown.xml from /Users/isemisynov/Develop/dita-formats-demo/dita-ot-3.7.2/plugins/org.dita.base/build.xml
692  [DEBUG] Overriding previous definition of reference to ant.projectHelper
692  [DEBUG] parsing buildfile /Users/isemisynov/Develop/dita-formats-demo/dita-ot-3.7.2/plugins/org.lwdita/build-markdown.xml with URI = file:/Users/isemisynov/Develop/dita-formats-demo/dita-ot-3.7.2/plugins/org.lwdita/build-markdown.xml
693  [DEBUG] creating macro  markdown.map
694  [DEBUG] creating macro  markdown.topics
694  [DEBUG] Overriding previous definition of reference to ant.projectHelper
694  [DEBUG] Importing file /Users/isemisynov/Develop/dita-formats-demo/dita-ot-3.7.2/plugins/org.lwdita/build-html.xml from /Users/isemisynov/Develop/dita-formats-demo/dita-ot-3.7.2/plugins/org.dita.base/build.xml
694  [DEBUG] Overriding previous definition of reference to ant.projectHelper
694  [DEBUG] parsing buildfile /Users/isemisynov/Develop/dita-formats-demo/dita-ot-3.7.2/plugins/org.lwdita/build-html.xml with URI = file:/Users/isemisynov/Develop/dita-formats-demo/dita-ot-3.7.2/plugins/org.lwdita/build-html.xml
695  [DEBUG] Overriding previous definition of reference to ant.projectHelper
695  [DEBUG] Overriding previous definition of reference to ant.projectHelper
695  [DEBUG] Entering /Users/isemisynov/Develop/dita-formats-demo/dita-ot-3.7.2/build.xml...
695  [DEBUG] Build sequence for target(s) `publish.map.pdf' is [transform.topic2pdf.init, publish.map.pdf.init, copyCoreArtwork, transform.fo2pdf.xep.test-use, transform.fo2pdf.xep.init, transform.fo2pdf.fop.test-use, transform.fo2pdf.fop.init, transform.fo2pdf.ah.test-use, transform.fo2pdf.ah.init, transform.topic2fo.init, org.dita.index.init, org.dita.index, transform.topic2fo.main, transform.topic2fo.i18n.filter, transform.topic2fo.i18n.no-filter, transform.topic2fo.i18n, transform.topic2fo, transform.fo2pdf.xep, transform.fo2pdf.fop, transform.fo2pdf.ah, transform.fo2pdf, transform.topic2pdf, publish.map.pdf]
696  [DEBUG] Complete build sequence is [transform.topic2pdf.init, publish.map.pdf.init, copyCoreArtwork, transform.fo2pdf.xep.test-use, transform.fo2pdf.xep.init, transform.fo2pdf.fop.test-use, transform.fo2pdf.fop.init, transform.fo2pdf.ah.test-use, transform.fo2pdf.ah.init, transform.topic2fo.init, org.dita.index.init, org.dita.index, transform.topic2fo.main, transform.topic2fo.i18n.filter, transform.topic2fo.i18n.no-filter, transform.topic2fo.i18n, transform.topic2fo, transform.fo2pdf.xep, transform.fo2pdf.fop, transform.fo2pdf.ah, transform.fo2pdf, transform.topic2pdf, publish.map.pdf, dita2pdf2.init, dita.index.eclipsehelp.init, ditaot-preprocess.mapref-check, conref, preview.topic.pdf.init, dita.build.preview.topic.pdf, ditaot-preprocess.maplink-check, markdown_github.init, init-properties, check-arg, log-arg, build-init, preprocess.init, ditaval-merge, gen-list, debug-filter, mapref-check, mapref, branch-filter, keyref, copy-to, conrefpush, profile-check, profile, topic-fragment, chunk-check, chunk, move-meta-entries, maplink-check, maplink, topicpull-check, topicpull, clean-map-check, clean-map, clean-preprocess, copy-image, copy-html, copy-flag-check, copy-flag, copy-files, preprocess, markdown.init, markdown.topics.common, markdown.topics.common.inner, markdown.topic, markdown.map.init, markdown.map.toc, markdown.map, dita2markdown, dita2normalize.dita2markdown_github, dita2normalize.markdown.topics.common, ditaot-init.check-arg, dita2dita, org.dita.pdf2.xep.transform.fo2pdf.xep, dita2htmlhelp.init, ditaot-preprocess.profile-check, dita2html5.html5.map.toc, html5.map.init, html5.map.toc, dita2html5.html5.map, ditaot-preprocess2.map-conrefpush, dita2eclipsehelp.dita.map.eclipse.plugin.init, dita.map.eclipse.plugin.init, dita.map.eclipse.plugin, ditaot-preprocess.debug-filter, dita.map.eclipse.fragment.move.files, dita2normalize.dita.out.map.hdita.toc, xhtml.init, xhtml.image-metadata, htmlhelp.topics, ditaot-init.build-init, dita2xhtml.copy-css-user, ditaot-preprocess.copy-to, ditaot-preprocess.keyref, ditaot-preprocess.copy-flag-check, ditaot-preprocess2.topic-keyref, transform.topic2fo.index.init, dita.build.transform.topic2fo.index, ditaot-preprocess2.topic-maplink, preprocess2.init, map-reader, map-mapref, map-branch-filter, map-keyref, map-conrefpush, map-conref, map-profile-check, map-profile, preprocess2.maps, topic-reader, topic-branch-filter, topic-keyref, topic-copy-to, topic-conrefpush, topic-conref, topic-profile-check, topic-profile, preprocess2.topic-fragment, topic-chunk, topic-move-meta-entries, topic-maplink, topic-topicpull, preprocess2.topics, map-clean-map, copy-image2, copy-files2, preprocess2, build_generaltargets.output-css-warn-message, ditaot-preprocess2.topic-reader, ditaot-preprocess.chunk, dita.topics.html.common, dita.build.transform.topic2fo.i18n.filter, org.dita.pdf2.axf.transform.fo2pdf.ah.nooption, ditaot-preprocess2.topic-branch-filter, build_generaltargets.xhtml.image-metadata, dita2normalize.dita.topics.hdita.common, dita.map.xhtml.init, dita.map.xhtml.toc, dita.map.xhtml, dita.map.eclipse.toc, dita.build.transform.topic2fo.i18n, org.dita.pdf2.axf.transform.fo2pdf.ah, html5.topic.init, org.dita.pdf2.xep.transform.fo2pdf.xep.test-use, ditaot-preprocess2.preprocess2.topic-fragment, markdown_gitbook.init, dita2eclipsehelp.dita.map.eclipse.fragment.language.init, ditaot-preprocess.preprocess.init, copy-revflag, ditaot-preprocess.clean-map, dita2xhtml.init, map2pdf2, topic2pdf2, dita.build.dita2pdf2, hdita.init, ditaot-preprocess.clean-preprocess, dita2xhtml.dita.out.map.xhtml.toc, org.dita.pdf2.xep.transform.fo2pdf.xep.init, ditaot-preprocess2.preprocess2, org.dita.pdf2.axf.transform.fo2pdf.ah.test-use, ditaot-preprocess.maplink, ditaot-init.init-properties, ditaot-preprocess.preprocess, use-init.envhhcdir, use-init.hhcdir, htmlhelp.copy-image, copy-css, dita2htmlhelp.dita2htmlhelp, dita2xhtml.dita.map.xhtml, copy-plugin-files, ditaot-preprocess2.map-clean-map, dita2pdf2, dita.build.dita2pdf, ditaot-preprocess.conrefpush, dita.map.eclipse.init, dita2eclipsehelp.dita.map.eclipse.fragment.error, ditaot-preprocess.branch-filter, dita.map.hdita.init, dita2eclipsehelp.copy-plugin-files, dita.build.transform.fo2pdf, html5.init, dita2eclipsehelp.dita.out.map.eclipse.plugin, build.eclipse.jar, org.dita.pdf2.fop.transform.fo2pdf.fop, dita.build.transform.topic2pdf.init, ditaot-preprocess2.map-mapref, dita.map.eclipse.fragment.language.init, ditaot-preprocess.gen-list, build_generaltargets.dita.topics.html.common, dita2htmlhelp.use-init.hhcdir, dita.build.publish.map.pdf, html5.topics.common.inner, dita2normalize.hdita.init, DOST.init, DOST.help, transform.fo2pdf.ah.nooption, dita.inner.topics.hdita.common, dita2htmlhelp.dita.htmlhelp.convertlang, ditaot-preprocess2.topic-topicpull, dita2eclipsehelp.dita.out.map.eclipse.toc, dita2normalize.markdown.init, html5.image-metadata, html5.topics.common, dita2html5.html5.topic, ditaot-preprocess.chunk-check, dita2normalize.markdown_gitbook.init, dita2htmlhelp.org.dita.index, build_generaltargets.dita.inner.topics.html.common, html5.topic, preprocess2-topic, ditaot-preprocess2.map-profile-check, dita.out.map.eclipse.plugin.properties, dita2eclipsehelp.dita.map.eclipse.index, ditaot-preprocess.profile, dita2normalize.markdown.topics.common.inner, dita.map.eclipse.fragment.language.country.init, dita2eclipsehelp.dita.map.eclipse.plugin.properties, ditaot-preprocess.copy-files, dita.inner.topics.html.common, build_generaltargets.xhtml.topics, org.dita.pdf2.fop.transform.fo2pdf.fop.test-use, dita2htmlhelp.dita2htmlhelp.init, dita.map.htmlhelp.init, ditaot-preprocess2.map-conref, dita.map.eclipse.index, dita.map.eclipse.plugin.properties, dita.map.eclipse.manifest.file, dita.out.map.eclipse.manifest.file, dita.out.map.eclipse.toc, dita.out.map.eclipse.index, dita.out.map.eclipse.plugin, dita.out.map.eclipse.fragment.move.files, dita.map.eclipse.genetrate.fragment, ditaot-preprocess.topicpull-check, init, help, ditaot-preprocess2.preprocess2-topic, dita.map.eclipse.fragment.error, ditaot-preprocess2.map-reader, ditaot-init.log-arg, dita2xhtml.copy-css, dita2normalize.markdown.map.toc, ditaot-preprocess.move-meta-entries, dita2markdown_gitbook, dita.build.transform.topic2fo, html5.css, preview.topic.pdf, transform.topic2fo.index, dita2eclipsehelp.dita.map.eclipse.init, xhtml.topics, dita2xhtml.dita2xhtml, ditaot-preprocess2.topic-move-meta-entries, dita2normalize.dita.inner.topics.hdita.common, dita2normalize.markdown_github.init, dita2eclipsehelp.dita.map.eclipse.toc, dita2normalize.dita2dita, ditaot-preprocess.copy-html, dita2normalize.markdown.topic, dita2html5.html5.topic.init, dita.topics.hdita.common, dita.map.hdita.toc, dita.out.map.hdita.toc, dita2normalize.dita2hdita, dita.map.eclipse.generate.plugin, clean-temp, dita2xhtml.dita2xhtml.init, ditaot-preprocess.copy-image, ditaot-preprocess.ditaval-merge, dita.map.htmlhelp.hhp, dita.map.htmlhelp.hhc, dita.map.htmlhelp.hhk, dita.htmlhelp.convertlang, compile.HTML.Help, dita.map.htmlhelp, dita2html5.html5.init, build_generaltargets.xhtml.init, dita2html5.html5.topics.common.inner, dita2xhtml.dita.map.xhtml.toc, org.dita.pdf2.fop.transform.fo2pdf.fop.init, dita2eclipsehelp.dita.out.map.eclipse.index, ditaot-preprocess2.preprocess2.maps, dita2eclipsehelp.build.eclipse.jar, ditaot-preprocess2.map-branch-filter, dita2normalize.markdown.map.init, dita2htmlhelp.compile.HTML.Help, dita.build.transform.topic2fo.index.init, dita2htmlhelp.dita.map.htmlhelp, html5.map, dita2html5, dita2html5.html5.map.init, ditaot-preprocess.mapref, dita2eclipsehelp.dita.out.map.eclipse.manifest.file, dita.build.transform.topic2fo.main, ditaot-preprocess.clean-map-check, dita2normalize.dita.map.hdita.toc, dita2eclipsehelp.dita.map.eclipse.genetrate.fragment, dita2eclipsehelp.dita.map.eclipse.fragment.language.country.init, dita.build.publish.map.pdf.init, ditaot-preprocess2.copy-image2, ditaot-preprocess.clean-temp, dita.build.dita2pdf2.init, dita2normalize.dita2markdown_gitbook, dita2eclipsehelp.dita.map.eclipse.manifest.file, dita2eclipsehelp.dita.out.map.eclipse.fragment.move.files, html5.copy-css-user, dita.eclipsehelp.init, dita2htmlhelp.org.dita.index.init, dita2hdita, dita2normalize.markdown.map, dita.build.transform.topic2fo.init, dita.out.map.xhtml.toc, ditaot-preprocess.copy-flag, dita2htmlhelp.htmlhelp.topics, dita2xhtml, dita2eclipsehelp.dita.index.eclipsehelp.init, org.dita.pdf2.axf.transform.fo2pdf.ah.hasoption, dita2eclipsehelp.dita.map.eclipse.generate.plugin, dita.build.preview.topic.pdf.init, ditaot-preprocess2.map-keyref, dita2htmlhelp.dita.map.htmlhelp.init, transform.fo2pdf.ah.hasoption, dita2eclipsehelp.dita.map.eclipse.plugin, ditaot-preprocess2.copy-files2, dita2pdf, ditaot-preprocess.conref, ditaot-preprocess2.topic-conref, dita.build.transform.topic2fo.i18n.no-filter, dita.build.copyCoreArtwork, dita2normalize.dita2markdown, dita2xhtml.copy-revflag, dita.build.transform.topic2pdf, dita2markdown_github, ditaot-preprocess.topic-fragment, ditaot-preprocess2.topic-conrefpush, dita.map.eclipse, dita2eclipsehelp.dita2eclipsehelp, ditaot-preprocess2.preprocess2.topics, dita2html5.html5.css, dita2eclipsehelp, dita2eclipsehelp.dita.map.eclipse, dita.build.topic2pdf2, dita2eclipsehelp.dita.map.eclipse.fragment.move.files, dita2html5.html5.copy-css-user, dita2normalize.dita.map.hdita.init, dita2htmlhelp.dita.map.htmlhelp.hhp, ditaot-preprocess2.map-profile, ditaot-preprocess.topicpull, ditaot-preprocess2.topic-profile-check, dita2htmlhelp.dita.map.htmlhelp.hhk, output-css-warn-message, dita2htmlhelp.dita.map.htmlhelp.hhc, dita2html5.html5.image-metadata, dita2htmlhelp.htmlhelp.copy-image, dita2htmlhelp.use-init.envhhcdir, copy-css-user, dita2htmlhelp, dita2eclipsehelp.dita.out.map.eclipse.plugin.properties, dita.build.map2pdf2, dita2html5.html5.topics.common, ditaot-preprocess2.topic-copy-to, dita2html5.dita2html5, org.dita.pdf2.axf.transform.fo2pdf.ah.init, ditaot-preprocess2.topic-chunk, dita2eclipsehelp.dita.eclipsehelp.init, ditaot-preprocess2.preprocess2.init, dita2xhtml.dita.map.xhtml.init, , ditaot-preprocess2.topic-profile]
696  [DEBUG] Loading /Users/isemisynov/Develop/dita-formats-demo/dita-ot-3.7.2/plugins/org.dita.pdf2/Customization/build.properties
696  [DEBUG] Unable to find property file: /Users/isemisynov/Develop/dita-formats-demo/dita-ot-3.7.2/plugins/org.dita.pdf2/Customization/build.properties
697  [DEBUG] loading en into property default.locale
697  [DEBUG] loaded 2 characters
697  [DEBUG] Override ignored for property "file.protocol.prefix"
698  [DEBUG] Set property xml.catalog.files = /Users/isemisynov/Develop/dita-formats-demo/dita-ot-3.7.2/plugins/org.dita.pdf2/Customization/catalog.xml:/Users/isemisynov/Develop/dita-formats-demo/dita-ot-3.7.2/plugins/org.dita.pdf2/cfg/catalog.xml:/Users/isemisynov/Develop/dita-formats-demo/dita-ot-3.7.2/plugins/org.dita.base/catalog-dita.xml
700  [DEBUG] Property "args.output.base" has not been set
701  [DEBUG] cfg/common/artwork/ISO_7010_W001.svg added as cfg/common/artwork/ISO_7010_W001.svg doesn't exist.
702  [DEBUG] cfg/common/artwork/hand.gif added as cfg/common/artwork/hand.gif doesn't exist.
702  [DEBUG] cfg/common/artwork/hand_rtl.gif added as cfg/common/artwork/hand_rtl.gif doesn't exist.
702  [DEBUG] cfg/common/artwork/warning.gif added as cfg/common/artwork/warning.gif doesn't exist.
702  [DEBUG] No sources found.
702  [INFO ] Copying 4 files to /Users/isemisynov/Develop/dita-formats-demo/tmp/1653650812246/Configuration/OpenTopic
702  [DEBUG] Copying /Users/isemisynov/Develop/dita-formats-demo/dita-ot-3.7.2/plugins/org.dita.pdf2/cfg/common/artwork/ISO_7010_W001.svg to /Users/isemisynov/Develop/dita-formats-demo/tmp/1653650812246/Configuration/OpenTopic/cfg/common/artwork/ISO_7010_W001.svg
705  [DEBUG] Copying /Users/isemisynov/Develop/dita-formats-demo/dita-ot-3.7.2/plugins/org.dita.pdf2/cfg/common/artwork/hand.gif to /Users/isemisynov/Develop/dita-formats-demo/tmp/1653650812246/Configuration/OpenTopic/cfg/common/artwork/hand.gif
706  [DEBUG] Copying /Users/isemisynov/Develop/dita-formats-demo/dita-ot-3.7.2/plugins/org.dita.pdf2/cfg/common/artwork/hand_rtl.gif to /Users/isemisynov/Develop/dita-formats-demo/tmp/1653650812246/Configuration/OpenTopic/cfg/common/artwork/hand_rtl.gif
706  [DEBUG] Copying /Users/isemisynov/Develop/dita-formats-demo/dita-ot-3.7.2/plugins/org.dita.pdf2/cfg/common/artwork/warning.gif to /Users/isemisynov/Develop/dita-formats-demo/tmp/1653650812246/Configuration/OpenTopic/cfg/common/artwork/warning.gif
707  [DEBUG] No sources found.
707  [DEBUG] No sources found.
708  [DEBUG] Skipped because property 'use.xep.pdf.formatter' not set.
708  [DEBUG] Override ignored for property "use.fop.pdf.formatter"
711  [DEBUG] Skipped because property 'use.ah.pdf.formatter' not set.
752  [DEBUG] Setting inputFile.url to URL file:/Users/isemisynov/Develop/dita-formats-demo/tmp/1653650812246/demo-markdown_MERGED.xml
754  [DEBUG] Unable to find /Users/isemisynov/Develop/dita-formats-demo/tmp/1653650812246/strings.670720132.xml
754  [DEBUG] Loading /Users/isemisynov/Develop/dita-formats-demo/dita-ot-3.7.2/plugins/org.dita.pdf2/cfg/common/properties/en.properties
754  [DEBUG] Unable to find property file: /Users/isemisynov/Develop/dita-formats-demo/dita-ot-3.7.2/plugins/org.dita.pdf2/cfg/common/properties/en.properties
754  [INFO ] Using document.locale=en
754  [DEBUG] Property "args.xsl.pdf" has not been set
754  [DEBUG] Property "args.xsl.pdf" has not been set
754  [DEBUG] Property "args.xsl.pdf" has not been set
755  [DEBUG] Property "org.dita.index.skip" has not been set
755  [DEBUG] Found: plugins/org.dita.index/index/en.xml
755  [DEBUG] Found: plugins/org.dita.index/index/en.xml
755  [DEBUG] Override ignored for property "index.config.file"
755  [DEBUG] Override ignored for property "index.config.file"
755  [INFO ] Processing /Users/isemisynov/Develop/dita-formats-demo/tmp/1653650812246/demo-markdown_MERGED.xml to /Users/isemisynov/Develop/dita-formats-demo/tmp/1653650812246/stage1.xml
785  [DEBUG] Found: /Users/isemisynov/Develop/dita-formats-demo/tmp/1653650812246/stage1.xml
785  [DEBUG] Setting artworkPrefixUrl to URL file:/Users/isemisynov/Develop/dita-formats-demo/tmp/1653650812246/
785  [DEBUG] Setting dita.map.output.dir.url to URL file:/Users/isemisynov/Develop/dita-formats-demo/tmp/1653650812246/
785  [DEBUG] Setting work.dir.url to URL file:/Users/isemisynov/Develop/dita-formats-demo/tmp/1653650812246/
785  [DEBUG] Setting customization.dir.url to URL file:/Users/isemisynov/Develop/dita-formats-demo/dita-ot-3.7.2/plugins/org.dita.pdf2/Customization/
785  [DEBUG] Setting user.input.dir.url to URL file:/Users/isemisynov/Develop/dita-formats-demo/demo-input/markdown/
786  [DEBUG] Setting variable.file.url to URL file:/Users/isemisynov/Develop/dita-formats-demo/tmp/1653650812246/strings.670720132.xml
787  [INFO ] Loading stylesheet file:/Users/isemisynov/Develop/dita-formats-demo/dita-ot-3.7.2/plugins/org.dita.pdf2.fop/xsl/fo/topic2fo_shell_fop.xsl
801  [DEBUG] Apache resolver library found, xml-commons resolver will be used
1222 [INFO ] Loading stylesheet file:/Users/isemisynov/Develop/dita-formats-demo/dita-ot-3.7.2/plugins/org.dita.pdf2.fop/xsl/fo/topic2fo_shell_fop.xsl
1222 [DEBUG] Set parameter bookmap-order to 'discard'
1222 [DEBUG] Set parameter customizationDir.url to 'file:/Users/isemisynov/Develop/dita-formats-demo/dita-ot-3.7.2/plugins/org.dita.pdf2/Customization/'
1222 [DEBUG] Set parameter publishRequiredCleanup to 'no'
1222 [DEBUG] Set parameter DRAFT to 'no'
1222 [DEBUG] Set parameter figurelink.style to 'NUMTITLE'
1222 [DEBUG] Set parameter pdfFormatter to 'fop'
1222 [DEBUG] Set parameter input.dir.url to 'file:/Users/isemisynov/Develop/dita-formats-demo/demo-input/markdown/'
1222 [DEBUG] Set parameter work.dir.url to 'file:/Users/isemisynov/Develop/dita-formats-demo/tmp/1653650812246/'
1222 [DEBUG] Set parameter artworkPrefix to 'file:/Users/isemisynov/Develop/dita-formats-demo/tmp/1653650812246/'
1222 [DEBUG] Set parameter locale to 'en'
1222 [DEBUG] Set parameter antArgsBookmarkStyle to ''
1222 [DEBUG] Set parameter antArgsChapterLayout to ''
1222 [DEBUG] Set parameter defaultLanguage to 'en'
1222 [DEBUG] Set parameter tablelink.style to 'NUMTITLE'
1223 [DEBUG] Set parameter antArgsGenerateTaskLabels to ''
1223 [DEBUG] Set parameter output.dir.url to 'file:/Users/isemisynov/Develop/dita-formats-demo/tmp/1653650812246/'
1223 [DEBUG] Set parameter include.rellinks to '#default friend sample external other'
1223 [INFO ] Processing file:/Users/isemisynov/Develop/dita-formats-demo/tmp/1653650812246/stage1.xml to file:/Users/isemisynov/Develop/dita-formats-demo/tmp/1653650812246/stage2.fo
1404 [DEBUG] XsltModule processing took 617 ms
1424 [DEBUG] Unable to find plugins/org.dita.pdf2/Customization/fo/i18n/en.xml
1424 [DEBUG] Found: plugins/org.dita.pdf2/cfg/fo/i18n/en.xml
1425 [DEBUG] Override ignored for property "i18n.config.file"
1425 [INFO ] Processing file:/Users/isemisynov/Develop/dita-formats-demo/tmp/1653650812246/stage2.fo to file:/Users/isemisynov/Develop/dita-formats-demo/tmp/1653650812246/topic.fo
1428 [INFO ] Loading stylesheet file:/Users/isemisynov/Develop/dita-formats-demo/dita-ot-3.7.2/plugins/org.dita.pdf2/xsl/fo/i18n-postprocess.xsl
1513 [DEBUG] Skipped because property 'pdf2.i18n.skip' not set.
1513 [DEBUG] Skipped because property 'use.xep.pdf.formatter' not set.
1514 [DEBUG] Skipping /Users/isemisynov/Develop/dita-formats-demo/output/markdown/pdf because it already exists.
1703 [INFO ] /Users/isemisynov/Develop/dita-formats-demo/tmp/1653650812246/topic.fo -> /Users/isemisynov/Develop/dita-formats-demo/output/markdown/pdf/demo-markdown.pdf
1703 [DEBUG] Found file: /Users/isemisynov/Develop/dita-formats-demo/output/markdown/pdf/demo-markdown.pdf
1703 [DEBUG] Skipped because property 'use.ah.pdf.formatter' not set.
1703 [DEBUG] Exiting /Users/isemisynov/Develop/dita-formats-demo/dita-ot-3.7.2/build.xml.
1704 [DEBUG] Skipped because property 'noMap' not set.
