0    [DEBUG] Detected Java version: 18 in: /Library/Java/JavaVirtualMachines/jdk-18.jdk/Contents/Home
1    [DEBUG] Detected OS: Mac OS X
1    [DEBUG] Project base dir set to: /Users/isemisynov/Develop/dita-formats-demo/dita-ot-3.7.2
1    [DEBUG] parsing buildfile /Users/isemisynov/Develop/dita-formats-demo/dita-ot-3.7.2/build.xml with URI = file:/Users/isemisynov/Develop/dita-formats-demo/dita-ot-3.7.2/build.xml
2    [DEBUG] Project base dir set to: /Users/isemisynov/Develop/dita-formats-demo/dita-ot-3.7.2
23   [DEBUG] parsing buildfile jar:file:/Users/isemisynov/Develop/dita-formats-demo/dita-ot-3.7.2/lib/ant.jar!/org/apache/tools/ant/antlib.xml with URI = jar:file:/Users/isemisynov/Develop/dita-formats-demo/dita-ot-3.7.2/lib/ant.jar!/org/apache/tools/ant/antlib.xml from a zip file
46   [DEBUG] parsing buildfile jar:file:/Users/isemisynov/.gradle/caches/modules-2/files-2.1/org.apache.ant/ant/1.10.12/be08c4f63e92e03bac761404cf77bc270928b6c5/ant-1.10.12.jar!/org/apache/tools/ant/antlib.xml with URI = jar:file:/Users/isemisynov/.gradle/caches/modules-2/files-2.1/org.apache.ant/ant/1.10.12/be08c4f63e92e03bac761404cf77bc270928b6c5/ant-1.10.12.jar!/org/apache/tools/ant/antlib.xml from a zip file
48   [DEBUG] Override ignored for property "dita.dir"
48   [DEBUG] Override ignored for property "dita.dir"
49   [DEBUG] Loading /Users/isemisynov/Develop/dita-formats-demo/dita-ot-3.7.2/local.properties
49   [DEBUG] Unable to find property file: /Users/isemisynov/Develop/dita-formats-demo/dita-ot-3.7.2/local.properties
49   [DEBUG] Importing file /Users/isemisynov/Develop/dita-formats-demo/dita-ot-3.7.2/plugins/org.dita.base/build.xml from /Users/isemisynov/Develop/dita-formats-demo/dita-ot-3.7.2/build.xml
49   [DEBUG] Overriding previous definition of reference to ant.projectHelper
49   [DEBUG] parsing buildfile /Users/isemisynov/Develop/dita-formats-demo/dita-ot-3.7.2/plugins/org.dita.base/build.xml with URI = file:/Users/isemisynov/Develop/dita-formats-demo/dita-ot-3.7.2/plugins/org.dita.base/build.xml
57   [DEBUG] Importing file /Users/isemisynov/Develop/dita-formats-demo/dita-ot-3.7.2/plugins/org.dita.base/build_init.xml from /Users/isemisynov/Develop/dita-formats-demo/dita-ot-3.7.2/plugins/org.dita.base/build.xml
57   [DEBUG] Overriding previous definition of reference to ant.projectHelper
57   [DEBUG] parsing buildfile /Users/isemisynov/Develop/dita-formats-demo/dita-ot-3.7.2/plugins/org.dita.base/build_init.xml with URI = file:/Users/isemisynov/Develop/dita-formats-demo/dita-ot-3.7.2/plugins/org.dita.base/build_init.xml
58   [DEBUG] Loading /Users/isemisynov/Develop/dita-formats-demo/dita-ot-3.7.2/config/org.dita.dost.platform/plugin.properties
59   [DEBUG] Loading /Users/isemisynov/Develop/dita-formats-demo/dita-ot-3.7.2/config/configuration.properties
60   [DEBUG] creating macro  job-helper
60   [DEBUG] Overriding previous definition of reference to ant.projectHelper
61   [DEBUG] Importing file /Users/isemisynov/Develop/dita-formats-demo/dita-ot-3.7.2/plugins/org.dita.base/build_preprocess.xml from /Users/isemisynov/Develop/dita-formats-demo/dita-ot-3.7.2/plugins/org.dita.base/build.xml
61   [DEBUG] Overriding previous definition of reference to ant.projectHelper
61   [DEBUG] parsing buildfile /Users/isemisynov/Develop/dita-formats-demo/dita-ot-3.7.2/plugins/org.dita.base/build_preprocess.xml with URI = file:/Users/isemisynov/Develop/dita-formats-demo/dita-ot-3.7.2/plugins/org.dita.base/build_preprocess.xml
62   [DEBUG] Property "conserve-memory" has not been set
63   [DEBUG] Overriding previous definition of reference to ant.projectHelper
63   [DEBUG] Importing file /Users/isemisynov/Develop/dita-formats-demo/dita-ot-3.7.2/plugins/org.dita.base/build_preprocess2.xml from /Users/isemisynov/Develop/dita-formats-demo/dita-ot-3.7.2/plugins/org.dita.base/build.xml
63   [DEBUG] Overriding previous definition of reference to ant.projectHelper
63   [DEBUG] parsing buildfile /Users/isemisynov/Develop/dita-formats-demo/dita-ot-3.7.2/plugins/org.dita.base/build_preprocess2.xml with URI = file:/Users/isemisynov/Develop/dita-formats-demo/dita-ot-3.7.2/plugins/org.dita.base/build_preprocess2.xml
65   [DEBUG] Overriding previous definition of reference to ant.projectHelper
65   [DEBUG] Importing file /Users/isemisynov/Develop/dita-formats-demo/dita-ot-3.7.2/plugins/org.dita.xhtml/build_general.xml from /Users/isemisynov/Develop/dita-formats-demo/dita-ot-3.7.2/plugins/org.dita.base/build.xml
65   [DEBUG] Overriding previous definition of reference to ant.projectHelper
66   [DEBUG] parsing buildfile /Users/isemisynov/Develop/dita-formats-demo/dita-ot-3.7.2/plugins/org.dita.xhtml/build_general.xml with URI = file:/Users/isemisynov/Develop/dita-formats-demo/dita-ot-3.7.2/plugins/org.dita.xhtml/build_general.xml
66   [DEBUG] creating macro  topics.html
66   [DEBUG] Overriding previous definition of reference to ant.projectHelper
67   [DEBUG] Importing file /Users/isemisynov/Develop/dita-formats-demo/dita-ot-3.7.2/plugins/org.dita.xhtml/build_dita2xhtml.xml from /Users/isemisynov/Develop/dita-formats-demo/dita-ot-3.7.2/plugins/org.dita.base/build.xml
67   [DEBUG] Overriding previous definition of reference to ant.projectHelper
67   [DEBUG] parsing buildfile /Users/isemisynov/Develop/dita-formats-demo/dita-ot-3.7.2/plugins/org.dita.xhtml/build_dita2xhtml.xml with URI = file:/Users/isemisynov/Develop/dita-formats-demo/dita-ot-3.7.2/plugins/org.dita.xhtml/build_dita2xhtml.xml
68   [DEBUG] creating macro  map.html
68   [DEBUG] Overriding previous definition of reference to ant.projectHelper
68   [DEBUG] Importing file /Users/isemisynov/Develop/dita-formats-demo/dita-ot-3.7.2/plugins/org.dita.eclipsehelp/build_dita2eclipsehelp.xml from /Users/isemisynov/Develop/dita-formats-demo/dita-ot-3.7.2/plugins/org.dita.base/build.xml
68   [DEBUG] Overriding previous definition of reference to ant.projectHelper
69   [DEBUG] parsing buildfile /Users/isemisynov/Develop/dita-formats-demo/dita-ot-3.7.2/plugins/org.dita.eclipsehelp/build_dita2eclipsehelp.xml with URI = file:/Users/isemisynov/Develop/dita-formats-demo/dita-ot-3.7.2/plugins/org.dita.eclipsehelp/build_dita2eclipsehelp.xml
70   [DEBUG] Overriding previous definition of reference to ant.projectHelper
70   [DEBUG] Importing file /Users/isemisynov/Develop/dita-formats-demo/dita-ot-3.7.2/plugins/org.dita.html5/build_dita2html5.xml from /Users/isemisynov/Develop/dita-formats-demo/dita-ot-3.7.2/plugins/org.dita.base/build.xml
70   [DEBUG] Overriding previous definition of reference to ant.projectHelper
71   [DEBUG] parsing buildfile /Users/isemisynov/Develop/dita-formats-demo/dita-ot-3.7.2/plugins/org.dita.html5/build_dita2html5.xml with URI = file:/Users/isemisynov/Develop/dita-formats-demo/dita-ot-3.7.2/plugins/org.dita.html5/build_dita2html5.xml
71   [DEBUG] creating macro  html5.topics
72   [DEBUG] creating macro  html5.map
72   [DEBUG] Overriding previous definition of reference to ant.projectHelper
72   [DEBUG] Importing file /Users/isemisynov/Develop/dita-formats-demo/dita-ot-3.7.2/plugins/org.dita.htmlhelp/build_dita2htmlhelp.xml from /Users/isemisynov/Develop/dita-formats-demo/dita-ot-3.7.2/plugins/org.dita.base/build.xml
72   [DEBUG] Overriding previous definition of reference to ant.projectHelper
73   [DEBUG] parsing buildfile /Users/isemisynov/Develop/dita-formats-demo/dita-ot-3.7.2/plugins/org.dita.htmlhelp/build_dita2htmlhelp.xml with URI = file:/Users/isemisynov/Develop/dita-formats-demo/dita-ot-3.7.2/plugins/org.dita.htmlhelp/build_dita2htmlhelp.xml
73   [DEBUG] Overriding previous definition of reference to ant.projectHelper
74   [DEBUG] Importing file /Users/isemisynov/Develop/dita-formats-demo/dita-ot-3.7.2/plugins/org.dita.index/build.xml from /Users/isemisynov/Develop/dita-formats-demo/dita-ot-3.7.2/plugins/org.dita.base/build.xml
74   [DEBUG] Overriding previous definition of reference to ant.projectHelper
74   [DEBUG] parsing buildfile /Users/isemisynov/Develop/dita-formats-demo/dita-ot-3.7.2/plugins/org.dita.index/build.xml with URI = file:/Users/isemisynov/Develop/dita-formats-demo/dita-ot-3.7.2/plugins/org.dita.index/build.xml
75   [DEBUG] Overriding previous definition of reference to ant.projectHelper
75   [DEBUG] Importing file /Users/isemisynov/Develop/dita-formats-demo/dita-ot-3.7.2/plugins/org.dita.pdf2/build.xml from /Users/isemisynov/Develop/dita-formats-demo/dita-ot-3.7.2/plugins/org.dita.base/build.xml
75   [DEBUG] Overriding previous definition of reference to ant.projectHelper
76   [DEBUG] parsing buildfile /Users/isemisynov/Develop/dita-formats-demo/dita-ot-3.7.2/plugins/org.dita.pdf2/build.xml with URI = file:/Users/isemisynov/Develop/dita-formats-demo/dita-ot-3.7.2/plugins/org.dita.pdf2/build.xml
77   [DEBUG] Overriding previous definition of reference to ant.projectHelper
78   [DEBUG] Importing file /Users/isemisynov/Develop/dita-formats-demo/dita-ot-3.7.2/plugins/org.dita.pdf2.axf/build.xml from /Users/isemisynov/Develop/dita-formats-demo/dita-ot-3.7.2/plugins/org.dita.base/build.xml
78   [DEBUG] Overriding previous definition of reference to ant.projectHelper
78   [DEBUG] parsing buildfile /Users/isemisynov/Develop/dita-formats-demo/dita-ot-3.7.2/plugins/org.dita.pdf2.axf/build.xml with URI = file:/Users/isemisynov/Develop/dita-formats-demo/dita-ot-3.7.2/plugins/org.dita.pdf2.axf/build.xml
79   [DEBUG] Overriding previous definition of reference to ant.projectHelper
79   [DEBUG] Importing file /Users/isemisynov/Develop/dita-formats-demo/dita-ot-3.7.2/plugins/org.dita.pdf2.fop/build_fop.xml from /Users/isemisynov/Develop/dita-formats-demo/dita-ot-3.7.2/plugins/org.dita.base/build.xml
80   [DEBUG] Overriding previous definition of reference to ant.projectHelper
80   [DEBUG] parsing buildfile /Users/isemisynov/Develop/dita-formats-demo/dita-ot-3.7.2/plugins/org.dita.pdf2.fop/build_fop.xml with URI = file:/Users/isemisynov/Develop/dita-formats-demo/dita-ot-3.7.2/plugins/org.dita.pdf2.fop/build_fop.xml
80   [DEBUG] Overriding previous definition of reference to ant.projectHelper
81   [DEBUG] Importing file /Users/isemisynov/Develop/dita-formats-demo/dita-ot-3.7.2/plugins/org.dita.pdf2.xep/build.xml from /Users/isemisynov/Develop/dita-formats-demo/dita-ot-3.7.2/plugins/org.dita.base/build.xml
81   [DEBUG] Overriding previous definition of reference to ant.projectHelper
81   [DEBUG] parsing buildfile /Users/isemisynov/Develop/dita-formats-demo/dita-ot-3.7.2/plugins/org.dita.pdf2.xep/build.xml with URI = file:/Users/isemisynov/Develop/dita-formats-demo/dita-ot-3.7.2/plugins/org.dita.pdf2.xep/build.xml
82   [DEBUG] Overriding previous definition of reference to ant.projectHelper
82   [DEBUG] Importing file /Users/isemisynov/Develop/dita-formats-demo/dita-ot-3.7.2/plugins/org.dita.normalize/build.xml from /Users/isemisynov/Develop/dita-formats-demo/dita-ot-3.7.2/plugins/org.dita.base/build.xml
82   [DEBUG] Overriding previous definition of reference to ant.projectHelper
82   [DEBUG] parsing buildfile /Users/isemisynov/Develop/dita-formats-demo/dita-ot-3.7.2/plugins/org.dita.normalize/build.xml with URI = file:/Users/isemisynov/Develop/dita-formats-demo/dita-ot-3.7.2/plugins/org.dita.normalize/build.xml
82   [DEBUG] Overriding previous definition of reference to ant.projectHelper
83   [DEBUG] Importing file /Users/isemisynov/Develop/dita-formats-demo/dita-ot-3.7.2/plugins/org.lwdita/build-markdown.xml from /Users/isemisynov/Develop/dita-formats-demo/dita-ot-3.7.2/plugins/org.dita.base/build.xml
83   [DEBUG] Overriding previous definition of reference to ant.projectHelper
83   [DEBUG] parsing buildfile /Users/isemisynov/Develop/dita-formats-demo/dita-ot-3.7.2/plugins/org.lwdita/build-markdown.xml with URI = file:/Users/isemisynov/Develop/dita-formats-demo/dita-ot-3.7.2/plugins/org.lwdita/build-markdown.xml
84   [DEBUG] creating macro  markdown.map
84   [DEBUG] creating macro  markdown.topics
84   [DEBUG] Overriding previous definition of reference to ant.projectHelper
84   [DEBUG] Importing file /Users/isemisynov/Develop/dita-formats-demo/dita-ot-3.7.2/plugins/org.lwdita/build-html.xml from /Users/isemisynov/Develop/dita-formats-demo/dita-ot-3.7.2/plugins/org.dita.base/build.xml
84   [DEBUG] Overriding previous definition of reference to ant.projectHelper
85   [DEBUG] parsing buildfile /Users/isemisynov/Develop/dita-formats-demo/dita-ot-3.7.2/plugins/org.lwdita/build-html.xml with URI = file:/Users/isemisynov/Develop/dita-formats-demo/dita-ot-3.7.2/plugins/org.lwdita/build-html.xml
86   [DEBUG] Overriding previous definition of reference to ant.projectHelper
86   [DEBUG] Overriding previous definition of reference to ant.projectHelper
86   [DEBUG] Build sequence for target(s) `dita2markdown' is [init-properties, check-arg, log-arg, build-init, preprocess.init, ditaval-merge, gen-list, debug-filter, mapref-check, mapref, branch-filter, keyref, copy-to, conrefpush, conref, profile-check, profile, topic-fragment, chunk-check, chunk, move-meta-entries, maplink-check, maplink, topicpull-check, topicpull, clean-map-check, clean-map, clean-preprocess, copy-image, copy-html, copy-flag-check, copy-flag, copy-files, preprocess, markdown.init, markdown.topics.common, markdown.topics.common.inner, markdown.topic, markdown.map.init, markdown.map.toc, markdown.map, dita2markdown]
87   [DEBUG] Complete build sequence is [init-properties, check-arg, log-arg, build-init, preprocess.init, ditaval-merge, gen-list, debug-filter, mapref-check, mapref, branch-filter, keyref, copy-to, conrefpush, conref, profile-check, profile, topic-fragment, chunk-check, chunk, move-meta-entries, maplink-check, maplink, topicpull-check, topicpull, clean-map-check, clean-map, clean-preprocess, copy-image, copy-html, copy-flag-check, copy-flag, copy-files, preprocess, markdown.init, markdown.topics.common, markdown.topics.common.inner, markdown.topic, markdown.map.init, markdown.map.toc, markdown.map, dita2markdown, dita2pdf2.init, dita.index.eclipsehelp.init, ditaot-preprocess.mapref-check, transform.topic2pdf.init, preview.topic.pdf.init, copyCoreArtwork, transform.fo2pdf.xep.test-use, transform.fo2pdf.xep.init, transform.fo2pdf.fop.test-use, transform.fo2pdf.fop.init, transform.fo2pdf.ah.test-use, transform.fo2pdf.ah.init, transform.topic2fo.init, org.dita.index.init, org.dita.index, transform.topic2fo.main, transform.topic2fo.i18n.filter, transform.topic2fo.i18n.no-filter, transform.topic2fo.i18n, transform.topic2fo, transform.fo2pdf.xep, transform.fo2pdf.fop, transform.fo2pdf.ah, transform.fo2pdf, transform.topic2pdf, dita.build.preview.topic.pdf, ditaot-preprocess.maplink-check, markdown_github.init, dita2normalize.dita2markdown_github, dita2normalize.markdown.topics.common, ditaot-init.check-arg, dita2dita, org.dita.pdf2.xep.transform.fo2pdf.xep, dita2htmlhelp.init, ditaot-preprocess.profile-check, dita2html5.html5.map.toc, html5.map.init, html5.map.toc, dita2html5.html5.map, ditaot-preprocess2.map-conrefpush, dita2eclipsehelp.dita.map.eclipse.plugin.init, dita.map.eclipse.plugin.init, dita.map.eclipse.plugin, ditaot-preprocess.debug-filter, dita.map.eclipse.fragment.move.files, dita2normalize.dita.out.map.hdita.toc, xhtml.init, xhtml.image-metadata, htmlhelp.topics, ditaot-init.build-init, dita2xhtml.copy-css-user, ditaot-preprocess.copy-to, ditaot-preprocess.keyref, ditaot-preprocess.copy-flag-check, ditaot-preprocess2.topic-keyref, transform.topic2fo.index.init, dita.build.transform.topic2fo.index, ditaot-preprocess2.topic-maplink, preprocess2.init, map-reader, map-mapref, map-branch-filter, map-keyref, map-conrefpush, map-conref, map-profile-check, map-profile, preprocess2.maps, topic-reader, topic-branch-filter, topic-keyref, topic-copy-to, topic-conrefpush, topic-conref, topic-profile-check, topic-profile, preprocess2.topic-fragment, topic-chunk, topic-move-meta-entries, topic-maplink, topic-topicpull, preprocess2.topics, map-clean-map, copy-image2, copy-files2, preprocess2, build_generaltargets.output-css-warn-message, ditaot-preprocess2.topic-reader, ditaot-preprocess.chunk, dita.topics.html.common, dita.build.transform.topic2fo.i18n.filter, org.dita.pdf2.axf.transform.fo2pdf.ah.nooption, ditaot-preprocess2.topic-branch-filter, build_generaltargets.xhtml.image-metadata, dita2normalize.dita.topics.hdita.common, dita.map.xhtml.init, dita.map.xhtml.toc, dita.map.xhtml, dita.map.eclipse.toc, dita.build.transform.topic2fo.i18n, org.dita.pdf2.axf.transform.fo2pdf.ah, html5.topic.init, org.dita.pdf2.xep.transform.fo2pdf.xep.test-use, ditaot-preprocess2.preprocess2.topic-fragment, markdown_gitbook.init, dita2eclipsehelp.dita.map.eclipse.fragment.language.init, ditaot-preprocess.preprocess.init, copy-revflag, ditaot-preprocess.clean-map, dita2xhtml.init, map2pdf2, topic2pdf2, dita.build.dita2pdf2, hdita.init, ditaot-preprocess.clean-preprocess, dita2xhtml.dita.out.map.xhtml.toc, org.dita.pdf2.xep.transform.fo2pdf.xep.init, ditaot-preprocess2.preprocess2, org.dita.pdf2.axf.transform.fo2pdf.ah.test-use, ditaot-preprocess.maplink, ditaot-init.init-properties, ditaot-preprocess.preprocess, use-init.envhhcdir, use-init.hhcdir, htmlhelp.copy-image, copy-css, dita2htmlhelp.dita2htmlhelp, publish.map.pdf.init, dita2xhtml.dita.map.xhtml, copy-plugin-files, ditaot-preprocess2.map-clean-map, dita2pdf2, dita.build.dita2pdf, ditaot-preprocess.conrefpush, dita.map.eclipse.init, dita2eclipsehelp.dita.map.eclipse.fragment.error, ditaot-preprocess.branch-filter, dita.map.hdita.init, dita2eclipsehelp.copy-plugin-files, dita.build.transform.fo2pdf, html5.init, dita2eclipsehelp.dita.out.map.eclipse.plugin, build.eclipse.jar, org.dita.pdf2.fop.transform.fo2pdf.fop, dita.build.transform.topic2pdf.init, ditaot-preprocess2.map-mapref, dita.map.eclipse.fragment.language.init, ditaot-preprocess.gen-list, build_generaltargets.dita.topics.html.common, dita2htmlhelp.use-init.hhcdir, dita.build.publish.map.pdf, html5.topics.common.inner, dita2normalize.hdita.init, DOST.init, DOST.help, transform.fo2pdf.ah.nooption, dita.inner.topics.hdita.common, dita2htmlhelp.dita.htmlhelp.convertlang, ditaot-preprocess2.topic-topicpull, dita2eclipsehelp.dita.out.map.eclipse.toc, dita2normalize.markdown.init, html5.image-metadata, html5.topics.common, dita2html5.html5.topic, ditaot-preprocess.chunk-check, dita2normalize.markdown_gitbook.init, dita2htmlhelp.org.dita.index, build_generaltargets.dita.inner.topics.html.common, html5.topic, preprocess2-topic, ditaot-preprocess2.map-profile-check, dita.out.map.eclipse.plugin.properties, dita2eclipsehelp.dita.map.eclipse.index, ditaot-preprocess.profile, dita2normalize.markdown.topics.common.inner, dita.map.eclipse.fragment.language.country.init, dita2eclipsehelp.dita.map.eclipse.plugin.properties, ditaot-preprocess.copy-files, dita.inner.topics.html.common, build_generaltargets.xhtml.topics, org.dita.pdf2.fop.transform.fo2pdf.fop.test-use, dita2htmlhelp.dita2htmlhelp.init, dita.map.htmlhelp.init, ditaot-preprocess2.map-conref, dita.map.eclipse.index, dita.map.eclipse.plugin.properties, dita.map.eclipse.manifest.file, dita.out.map.eclipse.manifest.file, dita.out.map.eclipse.toc, dita.out.map.eclipse.index, dita.out.map.eclipse.plugin, dita.out.map.eclipse.fragment.move.files, dita.map.eclipse.genetrate.fragment, ditaot-preprocess.topicpull-check, init, help, ditaot-preprocess2.preprocess2-topic, dita.map.eclipse.fragment.error, ditaot-preprocess2.map-reader, ditaot-init.log-arg, dita2xhtml.copy-css, dita2normalize.markdown.map.toc, ditaot-preprocess.move-meta-entries, dita2markdown_gitbook, dita.build.transform.topic2fo, html5.css, preview.topic.pdf, transform.topic2fo.index, dita2eclipsehelp.dita.map.eclipse.init, xhtml.topics, dita2xhtml.dita2xhtml, ditaot-preprocess2.topic-move-meta-entries, dita2normalize.dita.inner.topics.hdita.common, dita2normalize.markdown_github.init, dita2eclipsehelp.dita.map.eclipse.toc, dita2normalize.dita2dita, ditaot-preprocess.copy-html, dita2normalize.markdown.topic, dita2html5.html5.topic.init, dita.topics.hdita.common, dita.map.hdita.toc, dita.out.map.hdita.toc, dita2normalize.dita2hdita, dita.map.eclipse.generate.plugin, clean-temp, dita2xhtml.dita2xhtml.init, ditaot-preprocess.copy-image, ditaot-preprocess.ditaval-merge, dita.map.htmlhelp.hhp, dita.map.htmlhelp.hhc, dita.map.htmlhelp.hhk, dita.htmlhelp.convertlang, compile.HTML.Help, dita.map.htmlhelp, dita2html5.html5.init, build_generaltargets.xhtml.init, dita2html5.html5.topics.common.inner, dita2xhtml.dita.map.xhtml.toc, org.dita.pdf2.fop.transform.fo2pdf.fop.init, dita2eclipsehelp.dita.out.map.eclipse.index, ditaot-preprocess2.preprocess2.maps, dita2eclipsehelp.build.eclipse.jar, ditaot-preprocess2.map-branch-filter, dita2normalize.markdown.map.init, dita2htmlhelp.compile.HTML.Help, dita.build.transform.topic2fo.index.init, dita2htmlhelp.dita.map.htmlhelp, html5.map, dita2html5, dita2html5.html5.map.init, ditaot-preprocess.mapref, dita2eclipsehelp.dita.out.map.eclipse.manifest.file, dita.build.transform.topic2fo.main, ditaot-preprocess.clean-map-check, dita2normalize.dita.map.hdita.toc, dita2eclipsehelp.dita.map.eclipse.genetrate.fragment, dita2eclipsehelp.dita.map.eclipse.fragment.language.country.init, dita.build.publish.map.pdf.init, ditaot-preprocess2.copy-image2, ditaot-preprocess.clean-temp, dita.build.dita2pdf2.init, dita2normalize.dita2markdown_gitbook, dita2eclipsehelp.dita.map.eclipse.manifest.file, dita2eclipsehelp.dita.out.map.eclipse.fragment.move.files, html5.copy-css-user, dita.eclipsehelp.init, dita2htmlhelp.org.dita.index.init, dita2hdita, dita2normalize.markdown.map, dita.build.transform.topic2fo.init, dita.out.map.xhtml.toc, ditaot-preprocess.copy-flag, dita2htmlhelp.htmlhelp.topics, dita2xhtml, dita2eclipsehelp.dita.index.eclipsehelp.init, org.dita.pdf2.axf.transform.fo2pdf.ah.hasoption, dita2eclipsehelp.dita.map.eclipse.generate.plugin, dita.build.preview.topic.pdf.init, ditaot-preprocess2.map-keyref, dita2htmlhelp.dita.map.htmlhelp.init, transform.fo2pdf.ah.hasoption, dita2eclipsehelp.dita.map.eclipse.plugin, ditaot-preprocess2.copy-files2, dita2pdf, ditaot-preprocess.conref, ditaot-preprocess2.topic-conref, dita.build.transform.topic2fo.i18n.no-filter, dita.build.copyCoreArtwork, dita2normalize.dita2markdown, dita2xhtml.copy-revflag, dita.build.transform.topic2pdf, dita2markdown_github, ditaot-preprocess.topic-fragment, ditaot-preprocess2.topic-conrefpush, dita.map.eclipse, dita2eclipsehelp.dita2eclipsehelp, ditaot-preprocess2.preprocess2.topics, dita2html5.html5.css, dita2eclipsehelp, dita2eclipsehelp.dita.map.eclipse, dita.build.topic2pdf2, dita2eclipsehelp.dita.map.eclipse.fragment.move.files, dita2html5.html5.copy-css-user, dita2normalize.dita.map.hdita.init, dita2htmlhelp.dita.map.htmlhelp.hhp, ditaot-preprocess2.map-profile, ditaot-preprocess.topicpull, ditaot-preprocess2.topic-profile-check, dita2htmlhelp.dita.map.htmlhelp.hhk, output-css-warn-message, dita2htmlhelp.dita.map.htmlhelp.hhc, dita2html5.html5.image-metadata, dita2htmlhelp.htmlhelp.copy-image, dita2htmlhelp.use-init.envhhcdir, copy-css-user, dita2htmlhelp, dita2eclipsehelp.dita.out.map.eclipse.plugin.properties, dita.build.map2pdf2, dita2html5.html5.topics.common, ditaot-preprocess2.topic-copy-to, dita2html5.dita2html5, org.dita.pdf2.axf.transform.fo2pdf.ah.init, ditaot-preprocess2.topic-chunk, dita2eclipsehelp.dita.eclipsehelp.init, ditaot-preprocess2.preprocess2.init, publish.map.pdf, dita2xhtml.dita.map.xhtml.init, , ditaot-preprocess2.topic-profile]
88   [DEBUG] Override ignored for property "base.temp.dir"
88   [DEBUG] Override ignored for property "dita.temp.dir"
88   [DEBUG] Override ignored for property "output.dir"
88   [DEBUG] Property "temp.output.dir.name" has not been set
88   [INFO ] Initializing project
90   [DEBUG] Loading Environment env.
90   [DEBUG] Property "args.xsl" has not been set
91   [DEBUG] Property "args.xsl" has not been set
91   [DEBUG] Property "args.outext" has not been set
91   [DEBUG] Property "args.outext" has not been set
91   [DEBUG] Property "args.outext" has not been set
91   [DEBUG] Property "args.outext" has not been set
91   [DEBUG] Skipping /Users/isemisynov/Develop/dita-formats-demo/output/markdown/markdown because it already exists.
92   [INFO ] Deleting directory /Users/isemisynov/Develop/dita-formats-demo/tmp/1653650818301
92   [DEBUG] Deleting directory /Users/isemisynov/Develop/dita-formats-demo/tmp/1653650818301
93   [INFO ] Created dir: /Users/isemisynov/Develop/dita-formats-demo/tmp/1653650818301
93   [DEBUG] Property "args.rellinks" has not been set
93   [DEBUG] Property "args.rellinks" has not been set
93   [DEBUG] Property "args.hide.parent.link" has not been set
94   [DEBUG] Property "args.rellinks" has not been set
94   [DEBUG] Property "args.rellinks" has not been set
95   [DEBUG] Property "org.xml.sax.driver" has not been set
95   [DEBUG] Unable to load class org.apache.crimson.parser.XMLReaderImpl
96   [DEBUG] Unable to load class net.sf.saxon.StyleSheet
96   [INFO ] *****************************************************************
96   [INFO ] * basedir = /Users/isemisynov/Develop/dita-formats-demo/dita-ot-3.7.2
96   [INFO ] * dita.dir = /Users/isemisynov/Develop/dita-formats-demo/dita-ot-3.7.2
96   [INFO ] * transtype = markdown
96   [INFO ] * tempdir = /Users/isemisynov/Develop/dita-formats-demo/tmp/1653650818301
96   [INFO ] * outputdir = /Users/isemisynov/Develop/dita-formats-demo/output/markdown/markdown
96   [DEBUG] Property "clean.temp" has not been set
96   [INFO ] * clean.temp = ${clean.temp}
96   [INFO ] * DITA-OT version = 3.7.2
96   [INFO ] * XML parser = Xerces
96   [INFO ] * XSLT processor = Saxon
96   [INFO ] * collator = ICU
97   [INFO ] *****************************************************************
97   [INFO ] #Ant properties
97   [INFO ] #Fri May 27 14:26:58 MSK 2022
97   [INFO ] args.grammar.cache=yes
97   [INFO ] args.input=file\:/Users/isemisynov/Develop/dita-formats-demo/demo-input/markdown/demo-markdown.ditamap
97   [INFO ] args.xml.systemid.set=yes
97   [INFO ] dita.dir=/Users/isemisynov/Develop/dita-formats-demo/dita-ot-3.7.2
97   [INFO ] dita.output.dir=/Users/isemisynov/Develop/dita-formats-demo/output/markdown/markdown
97   [INFO ] dita.plugin.org.dita.base.dir=/Users/isemisynov/Develop/dita-formats-demo/dita-ot-3.7.2/plugins/org.dita.base
97   [INFO ] dita.plugin.org.dita.eclipsehelp.dir=/Users/isemisynov/Develop/dita-formats-demo/dita-ot-3.7.2/plugins/org.dita.eclipsehelp
97   [INFO ] dita.plugin.org.dita.html5.dir=/Users/isemisynov/Develop/dita-formats-demo/dita-ot-3.7.2/plugins/org.dita.html5
97   [INFO ] dita.plugin.org.dita.htmlhelp.dir=/Users/isemisynov/Develop/dita-formats-demo/dita-ot-3.7.2/plugins/org.dita.htmlhelp
97   [INFO ] dita.plugin.org.dita.index.dir=/Users/isemisynov/Develop/dita-formats-demo/dita-ot-3.7.2/plugins/org.dita.index
97   [INFO ] dita.plugin.org.dita.normalize.dir=/Users/isemisynov/Develop/dita-formats-demo/dita-ot-3.7.2/plugins/org.dita.normalize
97   [INFO ] dita.plugin.org.dita.pdf2.axf.dir=/Users/isemisynov/Develop/dita-formats-demo/dita-ot-3.7.2/plugins/org.dita.pdf2.axf
98   [INFO ] dita.plugin.org.dita.pdf2.dir=/Users/isemisynov/Develop/dita-formats-demo/dita-ot-3.7.2/plugins/org.dita.pdf2
98   [INFO ] dita.plugin.org.dita.pdf2.fop.dir=/Users/isemisynov/Develop/dita-formats-demo/dita-ot-3.7.2/plugins/org.dita.pdf2.fop
98   [INFO ] dita.plugin.org.dita.pdf2.xep.dir=/Users/isemisynov/Develop/dita-formats-demo/dita-ot-3.7.2/plugins/org.dita.pdf2.xep
98   [INFO ] dita.plugin.org.dita.specialization.dita11.dir=/Users/isemisynov/Develop/dita-formats-demo/dita-ot-3.7.2/plugins/org.dita.specialization.dita11
98   [INFO ] dita.plugin.org.dita.xhtml.dir=/Users/isemisynov/Develop/dita-formats-demo/dita-ot-3.7.2/plugins/org.dita.xhtml
98   [INFO ] dita.plugin.org.lwdita.dir=/Users/isemisynov/Develop/dita-formats-demo/dita-ot-3.7.2/plugins/org.lwdita
98   [INFO ] dita.plugin.org.oasis-open.dita.techcomm.v2_0.dir=/Users/isemisynov/Develop/dita-formats-demo/dita-ot-3.7.2/plugins/org.oasis-open.dita.techcomm.v2_0
98   [INFO ] dita.plugin.org.oasis-open.dita.v1_2.dir=/Users/isemisynov/Develop/dita-formats-demo/dita-ot-3.7.2/plugins/org.oasis-open.dita.v1_2
98   [INFO ] dita.plugin.org.oasis-open.dita.v1_3.dir=/Users/isemisynov/Develop/dita-formats-demo/dita-ot-3.7.2/plugins/org.oasis-open.dita.v1_3
98   [INFO ] dita.plugin.org.oasis-open.dita.v2_0.dir=/Users/isemisynov/Develop/dita-formats-demo/dita-ot-3.7.2/plugins/org.oasis-open.dita.v2_0
98   [INFO ] dita.plugin.org.oasis-open.xdita.v0_2_2.dir=/Users/isemisynov/Develop/dita-formats-demo/dita-ot-3.7.2/plugins/org.oasis-open.xdita.v0_2_2
98   [INFO ] dita.temp.dir=/Users/isemisynov/Develop/dita-formats-demo/tmp/1653650818301
98   [INFO ] *****************************************************************
99   [DEBUG] Set property dita.map.filename.root = demo-markdown
99   [INFO ] *****************************************************************
99   [INFO ] * input = file:/Users/isemisynov/Develop/dita-formats-demo/demo-input/markdown/demo-markdown.ditamap
99   [DEBUG] Property "args.resources" has not been set
99   [INFO ] * resources = ${args.resources}
99   [INFO ] *****************************************************************
100  [DEBUG] Job not found from Ant project reference
101  [INFO ] Using Xerces grammar pool for DTD and schema caching.
101  [INFO ] Processing file:/Users/isemisynov/Develop/dita-formats-demo/demo-input/markdown/demo-markdown.ditamap
102  [INFO ] Processing file:/Users/isemisynov/Develop/dita-formats-demo/demo-input/markdown/demo-markdown-topic1.md
170  [INFO ] Processing file:/Users/isemisynov/Develop/dita-formats-demo/demo-input/markdown/demo-markdown-topic2.md
243  [INFO ] Serializing job specification
244  [DEBUG] GenMapAndTopicListModule processing took 144 ms
245  [INFO ] Using Xerces grammar pool for DTD and schema caching.
246  [INFO ] Processing file:/Users/isemisynov/Develop/dita-formats-demo/demo-input/markdown/demo-markdown.ditamap to file:/Users/isemisynov/Develop/dita-formats-demo/tmp/1653650818301/demo-markdown.ditamap
249  [INFO ] Processing file:/Users/isemisynov/Develop/dita-formats-demo/demo-input/markdown/demo-markdown-topic2.md to file:/Users/isemisynov/Develop/dita-formats-demo/tmp/1653650818301/demo-markdown-topic2.md
318  [INFO ] Processing file:/Users/isemisynov/Develop/dita-formats-demo/demo-input/markdown/demo-markdown-topic1.md to file:/Users/isemisynov/Develop/dita-formats-demo/tmp/1653650818301/demo-markdown-topic1.md
386  [DEBUG] DebugAndFilterModule processing took 141 ms
386  [DEBUG] Overriding previous definition of property "transtypes"
386  [DEBUG] Overriding previous definition of property "parser.md"
386  [DEBUG] Overriding previous definition of property "plugin.org.dita.specialization.dita11.dir"
386  [DEBUG] Overriding previous definition of property "parser.hdita"
386  [DEBUG] Overriding previous definition of property "cli.color"
386  [DEBUG] Overriding previous definition of property "plugin.org.dita.pdf2.dir"
386  [DEBUG] Overriding previous definition of property "print_transtypes"
386  [DEBUG] Overriding previous definition of property "supported_resource_extensions"
386  [DEBUG] Overriding previous definition of property "plugin.org.dita.xhtml.dir"
386  [DEBUG] Overriding previous definition of property "plugin.org.dita.index.dir"
386  [DEBUG] Overriding previous definition of property "supported_html_extensions"
386  [DEBUG] Overriding previous definition of property "plugin.order"
386  [DEBUG] Overriding previous definition of property "otrelease"
386  [DEBUG] Overriding previous definition of property "supported_image_extensions"
386  [DEBUG] Overriding previous definition of property "org.dita.pdf2.i18n.enabled"
386  [DEBUG] Overriding previous definition of property "plugin.org.dita.html5.dir"
386  [DEBUG] Overriding previous definition of property "default.cascade"
386  [DEBUG] Overriding previous definition of property "plugin.org.oasis-open.xdita.v0_2_2.dir"
386  [DEBUG] Overriding previous definition of property "plugin.org.dita.eclipsehelp.dir"
386  [DEBUG] Overriding previous definition of property "plugin.org.dita.htmlhelp.dir"
387  [DEBUG] Overriding previous definition of property "temp-file-name-scheme"
387  [DEBUG] Overriding previous definition of property "plugin.org.dita.base.dir"
387  [DEBUG] Overriding previous definition of property "plugindirs"
387  [DEBUG] Overriding previous definition of property "parser.mdita"
387  [DEBUG] Overriding previous definition of property "plugin.ignores"
387  [DEBUG] Overriding previous definition of property "registry"
387  [DEBUG] Overriding previous definition of property "plugin.org.dita.pdf2.axf.dir"
387  [DEBUG] Overriding previous definition of property "plugin.org.dita.normalize.dir"
387  [DEBUG] Overriding previous definition of property "plugin.org.oasis-open.dita.techcomm.v2_0.dir"
387  [DEBUG] Overriding previous definition of property "plugin.org.oasis-open.dita.v1_2.dir"
387  [DEBUG] Overriding previous definition of property "plugin.org.dita.pdf2.fop.dir"
387  [DEBUG] Overriding previous definition of property "plugin.org.lwdita.dir"
387  [DEBUG] Overriding previous definition of property "plugin.org.dita.pdf2.xep.dir"
387  [DEBUG] Overriding previous definition of property "plugin.org.oasis-open.dita.v2_0.dir"
387  [DEBUG] Overriding previous definition of property "otversion"
387  [DEBUG] Overriding previous definition of property "plugin.org.oasis-open.dita.v1_3.dir"
387  [DEBUG] Overriding previous definition of property "parser.markdown"
387  [DEBUG] Scanning for demo-markdown.ditamap
387  [DEBUG] Found temporary directory file /Users/isemisynov/Develop/dita-formats-demo/tmp/1653650818301/demo-markdown.ditamap
387  [DEBUG] Set property inputMapPath = file:/Users/isemisynov/Develop/dita-formats-demo/tmp/1653650818301/demo-markdown.ditamap
388  [DEBUG] Property "dita.preprocess.reloadstylesheet" has not been set
424  [INFO ] Processing file:/Users/isemisynov/Develop/dita-formats-demo/tmp/1653650818301/demo-markdown.ditamap
429  [DEBUG] MaprefModule processing took 41 ms
429  [INFO ] Processing file:/Users/isemisynov/Develop/dita-formats-demo/tmp/1653650818301/demo-markdown.ditamap
429  [DEBUG] Reading file:/Users/isemisynov/Develop/dita-formats-demo/tmp/1653650818301/demo-markdown.ditamap
430  [DEBUG] Split branches and generate copy-to
430  [DEBUG] Filter map
430  [DEBUG] Rewrite duplicate topic references
430  [DEBUG] Filter topics and generate copies
431  [DEBUG] Remove obsolete references
431  [DEBUG] Filter existing topics
431  [DEBUG] Writing file:/Users/isemisynov/Develop/dita-formats-demo/tmp/1653650818301/demo-markdown.ditamap
432  [DEBUG] BranchFilterModule processing took 3 ms
432  [DEBUG] KeyrefModule processing took 0 ms
433  [INFO ] Transforming into /Users/isemisynov/Develop/dita-formats-demo/tmp/1653650818301
433  [INFO ] Loading stylesheet file:/Users/isemisynov/Develop/dita-formats-demo/dita-ot-3.7.2/plugins/org.dita.base/xsl/preprocess/mapref.xsl
447  [DEBUG] Apache resolver library found, xml-commons resolver will be used
484  [INFO ] Loading stylesheet file:/Users/isemisynov/Develop/dita-formats-demo/dita-ot-3.7.2/plugins/org.dita.base/xsl/preprocess/mapref.xsl
484  [DEBUG] Set parameter keep-submap-href to 'false'
484  [DEBUG] Set parameter child-topicref-warning to 'false'
484  [DEBUG] Set parameter TRANSTYPE to 'markdown'
484  [DEBUG] Set parameter file-being-processed to 'demo-markdown.ditamap'
484  [INFO ] Processing file:/Users/isemisynov/Develop/dita-formats-demo/tmp/1653650818301/demo-markdown.ditamap
487  [DEBUG] XsltModule processing took 54 ms
490  [DEBUG] CopyToModule processing took 3 ms
490  [DEBUG] ConrefPushModule processing took 0 ms
490  [DEBUG] Property "dita.preprocess.reloadstylesheet" has not been set
490  [DEBUG] Setting exportfile.url to URL file:/Users/isemisynov/Develop/dita-formats-demo/tmp/1653650818301/export.xml
491  [DEBUG] XsltModule processing took 0 ms
491  [DEBUG] Skipped because property 'preprocess.profile.skip' set.
491  [INFO ] Processing file:/Users/isemisynov/Develop/dita-formats-demo/tmp/1653650818301/demo-markdown-topic2.md
492  [DEBUG] Configure filter org.dita.dost.writer.TopicFragmentFilter
492  [DEBUG] Configure filter org.dita.dost.writer.NormalizeTableFilter
492  [DEBUG] Configure filter org.dita.dost.writer.NormalizeSimpleTableFilter
492  [DEBUG] Configure filter org.dita.dost.writer.CoderefResolver
492  [DEBUG] Configure filter org.dita.dost.writer.NormalizeCodeblock
493  [INFO ] Processing file:/Users/isemisynov/Develop/dita-formats-demo/tmp/1653650818301/demo-markdown-topic1.md
494  [DEBUG] Configure filter org.dita.dost.writer.TopicFragmentFilter
494  [DEBUG] Configure filter org.dita.dost.writer.NormalizeTableFilter
494  [DEBUG] Configure filter org.dita.dost.writer.NormalizeSimpleTableFilter
494  [DEBUG] Configure filter org.dita.dost.writer.CoderefResolver
494  [DEBUG] Configure filter org.dita.dost.writer.NormalizeCodeblock
496  [DEBUG] XmlFilterModule processing took 5 ms
497  [INFO ] Processing file:/Users/isemisynov/Develop/dita-formats-demo/tmp/1653650818301/demo-markdown.ditamap
498  [DEBUG] Writing file:/Users/isemisynov/Develop/dita-formats-demo/tmp/1653650818301/demo-markdown.ditamap
499  [DEBUG] ChunkModule processing took 2 ms
499  [INFO ] Processing file:/Users/isemisynov/Develop/dita-formats-demo/tmp/1653650818301/demo-markdown.ditamap
500  [DEBUG] ChunkModule processing took 1 ms
501  [DEBUG] Scanning for demo-markdown-topic2.md
501  [DEBUG] Found temporary directory file /Users/isemisynov/Develop/dita-formats-demo/tmp/1653650818301/demo-markdown-topic2.md
501  [DEBUG] Scanning for demo-markdown-topic1.md
501  [DEBUG] Found temporary directory file /Users/isemisynov/Develop/dita-formats-demo/tmp/1653650818301/demo-markdown-topic1.md
501  [DEBUG] Set property inputTopicPath = file:/Users/isemisynov/Develop/dita-formats-demo/tmp/1653650818301/demo-markdown-topic2.md:file:/Users/isemisynov/Develop/dita-formats-demo/tmp/1653650818301/demo-markdown-topic1.md
502  [INFO ] Processing file:/Users/isemisynov/Develop/dita-formats-demo/tmp/1653650818301/demo-markdown.ditamap
502  [DEBUG] Writing file:/Users/isemisynov/Develop/dita-formats-demo/tmp/1653650818301/demo-markdown.ditamap
503  [INFO ] Loading stylesheet /Users/isemisynov/Develop/dita-formats-demo/dita-ot-3.7.2/plugins/org.dita.base/xsl/preprocess/mappull.xsl
558  [INFO ] Processing file:/Users/isemisynov/Develop/dita-formats-demo/tmp/1653650818301/demo-markdown.ditamap
558  [DEBUG] Processing file:/Users/isemisynov/Develop/dita-formats-demo/tmp/1653650818301/demo-markdown.ditamap to file:/Users/isemisynov/Develop/dita-formats-demo/tmp/1653650818301/demo-markdown.ditamap.tmp1653650818859
559  [DEBUG] Set parameter basedir to '/Users/isemisynov/Develop/dita-formats-demo/dita-ot-3.7.2'
559  [DEBUG] Set parameter style to '/Users/isemisynov/Develop/dita-formats-demo/dita-ot-3.7.2/plugins/org.dita.base/xsl/preprocess/mappull.xsl'
559  [DEBUG] Set parameter conserve-memory to 'false'
559  [DEBUG] Set parameter message to 'Move metadata entries.'
559  [DEBUG] Set parameter inputmap to 'demo-markdown.ditamap'
659  [DEBUG] Moving file:/Users/isemisynov/Develop/dita-formats-demo/tmp/1653650818301/demo-markdown.ditamap.tmp1653650818859 to file:/Users/isemisynov/Develop/dita-formats-demo/tmp/1653650818301/demo-markdown.ditamap
659  [DEBUG] MoveMetaModule processing took 158 ms
660  [DEBUG] Property "dita.preprocess.reloadstylesheet" has not been set
713  [DEBUG] MoveLinksModule processing took 53 ms
713  [DEBUG] Property "dita.preprocess.reloadstylesheet" has not been set
714  [INFO ] Transforming into /Users/isemisynov/Develop/dita-formats-demo/tmp/1653650818301
714  [INFO ] Loading stylesheet file:/Users/isemisynov/Develop/dita-formats-demo/dita-ot-3.7.2/plugins/org.dita.base/xsl/preprocess/topicpull.xsl
765  [INFO ] Loading stylesheet file:/Users/isemisynov/Develop/dita-formats-demo/dita-ot-3.7.2/plugins/org.dita.base/xsl/preprocess/topicpull.xsl
766  [DEBUG] Set parameter ONLYTOPICINMAP to 'false'
766  [DEBUG] Set parameter defaultLanguage to 'en'
766  [INFO ] Processing file:/Users/isemisynov/Develop/dita-formats-demo/tmp/1653650818301/demo-markdown-topic2.md
770  [DEBUG] Set parameter ONLYTOPICINMAP to 'false'
770  [DEBUG] Set parameter defaultLanguage to 'en'
770  [INFO ] Processing file:/Users/isemisynov/Develop/dita-formats-demo/tmp/1653650818301/demo-markdown-topic1.md
772  [DEBUG] XsltModule processing took 58 ms
772  [DEBUG] Property "dita.preprocess.reloadstylesheet" has not been set
772  [INFO ] Transforming into /Users/isemisynov/Develop/dita-formats-demo/tmp/1653650818301
772  [INFO ] Loading stylesheet file:/Users/isemisynov/Develop/dita-formats-demo/dita-ot-3.7.2/plugins/org.dita.base/xsl/preprocess/clean-map.xsl
793  [INFO ] Loading stylesheet file:/Users/isemisynov/Develop/dita-formats-demo/dita-ot-3.7.2/plugins/org.dita.base/xsl/preprocess/clean-map.xsl
793  [INFO ] Processing file:/Users/isemisynov/Develop/dita-formats-demo/tmp/1653650818301/demo-markdown.ditamap
795  [DEBUG] XsltModule processing took 23 ms
796  [DEBUG] CleanPreprocessModule processing took 1 ms
797  [DEBUG] Overriding previous definition of property "user.input.dir"
797  [DEBUG] Overriding previous definition of property "transtypes"
797  [DEBUG] Overriding previous definition of property "parser.md"
797  [DEBUG] Overriding previous definition of property "plugin.org.dita.specialization.dita11.dir"
797  [DEBUG] Overriding previous definition of property "crawl"
797  [DEBUG] Overriding previous definition of property "parser.hdita"
797  [DEBUG] Overriding previous definition of property "cli.color"
797  [DEBUG] Overriding previous definition of property "user.input.file"
797  [DEBUG] Overriding previous definition of property "plugin.org.dita.pdf2.dir"
798  [DEBUG] Overriding previous definition of property "print_transtypes"
798  [DEBUG] Overriding previous definition of property "onlytopicinmap"
798  [DEBUG] Overriding previous definition of property "supported_resource_extensions"
798  [DEBUG] Overriding previous definition of property "plugin.org.dita.xhtml.dir"
798  [DEBUG] Overriding previous definition of property "plugin.org.dita.index.dir"
798  [DEBUG] Overriding previous definition of property "relflagimagelist"
798  [DEBUG] Overriding previous definition of property "supported_html_extensions"
798  [DEBUG] Overriding previous definition of property "plugin.order"
798  [DEBUG] Overriding previous definition of property "otrelease"
798  [DEBUG] Overriding previous definition of property "supported_image_extensions"
798  [DEBUG] Overriding previous definition of property "InputMapDir"
798  [DEBUG] Overriding previous definition of property "org.dita.pdf2.i18n.enabled"
798  [DEBUG] Overriding previous definition of property "user.input.dir.uri"
798  [DEBUG] Overriding previous definition of property "plugin.org.dita.html5.dir"
798  [DEBUG] Overriding previous definition of property "generatecopyouter"
798  [DEBUG] Overriding previous definition of property "default.cascade"
798  [DEBUG] Overriding previous definition of property "plugin.org.oasis-open.xdita.v0_2_2.dir"
798  [DEBUG] Overriding previous definition of property "plugin.org.dita.eclipsehelp.dir"
798  [DEBUG] Overriding previous definition of property "outputdir"
798  [DEBUG] Overriding previous definition of property "plugin.org.dita.htmlhelp.dir"
798  [DEBUG] Overriding previous definition of property "temp-file-name-scheme"
798  [DEBUG] Overriding previous definition of property "plugin.org.dita.base.dir"
798  [DEBUG] Overriding previous definition of property "plugindirs"
798  [DEBUG] Overriding previous definition of property "parser.mdita"
798  [DEBUG] Overriding previous definition of property "user.input.file.listfile"
798  [DEBUG] Overriding previous definition of property "outercontrol"
798  [DEBUG] Overriding previous definition of property "plugin.ignores"
798  [DEBUG] Overriding previous definition of property "relflagimagefile"
798  [DEBUG] Overriding previous definition of property "user.input.file.uri"
798  [DEBUG] Overriding previous definition of property "registry"
798  [DEBUG] Overriding previous definition of property "plugin.org.dita.pdf2.axf.dir"
798  [DEBUG] Overriding previous definition of property "plugin.org.dita.normalize.dir"
798  [DEBUG] Overriding previous definition of property "plugin.org.oasis-open.dita.techcomm.v2_0.dir"
798  [DEBUG] Overriding previous definition of property "plugin.org.oasis-open.dita.v1_2.dir"
798  [DEBUG] Overriding previous definition of property "InputMapDir.uri"
799  [DEBUG] Overriding previous definition of property "plugin.org.dita.pdf2.fop.dir"
799  [DEBUG] Overriding previous definition of property "plugin.org.lwdita.dir"
799  [DEBUG] Overriding previous definition of property "plugin.org.dita.pdf2.xep.dir"
799  [DEBUG] Overriding previous definition of property "tempdirToinputmapdir.relative.value"
799  [DEBUG] Overriding previous definition of property "plugin.org.oasis-open.dita.v2_0.dir"
799  [DEBUG] Overriding previous definition of property "otversion"
799  [DEBUG] Overriding previous definition of property "plugin.org.oasis-open.dita.v1_3.dir"
799  [DEBUG] Overriding previous definition of property "parser.markdown"
799  [DEBUG] Overriding previous definition of property "uplevels"
799  [DEBUG] Skipped because property 'preprocess.copy-flag.skip' set.
799  [DEBUG] Property "markdown.type" has not been set
799  [DEBUG] Property "dita.input.valfile" has not been set
799  [DEBUG] Setting dita.input.valfile.url to URL file:/Users/isemisynov/Develop/dita-formats-demo/dita-ot-3.7.2/$%7Bdita.input.valfile%7D
799  [DEBUG] Skipped because property 'old.transform' not set.
800  [INFO ] Transforming into /Users/isemisynov/Develop/dita-formats-demo/output/markdown/markdown
800  [INFO ] Loading stylesheet file:/Users/isemisynov/Develop/dita-formats-demo/dita-ot-3.7.2/plugins/org.lwdita/xsl/dita2markdown.xsl
1088 [INFO ] Loading stylesheet file:/Users/isemisynov/Develop/dita-formats-demo/dita-ot-3.7.2/plugins/org.lwdita/xsl/dita2markdown.xsl
1088 [DEBUG] Set parameter OUTEXT to '.md'
1088 [DEBUG] Set parameter defaultLanguage to 'en'
1088 [DEBUG] Set parameter BASEDIR to '/Users/isemisynov/Develop/dita-formats-demo/dita-ot-3.7.2'
1088 [DEBUG] Set parameter OUTPUTDIR to '/Users/isemisynov/Develop/dita-formats-demo/output/markdown/markdown'
1088 [DEBUG] Set parameter include.rellinks to '#default parent child sibling friend next previous cousin descendant sample external other'
1088 [DEBUG] Set parameter FILENAME to 'demo-markdown-topic2.md'
1088 [DEBUG] Set parameter FILEDIR to '.'
1089 [INFO ] Processing file:/Users/isemisynov/Develop/dita-formats-demo/tmp/1653650818301/demo-markdown-topic2.md to file:/Users/isemisynov/Develop/dita-formats-demo/output/markdown/markdown/demo-markdown-topic2.md
1091 [DEBUG] Set parameter OUTEXT to '.md'
1091 [DEBUG] Set parameter defaultLanguage to 'en'
1091 [DEBUG] Set parameter BASEDIR to '/Users/isemisynov/Develop/dita-formats-demo/dita-ot-3.7.2'
1091 [DEBUG] Set parameter OUTPUTDIR to '/Users/isemisynov/Develop/dita-formats-demo/output/markdown/markdown'
1091 [DEBUG] Set parameter include.rellinks to '#default parent child sibling friend next previous cousin descendant sample external other'
1091 [DEBUG] Set parameter FILENAME to 'demo-markdown-topic1.md'
1091 [DEBUG] Set parameter FILEDIR to '.'
1091 [INFO ] Processing file:/Users/isemisynov/Develop/dita-formats-demo/tmp/1653650818301/demo-markdown-topic1.md to file:/Users/isemisynov/Develop/dita-formats-demo/output/markdown/markdown/demo-markdown-topic1.md
1094 [DEBUG] XsltModule processing took 294 ms
1095 [INFO ] Transforming into /Users/isemisynov/Develop/dita-formats-demo/output/markdown/markdown
1095 [INFO ] Loading stylesheet file:/Users/isemisynov/Develop/dita-formats-demo/dita-ot-3.7.2/plugins/org.lwdita/xsl/map2markdown-cover.xsl
1304 [INFO ] Loading stylesheet file:/Users/isemisynov/Develop/dita-formats-demo/dita-ot-3.7.2/plugins/org.lwdita/xsl/map2markdown-cover.xsl
1304 [DEBUG] Set parameter OUTEXT to '.md'
1304 [INFO ] Processing file:/Users/isemisynov/Develop/dita-formats-demo/tmp/1653650818301/demo-markdown.ditamap to file:/Users/isemisynov/Develop/dita-formats-demo/output/markdown/markdown/index.md
1307 [DEBUG] XsltModule processing took 212 ms
