1    [DEBUG] Detected Java version: 18 in: /Library/Java/JavaVirtualMachines/jdk-18.jdk/Contents/Home
1    [DEBUG] Detected OS: Mac OS X
1    [DEBUG] Project base dir set to: /Users/isemisynov/Develop/dita-formats-demo/dita-ot-3.7.2
2    [DEBUG] parsing buildfile /Users/isemisynov/Develop/dita-formats-demo/dita-ot-3.7.2/build.xml with URI = file:/Users/isemisynov/Develop/dita-formats-demo/dita-ot-3.7.2/build.xml
2    [DEBUG] Project base dir set to: /Users/isemisynov/Develop/dita-formats-demo/dita-ot-3.7.2
45   [DEBUG] parsing buildfile jar:file:/Users/isemisynov/Develop/dita-formats-demo/dita-ot-3.7.2/lib/ant.jar!/org/apache/tools/ant/antlib.xml with URI = jar:file:/Users/isemisynov/Develop/dita-formats-demo/dita-ot-3.7.2/lib/ant.jar!/org/apache/tools/ant/antlib.xml from a zip file
92   [DEBUG] parsing buildfile jar:file:/Users/isemisynov/.gradle/caches/modules-2/files-2.1/org.apache.ant/ant/1.10.12/be08c4f63e92e03bac761404cf77bc270928b6c5/ant-1.10.12.jar!/org/apache/tools/ant/antlib.xml with URI = jar:file:/Users/isemisynov/.gradle/caches/modules-2/files-2.1/org.apache.ant/ant/1.10.12/be08c4f63e92e03bac761404cf77bc270928b6c5/ant-1.10.12.jar!/org/apache/tools/ant/antlib.xml from a zip file
94   [DEBUG] Override ignored for property "dita.dir"
94   [DEBUG] Override ignored for property "dita.dir"
95   [DEBUG] Loading /Users/isemisynov/Develop/dita-formats-demo/dita-ot-3.7.2/local.properties
95   [DEBUG] Unable to find property file: /Users/isemisynov/Develop/dita-formats-demo/dita-ot-3.7.2/local.properties
95   [DEBUG] Importing file /Users/isemisynov/Develop/dita-formats-demo/dita-ot-3.7.2/plugins/org.dita.base/build.xml from /Users/isemisynov/Develop/dita-formats-demo/dita-ot-3.7.2/build.xml
95   [DEBUG] Overriding previous definition of reference to ant.projectHelper
95   [DEBUG] parsing buildfile /Users/isemisynov/Develop/dita-formats-demo/dita-ot-3.7.2/plugins/org.dita.base/build.xml with URI = file:/Users/isemisynov/Develop/dita-formats-demo/dita-ot-3.7.2/plugins/org.dita.base/build.xml
102  [DEBUG] Importing file /Users/isemisynov/Develop/dita-formats-demo/dita-ot-3.7.2/plugins/org.dita.base/build_init.xml from /Users/isemisynov/Develop/dita-formats-demo/dita-ot-3.7.2/plugins/org.dita.base/build.xml
102  [DEBUG] Overriding previous definition of reference to ant.projectHelper
102  [DEBUG] parsing buildfile /Users/isemisynov/Develop/dita-formats-demo/dita-ot-3.7.2/plugins/org.dita.base/build_init.xml with URI = file:/Users/isemisynov/Develop/dita-formats-demo/dita-ot-3.7.2/plugins/org.dita.base/build_init.xml
103  [DEBUG] Loading /Users/isemisynov/Develop/dita-formats-demo/dita-ot-3.7.2/config/org.dita.dost.platform/plugin.properties
104  [DEBUG] Loading /Users/isemisynov/Develop/dita-formats-demo/dita-ot-3.7.2/config/configuration.properties
105  [DEBUG] creating macro  job-helper
105  [DEBUG] Overriding previous definition of reference to ant.projectHelper
106  [DEBUG] Importing file /Users/isemisynov/Develop/dita-formats-demo/dita-ot-3.7.2/plugins/org.dita.base/build_preprocess.xml from /Users/isemisynov/Develop/dita-formats-demo/dita-ot-3.7.2/plugins/org.dita.base/build.xml
106  [DEBUG] Overriding previous definition of reference to ant.projectHelper
106  [DEBUG] parsing buildfile /Users/isemisynov/Develop/dita-formats-demo/dita-ot-3.7.2/plugins/org.dita.base/build_preprocess.xml with URI = file:/Users/isemisynov/Develop/dita-formats-demo/dita-ot-3.7.2/plugins/org.dita.base/build_preprocess.xml
107  [DEBUG] Property "conserve-memory" has not been set
107  [DEBUG] Overriding previous definition of reference to ant.projectHelper
107  [DEBUG] Importing file /Users/isemisynov/Develop/dita-formats-demo/dita-ot-3.7.2/plugins/org.dita.base/build_preprocess2.xml from /Users/isemisynov/Develop/dita-formats-demo/dita-ot-3.7.2/plugins/org.dita.base/build.xml
107  [DEBUG] Overriding previous definition of reference to ant.projectHelper
108  [DEBUG] parsing buildfile /Users/isemisynov/Develop/dita-formats-demo/dita-ot-3.7.2/plugins/org.dita.base/build_preprocess2.xml with URI = file:/Users/isemisynov/Develop/dita-formats-demo/dita-ot-3.7.2/plugins/org.dita.base/build_preprocess2.xml
108  [DEBUG] Overriding previous definition of reference to ant.projectHelper
109  [DEBUG] Importing file /Users/isemisynov/Develop/dita-formats-demo/dita-ot-3.7.2/plugins/org.dita.xhtml/build_general.xml from /Users/isemisynov/Develop/dita-formats-demo/dita-ot-3.7.2/plugins/org.dita.base/build.xml
109  [DEBUG] Overriding previous definition of reference to ant.projectHelper
109  [DEBUG] parsing buildfile /Users/isemisynov/Develop/dita-formats-demo/dita-ot-3.7.2/plugins/org.dita.xhtml/build_general.xml with URI = file:/Users/isemisynov/Develop/dita-formats-demo/dita-ot-3.7.2/plugins/org.dita.xhtml/build_general.xml
110  [DEBUG] creating macro  topics.html
110  [DEBUG] Overriding previous definition of reference to ant.projectHelper
110  [DEBUG] Importing file /Users/isemisynov/Develop/dita-formats-demo/dita-ot-3.7.2/plugins/org.dita.xhtml/build_dita2xhtml.xml from /Users/isemisynov/Develop/dita-formats-demo/dita-ot-3.7.2/plugins/org.dita.base/build.xml
110  [DEBUG] Overriding previous definition of reference to ant.projectHelper
110  [DEBUG] parsing buildfile /Users/isemisynov/Develop/dita-formats-demo/dita-ot-3.7.2/plugins/org.dita.xhtml/build_dita2xhtml.xml with URI = file:/Users/isemisynov/Develop/dita-formats-demo/dita-ot-3.7.2/plugins/org.dita.xhtml/build_dita2xhtml.xml
111  [DEBUG] creating macro  map.html
111  [DEBUG] Overriding previous definition of reference to ant.projectHelper
111  [DEBUG] Importing file /Users/isemisynov/Develop/dita-formats-demo/dita-ot-3.7.2/plugins/org.dita.eclipsehelp/build_dita2eclipsehelp.xml from /Users/isemisynov/Develop/dita-formats-demo/dita-ot-3.7.2/plugins/org.dita.base/build.xml
111  [DEBUG] Overriding previous definition of reference to ant.projectHelper
112  [DEBUG] parsing buildfile /Users/isemisynov/Develop/dita-formats-demo/dita-ot-3.7.2/plugins/org.dita.eclipsehelp/build_dita2eclipsehelp.xml with URI = file:/Users/isemisynov/Develop/dita-formats-demo/dita-ot-3.7.2/plugins/org.dita.eclipsehelp/build_dita2eclipsehelp.xml
112  [DEBUG] Overriding previous definition of reference to ant.projectHelper
113  [DEBUG] Importing file /Users/isemisynov/Develop/dita-formats-demo/dita-ot-3.7.2/plugins/org.dita.html5/build_dita2html5.xml from /Users/isemisynov/Develop/dita-formats-demo/dita-ot-3.7.2/plugins/org.dita.base/build.xml
113  [DEBUG] Overriding previous definition of reference to ant.projectHelper
113  [DEBUG] parsing buildfile /Users/isemisynov/Develop/dita-formats-demo/dita-ot-3.7.2/plugins/org.dita.html5/build_dita2html5.xml with URI = file:/Users/isemisynov/Develop/dita-formats-demo/dita-ot-3.7.2/plugins/org.dita.html5/build_dita2html5.xml
114  [DEBUG] creating macro  html5.topics
114  [DEBUG] creating macro  html5.map
114  [DEBUG] Overriding previous definition of reference to ant.projectHelper
114  [DEBUG] Importing file /Users/isemisynov/Develop/dita-formats-demo/dita-ot-3.7.2/plugins/org.dita.htmlhelp/build_dita2htmlhelp.xml from /Users/isemisynov/Develop/dita-formats-demo/dita-ot-3.7.2/plugins/org.dita.base/build.xml
114  [DEBUG] Overriding previous definition of reference to ant.projectHelper
115  [DEBUG] parsing buildfile /Users/isemisynov/Develop/dita-formats-demo/dita-ot-3.7.2/plugins/org.dita.htmlhelp/build_dita2htmlhelp.xml with URI = file:/Users/isemisynov/Develop/dita-formats-demo/dita-ot-3.7.2/plugins/org.dita.htmlhelp/build_dita2htmlhelp.xml
115  [DEBUG] Overriding previous definition of reference to ant.projectHelper
115  [DEBUG] Importing file /Users/isemisynov/Develop/dita-formats-demo/dita-ot-3.7.2/plugins/org.dita.index/build.xml from /Users/isemisynov/Develop/dita-formats-demo/dita-ot-3.7.2/plugins/org.dita.base/build.xml
116  [DEBUG] Overriding previous definition of reference to ant.projectHelper
116  [DEBUG] parsing buildfile /Users/isemisynov/Develop/dita-formats-demo/dita-ot-3.7.2/plugins/org.dita.index/build.xml with URI = file:/Users/isemisynov/Develop/dita-formats-demo/dita-ot-3.7.2/plugins/org.dita.index/build.xml
116  [DEBUG] Overriding previous definition of reference to ant.projectHelper
117  [DEBUG] Importing file /Users/isemisynov/Develop/dita-formats-demo/dita-ot-3.7.2/plugins/org.dita.pdf2/build.xml from /Users/isemisynov/Develop/dita-formats-demo/dita-ot-3.7.2/plugins/org.dita.base/build.xml
117  [DEBUG] Overriding previous definition of reference to ant.projectHelper
117  [DEBUG] parsing buildfile /Users/isemisynov/Develop/dita-formats-demo/dita-ot-3.7.2/plugins/org.dita.pdf2/build.xml with URI = file:/Users/isemisynov/Develop/dita-formats-demo/dita-ot-3.7.2/plugins/org.dita.pdf2/build.xml
118  [DEBUG] Overriding previous definition of reference to ant.projectHelper
118  [DEBUG] Importing file /Users/isemisynov/Develop/dita-formats-demo/dita-ot-3.7.2/plugins/org.dita.pdf2.axf/build.xml from /Users/isemisynov/Develop/dita-formats-demo/dita-ot-3.7.2/plugins/org.dita.base/build.xml
118  [DEBUG] Overriding previous definition of reference to ant.projectHelper
119  [DEBUG] parsing buildfile /Users/isemisynov/Develop/dita-formats-demo/dita-ot-3.7.2/plugins/org.dita.pdf2.axf/build.xml with URI = file:/Users/isemisynov/Develop/dita-formats-demo/dita-ot-3.7.2/plugins/org.dita.pdf2.axf/build.xml
119  [DEBUG] Overriding previous definition of reference to ant.projectHelper
120  [DEBUG] Importing file /Users/isemisynov/Develop/dita-formats-demo/dita-ot-3.7.2/plugins/org.dita.pdf2.fop/build_fop.xml from /Users/isemisynov/Develop/dita-formats-demo/dita-ot-3.7.2/plugins/org.dita.base/build.xml
120  [DEBUG] Overriding previous definition of reference to ant.projectHelper
120  [DEBUG] parsing buildfile /Users/isemisynov/Develop/dita-formats-demo/dita-ot-3.7.2/plugins/org.dita.pdf2.fop/build_fop.xml with URI = file:/Users/isemisynov/Develop/dita-formats-demo/dita-ot-3.7.2/plugins/org.dita.pdf2.fop/build_fop.xml
120  [DEBUG] Overriding previous definition of reference to ant.projectHelper
121  [DEBUG] Importing file /Users/isemisynov/Develop/dita-formats-demo/dita-ot-3.7.2/plugins/org.dita.pdf2.xep/build.xml from /Users/isemisynov/Develop/dita-formats-demo/dita-ot-3.7.2/plugins/org.dita.base/build.xml
121  [DEBUG] Overriding previous definition of reference to ant.projectHelper
121  [DEBUG] parsing buildfile /Users/isemisynov/Develop/dita-formats-demo/dita-ot-3.7.2/plugins/org.dita.pdf2.xep/build.xml with URI = file:/Users/isemisynov/Develop/dita-formats-demo/dita-ot-3.7.2/plugins/org.dita.pdf2.xep/build.xml
121  [DEBUG] Overriding previous definition of reference to ant.projectHelper
122  [DEBUG] Importing file /Users/isemisynov/Develop/dita-formats-demo/dita-ot-3.7.2/plugins/org.dita.normalize/build.xml from /Users/isemisynov/Develop/dita-formats-demo/dita-ot-3.7.2/plugins/org.dita.base/build.xml
122  [DEBUG] Overriding previous definition of reference to ant.projectHelper
122  [DEBUG] parsing buildfile /Users/isemisynov/Develop/dita-formats-demo/dita-ot-3.7.2/plugins/org.dita.normalize/build.xml with URI = file:/Users/isemisynov/Develop/dita-formats-demo/dita-ot-3.7.2/plugins/org.dita.normalize/build.xml
122  [DEBUG] Overriding previous definition of reference to ant.projectHelper
122  [DEBUG] Importing file /Users/isemisynov/Develop/dita-formats-demo/dita-ot-3.7.2/plugins/org.lwdita/build-markdown.xml from /Users/isemisynov/Develop/dita-formats-demo/dita-ot-3.7.2/plugins/org.dita.base/build.xml
122  [DEBUG] Overriding previous definition of reference to ant.projectHelper
123  [DEBUG] parsing buildfile /Users/isemisynov/Develop/dita-formats-demo/dita-ot-3.7.2/plugins/org.lwdita/build-markdown.xml with URI = file:/Users/isemisynov/Develop/dita-formats-demo/dita-ot-3.7.2/plugins/org.lwdita/build-markdown.xml
123  [DEBUG] creating macro  markdown.map
123  [DEBUG] creating macro  markdown.topics
123  [DEBUG] Overriding previous definition of reference to ant.projectHelper
124  [DEBUG] Importing file /Users/isemisynov/Develop/dita-formats-demo/dita-ot-3.7.2/plugins/org.lwdita/build-html.xml from /Users/isemisynov/Develop/dita-formats-demo/dita-ot-3.7.2/plugins/org.dita.base/build.xml
124  [DEBUG] Overriding previous definition of reference to ant.projectHelper
124  [DEBUG] parsing buildfile /Users/isemisynov/Develop/dita-formats-demo/dita-ot-3.7.2/plugins/org.lwdita/build-html.xml with URI = file:/Users/isemisynov/Develop/dita-formats-demo/dita-ot-3.7.2/plugins/org.lwdita/build-html.xml
124  [DEBUG] Overriding previous definition of reference to ant.projectHelper
124  [DEBUG] Overriding previous definition of reference to ant.projectHelper
125  [DEBUG] Build sequence for target(s) `dita2html5' is [html5.init, init-properties, check-arg, log-arg, build-init, preprocess.init, ditaval-merge, gen-list, debug-filter, mapref-check, mapref, branch-filter, keyref, copy-to, conrefpush, conref, profile-check, profile, topic-fragment, chunk-check, chunk, move-meta-entries, maplink-check, maplink, topicpull-check, topicpull, clean-map-check, clean-map, clean-preprocess, copy-image, copy-html, copy-flag-check, copy-flag, copy-files, preprocess, html5.topic.init, html5.image-metadata, html5.topics.common, html5.topics.common.inner, html5.topic, html5.map.init, html5.map.toc, html5.map, html5.css, dita2html5]
125  [DEBUG] Complete build sequence is [html5.init, init-properties, check-arg, log-arg, build-init, preprocess.init, ditaval-merge, gen-list, debug-filter, mapref-check, mapref, branch-filter, keyref, copy-to, conrefpush, conref, profile-check, profile, topic-fragment, chunk-check, chunk, move-meta-entries, maplink-check, maplink, topicpull-check, topicpull, clean-map-check, clean-map, clean-preprocess, copy-image, copy-html, copy-flag-check, copy-flag, copy-files, preprocess, html5.topic.init, html5.image-metadata, html5.topics.common, html5.topics.common.inner, html5.topic, html5.map.init, html5.map.toc, html5.map, html5.css, dita2html5, dita2pdf2.init, dita.index.eclipsehelp.init, ditaot-preprocess.mapref-check, transform.topic2pdf.init, preview.topic.pdf.init, copyCoreArtwork, transform.fo2pdf.xep.test-use, transform.fo2pdf.xep.init, transform.fo2pdf.fop.test-use, transform.fo2pdf.fop.init, transform.fo2pdf.ah.test-use, transform.fo2pdf.ah.init, transform.topic2fo.init, org.dita.index.init, org.dita.index, transform.topic2fo.main, transform.topic2fo.i18n.filter, transform.topic2fo.i18n.no-filter, transform.topic2fo.i18n, transform.topic2fo, transform.fo2pdf.xep, transform.fo2pdf.fop, transform.fo2pdf.ah, transform.fo2pdf, transform.topic2pdf, dita.build.preview.topic.pdf, ditaot-preprocess.maplink-check, markdown_github.init, markdown.init, markdown.topics.common, markdown.topics.common.inner, markdown.topic, markdown.map.init, markdown.map.toc, markdown.map, dita2markdown, dita2normalize.dita2markdown_github, dita2normalize.markdown.topics.common, ditaot-init.check-arg, dita2dita, org.dita.pdf2.xep.transform.fo2pdf.xep, dita2htmlhelp.init, ditaot-preprocess.profile-check, dita2html5.html5.map.toc, dita2html5.html5.map, ditaot-preprocess2.map-conrefpush, dita2eclipsehelp.dita.map.eclipse.plugin.init, dita.map.eclipse.plugin.init, dita.map.eclipse.plugin, ditaot-preprocess.debug-filter, dita.map.eclipse.fragment.move.files, dita2normalize.dita.out.map.hdita.toc, xhtml.init, xhtml.image-metadata, htmlhelp.topics, ditaot-init.build-init, dita2xhtml.copy-css-user, ditaot-preprocess.copy-to, ditaot-preprocess.keyref, ditaot-preprocess.copy-flag-check, ditaot-preprocess2.topic-keyref, transform.topic2fo.index.init, dita.build.transform.topic2fo.index, ditaot-preprocess2.topic-maplink, preprocess2.init, map-reader, map-mapref, map-branch-filter, map-keyref, map-conrefpush, map-conref, map-profile-check, map-profile, preprocess2.maps, topic-reader, topic-branch-filter, topic-keyref, topic-copy-to, topic-conrefpush, topic-conref, topic-profile-check, topic-profile, preprocess2.topic-fragment, topic-chunk, topic-move-meta-entries, topic-maplink, topic-topicpull, preprocess2.topics, map-clean-map, copy-image2, copy-files2, preprocess2, build_generaltargets.output-css-warn-message, ditaot-preprocess2.topic-reader, ditaot-preprocess.chunk, dita.topics.html.common, dita.build.transform.topic2fo.i18n.filter, org.dita.pdf2.axf.transform.fo2pdf.ah.nooption, ditaot-preprocess2.topic-branch-filter, build_generaltargets.xhtml.image-metadata, dita2normalize.dita.topics.hdita.common, dita.map.xhtml.init, dita.map.xhtml.toc, dita.map.xhtml, dita.map.eclipse.toc, dita.build.transform.topic2fo.i18n, org.dita.pdf2.axf.transform.fo2pdf.ah, org.dita.pdf2.xep.transform.fo2pdf.xep.test-use, ditaot-preprocess2.preprocess2.topic-fragment, markdown_gitbook.init, dita2eclipsehelp.dita.map.eclipse.fragment.language.init, ditaot-preprocess.preprocess.init, copy-revflag, ditaot-preprocess.clean-map, dita2xhtml.init, map2pdf2, topic2pdf2, dita.build.dita2pdf2, hdita.init, ditaot-preprocess.clean-preprocess, dita2xhtml.dita.out.map.xhtml.toc, org.dita.pdf2.xep.transform.fo2pdf.xep.init, ditaot-preprocess2.preprocess2, org.dita.pdf2.axf.transform.fo2pdf.ah.test-use, ditaot-preprocess.maplink, ditaot-init.init-properties, ditaot-preprocess.preprocess, use-init.envhhcdir, use-init.hhcdir, htmlhelp.copy-image, copy-css, dita2htmlhelp.dita2htmlhelp, publish.map.pdf.init, dita2xhtml.dita.map.xhtml, copy-plugin-files, ditaot-preprocess2.map-clean-map, dita2pdf2, dita.build.dita2pdf, ditaot-preprocess.conrefpush, dita.map.eclipse.init, dita2eclipsehelp.dita.map.eclipse.fragment.error, ditaot-preprocess.branch-filter, dita.map.hdita.init, dita2eclipsehelp.copy-plugin-files, dita.build.transform.fo2pdf, dita2eclipsehelp.dita.out.map.eclipse.plugin, build.eclipse.jar, org.dita.pdf2.fop.transform.fo2pdf.fop, dita.build.transform.topic2pdf.init, ditaot-preprocess2.map-mapref, dita.map.eclipse.fragment.language.init, ditaot-preprocess.gen-list, build_generaltargets.dita.topics.html.common, dita2htmlhelp.use-init.hhcdir, dita.build.publish.map.pdf, dita2normalize.hdita.init, DOST.init, DOST.help, transform.fo2pdf.ah.nooption, dita.inner.topics.hdita.common, dita2htmlhelp.dita.htmlhelp.convertlang, ditaot-preprocess2.topic-topicpull, dita2eclipsehelp.dita.out.map.eclipse.toc, dita2normalize.markdown.init, dita2html5.html5.topic, ditaot-preprocess.chunk-check, dita2normalize.markdown_gitbook.init, dita2htmlhelp.org.dita.index, build_generaltargets.dita.inner.topics.html.common, preprocess2-topic, ditaot-preprocess2.map-profile-check, dita.out.map.eclipse.plugin.properties, dita2eclipsehelp.dita.map.eclipse.index, ditaot-preprocess.profile, dita2normalize.markdown.topics.common.inner, dita.map.eclipse.fragment.language.country.init, dita2eclipsehelp.dita.map.eclipse.plugin.properties, ditaot-preprocess.copy-files, dita.inner.topics.html.common, build_generaltargets.xhtml.topics, org.dita.pdf2.fop.transform.fo2pdf.fop.test-use, dita2htmlhelp.dita2htmlhelp.init, dita.map.htmlhelp.init, ditaot-preprocess2.map-conref, dita.map.eclipse.index, dita.map.eclipse.plugin.properties, dita.map.eclipse.manifest.file, dita.out.map.eclipse.manifest.file, dita.out.map.eclipse.toc, dita.out.map.eclipse.index, dita.out.map.eclipse.plugin, dita.out.map.eclipse.fragment.move.files, dita.map.eclipse.genetrate.fragment, ditaot-preprocess.topicpull-check, init, help, ditaot-preprocess2.preprocess2-topic, dita.map.eclipse.fragment.error, ditaot-preprocess2.map-reader, ditaot-init.log-arg, dita2xhtml.copy-css, dita2normalize.markdown.map.toc, ditaot-preprocess.move-meta-entries, dita2markdown_gitbook, dita.build.transform.topic2fo, preview.topic.pdf, transform.topic2fo.index, dita2eclipsehelp.dita.map.eclipse.init, xhtml.topics, dita2xhtml.dita2xhtml, ditaot-preprocess2.topic-move-meta-entries, dita2normalize.dita.inner.topics.hdita.common, dita2normalize.markdown_github.init, dita2eclipsehelp.dita.map.eclipse.toc, dita2normalize.dita2dita, ditaot-preprocess.copy-html, dita2normalize.markdown.topic, dita2html5.html5.topic.init, dita.topics.hdita.common, dita.map.hdita.toc, dita.out.map.hdita.toc, dita2normalize.dita2hdita, dita.map.eclipse.generate.plugin, clean-temp, dita2xhtml.dita2xhtml.init, ditaot-preprocess.copy-image, ditaot-preprocess.ditaval-merge, dita.map.htmlhelp.hhp, dita.map.htmlhelp.hhc, dita.map.htmlhelp.hhk, dita.htmlhelp.convertlang, compile.HTML.Help, dita.map.htmlhelp, dita2html5.html5.init, build_generaltargets.xhtml.init, dita2html5.html5.topics.common.inner, dita2xhtml.dita.map.xhtml.toc, org.dita.pdf2.fop.transform.fo2pdf.fop.init, dita2eclipsehelp.dita.out.map.eclipse.index, ditaot-preprocess2.preprocess2.maps, dita2eclipsehelp.build.eclipse.jar, ditaot-preprocess2.map-branch-filter, dita2normalize.markdown.map.init, dita2htmlhelp.compile.HTML.Help, dita.build.transform.topic2fo.index.init, dita2htmlhelp.dita.map.htmlhelp, dita2html5.html5.map.init, ditaot-preprocess.mapref, dita2eclipsehelp.dita.out.map.eclipse.manifest.file, dita.build.transform.topic2fo.main, ditaot-preprocess.clean-map-check, dita2normalize.dita.map.hdita.toc, dita2eclipsehelp.dita.map.eclipse.genetrate.fragment, dita2eclipsehelp.dita.map.eclipse.fragment.language.country.init, dita.build.publish.map.pdf.init, ditaot-preprocess2.copy-image2, ditaot-preprocess.clean-temp, dita.build.dita2pdf2.init, dita2normalize.dita2markdown_gitbook, dita2eclipsehelp.dita.map.eclipse.manifest.file, dita2eclipsehelp.dita.out.map.eclipse.fragment.move.files, html5.copy-css-user, dita.eclipsehelp.init, dita2htmlhelp.org.dita.index.init, dita2hdita, dita2normalize.markdown.map, dita.build.transform.topic2fo.init, dita.out.map.xhtml.toc, ditaot-preprocess.copy-flag, dita2htmlhelp.htmlhelp.topics, dita2xhtml, dita2eclipsehelp.dita.index.eclipsehelp.init, org.dita.pdf2.axf.transform.fo2pdf.ah.hasoption, dita2eclipsehelp.dita.map.eclipse.generate.plugin, dita.build.preview.topic.pdf.init, ditaot-preprocess2.map-keyref, dita2htmlhelp.dita.map.htmlhelp.init, transform.fo2pdf.ah.hasoption, dita2eclipsehelp.dita.map.eclipse.plugin, ditaot-preprocess2.copy-files2, dita2pdf, ditaot-preprocess.conref, ditaot-preprocess2.topic-conref, dita.build.transform.topic2fo.i18n.no-filter, dita.build.copyCoreArtwork, dita2normalize.dita2markdown, dita2xhtml.copy-revflag, dita.build.transform.topic2pdf, dita2markdown_github, ditaot-preprocess.topic-fragment, ditaot-preprocess2.topic-conrefpush, dita.map.eclipse, dita2eclipsehelp.dita2eclipsehelp, ditaot-preprocess2.preprocess2.topics, dita2html5.html5.css, dita2eclipsehelp, dita2eclipsehelp.dita.map.eclipse, dita.build.topic2pdf2, dita2eclipsehelp.dita.map.eclipse.fragment.move.files, dita2html5.html5.copy-css-user, dita2normalize.dita.map.hdita.init, dita2htmlhelp.dita.map.htmlhelp.hhp, ditaot-preprocess2.map-profile, ditaot-preprocess.topicpull, ditaot-preprocess2.topic-profile-check, dita2htmlhelp.dita.map.htmlhelp.hhk, output-css-warn-message, dita2htmlhelp.dita.map.htmlhelp.hhc, dita2html5.html5.image-metadata, dita2htmlhelp.htmlhelp.copy-image, dita2htmlhelp.use-init.envhhcdir, copy-css-user, dita2htmlhelp, dita2eclipsehelp.dita.out.map.eclipse.plugin.properties, dita.build.map2pdf2, dita2html5.html5.topics.common, ditaot-preprocess2.topic-copy-to, dita2html5.dita2html5, org.dita.pdf2.axf.transform.fo2pdf.ah.init, ditaot-preprocess2.topic-chunk, dita2eclipsehelp.dita.eclipsehelp.init, ditaot-preprocess2.preprocess2.init, publish.map.pdf, dita2xhtml.dita.map.xhtml.init, , ditaot-preprocess2.topic-profile]
126  [DEBUG] Property "args.ftr" has not been set
126  [DEBUG] Property "args.ftr" has not been set
126  [DEBUG] Property "args.hdr" has not been set
126  [DEBUG] Property "args.hdr" has not been set
126  [DEBUG] Property "args.hdf" has not been set
126  [DEBUG] Property "args.hdf" has not been set
126  [DEBUG] Property "args.csspath" has not been set
126  [DEBUG] Property "args.csspath" has not been set
126  [DEBUG] Property "args.csspath" has not been set
126  [DEBUG] Property "args.csspath" has not been set
127  [DEBUG] Override ignored for property "user.csspath"
127  [DEBUG] Property "args.cssroot" has not been set
127  [DEBUG] Property "args.css" has not been set
127  [DEBUG] Property "args.css" has not been set
127  [DEBUG] Property "args.css" has not been set
127  [DEBUG] Unable to find file ${args.css}
127  [DEBUG] Override ignored for property "base.temp.dir"
127  [DEBUG] Override ignored for property "dita.temp.dir"
128  [DEBUG] Override ignored for property "output.dir"
128  [DEBUG] Property "temp.output.dir.name" has not been set
128  [INFO ] Initializing project
129  [DEBUG] Loading Environment env.
130  [DEBUG] Found file: plugins/org.dita.html5/xsl/dita2html5.xsl
130  [DEBUG] Property "args.outext" has not been set
130  [DEBUG] Property "args.outext" has not been set
130  [DEBUG] Property "args.outext" has not been set
130  [DEBUG] Property "args.outext" has not been set
130  [DEBUG] Skipping /Users/isemisynov/Develop/dita-formats-demo/output/markdown/html5 because it already exists.
131  [INFO ] Deleting directory /Users/isemisynov/Develop/dita-formats-demo/tmp/1653650804083
131  [DEBUG] Deleting directory /Users/isemisynov/Develop/dita-formats-demo/tmp/1653650804083
131  [INFO ] Created dir: /Users/isemisynov/Develop/dita-formats-demo/tmp/1653650804083
131  [DEBUG] Property "args.rellinks" has not been set
132  [DEBUG] Property "args.rellinks" has not been set
132  [DEBUG] Property "args.hide.parent.link" has not been set
132  [DEBUG] Property "args.rellinks" has not been set
132  [DEBUG] Property "args.rellinks" has not been set
133  [DEBUG] Property "org.xml.sax.driver" has not been set
134  [DEBUG] Unable to load class org.apache.crimson.parser.XMLReaderImpl
134  [DEBUG] Unable to load class net.sf.saxon.StyleSheet
134  [INFO ] *****************************************************************
134  [INFO ] * basedir = /Users/isemisynov/Develop/dita-formats-demo/dita-ot-3.7.2
134  [INFO ] * dita.dir = /Users/isemisynov/Develop/dita-formats-demo/dita-ot-3.7.2
134  [INFO ] * transtype = html5
135  [INFO ] * tempdir = /Users/isemisynov/Develop/dita-formats-demo/tmp/1653650804083
135  [INFO ] * outputdir = /Users/isemisynov/Develop/dita-formats-demo/output/markdown/html5
135  [DEBUG] Property "clean.temp" has not been set
135  [INFO ] * clean.temp = ${clean.temp}
135  [INFO ] * DITA-OT version = 3.7.2
135  [INFO ] * XML parser = Xerces
135  [INFO ] * XSLT processor = Saxon
135  [INFO ] * collator = ICU
135  [INFO ] *****************************************************************
136  [INFO ] #Ant properties
136  [INFO ] #Fri May 27 14:26:44 MSK 2022
136  [INFO ] args.grammar.cache=yes
136  [INFO ] args.input=file\:/Users/isemisynov/Develop/dita-formats-demo/demo-input/markdown/demo-markdown.ditamap
136  [INFO ] args.xml.systemid.set=yes
136  [INFO ] args.xsl=/Users/isemisynov/Develop/dita-formats-demo/dita-ot-3.7.2/plugins/org.dita.html5/xsl/dita2html5.xsl
136  [INFO ] dita.dir=/Users/isemisynov/Develop/dita-formats-demo/dita-ot-3.7.2
136  [INFO ] dita.html5.reloadstylesheet=false
136  [INFO ] dita.output.dir=/Users/isemisynov/Develop/dita-formats-demo/output/markdown/html5
136  [INFO ] dita.plugin.org.dita.base.dir=/Users/isemisynov/Develop/dita-formats-demo/dita-ot-3.7.2/plugins/org.dita.base
136  [INFO ] dita.plugin.org.dita.eclipsehelp.dir=/Users/isemisynov/Develop/dita-formats-demo/dita-ot-3.7.2/plugins/org.dita.eclipsehelp
136  [INFO ] dita.plugin.org.dita.html5.dir=/Users/isemisynov/Develop/dita-formats-demo/dita-ot-3.7.2/plugins/org.dita.html5
136  [INFO ] dita.plugin.org.dita.htmlhelp.dir=/Users/isemisynov/Develop/dita-formats-demo/dita-ot-3.7.2/plugins/org.dita.htmlhelp
136  [INFO ] dita.plugin.org.dita.index.dir=/Users/isemisynov/Develop/dita-formats-demo/dita-ot-3.7.2/plugins/org.dita.index
136  [INFO ] dita.plugin.org.dita.normalize.dir=/Users/isemisynov/Develop/dita-formats-demo/dita-ot-3.7.2/plugins/org.dita.normalize
136  [INFO ] dita.plugin.org.dita.pdf2.axf.dir=/Users/isemisynov/Develop/dita-formats-demo/dita-ot-3.7.2/plugins/org.dita.pdf2.axf
136  [INFO ] dita.plugin.org.dita.pdf2.dir=/Users/isemisynov/Develop/dita-formats-demo/dita-ot-3.7.2/plugins/org.dita.pdf2
136  [INFO ] dita.plugin.org.dita.pdf2.fop.dir=/Users/isemisynov/Develop/dita-formats-demo/dita-ot-3.7.2/plugins/org.dita.pdf2.fop
136  [INFO ] dita.plugin.org.dita.pdf2.xep.dir=/Users/isemisynov/Develop/dita-formats-demo/dita-ot-3.7.2/plugins/org.dita.pdf2.xep
136  [INFO ] dita.plugin.org.dita.specialization.dita11.dir=/Users/isemisynov/Develop/dita-formats-demo/dita-ot-3.7.2/plugins/org.dita.specialization.dita11
136  [INFO ] dita.plugin.org.dita.xhtml.dir=/Users/isemisynov/Develop/dita-formats-demo/dita-ot-3.7.2/plugins/org.dita.xhtml
136  [INFO ] dita.plugin.org.lwdita.dir=/Users/isemisynov/Develop/dita-formats-demo/dita-ot-3.7.2/plugins/org.lwdita
137  [INFO ] dita.plugin.org.oasis-open.dita.techcomm.v2_0.dir=/Users/isemisynov/Develop/dita-formats-demo/dita-ot-3.7.2/plugins/org.oasis-open.dita.techcomm.v2_0
137  [INFO ] dita.plugin.org.oasis-open.dita.v1_2.dir=/Users/isemisynov/Develop/dita-formats-demo/dita-ot-3.7.2/plugins/org.oasis-open.dita.v1_2
137  [INFO ] dita.plugin.org.oasis-open.dita.v1_3.dir=/Users/isemisynov/Develop/dita-formats-demo/dita-ot-3.7.2/plugins/org.oasis-open.dita.v1_3
137  [INFO ] dita.plugin.org.oasis-open.dita.v2_0.dir=/Users/isemisynov/Develop/dita-formats-demo/dita-ot-3.7.2/plugins/org.oasis-open.dita.v2_0
137  [INFO ] dita.plugin.org.oasis-open.xdita.v0_2_2.dir=/Users/isemisynov/Develop/dita-formats-demo/dita-ot-3.7.2/plugins/org.oasis-open.xdita.v0_2_2
137  [INFO ] dita.temp.dir=/Users/isemisynov/Develop/dita-formats-demo/tmp/1653650804083
137  [INFO ] *****************************************************************
138  [DEBUG] Set property dita.map.filename.root = demo-markdown
138  [INFO ] *****************************************************************
138  [INFO ] * input = file:/Users/isemisynov/Develop/dita-formats-demo/demo-input/markdown/demo-markdown.ditamap
138  [DEBUG] Property "args.resources" has not been set
138  [INFO ] * resources = ${args.resources}
138  [INFO ] *****************************************************************
139  [DEBUG] Job not found from Ant project reference
139  [INFO ] Using Xerces grammar pool for DTD and schema caching.
139  [INFO ] Processing file:/Users/isemisynov/Develop/dita-formats-demo/demo-input/markdown/demo-markdown.ditamap
140  [INFO ] Processing file:/Users/isemisynov/Develop/dita-formats-demo/demo-input/markdown/demo-markdown-topic1.md
202  [INFO ] Processing file:/Users/isemisynov/Develop/dita-formats-demo/demo-input/markdown/demo-markdown-topic2.md
266  [INFO ] Serializing job specification
268  [DEBUG] GenMapAndTopicListModule processing took 129 ms
269  [INFO ] Using Xerces grammar pool for DTD and schema caching.
270  [INFO ] Processing file:/Users/isemisynov/Develop/dita-formats-demo/demo-input/markdown/demo-markdown.ditamap to file:/Users/isemisynov/Develop/dita-formats-demo/tmp/1653650804083/demo-markdown.ditamap
274  [INFO ] Processing file:/Users/isemisynov/Develop/dita-formats-demo/demo-input/markdown/demo-markdown-topic2.md to file:/Users/isemisynov/Develop/dita-formats-demo/tmp/1653650804083/demo-markdown-topic2.md
346  [INFO ] Processing file:/Users/isemisynov/Develop/dita-formats-demo/demo-input/markdown/demo-markdown-topic1.md to file:/Users/isemisynov/Develop/dita-formats-demo/tmp/1653650804083/demo-markdown-topic1.md
409  [DEBUG] DebugAndFilterModule processing took 140 ms
409  [DEBUG] Overriding previous definition of property "transtypes"
409  [DEBUG] Overriding previous definition of property "parser.md"
409  [DEBUG] Overriding previous definition of property "plugin.org.dita.specialization.dita11.dir"
409  [DEBUG] Overriding previous definition of property "parser.hdita"
409  [DEBUG] Overriding previous definition of property "cli.color"
409  [DEBUG] Overriding previous definition of property "plugin.org.dita.pdf2.dir"
410  [DEBUG] Overriding previous definition of property "print_transtypes"
410  [DEBUG] Overriding previous definition of property "supported_resource_extensions"
410  [DEBUG] Overriding previous definition of property "plugin.org.dita.xhtml.dir"
410  [DEBUG] Overriding previous definition of property "plugin.org.dita.index.dir"
410  [DEBUG] Overriding previous definition of property "supported_html_extensions"
410  [DEBUG] Overriding previous definition of property "plugin.order"
410  [DEBUG] Overriding previous definition of property "otrelease"
410  [DEBUG] Overriding previous definition of property "supported_image_extensions"
410  [DEBUG] Overriding previous definition of property "org.dita.pdf2.i18n.enabled"
410  [DEBUG] Overriding previous definition of property "plugin.org.dita.html5.dir"
410  [DEBUG] Overriding previous definition of property "default.cascade"
410  [DEBUG] Overriding previous definition of property "plugin.org.oasis-open.xdita.v0_2_2.dir"
410  [DEBUG] Overriding previous definition of property "plugin.org.dita.eclipsehelp.dir"
410  [DEBUG] Overriding previous definition of property "plugin.org.dita.htmlhelp.dir"
410  [DEBUG] Overriding previous definition of property "temp-file-name-scheme"
410  [DEBUG] Overriding previous definition of property "plugin.org.dita.base.dir"
410  [DEBUG] Overriding previous definition of property "plugindirs"
410  [DEBUG] Overriding previous definition of property "parser.mdita"
410  [DEBUG] Overriding previous definition of property "plugin.ignores"
410  [DEBUG] Overriding previous definition of property "registry"
410  [DEBUG] Overriding previous definition of property "plugin.org.dita.pdf2.axf.dir"
410  [DEBUG] Overriding previous definition of property "plugin.org.dita.normalize.dir"
410  [DEBUG] Overriding previous definition of property "plugin.org.oasis-open.dita.techcomm.v2_0.dir"
410  [DEBUG] Overriding previous definition of property "plugin.org.oasis-open.dita.v1_2.dir"
410  [DEBUG] Overriding previous definition of property "plugin.org.dita.pdf2.fop.dir"
410  [DEBUG] Overriding previous definition of property "plugin.org.lwdita.dir"
410  [DEBUG] Overriding previous definition of property "plugin.org.dita.pdf2.xep.dir"
410  [DEBUG] Overriding previous definition of property "plugin.org.oasis-open.dita.v2_0.dir"
410  [DEBUG] Overriding previous definition of property "otversion"
410  [DEBUG] Overriding previous definition of property "plugin.org.oasis-open.dita.v1_3.dir"
410  [DEBUG] Overriding previous definition of property "parser.markdown"
411  [DEBUG] Scanning for demo-markdown.ditamap
411  [DEBUG] Found temporary directory file /Users/isemisynov/Develop/dita-formats-demo/tmp/1653650804083/demo-markdown.ditamap
411  [DEBUG] Set property inputMapPath = file:/Users/isemisynov/Develop/dita-formats-demo/tmp/1653650804083/demo-markdown.ditamap
411  [DEBUG] Property "dita.preprocess.reloadstylesheet" has not been set
449  [INFO ] Processing file:/Users/isemisynov/Develop/dita-formats-demo/tmp/1653650804083/demo-markdown.ditamap
454  [DEBUG] MaprefModule processing took 43 ms
454  [INFO ] Processing file:/Users/isemisynov/Develop/dita-formats-demo/tmp/1653650804083/demo-markdown.ditamap
454  [DEBUG] Reading file:/Users/isemisynov/Develop/dita-formats-demo/tmp/1653650804083/demo-markdown.ditamap
455  [DEBUG] Split branches and generate copy-to
455  [DEBUG] Filter map
455  [DEBUG] Rewrite duplicate topic references
455  [DEBUG] Filter topics and generate copies
455  [DEBUG] Remove obsolete references
455  [DEBUG] Filter existing topics
455  [DEBUG] Writing file:/Users/isemisynov/Develop/dita-formats-demo/tmp/1653650804083/demo-markdown.ditamap
457  [DEBUG] BranchFilterModule processing took 3 ms
457  [DEBUG] KeyrefModule processing took 0 ms
458  [INFO ] Transforming into /Users/isemisynov/Develop/dita-formats-demo/tmp/1653650804083
458  [INFO ] Loading stylesheet file:/Users/isemisynov/Develop/dita-formats-demo/dita-ot-3.7.2/plugins/org.dita.base/xsl/preprocess/mapref.xsl
473  [DEBUG] Apache resolver library found, xml-commons resolver will be used
514  [INFO ] Loading stylesheet file:/Users/isemisynov/Develop/dita-formats-demo/dita-ot-3.7.2/plugins/org.dita.base/xsl/preprocess/mapref.xsl
514  [DEBUG] Set parameter keep-submap-href to 'false'
514  [DEBUG] Set parameter child-topicref-warning to 'false'
514  [DEBUG] Set parameter TRANSTYPE to 'html5'
514  [DEBUG] Set parameter file-being-processed to 'demo-markdown.ditamap'
514  [INFO ] Processing file:/Users/isemisynov/Develop/dita-formats-demo/tmp/1653650804083/demo-markdown.ditamap
517  [DEBUG] XsltModule processing took 59 ms
520  [DEBUG] CopyToModule processing took 3 ms
521  [DEBUG] ConrefPushModule processing took 0 ms
521  [DEBUG] Property "dita.preprocess.reloadstylesheet" has not been set
521  [DEBUG] Setting exportfile.url to URL file:/Users/isemisynov/Develop/dita-formats-demo/tmp/1653650804083/export.xml
522  [DEBUG] XsltModule processing took 0 ms
522  [DEBUG] Skipped because property 'preprocess.profile.skip' set.
522  [INFO ] Processing file:/Users/isemisynov/Develop/dita-formats-demo/tmp/1653650804083/demo-markdown-topic2.md
523  [DEBUG] Configure filter org.dita.dost.writer.TopicFragmentFilter
523  [DEBUG] Configure filter org.dita.dost.writer.NormalizeTableFilter
523  [DEBUG] Configure filter org.dita.dost.writer.NormalizeSimpleTableFilter
523  [DEBUG] Configure filter org.dita.dost.writer.CoderefResolver
523  [DEBUG] Configure filter org.dita.dost.writer.NormalizeCodeblock
525  [INFO ] Processing file:/Users/isemisynov/Develop/dita-formats-demo/tmp/1653650804083/demo-markdown-topic1.md
525  [DEBUG] Configure filter org.dita.dost.writer.TopicFragmentFilter
525  [DEBUG] Configure filter org.dita.dost.writer.NormalizeTableFilter
525  [DEBUG] Configure filter org.dita.dost.writer.NormalizeSimpleTableFilter
525  [DEBUG] Configure filter org.dita.dost.writer.CoderefResolver
525  [DEBUG] Configure filter org.dita.dost.writer.NormalizeCodeblock
527  [DEBUG] XmlFilterModule processing took 5 ms
527  [INFO ] Processing file:/Users/isemisynov/Develop/dita-formats-demo/tmp/1653650804083/demo-markdown.ditamap
528  [DEBUG] Writing file:/Users/isemisynov/Develop/dita-formats-demo/tmp/1653650804083/demo-markdown.ditamap
529  [DEBUG] ChunkModule processing took 2 ms
529  [INFO ] Processing file:/Users/isemisynov/Develop/dita-formats-demo/tmp/1653650804083/demo-markdown.ditamap
531  [DEBUG] ChunkModule processing took 2 ms
531  [DEBUG] Scanning for demo-markdown-topic2.md
531  [DEBUG] Found temporary directory file /Users/isemisynov/Develop/dita-formats-demo/tmp/1653650804083/demo-markdown-topic2.md
531  [DEBUG] Scanning for demo-markdown-topic1.md
531  [DEBUG] Found temporary directory file /Users/isemisynov/Develop/dita-formats-demo/tmp/1653650804083/demo-markdown-topic1.md
531  [DEBUG] Set property inputTopicPath = file:/Users/isemisynov/Develop/dita-formats-demo/tmp/1653650804083/demo-markdown-topic2.md:file:/Users/isemisynov/Develop/dita-formats-demo/tmp/1653650804083/demo-markdown-topic1.md
532  [INFO ] Processing file:/Users/isemisynov/Develop/dita-formats-demo/tmp/1653650804083/demo-markdown.ditamap
533  [DEBUG] Writing file:/Users/isemisynov/Develop/dita-formats-demo/tmp/1653650804083/demo-markdown.ditamap
534  [INFO ] Loading stylesheet /Users/isemisynov/Develop/dita-formats-demo/dita-ot-3.7.2/plugins/org.dita.base/xsl/preprocess/mappull.xsl
592  [INFO ] Processing file:/Users/isemisynov/Develop/dita-formats-demo/tmp/1653650804083/demo-markdown.ditamap
592  [DEBUG] Processing file:/Users/isemisynov/Develop/dita-formats-demo/tmp/1653650804083/demo-markdown.ditamap to file:/Users/isemisynov/Develop/dita-formats-demo/tmp/1653650804083/demo-markdown.ditamap.tmp1653650804675
592  [DEBUG] Set parameter basedir to '/Users/isemisynov/Develop/dita-formats-demo/dita-ot-3.7.2'
592  [DEBUG] Set parameter style to '/Users/isemisynov/Develop/dita-formats-demo/dita-ot-3.7.2/plugins/org.dita.base/xsl/preprocess/mappull.xsl'
592  [DEBUG] Set parameter conserve-memory to 'false'
592  [DEBUG] Set parameter message to 'Move metadata entries.'
592  [DEBUG] Set parameter inputmap to 'demo-markdown.ditamap'
690  [DEBUG] Moving file:/Users/isemisynov/Develop/dita-formats-demo/tmp/1653650804083/demo-markdown.ditamap.tmp1653650804675 to file:/Users/isemisynov/Develop/dita-formats-demo/tmp/1653650804083/demo-markdown.ditamap
691  [DEBUG] MoveMetaModule processing took 159 ms
691  [DEBUG] Property "dita.preprocess.reloadstylesheet" has not been set
745  [DEBUG] MoveLinksModule processing took 54 ms
745  [DEBUG] Property "dita.preprocess.reloadstylesheet" has not been set
746  [INFO ] Transforming into /Users/isemisynov/Develop/dita-formats-demo/tmp/1653650804083
746  [INFO ] Loading stylesheet file:/Users/isemisynov/Develop/dita-formats-demo/dita-ot-3.7.2/plugins/org.dita.base/xsl/preprocess/topicpull.xsl
803  [INFO ] Loading stylesheet file:/Users/isemisynov/Develop/dita-formats-demo/dita-ot-3.7.2/plugins/org.dita.base/xsl/preprocess/topicpull.xsl
803  [DEBUG] Set parameter ONLYTOPICINMAP to 'false'
803  [DEBUG] Set parameter defaultLanguage to 'en'
803  [INFO ] Processing file:/Users/isemisynov/Develop/dita-formats-demo/tmp/1653650804083/demo-markdown-topic2.md
808  [DEBUG] Set parameter ONLYTOPICINMAP to 'false'
808  [DEBUG] Set parameter defaultLanguage to 'en'
808  [INFO ] Processing file:/Users/isemisynov/Develop/dita-formats-demo/tmp/1653650804083/demo-markdown-topic1.md
810  [DEBUG] XsltModule processing took 64 ms
810  [DEBUG] Property "dita.preprocess.reloadstylesheet" has not been set
810  [INFO ] Transforming into /Users/isemisynov/Develop/dita-formats-demo/tmp/1653650804083
810  [INFO ] Loading stylesheet file:/Users/isemisynov/Develop/dita-formats-demo/dita-ot-3.7.2/plugins/org.dita.base/xsl/preprocess/clean-map.xsl
832  [INFO ] Loading stylesheet file:/Users/isemisynov/Develop/dita-formats-demo/dita-ot-3.7.2/plugins/org.dita.base/xsl/preprocess/clean-map.xsl
833  [INFO ] Processing file:/Users/isemisynov/Develop/dita-formats-demo/tmp/1653650804083/demo-markdown.ditamap
836  [DEBUG] XsltModule processing took 26 ms
837  [DEBUG] CleanPreprocessModule processing took 1 ms
838  [DEBUG] Overriding previous definition of property "user.input.dir"
838  [DEBUG] Overriding previous definition of property "transtypes"
838  [DEBUG] Overriding previous definition of property "parser.md"
838  [DEBUG] Overriding previous definition of property "plugin.org.dita.specialization.dita11.dir"
838  [DEBUG] Overriding previous definition of property "crawl"
838  [DEBUG] Overriding previous definition of property "parser.hdita"
838  [DEBUG] Overriding previous definition of property "cli.color"
838  [DEBUG] Overriding previous definition of property "user.input.file"
839  [DEBUG] Overriding previous definition of property "plugin.org.dita.pdf2.dir"
839  [DEBUG] Overriding previous definition of property "print_transtypes"
839  [DEBUG] Overriding previous definition of property "onlytopicinmap"
839  [DEBUG] Overriding previous definition of property "supported_resource_extensions"
839  [DEBUG] Overriding previous definition of property "plugin.org.dita.xhtml.dir"
839  [DEBUG] Overriding previous definition of property "plugin.org.dita.index.dir"
839  [DEBUG] Overriding previous definition of property "relflagimagelist"
839  [DEBUG] Overriding previous definition of property "supported_html_extensions"
839  [DEBUG] Overriding previous definition of property "plugin.order"
839  [DEBUG] Overriding previous definition of property "otrelease"
839  [DEBUG] Overriding previous definition of property "supported_image_extensions"
839  [DEBUG] Overriding previous definition of property "InputMapDir"
839  [DEBUG] Overriding previous definition of property "org.dita.pdf2.i18n.enabled"
839  [DEBUG] Overriding previous definition of property "user.input.dir.uri"
839  [DEBUG] Overriding previous definition of property "plugin.org.dita.html5.dir"
839  [DEBUG] Overriding previous definition of property "generatecopyouter"
839  [DEBUG] Overriding previous definition of property "default.cascade"
839  [DEBUG] Overriding previous definition of property "plugin.org.oasis-open.xdita.v0_2_2.dir"
839  [DEBUG] Overriding previous definition of property "plugin.org.dita.eclipsehelp.dir"
839  [DEBUG] Overriding previous definition of property "outputdir"
839  [DEBUG] Overriding previous definition of property "plugin.org.dita.htmlhelp.dir"
839  [DEBUG] Overriding previous definition of property "temp-file-name-scheme"
839  [DEBUG] Overriding previous definition of property "plugin.org.dita.base.dir"
839  [DEBUG] Overriding previous definition of property "plugindirs"
839  [DEBUG] Overriding previous definition of property "parser.mdita"
839  [DEBUG] Overriding previous definition of property "user.input.file.listfile"
839  [DEBUG] Overriding previous definition of property "outercontrol"
839  [DEBUG] Overriding previous definition of property "plugin.ignores"
839  [DEBUG] Overriding previous definition of property "relflagimagefile"
839  [DEBUG] Overriding previous definition of property "user.input.file.uri"
839  [DEBUG] Overriding previous definition of property "registry"
839  [DEBUG] Overriding previous definition of property "plugin.org.dita.pdf2.axf.dir"
839  [DEBUG] Overriding previous definition of property "plugin.org.dita.normalize.dir"
839  [DEBUG] Overriding previous definition of property "plugin.org.oasis-open.dita.techcomm.v2_0.dir"
839  [DEBUG] Overriding previous definition of property "plugin.org.oasis-open.dita.v1_2.dir"
839  [DEBUG] Overriding previous definition of property "InputMapDir.uri"
839  [DEBUG] Overriding previous definition of property "plugin.org.dita.pdf2.fop.dir"
840  [DEBUG] Overriding previous definition of property "plugin.org.lwdita.dir"
840  [DEBUG] Overriding previous definition of property "plugin.org.dita.pdf2.xep.dir"
840  [DEBUG] Overriding previous definition of property "tempdirToinputmapdir.relative.value"
840  [DEBUG] Overriding previous definition of property "plugin.org.oasis-open.dita.v2_0.dir"
840  [DEBUG] Overriding previous definition of property "otversion"
840  [DEBUG] Overriding previous definition of property "plugin.org.oasis-open.dita.v1_3.dir"
840  [DEBUG] Overriding previous definition of property "parser.markdown"
840  [DEBUG] Overriding previous definition of property "uplevels"
840  [DEBUG] Skipped because property 'preprocess.copy-flag.skip' set.
840  [DEBUG] Scanning for demo-markdown.ditamap
840  [DEBUG] Found temporary directory file /Users/isemisynov/Develop/dita-formats-demo/tmp/1653650804083/demo-markdown.ditamap
840  [DEBUG] Set property html5.map.url = file:/Users/isemisynov/Develop/dita-formats-demo/tmp/1653650804083/demo-markdown.ditamap
841  [DEBUG] ImageMetadataModule processing took 0 ms
841  [DEBUG] Skipped because property 'old.transform' not set.
842  [INFO ] Transforming into /Users/isemisynov/Develop/dita-formats-demo/output/markdown/html5
842  [INFO ] Loading stylesheet file:/Users/isemisynov/Develop/dita-formats-demo/dita-ot-3.7.2/plugins/org.dita.html5/xsl/dita2html5.xsl
1100 [INFO ] Loading stylesheet file:/Users/isemisynov/Develop/dita-formats-demo/dita-ot-3.7.2/plugins/org.dita.html5/xsl/dita2html5.xsl
1100 [DEBUG] Set parameter OUTEXT to '.html'
1100 [DEBUG] Set parameter input.map.url to 'file:/Users/isemisynov/Develop/dita-formats-demo/tmp/1653650804083/demo-markdown.ditamap'
1100 [DEBUG] Set parameter CSSPATH to ''
1100 [DEBUG] Set parameter defaultLanguage to 'en'
1100 [DEBUG] Set parameter BASEDIR to '/Users/isemisynov/Develop/dita-formats-demo/dita-ot-3.7.2'
1100 [DEBUG] Set parameter nav-toc to 'partial'
1100 [DEBUG] Set parameter OUTPUTDIR to '/Users/isemisynov/Develop/dita-formats-demo/output/markdown/html5'
1100 [DEBUG] Set parameter include.rellinks to '#default parent child sibling friend next previous cousin descendant sample external other'
1100 [DEBUG] Set parameter FILENAME to 'demo-markdown-topic2.md'
1100 [DEBUG] Set parameter FILEDIR to '.'
1100 [INFO ] Processing file:/Users/isemisynov/Develop/dita-formats-demo/tmp/1653650804083/demo-markdown-topic2.md to file:/Users/isemisynov/Develop/dita-formats-demo/output/markdown/html5/demo-markdown-topic2.html
1125 [DEBUG] Set parameter OUTEXT to '.html'
1125 [DEBUG] Set parameter input.map.url to 'file:/Users/isemisynov/Develop/dita-formats-demo/tmp/1653650804083/demo-markdown.ditamap'
1125 [DEBUG] Set parameter CSSPATH to ''
1125 [DEBUG] Set parameter defaultLanguage to 'en'
1125 [DEBUG] Set parameter BASEDIR to '/Users/isemisynov/Develop/dita-formats-demo/dita-ot-3.7.2'
1125 [DEBUG] Set parameter nav-toc to 'partial'
1125 [DEBUG] Set parameter OUTPUTDIR to '/Users/isemisynov/Develop/dita-formats-demo/output/markdown/html5'
1125 [DEBUG] Set parameter include.rellinks to '#default parent child sibling friend next previous cousin descendant sample external other'
1125 [DEBUG] Set parameter FILENAME to 'demo-markdown-topic1.md'
1125 [DEBUG] Set parameter FILEDIR to '.'
1125 [INFO ] Processing file:/Users/isemisynov/Develop/dita-formats-demo/tmp/1653650804083/demo-markdown-topic1.md to file:/Users/isemisynov/Develop/dita-formats-demo/output/markdown/html5/demo-markdown-topic1.html
1130 [DEBUG] XsltModule processing took 288 ms
1131 [INFO ] Transforming into /Users/isemisynov/Develop/dita-formats-demo/output/markdown/html5
1131 [INFO ] Loading stylesheet file:/Users/isemisynov/Develop/dita-formats-demo/dita-ot-3.7.2/plugins/org.dita.html5/xsl/map2html5-cover.xsl
1416 [INFO ] Loading stylesheet file:/Users/isemisynov/Develop/dita-formats-demo/dita-ot-3.7.2/plugins/org.dita.html5/xsl/map2html5-cover.xsl
1416 [DEBUG] Set parameter OUTEXT to '.html'
1416 [DEBUG] Set parameter CSSPATH to ''
1416 [INFO ] Processing file:/Users/isemisynov/Develop/dita-formats-demo/tmp/1653650804083/demo-markdown.ditamap to file:/Users/isemisynov/Develop/dita-formats-demo/output/markdown/html5/index.html
1540 [DEBUG] XsltModule processing took 409 ms
1540 [DEBUG] Property "args.copycss" has not been set
1540 [DEBUG] Skipping /Users/isemisynov/Develop/dita-formats-demo/output/markdown/html5 because it already exists.
1541 [DEBUG] commonltr.css added as commonltr.css doesn't exist.
1541 [DEBUG] commonrtl.css added as commonrtl.css doesn't exist.
1541 [DEBUG] No sources found.
1541 [INFO ] Copying 2 files to /Users/isemisynov/Develop/dita-formats-demo/output/markdown/html5
1542 [DEBUG] Copying /Users/isemisynov/Develop/dita-formats-demo/dita-ot-3.7.2/plugins/org.dita.html5/css/commonltr.css to /Users/isemisynov/Develop/dita-formats-demo/output/markdown/html5/commonltr.css
1542 [DEBUG] Copying /Users/isemisynov/Develop/dita-formats-demo/dita-ot-3.7.2/plugins/org.dita.html5/css/commonrtl.css to /Users/isemisynov/Develop/dita-formats-demo/output/markdown/html5/commonrtl.css
1547 [DEBUG] Project base dir set to: /Users/isemisynov/Develop/dita-formats-demo/dita-ot-3.7.2
1547 [DEBUG] calling target(s) [html5.copy-css-user] in build file /Users/isemisynov/Develop/dita-formats-demo/dita-ot-3.7.2/build.xml
1547 [DEBUG] parsing buildfile /Users/isemisynov/Develop/dita-formats-demo/dita-ot-3.7.2/build.xml with URI = file:/Users/isemisynov/Develop/dita-formats-demo/dita-ot-3.7.2/build.xml
1547 [DEBUG] Project base dir set to: /Users/isemisynov/Develop/dita-formats-demo/dita-ot-3.7.2
1548 [DEBUG] Override ignored for property "ant.file.DOST.dir"
1548 [DEBUG] Override ignored for property "dita.dir"
1548 [DEBUG] Override ignored for property "dita.dir"
1548 [DEBUG] Loading /Users/isemisynov/Develop/dita-formats-demo/dita-ot-3.7.2/local.properties
1548 [DEBUG] Unable to find property file: /Users/isemisynov/Develop/dita-formats-demo/dita-ot-3.7.2/local.properties
1548 [DEBUG] Importing file /Users/isemisynov/Develop/dita-formats-demo/dita-ot-3.7.2/plugins/org.dita.base/build.xml from /Users/isemisynov/Develop/dita-formats-demo/dita-ot-3.7.2/build.xml
1548 [DEBUG] Overriding previous definition of reference to ant.projectHelper
1549 [DEBUG] parsing buildfile /Users/isemisynov/Develop/dita-formats-demo/dita-ot-3.7.2/plugins/org.dita.base/build.xml with URI = file:/Users/isemisynov/Develop/dita-formats-demo/dita-ot-3.7.2/plugins/org.dita.base/build.xml
1556 [DEBUG] Override ignored for property "dita.plugin.org.dita.htmlhelp.dir"
1556 [DEBUG] Override ignored for property "dita.plugin.org.dita.base.dir"
1556 [DEBUG] Override ignored for property "dita.plugin.org.dita.pdf2.xep.dir"
1556 [DEBUG] Override ignored for property "dita.plugin.org.oasis-open.dita.techcomm.v2_0.dir"
1557 [DEBUG] Override ignored for property "dita.plugin.org.dita.eclipsehelp.dir"
1557 [DEBUG] Override ignored for property "dita.plugin.org.dita.pdf2.fop.dir"
1557 [DEBUG] Override ignored for property "dita.plugin.org.dita.specialization.dita11.dir"
1557 [DEBUG] Override ignored for property "dita.plugin.org.dita.normalize.dir"
1557 [DEBUG] Override ignored for property "dita.plugin.org.oasis-open.xdita.v0_2_2.dir"
1557 [DEBUG] Override ignored for property "dita.plugin.org.dita.pdf2.axf.dir"
1557 [DEBUG] Override ignored for property "dita.plugin.org.dita.html5.dir"
1557 [DEBUG] Override ignored for property "dita.plugin.org.dita.index.dir"
1557 [DEBUG] Override ignored for property "dita.plugin.org.dita.xhtml.dir"
1557 [DEBUG] Override ignored for property "dita.plugin.org.lwdita.dir"
1557 [DEBUG] Override ignored for property "dita.plugin.org.oasis-open.dita.v1_2.dir"
1557 [DEBUG] Override ignored for property "dita.plugin.org.dita.pdf2.dir"
1558 [DEBUG] Override ignored for property "dita.plugin.org.oasis-open.dita.v1_3.dir"
1558 [DEBUG] Override ignored for property "dita.plugin.org.oasis-open.dita.v2_0.dir"
1558 [DEBUG] Importing file /Users/isemisynov/Develop/dita-formats-demo/dita-ot-3.7.2/plugins/org.dita.base/build_init.xml from /Users/isemisynov/Develop/dita-formats-demo/dita-ot-3.7.2/plugins/org.dita.base/build.xml
1558 [DEBUG] Overriding previous definition of reference to ant.projectHelper
1559 [DEBUG] parsing buildfile /Users/isemisynov/Develop/dita-formats-demo/dita-ot-3.7.2/plugins/org.dita.base/build_init.xml with URI = file:/Users/isemisynov/Develop/dita-formats-demo/dita-ot-3.7.2/plugins/org.dita.base/build_init.xml
1560 [DEBUG] Override ignored for property "otrelease"
1560 [DEBUG] Override ignored for property "otversion"
1560 [DEBUG] Loading /Users/isemisynov/Develop/dita-formats-demo/dita-ot-3.7.2/config/org.dita.dost.platform/plugin.properties
1560 [DEBUG] Override ignored for property "plugin.org.oasis-open.xdita.v0_2_2.dir"
1560 [DEBUG] Override ignored for property "plugin.org.dita.eclipsehelp.dir"
1560 [DEBUG] Override ignored for property "plugin.org.dita.htmlhelp.dir"
1560 [DEBUG] Override ignored for property "plugin.org.dita.base.dir"
1560 [DEBUG] Override ignored for property "transtypes"
1560 [DEBUG] Override ignored for property "parser.md"
1560 [DEBUG] Override ignored for property "parser.mdita"
1560 [DEBUG] Override ignored for property "plugin.org.dita.specialization.dita11.dir"
1560 [DEBUG] Override ignored for property "parser.hdita"
1560 [DEBUG] Override ignored for property "plugin.org.dita.pdf2.axf.dir"
1560 [DEBUG] Override ignored for property "plugin.org.dita.pdf2.dir"
1560 [DEBUG] Override ignored for property "plugin.org.dita.normalize.dir"
1560 [DEBUG] Override ignored for property "print_transtypes"
1560 [DEBUG] Override ignored for property "plugin.org.oasis-open.dita.techcomm.v2_0.dir"
1560 [DEBUG] Override ignored for property "plugin.org.oasis-open.dita.v1_2.dir"
1560 [DEBUG] Override ignored for property "supported_resource_extensions"
1560 [DEBUG] Override ignored for property "plugin.org.dita.xhtml.dir"
1560 [DEBUG] Override ignored for property "plugin.org.dita.pdf2.fop.dir"
1560 [DEBUG] Override ignored for property "plugin.org.dita.index.dir"
1560 [DEBUG] Override ignored for property "plugin.org.lwdita.dir"
1560 [DEBUG] Override ignored for property "plugin.org.dita.pdf2.xep.dir"
1560 [DEBUG] Override ignored for property "supported_html_extensions"
1560 [DEBUG] Override ignored for property "supported_image_extensions"
1560 [DEBUG] Override ignored for property "plugin.org.oasis-open.dita.v2_0.dir"
1561 [DEBUG] Override ignored for property "plugin.org.oasis-open.dita.v1_3.dir"
1561 [DEBUG] Override ignored for property "parser.markdown"
1561 [DEBUG] Override ignored for property "plugin.org.dita.html5.dir"
1561 [DEBUG] Loading /Users/isemisynov/Develop/dita-formats-demo/dita-ot-3.7.2/config/configuration.properties
1561 [DEBUG] Override ignored for property "default.cascade"
1561 [DEBUG] Override ignored for property "registry"
1561 [DEBUG] Override ignored for property "plugin.ignores"
1561 [DEBUG] Override ignored for property "plugin.order"
1561 [DEBUG] Override ignored for property "temp-file-name-scheme"
1561 [DEBUG] Override ignored for property "plugindirs"
1561 [DEBUG] Override ignored for property "org.dita.pdf2.i18n.enabled"
1561 [DEBUG] Override ignored for property "cli.color"
1562 [DEBUG] creating macro  job-helper
1562 [DEBUG] Overriding previous definition of reference to ant.projectHelper
1563 [DEBUG] Importing file /Users/isemisynov/Develop/dita-formats-demo/dita-ot-3.7.2/plugins/org.dita.base/build_preprocess.xml from /Users/isemisynov/Develop/dita-formats-demo/dita-ot-3.7.2/plugins/org.dita.base/build.xml
1563 [DEBUG] Overriding previous definition of reference to ant.projectHelper
1563 [DEBUG] parsing buildfile /Users/isemisynov/Develop/dita-formats-demo/dita-ot-3.7.2/plugins/org.dita.base/build_preprocess.xml with URI = file:/Users/isemisynov/Develop/dita-formats-demo/dita-ot-3.7.2/plugins/org.dita.base/build_preprocess.xml
1565 [DEBUG] Overriding previous definition of reference to ant.projectHelper
1565 [DEBUG] Importing file /Users/isemisynov/Develop/dita-formats-demo/dita-ot-3.7.2/plugins/org.dita.base/build_preprocess2.xml from /Users/isemisynov/Develop/dita-formats-demo/dita-ot-3.7.2/plugins/org.dita.base/build.xml
1565 [DEBUG] Overriding previous definition of reference to ant.projectHelper
1566 [DEBUG] parsing buildfile /Users/isemisynov/Develop/dita-formats-demo/dita-ot-3.7.2/plugins/org.dita.base/build_preprocess2.xml with URI = file:/Users/isemisynov/Develop/dita-formats-demo/dita-ot-3.7.2/plugins/org.dita.base/build_preprocess2.xml
1567 [DEBUG] Overriding previous definition of reference to ant.projectHelper
1567 [DEBUG] Importing file /Users/isemisynov/Develop/dita-formats-demo/dita-ot-3.7.2/plugins/org.dita.xhtml/build_general.xml from /Users/isemisynov/Develop/dita-formats-demo/dita-ot-3.7.2/plugins/org.dita.base/build.xml
1568 [DEBUG] Overriding previous definition of reference to ant.projectHelper
1568 [DEBUG] parsing buildfile /Users/isemisynov/Develop/dita-formats-demo/dita-ot-3.7.2/plugins/org.dita.xhtml/build_general.xml with URI = file:/Users/isemisynov/Develop/dita-formats-demo/dita-ot-3.7.2/plugins/org.dita.xhtml/build_general.xml
1569 [DEBUG] creating macro  topics.html
1569 [DEBUG] Overriding previous definition of reference to ant.projectHelper
1570 [DEBUG] Importing file /Users/isemisynov/Develop/dita-formats-demo/dita-ot-3.7.2/plugins/org.dita.xhtml/build_dita2xhtml.xml from /Users/isemisynov/Develop/dita-formats-demo/dita-ot-3.7.2/plugins/org.dita.base/build.xml
1570 [DEBUG] Overriding previous definition of reference to ant.projectHelper
1570 [DEBUG] parsing buildfile /Users/isemisynov/Develop/dita-formats-demo/dita-ot-3.7.2/plugins/org.dita.xhtml/build_dita2xhtml.xml with URI = file:/Users/isemisynov/Develop/dita-formats-demo/dita-ot-3.7.2/plugins/org.dita.xhtml/build_dita2xhtml.xml
1571 [DEBUG] creating macro  map.html
1571 [DEBUG] Overriding previous definition of reference to ant.projectHelper
1571 [DEBUG] Importing file /Users/isemisynov/Develop/dita-formats-demo/dita-ot-3.7.2/plugins/org.dita.eclipsehelp/build_dita2eclipsehelp.xml from /Users/isemisynov/Develop/dita-formats-demo/dita-ot-3.7.2/plugins/org.dita.base/build.xml
1571 [DEBUG] Overriding previous definition of reference to ant.projectHelper
1572 [DEBUG] parsing buildfile /Users/isemisynov/Develop/dita-formats-demo/dita-ot-3.7.2/plugins/org.dita.eclipsehelp/build_dita2eclipsehelp.xml with URI = file:/Users/isemisynov/Develop/dita-formats-demo/dita-ot-3.7.2/plugins/org.dita.eclipsehelp/build_dita2eclipsehelp.xml
1573 [DEBUG] Overriding previous definition of reference to ant.projectHelper
1574 [DEBUG] Importing file /Users/isemisynov/Develop/dita-formats-demo/dita-ot-3.7.2/plugins/org.dita.html5/build_dita2html5.xml from /Users/isemisynov/Develop/dita-formats-demo/dita-ot-3.7.2/plugins/org.dita.base/build.xml
1574 [DEBUG] Overriding previous definition of reference to ant.projectHelper
1574 [DEBUG] parsing buildfile /Users/isemisynov/Develop/dita-formats-demo/dita-ot-3.7.2/plugins/org.dita.html5/build_dita2html5.xml with URI = file:/Users/isemisynov/Develop/dita-formats-demo/dita-ot-3.7.2/plugins/org.dita.html5/build_dita2html5.xml
1575 [DEBUG] creating macro  html5.topics
1575 [DEBUG] creating macro  html5.map
1575 [DEBUG] Overriding previous definition of reference to ant.projectHelper
1576 [DEBUG] Importing file /Users/isemisynov/Develop/dita-formats-demo/dita-ot-3.7.2/plugins/org.dita.htmlhelp/build_dita2htmlhelp.xml from /Users/isemisynov/Develop/dita-formats-demo/dita-ot-3.7.2/plugins/org.dita.base/build.xml
1576 [DEBUG] Overriding previous definition of reference to ant.projectHelper
1576 [DEBUG] parsing buildfile /Users/isemisynov/Develop/dita-formats-demo/dita-ot-3.7.2/plugins/org.dita.htmlhelp/build_dita2htmlhelp.xml with URI = file:/Users/isemisynov/Develop/dita-formats-demo/dita-ot-3.7.2/plugins/org.dita.htmlhelp/build_dita2htmlhelp.xml
1577 [DEBUG] Overriding previous definition of reference to ant.projectHelper
1577 [DEBUG] Importing file /Users/isemisynov/Develop/dita-formats-demo/dita-ot-3.7.2/plugins/org.dita.index/build.xml from /Users/isemisynov/Develop/dita-formats-demo/dita-ot-3.7.2/plugins/org.dita.base/build.xml
1577 [DEBUG] Overriding previous definition of reference to ant.projectHelper
1578 [DEBUG] parsing buildfile /Users/isemisynov/Develop/dita-formats-demo/dita-ot-3.7.2/plugins/org.dita.index/build.xml with URI = file:/Users/isemisynov/Develop/dita-formats-demo/dita-ot-3.7.2/plugins/org.dita.index/build.xml
1578 [DEBUG] Overriding previous definition of reference to ant.projectHelper
1579 [DEBUG] Importing file /Users/isemisynov/Develop/dita-formats-demo/dita-ot-3.7.2/plugins/org.dita.pdf2/build.xml from /Users/isemisynov/Develop/dita-formats-demo/dita-ot-3.7.2/plugins/org.dita.base/build.xml
1579 [DEBUG] Overriding previous definition of reference to ant.projectHelper
1579 [DEBUG] parsing buildfile /Users/isemisynov/Develop/dita-formats-demo/dita-ot-3.7.2/plugins/org.dita.pdf2/build.xml with URI = file:/Users/isemisynov/Develop/dita-formats-demo/dita-ot-3.7.2/plugins/org.dita.pdf2/build.xml
1580 [DEBUG] Overriding previous definition of reference to ant.projectHelper
1580 [DEBUG] Importing file /Users/isemisynov/Develop/dita-formats-demo/dita-ot-3.7.2/plugins/org.dita.pdf2.axf/build.xml from /Users/isemisynov/Develop/dita-formats-demo/dita-ot-3.7.2/plugins/org.dita.base/build.xml
1581 [DEBUG] Overriding previous definition of reference to ant.projectHelper
1581 [DEBUG] parsing buildfile /Users/isemisynov/Develop/dita-formats-demo/dita-ot-3.7.2/plugins/org.dita.pdf2.axf/build.xml with URI = file:/Users/isemisynov/Develop/dita-formats-demo/dita-ot-3.7.2/plugins/org.dita.pdf2.axf/build.xml
1582 [DEBUG] Overriding previous definition of reference to ant.projectHelper
1583 [DEBUG] Importing file /Users/isemisynov/Develop/dita-formats-demo/dita-ot-3.7.2/plugins/org.dita.pdf2.fop/build_fop.xml from /Users/isemisynov/Develop/dita-formats-demo/dita-ot-3.7.2/plugins/org.dita.base/build.xml
1583 [DEBUG] Overriding previous definition of reference to ant.projectHelper
1583 [DEBUG] parsing buildfile /Users/isemisynov/Develop/dita-formats-demo/dita-ot-3.7.2/plugins/org.dita.pdf2.fop/build_fop.xml with URI = file:/Users/isemisynov/Develop/dita-formats-demo/dita-ot-3.7.2/plugins/org.dita.pdf2.fop/build_fop.xml
1584 [DEBUG] Override ignored for property "fop.home"
1584 [DEBUG] Overriding previous definition of reference to ant.projectHelper
1585 [DEBUG] Importing file /Users/isemisynov/Develop/dita-formats-demo/dita-ot-3.7.2/plugins/org.dita.pdf2.xep/build.xml from /Users/isemisynov/Develop/dita-formats-demo/dita-ot-3.7.2/plugins/org.dita.base/build.xml
1585 [DEBUG] Overriding previous definition of reference to ant.projectHelper
1585 [DEBUG] parsing buildfile /Users/isemisynov/Develop/dita-formats-demo/dita-ot-3.7.2/plugins/org.dita.pdf2.xep/build.xml with URI = file:/Users/isemisynov/Develop/dita-formats-demo/dita-ot-3.7.2/plugins/org.dita.pdf2.xep/build.xml
1586 [DEBUG] Overriding previous definition of reference to ant.projectHelper
1586 [DEBUG] Importing file /Users/isemisynov/Develop/dita-formats-demo/dita-ot-3.7.2/plugins/org.dita.normalize/build.xml from /Users/isemisynov/Develop/dita-formats-demo/dita-ot-3.7.2/plugins/org.dita.base/build.xml
1586 [DEBUG] Overriding previous definition of reference to ant.projectHelper
1587 [DEBUG] parsing buildfile /Users/isemisynov/Develop/dita-formats-demo/dita-ot-3.7.2/plugins/org.dita.normalize/build.xml with URI = file:/Users/isemisynov/Develop/dita-formats-demo/dita-ot-3.7.2/plugins/org.dita.normalize/build.xml
1587 [DEBUG] Overriding previous definition of reference to ant.projectHelper
1588 [DEBUG] Importing file /Users/isemisynov/Develop/dita-formats-demo/dita-ot-3.7.2/plugins/org.lwdita/build-markdown.xml from /Users/isemisynov/Develop/dita-formats-demo/dita-ot-3.7.2/plugins/org.dita.base/build.xml
1588 [DEBUG] Overriding previous definition of reference to ant.projectHelper
1588 [DEBUG] parsing buildfile /Users/isemisynov/Develop/dita-formats-demo/dita-ot-3.7.2/plugins/org.lwdita/build-markdown.xml with URI = file:/Users/isemisynov/Develop/dita-formats-demo/dita-ot-3.7.2/plugins/org.lwdita/build-markdown.xml
1589 [DEBUG] creating macro  markdown.map
1589 [DEBUG] creating macro  markdown.topics
1589 [DEBUG] Overriding previous definition of reference to ant.projectHelper
1589 [DEBUG] Importing file /Users/isemisynov/Develop/dita-formats-demo/dita-ot-3.7.2/plugins/org.lwdita/build-html.xml from /Users/isemisynov/Develop/dita-formats-demo/dita-ot-3.7.2/plugins/org.dita.base/build.xml
1589 [DEBUG] Overriding previous definition of reference to ant.projectHelper
1590 [DEBUG] parsing buildfile /Users/isemisynov/Develop/dita-formats-demo/dita-ot-3.7.2/plugins/org.lwdita/build-html.xml with URI = file:/Users/isemisynov/Develop/dita-formats-demo/dita-ot-3.7.2/plugins/org.lwdita/build-html.xml
1590 [DEBUG] Overriding previous definition of reference to ant.projectHelper
1590 [DEBUG] Overriding previous definition of reference to ant.projectHelper
1591 [DEBUG] Entering /Users/isemisynov/Develop/dita-formats-demo/dita-ot-3.7.2/build.xml...
1591 [DEBUG] Build sequence for target(s) `html5.copy-css-user' is [html5.copy-css-user]
1592 [DEBUG] Complete build sequence is [html5.copy-css-user, dita2pdf2.init, dita.index.eclipsehelp.init, ditaot-preprocess.mapref-check, conref, transform.topic2pdf.init, preview.topic.pdf.init, copyCoreArtwork, transform.fo2pdf.xep.test-use, transform.fo2pdf.xep.init, transform.fo2pdf.fop.test-use, transform.fo2pdf.fop.init, transform.fo2pdf.ah.test-use, transform.fo2pdf.ah.init, transform.topic2fo.init, org.dita.index.init, org.dita.index, transform.topic2fo.main, transform.topic2fo.i18n.filter, transform.topic2fo.i18n.no-filter, transform.topic2fo.i18n, transform.topic2fo, transform.fo2pdf.xep, transform.fo2pdf.fop, transform.fo2pdf.ah, transform.fo2pdf, transform.topic2pdf, dita.build.preview.topic.pdf, ditaot-preprocess.maplink-check, markdown_github.init, init-properties, check-arg, log-arg, build-init, preprocess.init, ditaval-merge, gen-list, debug-filter, mapref-check, mapref, branch-filter, keyref, copy-to, conrefpush, profile-check, profile, topic-fragment, chunk-check, chunk, move-meta-entries, maplink-check, maplink, topicpull-check, topicpull, clean-map-check, clean-map, clean-preprocess, copy-image, copy-html, copy-flag-check, copy-flag, copy-files, preprocess, markdown.init, markdown.topics.common, markdown.topics.common.inner, markdown.topic, markdown.map.init, markdown.map.toc, markdown.map, dita2markdown, dita2normalize.dita2markdown_github, dita2normalize.markdown.topics.common, ditaot-init.check-arg, dita2dita, org.dita.pdf2.xep.transform.fo2pdf.xep, dita2htmlhelp.init, ditaot-preprocess.profile-check, dita2html5.html5.map.toc, html5.map.init, html5.map.toc, dita2html5.html5.map, ditaot-preprocess2.map-conrefpush, dita2eclipsehelp.dita.map.eclipse.plugin.init, dita.map.eclipse.plugin.init, dita.map.eclipse.plugin, ditaot-preprocess.debug-filter, dita.map.eclipse.fragment.move.files, dita2normalize.dita.out.map.hdita.toc, xhtml.init, xhtml.image-metadata, htmlhelp.topics, ditaot-init.build-init, dita2xhtml.copy-css-user, ditaot-preprocess.copy-to, ditaot-preprocess.keyref, ditaot-preprocess.copy-flag-check, ditaot-preprocess2.topic-keyref, transform.topic2fo.index.init, dita.build.transform.topic2fo.index, ditaot-preprocess2.topic-maplink, preprocess2.init, map-reader, map-mapref, map-branch-filter, map-keyref, map-conrefpush, map-conref, map-profile-check, map-profile, preprocess2.maps, topic-reader, topic-branch-filter, topic-keyref, topic-copy-to, topic-conrefpush, topic-conref, topic-profile-check, topic-profile, preprocess2.topic-fragment, topic-chunk, topic-move-meta-entries, topic-maplink, topic-topicpull, preprocess2.topics, map-clean-map, copy-image2, copy-files2, preprocess2, build_generaltargets.output-css-warn-message, ditaot-preprocess2.topic-reader, ditaot-preprocess.chunk, dita.topics.html.common, dita.build.transform.topic2fo.i18n.filter, org.dita.pdf2.axf.transform.fo2pdf.ah.nooption, ditaot-preprocess2.topic-branch-filter, build_generaltargets.xhtml.image-metadata, dita2normalize.dita.topics.hdita.common, dita.map.xhtml.init, dita.map.xhtml.toc, dita.map.xhtml, dita.map.eclipse.toc, dita.build.transform.topic2fo.i18n, org.dita.pdf2.axf.transform.fo2pdf.ah, html5.topic.init, org.dita.pdf2.xep.transform.fo2pdf.xep.test-use, ditaot-preprocess2.preprocess2.topic-fragment, markdown_gitbook.init, dita2eclipsehelp.dita.map.eclipse.fragment.language.init, ditaot-preprocess.preprocess.init, copy-revflag, ditaot-preprocess.clean-map, dita2xhtml.init, map2pdf2, topic2pdf2, dita.build.dita2pdf2, hdita.init, ditaot-preprocess.clean-preprocess, dita2xhtml.dita.out.map.xhtml.toc, org.dita.pdf2.xep.transform.fo2pdf.xep.init, ditaot-preprocess2.preprocess2, org.dita.pdf2.axf.transform.fo2pdf.ah.test-use, ditaot-preprocess.maplink, ditaot-init.init-properties, ditaot-preprocess.preprocess, use-init.envhhcdir, use-init.hhcdir, htmlhelp.copy-image, copy-css, dita2htmlhelp.dita2htmlhelp, publish.map.pdf.init, dita2xhtml.dita.map.xhtml, copy-plugin-files, ditaot-preprocess2.map-clean-map, dita2pdf2, dita.build.dita2pdf, ditaot-preprocess.conrefpush, dita.map.eclipse.init, dita2eclipsehelp.dita.map.eclipse.fragment.error, ditaot-preprocess.branch-filter, dita.map.hdita.init, dita2eclipsehelp.copy-plugin-files, dita.build.transform.fo2pdf, html5.init, dita2eclipsehelp.dita.out.map.eclipse.plugin, build.eclipse.jar, org.dita.pdf2.fop.transform.fo2pdf.fop, dita.build.transform.topic2pdf.init, ditaot-preprocess2.map-mapref, dita.map.eclipse.fragment.language.init, ditaot-preprocess.gen-list, build_generaltargets.dita.topics.html.common, dita2htmlhelp.use-init.hhcdir, dita.build.publish.map.pdf, html5.topics.common.inner, dita2normalize.hdita.init, DOST.init, DOST.help, transform.fo2pdf.ah.nooption, dita.inner.topics.hdita.common, dita2htmlhelp.dita.htmlhelp.convertlang, ditaot-preprocess2.topic-topicpull, dita2eclipsehelp.dita.out.map.eclipse.toc, dita2normalize.markdown.init, html5.image-metadata, html5.topics.common, dita2html5.html5.topic, ditaot-preprocess.chunk-check, dita2normalize.markdown_gitbook.init, dita2htmlhelp.org.dita.index, build_generaltargets.dita.inner.topics.html.common, html5.topic, preprocess2-topic, ditaot-preprocess2.map-profile-check, dita.out.map.eclipse.plugin.properties, dita2eclipsehelp.dita.map.eclipse.index, ditaot-preprocess.profile, dita2normalize.markdown.topics.common.inner, dita.map.eclipse.fragment.language.country.init, dita2eclipsehelp.dita.map.eclipse.plugin.properties, ditaot-preprocess.copy-files, dita.inner.topics.html.common, build_generaltargets.xhtml.topics, org.dita.pdf2.fop.transform.fo2pdf.fop.test-use, dita2htmlhelp.dita2htmlhelp.init, dita.map.htmlhelp.init, ditaot-preprocess2.map-conref, dita.map.eclipse.index, dita.map.eclipse.plugin.properties, dita.map.eclipse.manifest.file, dita.out.map.eclipse.manifest.file, dita.out.map.eclipse.toc, dita.out.map.eclipse.index, dita.out.map.eclipse.plugin, dita.out.map.eclipse.fragment.move.files, dita.map.eclipse.genetrate.fragment, ditaot-preprocess.topicpull-check, init, help, ditaot-preprocess2.preprocess2-topic, dita.map.eclipse.fragment.error, ditaot-preprocess2.map-reader, ditaot-init.log-arg, dita2xhtml.copy-css, dita2normalize.markdown.map.toc, ditaot-preprocess.move-meta-entries, dita2markdown_gitbook, dita.build.transform.topic2fo, html5.css, preview.topic.pdf, transform.topic2fo.index, dita2eclipsehelp.dita.map.eclipse.init, xhtml.topics, dita2xhtml.dita2xhtml, ditaot-preprocess2.topic-move-meta-entries, dita2normalize.dita.inner.topics.hdita.common, dita2normalize.markdown_github.init, dita2eclipsehelp.dita.map.eclipse.toc, dita2normalize.dita2dita, ditaot-preprocess.copy-html, dita2normalize.markdown.topic, dita2html5.html5.topic.init, dita.topics.hdita.common, dita.map.hdita.toc, dita.out.map.hdita.toc, dita2normalize.dita2hdita, dita.map.eclipse.generate.plugin, clean-temp, dita2xhtml.dita2xhtml.init, ditaot-preprocess.copy-image, ditaot-preprocess.ditaval-merge, dita.map.htmlhelp.hhp, dita.map.htmlhelp.hhc, dita.map.htmlhelp.hhk, dita.htmlhelp.convertlang, compile.HTML.Help, dita.map.htmlhelp, dita2html5.html5.init, build_generaltargets.xhtml.init, dita2html5.html5.topics.common.inner, dita2xhtml.dita.map.xhtml.toc, org.dita.pdf2.fop.transform.fo2pdf.fop.init, dita2eclipsehelp.dita.out.map.eclipse.index, ditaot-preprocess2.preprocess2.maps, dita2eclipsehelp.build.eclipse.jar, ditaot-preprocess2.map-branch-filter, dita2normalize.markdown.map.init, dita2htmlhelp.compile.HTML.Help, dita.build.transform.topic2fo.index.init, dita2htmlhelp.dita.map.htmlhelp, html5.map, dita2html5, dita2html5.html5.map.init, ditaot-preprocess.mapref, dita2eclipsehelp.dita.out.map.eclipse.manifest.file, dita.build.transform.topic2fo.main, ditaot-preprocess.clean-map-check, dita2normalize.dita.map.hdita.toc, dita2eclipsehelp.dita.map.eclipse.genetrate.fragment, dita2eclipsehelp.dita.map.eclipse.fragment.language.country.init, dita.build.publish.map.pdf.init, ditaot-preprocess2.copy-image2, ditaot-preprocess.clean-temp, dita.build.dita2pdf2.init, dita2normalize.dita2markdown_gitbook, dita2eclipsehelp.dita.map.eclipse.manifest.file, dita2eclipsehelp.dita.out.map.eclipse.fragment.move.files, dita.eclipsehelp.init, dita2htmlhelp.org.dita.index.init, dita2hdita, dita2normalize.markdown.map, dita.build.transform.topic2fo.init, dita.out.map.xhtml.toc, ditaot-preprocess.copy-flag, dita2htmlhelp.htmlhelp.topics, dita2xhtml, dita2eclipsehelp.dita.index.eclipsehelp.init, org.dita.pdf2.axf.transform.fo2pdf.ah.hasoption, dita2eclipsehelp.dita.map.eclipse.generate.plugin, dita.build.preview.topic.pdf.init, ditaot-preprocess2.map-keyref, dita2htmlhelp.dita.map.htmlhelp.init, transform.fo2pdf.ah.hasoption, dita2eclipsehelp.dita.map.eclipse.plugin, ditaot-preprocess2.copy-files2, dita2pdf, ditaot-preprocess.conref, ditaot-preprocess2.topic-conref, dita.build.transform.topic2fo.i18n.no-filter, dita.build.copyCoreArtwork, dita2normalize.dita2markdown, dita2xhtml.copy-revflag, dita.build.transform.topic2pdf, dita2markdown_github, ditaot-preprocess.topic-fragment, ditaot-preprocess2.topic-conrefpush, dita.map.eclipse, dita2eclipsehelp.dita2eclipsehelp, ditaot-preprocess2.preprocess2.topics, dita2html5.html5.css, dita2eclipsehelp, dita2eclipsehelp.dita.map.eclipse, dita.build.topic2pdf2, dita2eclipsehelp.dita.map.eclipse.fragment.move.files, dita2html5.html5.copy-css-user, dita2normalize.dita.map.hdita.init, dita2htmlhelp.dita.map.htmlhelp.hhp, ditaot-preprocess2.map-profile, ditaot-preprocess.topicpull, ditaot-preprocess2.topic-profile-check, dita2htmlhelp.dita.map.htmlhelp.hhk, output-css-warn-message, dita2htmlhelp.dita.map.htmlhelp.hhc, dita2html5.html5.image-metadata, dita2htmlhelp.htmlhelp.copy-image, dita2htmlhelp.use-init.envhhcdir, copy-css-user, dita2htmlhelp, dita2eclipsehelp.dita.out.map.eclipse.plugin.properties, dita.build.map2pdf2, dita2html5.html5.topics.common, ditaot-preprocess2.topic-copy-to, dita2html5.dita2html5, org.dita.pdf2.axf.transform.fo2pdf.ah.init, ditaot-preprocess2.topic-chunk, dita2eclipsehelp.dita.eclipsehelp.init, ditaot-preprocess2.preprocess2.init, publish.map.pdf, dita2xhtml.dita.map.xhtml.init, , ditaot-preprocess2.topic-profile]
1592 [DEBUG] Skipped because property 'user.copycss.yes' not set.
1592 [DEBUG] Exiting /Users/isemisynov/Develop/dita-formats-demo/dita-ot-3.7.2/build.xml.
