1    [DEBUG] Detected Java version: 18 in: /Library/Java/JavaVirtualMachines/jdk-18.jdk/Contents/Home
1    [DEBUG] Detected OS: Mac OS X
1    [DEBUG] Project base dir set to: /Users/isemisynov/Develop/dita-formats-demo/dita-ot-3.7.2
2    [DEBUG] parsing buildfile /Users/isemisynov/Develop/dita-formats-demo/dita-ot-3.7.2/build.xml with URI = file:/Users/isemisynov/Develop/dita-formats-demo/dita-ot-3.7.2/build.xml
2    [DEBUG] Project base dir set to: /Users/isemisynov/Develop/dita-formats-demo/dita-ot-3.7.2
26   [DEBUG] parsing buildfile jar:file:/Users/isemisynov/Develop/dita-formats-demo/dita-ot-3.7.2/lib/ant.jar!/org/apache/tools/ant/antlib.xml with URI = jar:file:/Users/isemisynov/Develop/dita-formats-demo/dita-ot-3.7.2/lib/ant.jar!/org/apache/tools/ant/antlib.xml from a zip file
52   [DEBUG] parsing buildfile jar:file:/Users/isemisynov/.gradle/caches/modules-2/files-2.1/org.apache.ant/ant/1.10.12/be08c4f63e92e03bac761404cf77bc270928b6c5/ant-1.10.12.jar!/org/apache/tools/ant/antlib.xml with URI = jar:file:/Users/isemisynov/.gradle/caches/modules-2/files-2.1/org.apache.ant/ant/1.10.12/be08c4f63e92e03bac761404cf77bc270928b6c5/ant-1.10.12.jar!/org/apache/tools/ant/antlib.xml from a zip file
56   [DEBUG] Override ignored for property "dita.dir"
56   [DEBUG] Override ignored for property "dita.dir"
56   [DEBUG] Loading /Users/isemisynov/Develop/dita-formats-demo/dita-ot-3.7.2/local.properties
56   [DEBUG] Unable to find property file: /Users/isemisynov/Develop/dita-formats-demo/dita-ot-3.7.2/local.properties
57   [DEBUG] Importing file /Users/isemisynov/Develop/dita-formats-demo/dita-ot-3.7.2/plugins/org.dita.base/build.xml from /Users/isemisynov/Develop/dita-formats-demo/dita-ot-3.7.2/build.xml
57   [DEBUG] Overriding previous definition of reference to ant.projectHelper
58   [DEBUG] parsing buildfile /Users/isemisynov/Develop/dita-formats-demo/dita-ot-3.7.2/plugins/org.dita.base/build.xml with URI = file:/Users/isemisynov/Develop/dita-formats-demo/dita-ot-3.7.2/plugins/org.dita.base/build.xml
68   [DEBUG] Importing file /Users/isemisynov/Develop/dita-formats-demo/dita-ot-3.7.2/plugins/org.dita.base/build_init.xml from /Users/isemisynov/Develop/dita-formats-demo/dita-ot-3.7.2/plugins/org.dita.base/build.xml
68   [DEBUG] Overriding previous definition of reference to ant.projectHelper
69   [DEBUG] parsing buildfile /Users/isemisynov/Develop/dita-formats-demo/dita-ot-3.7.2/plugins/org.dita.base/build_init.xml with URI = file:/Users/isemisynov/Develop/dita-formats-demo/dita-ot-3.7.2/plugins/org.dita.base/build_init.xml
70   [DEBUG] Loading /Users/isemisynov/Develop/dita-formats-demo/dita-ot-3.7.2/config/org.dita.dost.platform/plugin.properties
71   [DEBUG] Loading /Users/isemisynov/Develop/dita-formats-demo/dita-ot-3.7.2/config/configuration.properties
73   [DEBUG] creating macro  job-helper
73   [DEBUG] Overriding previous definition of reference to ant.projectHelper
73   [DEBUG] Importing file /Users/isemisynov/Develop/dita-formats-demo/dita-ot-3.7.2/plugins/org.dita.base/build_preprocess.xml from /Users/isemisynov/Develop/dita-formats-demo/dita-ot-3.7.2/plugins/org.dita.base/build.xml
73   [DEBUG] Overriding previous definition of reference to ant.projectHelper
73   [DEBUG] parsing buildfile /Users/isemisynov/Develop/dita-formats-demo/dita-ot-3.7.2/plugins/org.dita.base/build_preprocess.xml with URI = file:/Users/isemisynov/Develop/dita-formats-demo/dita-ot-3.7.2/plugins/org.dita.base/build_preprocess.xml
75   [DEBUG] Property "conserve-memory" has not been set
75   [DEBUG] Overriding previous definition of reference to ant.projectHelper
76   [DEBUG] Importing file /Users/isemisynov/Develop/dita-formats-demo/dita-ot-3.7.2/plugins/org.dita.base/build_preprocess2.xml from /Users/isemisynov/Develop/dita-formats-demo/dita-ot-3.7.2/plugins/org.dita.base/build.xml
76   [DEBUG] Overriding previous definition of reference to ant.projectHelper
76   [DEBUG] parsing buildfile /Users/isemisynov/Develop/dita-formats-demo/dita-ot-3.7.2/plugins/org.dita.base/build_preprocess2.xml with URI = file:/Users/isemisynov/Develop/dita-formats-demo/dita-ot-3.7.2/plugins/org.dita.base/build_preprocess2.xml
78   [DEBUG] Overriding previous definition of reference to ant.projectHelper
78   [DEBUG] Importing file /Users/isemisynov/Develop/dita-formats-demo/dita-ot-3.7.2/plugins/org.dita.xhtml/build_general.xml from /Users/isemisynov/Develop/dita-formats-demo/dita-ot-3.7.2/plugins/org.dita.base/build.xml
78   [DEBUG] Overriding previous definition of reference to ant.projectHelper
79   [DEBUG] parsing buildfile /Users/isemisynov/Develop/dita-formats-demo/dita-ot-3.7.2/plugins/org.dita.xhtml/build_general.xml with URI = file:/Users/isemisynov/Develop/dita-formats-demo/dita-ot-3.7.2/plugins/org.dita.xhtml/build_general.xml
80   [DEBUG] creating macro  topics.html
80   [DEBUG] Overriding previous definition of reference to ant.projectHelper
80   [DEBUG] Importing file /Users/isemisynov/Develop/dita-formats-demo/dita-ot-3.7.2/plugins/org.dita.xhtml/build_dita2xhtml.xml from /Users/isemisynov/Develop/dita-formats-demo/dita-ot-3.7.2/plugins/org.dita.base/build.xml
80   [DEBUG] Overriding previous definition of reference to ant.projectHelper
81   [DEBUG] parsing buildfile /Users/isemisynov/Develop/dita-formats-demo/dita-ot-3.7.2/plugins/org.dita.xhtml/build_dita2xhtml.xml with URI = file:/Users/isemisynov/Develop/dita-formats-demo/dita-ot-3.7.2/plugins/org.dita.xhtml/build_dita2xhtml.xml
82   [DEBUG] creating macro  map.html
82   [DEBUG] Overriding previous definition of reference to ant.projectHelper
82   [DEBUG] Importing file /Users/isemisynov/Develop/dita-formats-demo/dita-ot-3.7.2/plugins/org.dita.eclipsehelp/build_dita2eclipsehelp.xml from /Users/isemisynov/Develop/dita-formats-demo/dita-ot-3.7.2/plugins/org.dita.base/build.xml
82   [DEBUG] Overriding previous definition of reference to ant.projectHelper
83   [DEBUG] parsing buildfile /Users/isemisynov/Develop/dita-formats-demo/dita-ot-3.7.2/plugins/org.dita.eclipsehelp/build_dita2eclipsehelp.xml with URI = file:/Users/isemisynov/Develop/dita-formats-demo/dita-ot-3.7.2/plugins/org.dita.eclipsehelp/build_dita2eclipsehelp.xml
84   [DEBUG] Overriding previous definition of reference to ant.projectHelper
85   [DEBUG] Importing file /Users/isemisynov/Develop/dita-formats-demo/dita-ot-3.7.2/plugins/org.dita.html5/build_dita2html5.xml from /Users/isemisynov/Develop/dita-formats-demo/dita-ot-3.7.2/plugins/org.dita.base/build.xml
85   [DEBUG] Overriding previous definition of reference to ant.projectHelper
85   [DEBUG] parsing buildfile /Users/isemisynov/Develop/dita-formats-demo/dita-ot-3.7.2/plugins/org.dita.html5/build_dita2html5.xml with URI = file:/Users/isemisynov/Develop/dita-formats-demo/dita-ot-3.7.2/plugins/org.dita.html5/build_dita2html5.xml
87   [DEBUG] creating macro  html5.topics
87   [DEBUG] creating macro  html5.map
87   [DEBUG] Overriding previous definition of reference to ant.projectHelper
88   [DEBUG] Importing file /Users/isemisynov/Develop/dita-formats-demo/dita-ot-3.7.2/plugins/org.dita.htmlhelp/build_dita2htmlhelp.xml from /Users/isemisynov/Develop/dita-formats-demo/dita-ot-3.7.2/plugins/org.dita.base/build.xml
88   [DEBUG] Overriding previous definition of reference to ant.projectHelper
88   [DEBUG] parsing buildfile /Users/isemisynov/Develop/dita-formats-demo/dita-ot-3.7.2/plugins/org.dita.htmlhelp/build_dita2htmlhelp.xml with URI = file:/Users/isemisynov/Develop/dita-formats-demo/dita-ot-3.7.2/plugins/org.dita.htmlhelp/build_dita2htmlhelp.xml
89   [DEBUG] Overriding previous definition of reference to ant.projectHelper
89   [DEBUG] Importing file /Users/isemisynov/Develop/dita-formats-demo/dita-ot-3.7.2/plugins/org.dita.index/build.xml from /Users/isemisynov/Develop/dita-formats-demo/dita-ot-3.7.2/plugins/org.dita.base/build.xml
90   [DEBUG] Overriding previous definition of reference to ant.projectHelper
90   [DEBUG] parsing buildfile /Users/isemisynov/Develop/dita-formats-demo/dita-ot-3.7.2/plugins/org.dita.index/build.xml with URI = file:/Users/isemisynov/Develop/dita-formats-demo/dita-ot-3.7.2/plugins/org.dita.index/build.xml
90   [DEBUG] Overriding previous definition of reference to ant.projectHelper
91   [DEBUG] Importing file /Users/isemisynov/Develop/dita-formats-demo/dita-ot-3.7.2/plugins/org.dita.pdf2/build.xml from /Users/isemisynov/Develop/dita-formats-demo/dita-ot-3.7.2/plugins/org.dita.base/build.xml
91   [DEBUG] Overriding previous definition of reference to ant.projectHelper
91   [DEBUG] parsing buildfile /Users/isemisynov/Develop/dita-formats-demo/dita-ot-3.7.2/plugins/org.dita.pdf2/build.xml with URI = file:/Users/isemisynov/Develop/dita-formats-demo/dita-ot-3.7.2/plugins/org.dita.pdf2/build.xml
92   [DEBUG] Overriding previous definition of reference to ant.projectHelper
92   [DEBUG] Importing file /Users/isemisynov/Develop/dita-formats-demo/dita-ot-3.7.2/plugins/org.dita.pdf2.axf/build.xml from /Users/isemisynov/Develop/dita-formats-demo/dita-ot-3.7.2/plugins/org.dita.base/build.xml
92   [DEBUG] Overriding previous definition of reference to ant.projectHelper
93   [DEBUG] parsing buildfile /Users/isemisynov/Develop/dita-formats-demo/dita-ot-3.7.2/plugins/org.dita.pdf2.axf/build.xml with URI = file:/Users/isemisynov/Develop/dita-formats-demo/dita-ot-3.7.2/plugins/org.dita.pdf2.axf/build.xml
94   [DEBUG] Overriding previous definition of reference to ant.projectHelper
95   [DEBUG] Importing file /Users/isemisynov/Develop/dita-formats-demo/dita-ot-3.7.2/plugins/org.dita.pdf2.fop/build_fop.xml from /Users/isemisynov/Develop/dita-formats-demo/dita-ot-3.7.2/plugins/org.dita.base/build.xml
95   [DEBUG] Overriding previous definition of reference to ant.projectHelper
96   [DEBUG] parsing buildfile /Users/isemisynov/Develop/dita-formats-demo/dita-ot-3.7.2/plugins/org.dita.pdf2.fop/build_fop.xml with URI = file:/Users/isemisynov/Develop/dita-formats-demo/dita-ot-3.7.2/plugins/org.dita.pdf2.fop/build_fop.xml
96   [DEBUG] Overriding previous definition of reference to ant.projectHelper
97   [DEBUG] Importing file /Users/isemisynov/Develop/dita-formats-demo/dita-ot-3.7.2/plugins/org.dita.pdf2.xep/build.xml from /Users/isemisynov/Develop/dita-formats-demo/dita-ot-3.7.2/plugins/org.dita.base/build.xml
97   [DEBUG] Overriding previous definition of reference to ant.projectHelper
97   [DEBUG] parsing buildfile /Users/isemisynov/Develop/dita-formats-demo/dita-ot-3.7.2/plugins/org.dita.pdf2.xep/build.xml with URI = file:/Users/isemisynov/Develop/dita-formats-demo/dita-ot-3.7.2/plugins/org.dita.pdf2.xep/build.xml
98   [DEBUG] Overriding previous definition of reference to ant.projectHelper
98   [DEBUG] Importing file /Users/isemisynov/Develop/dita-formats-demo/dita-ot-3.7.2/plugins/org.dita.normalize/build.xml from /Users/isemisynov/Develop/dita-formats-demo/dita-ot-3.7.2/plugins/org.dita.base/build.xml
98   [DEBUG] Overriding previous definition of reference to ant.projectHelper
99   [DEBUG] parsing buildfile /Users/isemisynov/Develop/dita-formats-demo/dita-ot-3.7.2/plugins/org.dita.normalize/build.xml with URI = file:/Users/isemisynov/Develop/dita-formats-demo/dita-ot-3.7.2/plugins/org.dita.normalize/build.xml
99   [DEBUG] Overriding previous definition of reference to ant.projectHelper
99   [DEBUG] Importing file /Users/isemisynov/Develop/dita-formats-demo/dita-ot-3.7.2/plugins/org.lwdita/build-markdown.xml from /Users/isemisynov/Develop/dita-formats-demo/dita-ot-3.7.2/plugins/org.dita.base/build.xml
99   [DEBUG] Overriding previous definition of reference to ant.projectHelper
100  [DEBUG] parsing buildfile /Users/isemisynov/Develop/dita-formats-demo/dita-ot-3.7.2/plugins/org.lwdita/build-markdown.xml with URI = file:/Users/isemisynov/Develop/dita-formats-demo/dita-ot-3.7.2/plugins/org.lwdita/build-markdown.xml
101  [DEBUG] creating macro  markdown.map
101  [DEBUG] creating macro  markdown.topics
101  [DEBUG] Overriding previous definition of reference to ant.projectHelper
101  [DEBUG] Importing file /Users/isemisynov/Develop/dita-formats-demo/dita-ot-3.7.2/plugins/org.lwdita/build-html.xml from /Users/isemisynov/Develop/dita-formats-demo/dita-ot-3.7.2/plugins/org.dita.base/build.xml
101  [DEBUG] Overriding previous definition of reference to ant.projectHelper
102  [DEBUG] parsing buildfile /Users/isemisynov/Develop/dita-formats-demo/dita-ot-3.7.2/plugins/org.lwdita/build-html.xml with URI = file:/Users/isemisynov/Develop/dita-formats-demo/dita-ot-3.7.2/plugins/org.lwdita/build-html.xml
102  [DEBUG] Overriding previous definition of reference to ant.projectHelper
102  [DEBUG] Overriding previous definition of reference to ant.projectHelper
103  [DEBUG] Build sequence for target(s) `dita2markdown_github' is [markdown_github.init, init-properties, check-arg, log-arg, build-init, preprocess.init, ditaval-merge, gen-list, debug-filter, mapref-check, mapref, branch-filter, keyref, copy-to, conrefpush, conref, profile-check, profile, topic-fragment, chunk-check, chunk, move-meta-entries, maplink-check, maplink, topicpull-check, topicpull, clean-map-check, clean-map, clean-preprocess, copy-image, copy-html, copy-flag-check, copy-flag, copy-files, preprocess, markdown.init, markdown.topics.common, markdown.topics.common.inner, markdown.topic, markdown.map.init, markdown.map.toc, markdown.map, dita2markdown, dita2markdown_github]
104  [DEBUG] Complete build sequence is [markdown_github.init, init-properties, check-arg, log-arg, build-init, preprocess.init, ditaval-merge, gen-list, debug-filter, mapref-check, mapref, branch-filter, keyref, copy-to, conrefpush, conref, profile-check, profile, topic-fragment, chunk-check, chunk, move-meta-entries, maplink-check, maplink, topicpull-check, topicpull, clean-map-check, clean-map, clean-preprocess, copy-image, copy-html, copy-flag-check, copy-flag, copy-files, preprocess, markdown.init, markdown.topics.common, markdown.topics.common.inner, markdown.topic, markdown.map.init, markdown.map.toc, markdown.map, dita2markdown, dita2markdown_github, dita2pdf2.init, dita.index.eclipsehelp.init, ditaot-preprocess.mapref-check, transform.topic2pdf.init, preview.topic.pdf.init, copyCoreArtwork, transform.fo2pdf.xep.test-use, transform.fo2pdf.xep.init, transform.fo2pdf.fop.test-use, transform.fo2pdf.fop.init, transform.fo2pdf.ah.test-use, transform.fo2pdf.ah.init, transform.topic2fo.init, org.dita.index.init, org.dita.index, transform.topic2fo.main, transform.topic2fo.i18n.filter, transform.topic2fo.i18n.no-filter, transform.topic2fo.i18n, transform.topic2fo, transform.fo2pdf.xep, transform.fo2pdf.fop, transform.fo2pdf.ah, transform.fo2pdf, transform.topic2pdf, dita.build.preview.topic.pdf, ditaot-preprocess.maplink-check, dita2normalize.dita2markdown_github, dita2normalize.markdown.topics.common, ditaot-init.check-arg, dita2dita, org.dita.pdf2.xep.transform.fo2pdf.xep, dita2htmlhelp.init, ditaot-preprocess.profile-check, dita2html5.html5.map.toc, html5.map.init, html5.map.toc, dita2html5.html5.map, ditaot-preprocess2.map-conrefpush, dita2eclipsehelp.dita.map.eclipse.plugin.init, dita.map.eclipse.plugin.init, dita.map.eclipse.plugin, ditaot-preprocess.debug-filter, dita.map.eclipse.fragment.move.files, dita2normalize.dita.out.map.hdita.toc, xhtml.init, xhtml.image-metadata, htmlhelp.topics, ditaot-init.build-init, dita2xhtml.copy-css-user, ditaot-preprocess.copy-to, ditaot-preprocess.keyref, ditaot-preprocess.copy-flag-check, ditaot-preprocess2.topic-keyref, transform.topic2fo.index.init, dita.build.transform.topic2fo.index, ditaot-preprocess2.topic-maplink, preprocess2.init, map-reader, map-mapref, map-branch-filter, map-keyref, map-conrefpush, map-conref, map-profile-check, map-profile, preprocess2.maps, topic-reader, topic-branch-filter, topic-keyref, topic-copy-to, topic-conrefpush, topic-conref, topic-profile-check, topic-profile, preprocess2.topic-fragment, topic-chunk, topic-move-meta-entries, topic-maplink, topic-topicpull, preprocess2.topics, map-clean-map, copy-image2, copy-files2, preprocess2, build_generaltargets.output-css-warn-message, ditaot-preprocess2.topic-reader, ditaot-preprocess.chunk, dita.topics.html.common, dita.build.transform.topic2fo.i18n.filter, org.dita.pdf2.axf.transform.fo2pdf.ah.nooption, ditaot-preprocess2.topic-branch-filter, build_generaltargets.xhtml.image-metadata, dita2normalize.dita.topics.hdita.common, dita.map.xhtml.init, dita.map.xhtml.toc, dita.map.xhtml, dita.map.eclipse.toc, dita.build.transform.topic2fo.i18n, org.dita.pdf2.axf.transform.fo2pdf.ah, html5.topic.init, org.dita.pdf2.xep.transform.fo2pdf.xep.test-use, ditaot-preprocess2.preprocess2.topic-fragment, markdown_gitbook.init, dita2eclipsehelp.dita.map.eclipse.fragment.language.init, ditaot-preprocess.preprocess.init, copy-revflag, ditaot-preprocess.clean-map, dita2xhtml.init, map2pdf2, topic2pdf2, dita.build.dita2pdf2, hdita.init, ditaot-preprocess.clean-preprocess, dita2xhtml.dita.out.map.xhtml.toc, org.dita.pdf2.xep.transform.fo2pdf.xep.init, ditaot-preprocess2.preprocess2, org.dita.pdf2.axf.transform.fo2pdf.ah.test-use, ditaot-preprocess.maplink, ditaot-init.init-properties, ditaot-preprocess.preprocess, use-init.envhhcdir, use-init.hhcdir, htmlhelp.copy-image, copy-css, dita2htmlhelp.dita2htmlhelp, publish.map.pdf.init, dita2xhtml.dita.map.xhtml, copy-plugin-files, ditaot-preprocess2.map-clean-map, dita2pdf2, dita.build.dita2pdf, ditaot-preprocess.conrefpush, dita.map.eclipse.init, dita2eclipsehelp.dita.map.eclipse.fragment.error, ditaot-preprocess.branch-filter, dita.map.hdita.init, dita2eclipsehelp.copy-plugin-files, dita.build.transform.fo2pdf, html5.init, dita2eclipsehelp.dita.out.map.eclipse.plugin, build.eclipse.jar, org.dita.pdf2.fop.transform.fo2pdf.fop, dita.build.transform.topic2pdf.init, ditaot-preprocess2.map-mapref, dita.map.eclipse.fragment.language.init, ditaot-preprocess.gen-list, build_generaltargets.dita.topics.html.common, dita2htmlhelp.use-init.hhcdir, dita.build.publish.map.pdf, html5.topics.common.inner, dita2normalize.hdita.init, DOST.init, DOST.help, transform.fo2pdf.ah.nooption, dita.inner.topics.hdita.common, dita2htmlhelp.dita.htmlhelp.convertlang, ditaot-preprocess2.topic-topicpull, dita2eclipsehelp.dita.out.map.eclipse.toc, dita2normalize.markdown.init, html5.image-metadata, html5.topics.common, dita2html5.html5.topic, ditaot-preprocess.chunk-check, dita2normalize.markdown_gitbook.init, dita2htmlhelp.org.dita.index, build_generaltargets.dita.inner.topics.html.common, html5.topic, preprocess2-topic, ditaot-preprocess2.map-profile-check, dita.out.map.eclipse.plugin.properties, dita2eclipsehelp.dita.map.eclipse.index, ditaot-preprocess.profile, dita2normalize.markdown.topics.common.inner, dita.map.eclipse.fragment.language.country.init, dita2eclipsehelp.dita.map.eclipse.plugin.properties, ditaot-preprocess.copy-files, dita.inner.topics.html.common, build_generaltargets.xhtml.topics, org.dita.pdf2.fop.transform.fo2pdf.fop.test-use, dita2htmlhelp.dita2htmlhelp.init, dita.map.htmlhelp.init, ditaot-preprocess2.map-conref, dita.map.eclipse.index, dita.map.eclipse.plugin.properties, dita.map.eclipse.manifest.file, dita.out.map.eclipse.manifest.file, dita.out.map.eclipse.toc, dita.out.map.eclipse.index, dita.out.map.eclipse.plugin, dita.out.map.eclipse.fragment.move.files, dita.map.eclipse.genetrate.fragment, ditaot-preprocess.topicpull-check, init, help, ditaot-preprocess2.preprocess2-topic, dita.map.eclipse.fragment.error, ditaot-preprocess2.map-reader, ditaot-init.log-arg, dita2xhtml.copy-css, dita2normalize.markdown.map.toc, ditaot-preprocess.move-meta-entries, dita2markdown_gitbook, dita.build.transform.topic2fo, html5.css, preview.topic.pdf, transform.topic2fo.index, dita2eclipsehelp.dita.map.eclipse.init, xhtml.topics, dita2xhtml.dita2xhtml, ditaot-preprocess2.topic-move-meta-entries, dita2normalize.dita.inner.topics.hdita.common, dita2normalize.markdown_github.init, dita2eclipsehelp.dita.map.eclipse.toc, dita2normalize.dita2dita, ditaot-preprocess.copy-html, dita2normalize.markdown.topic, dita2html5.html5.topic.init, dita.topics.hdita.common, dita.map.hdita.toc, dita.out.map.hdita.toc, dita2normalize.dita2hdita, dita.map.eclipse.generate.plugin, clean-temp, dita2xhtml.dita2xhtml.init, ditaot-preprocess.copy-image, ditaot-preprocess.ditaval-merge, dita.map.htmlhelp.hhp, dita.map.htmlhelp.hhc, dita.map.htmlhelp.hhk, dita.htmlhelp.convertlang, compile.HTML.Help, dita.map.htmlhelp, dita2html5.html5.init, build_generaltargets.xhtml.init, dita2html5.html5.topics.common.inner, dita2xhtml.dita.map.xhtml.toc, org.dita.pdf2.fop.transform.fo2pdf.fop.init, dita2eclipsehelp.dita.out.map.eclipse.index, ditaot-preprocess2.preprocess2.maps, dita2eclipsehelp.build.eclipse.jar, ditaot-preprocess2.map-branch-filter, dita2normalize.markdown.map.init, dita2htmlhelp.compile.HTML.Help, dita.build.transform.topic2fo.index.init, dita2htmlhelp.dita.map.htmlhelp, html5.map, dita2html5, dita2html5.html5.map.init, ditaot-preprocess.mapref, dita2eclipsehelp.dita.out.map.eclipse.manifest.file, dita.build.transform.topic2fo.main, ditaot-preprocess.clean-map-check, dita2normalize.dita.map.hdita.toc, dita2eclipsehelp.dita.map.eclipse.genetrate.fragment, dita2eclipsehelp.dita.map.eclipse.fragment.language.country.init, dita.build.publish.map.pdf.init, ditaot-preprocess2.copy-image2, ditaot-preprocess.clean-temp, dita.build.dita2pdf2.init, dita2normalize.dita2markdown_gitbook, dita2eclipsehelp.dita.map.eclipse.manifest.file, dita2eclipsehelp.dita.out.map.eclipse.fragment.move.files, html5.copy-css-user, dita.eclipsehelp.init, dita2htmlhelp.org.dita.index.init, dita2hdita, dita2normalize.markdown.map, dita.build.transform.topic2fo.init, dita.out.map.xhtml.toc, ditaot-preprocess.copy-flag, dita2htmlhelp.htmlhelp.topics, dita2xhtml, dita2eclipsehelp.dita.index.eclipsehelp.init, org.dita.pdf2.axf.transform.fo2pdf.ah.hasoption, dita2eclipsehelp.dita.map.eclipse.generate.plugin, dita.build.preview.topic.pdf.init, ditaot-preprocess2.map-keyref, dita2htmlhelp.dita.map.htmlhelp.init, transform.fo2pdf.ah.hasoption, dita2eclipsehelp.dita.map.eclipse.plugin, ditaot-preprocess2.copy-files2, dita2pdf, ditaot-preprocess.conref, ditaot-preprocess2.topic-conref, dita.build.transform.topic2fo.i18n.no-filter, dita.build.copyCoreArtwork, dita2normalize.dita2markdown, dita2xhtml.copy-revflag, dita.build.transform.topic2pdf, ditaot-preprocess.topic-fragment, ditaot-preprocess2.topic-conrefpush, dita.map.eclipse, dita2eclipsehelp.dita2eclipsehelp, ditaot-preprocess2.preprocess2.topics, dita2html5.html5.css, dita2eclipsehelp, dita2eclipsehelp.dita.map.eclipse, dita.build.topic2pdf2, dita2eclipsehelp.dita.map.eclipse.fragment.move.files, dita2html5.html5.copy-css-user, dita2normalize.dita.map.hdita.init, dita2htmlhelp.dita.map.htmlhelp.hhp, ditaot-preprocess2.map-profile, ditaot-preprocess.topicpull, ditaot-preprocess2.topic-profile-check, dita2htmlhelp.dita.map.htmlhelp.hhk, output-css-warn-message, dita2htmlhelp.dita.map.htmlhelp.hhc, dita2html5.html5.image-metadata, dita2htmlhelp.htmlhelp.copy-image, dita2htmlhelp.use-init.envhhcdir, copy-css-user, dita2htmlhelp, dita2eclipsehelp.dita.out.map.eclipse.plugin.properties, dita.build.map2pdf2, dita2html5.html5.topics.common, ditaot-preprocess2.topic-copy-to, dita2html5.dita2html5, org.dita.pdf2.axf.transform.fo2pdf.ah.init, ditaot-preprocess2.topic-chunk, dita2eclipsehelp.dita.eclipsehelp.init, ditaot-preprocess2.preprocess2.init, publish.map.pdf, dita2xhtml.dita.map.xhtml.init, , ditaot-preprocess2.topic-profile]
104  [DEBUG] Override ignored for property "base.temp.dir"
104  [DEBUG] Override ignored for property "dita.temp.dir"
105  [DEBUG] Override ignored for property "output.dir"
105  [DEBUG] Property "temp.output.dir.name" has not been set
105  [INFO ] Initializing project
106  [DEBUG] Loading Environment env.
107  [DEBUG] Property "args.xsl" has not been set
107  [DEBUG] Property "args.xsl" has not been set
107  [DEBUG] Property "args.outext" has not been set
107  [DEBUG] Property "args.outext" has not been set
107  [DEBUG] Property "args.outext" has not been set
108  [DEBUG] Property "args.outext" has not been set
108  [DEBUG] Skipping /Users/isemisynov/Develop/dita-formats-demo/output/dita/markdown_github because it already exists.
108  [INFO ] Deleting directory /Users/isemisynov/Develop/dita-formats-demo/tmp/1653650819611
108  [DEBUG] Deleting directory /Users/isemisynov/Develop/dita-formats-demo/tmp/1653650819611
109  [INFO ] Created dir: /Users/isemisynov/Develop/dita-formats-demo/tmp/1653650819611
109  [DEBUG] Property "args.rellinks" has not been set
109  [DEBUG] Property "args.rellinks" has not been set
109  [DEBUG] Property "args.hide.parent.link" has not been set
110  [DEBUG] Property "args.rellinks" has not been set
110  [DEBUG] Property "args.rellinks" has not been set
110  [DEBUG] Property "org.xml.sax.driver" has not been set
111  [DEBUG] Unable to load class org.apache.crimson.parser.XMLReaderImpl
111  [DEBUG] Unable to load class net.sf.saxon.StyleSheet
111  [INFO ] *****************************************************************
111  [INFO ] * basedir = /Users/isemisynov/Develop/dita-formats-demo/dita-ot-3.7.2
111  [INFO ] * dita.dir = /Users/isemisynov/Develop/dita-formats-demo/dita-ot-3.7.2
111  [INFO ] * transtype = markdown_github
112  [INFO ] * tempdir = /Users/isemisynov/Develop/dita-formats-demo/tmp/1653650819611
112  [INFO ] * outputdir = /Users/isemisynov/Develop/dita-formats-demo/output/dita/markdown_github
112  [DEBUG] Property "clean.temp" has not been set
112  [INFO ] * clean.temp = ${clean.temp}
112  [INFO ] * DITA-OT version = 3.7.2
112  [INFO ] * XML parser = Xerces
112  [INFO ] * XSLT processor = Saxon
112  [INFO ] * collator = ICU
112  [INFO ] *****************************************************************
113  [INFO ] #Ant properties
113  [INFO ] #Fri May 27 14:26:59 MSK 2022
113  [INFO ] args.grammar.cache=yes
113  [INFO ] args.input=file\:/Users/isemisynov/Develop/dita-formats-demo/demo-input/dita/demo.ditamap
113  [INFO ] args.xml.systemid.set=yes
113  [INFO ] dita.dir=/Users/isemisynov/Develop/dita-formats-demo/dita-ot-3.7.2
113  [INFO ] dita.output.dir=/Users/isemisynov/Develop/dita-formats-demo/output/dita/markdown_github
113  [INFO ] dita.plugin.org.dita.base.dir=/Users/isemisynov/Develop/dita-formats-demo/dita-ot-3.7.2/plugins/org.dita.base
113  [INFO ] dita.plugin.org.dita.eclipsehelp.dir=/Users/isemisynov/Develop/dita-formats-demo/dita-ot-3.7.2/plugins/org.dita.eclipsehelp
113  [INFO ] dita.plugin.org.dita.html5.dir=/Users/isemisynov/Develop/dita-formats-demo/dita-ot-3.7.2/plugins/org.dita.html5
113  [INFO ] dita.plugin.org.dita.htmlhelp.dir=/Users/isemisynov/Develop/dita-formats-demo/dita-ot-3.7.2/plugins/org.dita.htmlhelp
113  [INFO ] dita.plugin.org.dita.index.dir=/Users/isemisynov/Develop/dita-formats-demo/dita-ot-3.7.2/plugins/org.dita.index
113  [INFO ] dita.plugin.org.dita.normalize.dir=/Users/isemisynov/Develop/dita-formats-demo/dita-ot-3.7.2/plugins/org.dita.normalize
113  [INFO ] dita.plugin.org.dita.pdf2.axf.dir=/Users/isemisynov/Develop/dita-formats-demo/dita-ot-3.7.2/plugins/org.dita.pdf2.axf
113  [INFO ] dita.plugin.org.dita.pdf2.dir=/Users/isemisynov/Develop/dita-formats-demo/dita-ot-3.7.2/plugins/org.dita.pdf2
113  [INFO ] dita.plugin.org.dita.pdf2.fop.dir=/Users/isemisynov/Develop/dita-formats-demo/dita-ot-3.7.2/plugins/org.dita.pdf2.fop
113  [INFO ] dita.plugin.org.dita.pdf2.xep.dir=/Users/isemisynov/Develop/dita-formats-demo/dita-ot-3.7.2/plugins/org.dita.pdf2.xep
113  [INFO ] dita.plugin.org.dita.specialization.dita11.dir=/Users/isemisynov/Develop/dita-formats-demo/dita-ot-3.7.2/plugins/org.dita.specialization.dita11
113  [INFO ] dita.plugin.org.dita.xhtml.dir=/Users/isemisynov/Develop/dita-formats-demo/dita-ot-3.7.2/plugins/org.dita.xhtml
113  [INFO ] dita.plugin.org.lwdita.dir=/Users/isemisynov/Develop/dita-formats-demo/dita-ot-3.7.2/plugins/org.lwdita
113  [INFO ] dita.plugin.org.oasis-open.dita.techcomm.v2_0.dir=/Users/isemisynov/Develop/dita-formats-demo/dita-ot-3.7.2/plugins/org.oasis-open.dita.techcomm.v2_0
113  [INFO ] dita.plugin.org.oasis-open.dita.v1_2.dir=/Users/isemisynov/Develop/dita-formats-demo/dita-ot-3.7.2/plugins/org.oasis-open.dita.v1_2
113  [INFO ] dita.plugin.org.oasis-open.dita.v1_3.dir=/Users/isemisynov/Develop/dita-formats-demo/dita-ot-3.7.2/plugins/org.oasis-open.dita.v1_3
113  [INFO ] dita.plugin.org.oasis-open.dita.v2_0.dir=/Users/isemisynov/Develop/dita-formats-demo/dita-ot-3.7.2/plugins/org.oasis-open.dita.v2_0
113  [INFO ] dita.plugin.org.oasis-open.xdita.v0_2_2.dir=/Users/isemisynov/Develop/dita-formats-demo/dita-ot-3.7.2/plugins/org.oasis-open.xdita.v0_2_2
113  [INFO ] dita.temp.dir=/Users/isemisynov/Develop/dita-formats-demo/tmp/1653650819611
113  [INFO ] *****************************************************************
114  [DEBUG] Set property dita.map.filename.root = demo
114  [INFO ] *****************************************************************
114  [INFO ] * input = file:/Users/isemisynov/Develop/dita-formats-demo/demo-input/dita/demo.ditamap
114  [DEBUG] Property "args.resources" has not been set
114  [INFO ] * resources = ${args.resources}
115  [INFO ] *****************************************************************
115  [DEBUG] Job not found from Ant project reference
116  [INFO ] Using Xerces grammar pool for DTD and schema caching.
116  [INFO ] Processing file:/Users/isemisynov/Develop/dita-formats-demo/demo-input/dita/demo.ditamap
117  [INFO ] Processing file:/Users/isemisynov/Develop/dita-formats-demo/demo-input/dita/demo-topic1.dita
118  [INFO ] Processing file:/Users/isemisynov/Develop/dita-formats-demo/demo-input/dita/demo-topic2.dita
120  [INFO ] Serializing job specification
121  [DEBUG] GenMapAndTopicListModule processing took 6 ms
122  [INFO ] Using Xerces grammar pool for DTD and schema caching.
123  [INFO ] Processing file:/Users/isemisynov/Develop/dita-formats-demo/demo-input/dita/demo-topic1.dita to file:/Users/isemisynov/Develop/dita-formats-demo/tmp/1653650819611/demo-topic1.dita
125  [INFO ] Processing file:/Users/isemisynov/Develop/dita-formats-demo/demo-input/dita/demo-topic2.dita to file:/Users/isemisynov/Develop/dita-formats-demo/tmp/1653650819611/demo-topic2.dita
127  [INFO ] Processing file:/Users/isemisynov/Develop/dita-formats-demo/demo-input/dita/demo.ditamap to file:/Users/isemisynov/Develop/dita-formats-demo/tmp/1653650819611/demo.ditamap
129  [DEBUG] DebugAndFilterModule processing took 7 ms
129  [DEBUG] Overriding previous definition of property "transtypes"
129  [DEBUG] Overriding previous definition of property "parser.md"
129  [DEBUG] Overriding previous definition of property "plugin.org.dita.specialization.dita11.dir"
129  [DEBUG] Overriding previous definition of property "parser.hdita"
129  [DEBUG] Overriding previous definition of property "cli.color"
129  [DEBUG] Overriding previous definition of property "plugin.org.dita.pdf2.dir"
129  [DEBUG] Overriding previous definition of property "print_transtypes"
130  [DEBUG] Overriding previous definition of property "supported_resource_extensions"
130  [DEBUG] Overriding previous definition of property "plugin.org.dita.xhtml.dir"
130  [DEBUG] Overriding previous definition of property "plugin.org.dita.index.dir"
130  [DEBUG] Overriding previous definition of property "supported_html_extensions"
130  [DEBUG] Overriding previous definition of property "plugin.order"
130  [DEBUG] Overriding previous definition of property "otrelease"
130  [DEBUG] Overriding previous definition of property "supported_image_extensions"
130  [DEBUG] Overriding previous definition of property "org.dita.pdf2.i18n.enabled"
130  [DEBUG] Overriding previous definition of property "plugin.org.dita.html5.dir"
130  [DEBUG] Overriding previous definition of property "default.cascade"
130  [DEBUG] Overriding previous definition of property "plugin.org.oasis-open.xdita.v0_2_2.dir"
130  [DEBUG] Overriding previous definition of property "plugin.org.dita.eclipsehelp.dir"
130  [DEBUG] Overriding previous definition of property "plugin.org.dita.htmlhelp.dir"
130  [DEBUG] Overriding previous definition of property "temp-file-name-scheme"
130  [DEBUG] Overriding previous definition of property "plugin.org.dita.base.dir"
130  [DEBUG] Overriding previous definition of property "plugindirs"
130  [DEBUG] Overriding previous definition of property "parser.mdita"
130  [DEBUG] Overriding previous definition of property "plugin.ignores"
130  [DEBUG] Overriding previous definition of property "registry"
130  [DEBUG] Overriding previous definition of property "plugin.org.dita.pdf2.axf.dir"
130  [DEBUG] Overriding previous definition of property "plugin.org.dita.normalize.dir"
130  [DEBUG] Overriding previous definition of property "plugin.org.oasis-open.dita.techcomm.v2_0.dir"
130  [DEBUG] Overriding previous definition of property "plugin.org.oasis-open.dita.v1_2.dir"
130  [DEBUG] Overriding previous definition of property "plugin.org.dita.pdf2.fop.dir"
130  [DEBUG] Overriding previous definition of property "plugin.org.lwdita.dir"
130  [DEBUG] Overriding previous definition of property "plugin.org.dita.pdf2.xep.dir"
130  [DEBUG] Overriding previous definition of property "plugin.org.oasis-open.dita.v2_0.dir"
130  [DEBUG] Overriding previous definition of property "otversion"
130  [DEBUG] Overriding previous definition of property "plugin.org.oasis-open.dita.v1_3.dir"
130  [DEBUG] Overriding previous definition of property "parser.markdown"
131  [DEBUG] Scanning for demo.ditamap
131  [DEBUG] Found temporary directory file /Users/isemisynov/Develop/dita-formats-demo/tmp/1653650819611/demo.ditamap
131  [DEBUG] Set property inputMapPath = file:/Users/isemisynov/Develop/dita-formats-demo/tmp/1653650819611/demo.ditamap
131  [DEBUG] Property "dita.preprocess.reloadstylesheet" has not been set
170  [INFO ] Processing file:/Users/isemisynov/Develop/dita-formats-demo/tmp/1653650819611/demo.ditamap
174  [DEBUG] MaprefModule processing took 42 ms
175  [INFO ] Processing file:/Users/isemisynov/Develop/dita-formats-demo/tmp/1653650819611/demo.ditamap
175  [DEBUG] Reading file:/Users/isemisynov/Develop/dita-formats-demo/tmp/1653650819611/demo.ditamap
175  [DEBUG] Split branches and generate copy-to
175  [DEBUG] Filter map
175  [DEBUG] Rewrite duplicate topic references
175  [DEBUG] Filter topics and generate copies
175  [DEBUG] Remove obsolete references
175  [DEBUG] Filter existing topics
175  [DEBUG] Writing file:/Users/isemisynov/Develop/dita-formats-demo/tmp/1653650819611/demo.ditamap
177  [DEBUG] BranchFilterModule processing took 2 ms
177  [DEBUG] KeyrefModule processing took 0 ms
177  [INFO ] Transforming into /Users/isemisynov/Develop/dita-formats-demo/tmp/1653650819611
177  [INFO ] Loading stylesheet file:/Users/isemisynov/Develop/dita-formats-demo/dita-ot-3.7.2/plugins/org.dita.base/xsl/preprocess/mapref.xsl
192  [DEBUG] Apache resolver library found, xml-commons resolver will be used
230  [INFO ] Loading stylesheet file:/Users/isemisynov/Develop/dita-formats-demo/dita-ot-3.7.2/plugins/org.dita.base/xsl/preprocess/mapref.xsl
230  [DEBUG] Set parameter keep-submap-href to 'false'
230  [DEBUG] Set parameter child-topicref-warning to 'false'
230  [DEBUG] Set parameter TRANSTYPE to 'markdown_github'
230  [DEBUG] Set parameter file-being-processed to 'demo.ditamap'
230  [INFO ] Processing file:/Users/isemisynov/Develop/dita-formats-demo/tmp/1653650819611/demo.ditamap
233  [DEBUG] XsltModule processing took 56 ms
236  [DEBUG] CopyToModule processing took 2 ms
236  [DEBUG] ConrefPushModule processing took 0 ms
236  [DEBUG] Property "dita.preprocess.reloadstylesheet" has not been set
236  [DEBUG] Setting exportfile.url to URL file:/Users/isemisynov/Develop/dita-formats-demo/tmp/1653650819611/export.xml
237  [DEBUG] XsltModule processing took 0 ms
237  [DEBUG] Skipped because property 'preprocess.profile.skip' set.
238  [INFO ] Processing file:/Users/isemisynov/Develop/dita-formats-demo/tmp/1653650819611/demo-topic1.dita
238  [DEBUG] Configure filter org.dita.dost.writer.TopicFragmentFilter
238  [DEBUG] Configure filter org.dita.dost.writer.NormalizeTableFilter
238  [DEBUG] Configure filter org.dita.dost.writer.NormalizeSimpleTableFilter
238  [DEBUG] Configure filter org.dita.dost.writer.CoderefResolver
238  [DEBUG] Configure filter org.dita.dost.writer.NormalizeCodeblock
240  [INFO ] Processing file:/Users/isemisynov/Develop/dita-formats-demo/tmp/1653650819611/demo-topic2.dita
240  [DEBUG] Configure filter org.dita.dost.writer.TopicFragmentFilter
240  [DEBUG] Configure filter org.dita.dost.writer.NormalizeTableFilter
240  [DEBUG] Configure filter org.dita.dost.writer.NormalizeSimpleTableFilter
240  [DEBUG] Configure filter org.dita.dost.writer.CoderefResolver
240  [DEBUG] Configure filter org.dita.dost.writer.NormalizeCodeblock
242  [DEBUG] XmlFilterModule processing took 4 ms
242  [INFO ] Processing file:/Users/isemisynov/Develop/dita-formats-demo/tmp/1653650819611/demo.ditamap
244  [DEBUG] Writing file:/Users/isemisynov/Develop/dita-formats-demo/tmp/1653650819611/demo.ditamap
244  [DEBUG] ChunkModule processing took 2 ms
245  [INFO ] Processing file:/Users/isemisynov/Develop/dita-formats-demo/tmp/1653650819611/demo.ditamap
247  [DEBUG] ChunkModule processing took 2 ms
247  [DEBUG] Scanning for demo-topic1.dita
247  [DEBUG] Found temporary directory file /Users/isemisynov/Develop/dita-formats-demo/tmp/1653650819611/demo-topic1.dita
247  [DEBUG] Scanning for demo-topic2.dita
247  [DEBUG] Found temporary directory file /Users/isemisynov/Develop/dita-formats-demo/tmp/1653650819611/demo-topic2.dita
247  [DEBUG] Set property inputTopicPath = file:/Users/isemisynov/Develop/dita-formats-demo/tmp/1653650819611/demo-topic1.dita:file:/Users/isemisynov/Develop/dita-formats-demo/tmp/1653650819611/demo-topic2.dita
248  [INFO ] Processing file:/Users/isemisynov/Develop/dita-formats-demo/tmp/1653650819611/demo.ditamap
249  [DEBUG] Writing file:/Users/isemisynov/Develop/dita-formats-demo/tmp/1653650819611/demo.ditamap
250  [INFO ] Loading stylesheet /Users/isemisynov/Develop/dita-formats-demo/dita-ot-3.7.2/plugins/org.dita.base/xsl/preprocess/mappull.xsl
311  [INFO ] Processing file:/Users/isemisynov/Develop/dita-formats-demo/tmp/1653650819611/demo.ditamap
311  [DEBUG] Processing file:/Users/isemisynov/Develop/dita-formats-demo/tmp/1653650819611/demo.ditamap to file:/Users/isemisynov/Develop/dita-formats-demo/tmp/1653650819611/demo.ditamap.tmp1653650819923
311  [DEBUG] Set parameter basedir to '/Users/isemisynov/Develop/dita-formats-demo/dita-ot-3.7.2'
311  [DEBUG] Set parameter style to '/Users/isemisynov/Develop/dita-formats-demo/dita-ot-3.7.2/plugins/org.dita.base/xsl/preprocess/mappull.xsl'
311  [DEBUG] Set parameter conserve-memory to 'false'
311  [DEBUG] Set parameter message to 'Move metadata entries.'
311  [DEBUG] Set parameter inputmap to 'demo.ditamap'
409  [DEBUG] Moving file:/Users/isemisynov/Develop/dita-formats-demo/tmp/1653650819611/demo.ditamap.tmp1653650819923 to file:/Users/isemisynov/Develop/dita-formats-demo/tmp/1653650819611/demo.ditamap
410  [DEBUG] MoveMetaModule processing took 162 ms
410  [DEBUG] Property "dita.preprocess.reloadstylesheet" has not been set
468  [DEBUG] MoveLinksModule processing took 57 ms
468  [DEBUG] Property "dita.preprocess.reloadstylesheet" has not been set
469  [INFO ] Transforming into /Users/isemisynov/Develop/dita-formats-demo/tmp/1653650819611
469  [INFO ] Loading stylesheet file:/Users/isemisynov/Develop/dita-formats-demo/dita-ot-3.7.2/plugins/org.dita.base/xsl/preprocess/topicpull.xsl
522  [INFO ] Loading stylesheet file:/Users/isemisynov/Develop/dita-formats-demo/dita-ot-3.7.2/plugins/org.dita.base/xsl/preprocess/topicpull.xsl
522  [DEBUG] Set parameter ONLYTOPICINMAP to 'false'
522  [DEBUG] Set parameter defaultLanguage to 'en'
522  [INFO ] Processing file:/Users/isemisynov/Develop/dita-formats-demo/tmp/1653650819611/demo-topic1.dita
524  [DEBUG] Set parameter ONLYTOPICINMAP to 'false'
524  [DEBUG] Set parameter defaultLanguage to 'en'
524  [INFO ] Processing file:/Users/isemisynov/Develop/dita-formats-demo/tmp/1653650819611/demo-topic2.dita
527  [DEBUG] XsltModule processing took 58 ms
527  [DEBUG] Property "dita.preprocess.reloadstylesheet" has not been set
527  [INFO ] Transforming into /Users/isemisynov/Develop/dita-formats-demo/tmp/1653650819611
527  [INFO ] Loading stylesheet file:/Users/isemisynov/Develop/dita-formats-demo/dita-ot-3.7.2/plugins/org.dita.base/xsl/preprocess/clean-map.xsl
548  [INFO ] Loading stylesheet file:/Users/isemisynov/Develop/dita-formats-demo/dita-ot-3.7.2/plugins/org.dita.base/xsl/preprocess/clean-map.xsl
548  [INFO ] Processing file:/Users/isemisynov/Develop/dita-formats-demo/tmp/1653650819611/demo.ditamap
550  [DEBUG] XsltModule processing took 23 ms
552  [DEBUG] CleanPreprocessModule processing took 1 ms
553  [DEBUG] Overriding previous definition of property "user.input.dir"
553  [DEBUG] Overriding previous definition of property "transtypes"
553  [DEBUG] Overriding previous definition of property "parser.md"
553  [DEBUG] Overriding previous definition of property "plugin.org.dita.specialization.dita11.dir"
553  [DEBUG] Overriding previous definition of property "crawl"
553  [DEBUG] Overriding previous definition of property "parser.hdita"
553  [DEBUG] Overriding previous definition of property "cli.color"
553  [DEBUG] Overriding previous definition of property "user.input.file"
553  [DEBUG] Overriding previous definition of property "plugin.org.dita.pdf2.dir"
553  [DEBUG] Overriding previous definition of property "print_transtypes"
553  [DEBUG] Overriding previous definition of property "onlytopicinmap"
553  [DEBUG] Overriding previous definition of property "supported_resource_extensions"
553  [DEBUG] Overriding previous definition of property "plugin.org.dita.xhtml.dir"
553  [DEBUG] Overriding previous definition of property "plugin.org.dita.index.dir"
553  [DEBUG] Overriding previous definition of property "relflagimagelist"
553  [DEBUG] Overriding previous definition of property "supported_html_extensions"
553  [DEBUG] Overriding previous definition of property "plugin.order"
553  [DEBUG] Overriding previous definition of property "otrelease"
553  [DEBUG] Overriding previous definition of property "supported_image_extensions"
553  [DEBUG] Overriding previous definition of property "InputMapDir"
554  [DEBUG] Overriding previous definition of property "org.dita.pdf2.i18n.enabled"
554  [DEBUG] Overriding previous definition of property "user.input.dir.uri"
554  [DEBUG] Overriding previous definition of property "plugin.org.dita.html5.dir"
554  [DEBUG] Overriding previous definition of property "generatecopyouter"
554  [DEBUG] Overriding previous definition of property "default.cascade"
554  [DEBUG] Overriding previous definition of property "plugin.org.oasis-open.xdita.v0_2_2.dir"
554  [DEBUG] Overriding previous definition of property "plugin.org.dita.eclipsehelp.dir"
554  [DEBUG] Overriding previous definition of property "outputdir"
554  [DEBUG] Overriding previous definition of property "plugin.org.dita.htmlhelp.dir"
554  [DEBUG] Overriding previous definition of property "temp-file-name-scheme"
554  [DEBUG] Overriding previous definition of property "plugin.org.dita.base.dir"
554  [DEBUG] Overriding previous definition of property "plugindirs"
554  [DEBUG] Overriding previous definition of property "parser.mdita"
554  [DEBUG] Overriding previous definition of property "user.input.file.listfile"
554  [DEBUG] Overriding previous definition of property "outercontrol"
554  [DEBUG] Overriding previous definition of property "plugin.ignores"
554  [DEBUG] Overriding previous definition of property "relflagimagefile"
554  [DEBUG] Overriding previous definition of property "user.input.file.uri"
554  [DEBUG] Overriding previous definition of property "registry"
554  [DEBUG] Overriding previous definition of property "plugin.org.dita.pdf2.axf.dir"
554  [DEBUG] Overriding previous definition of property "plugin.org.dita.normalize.dir"
554  [DEBUG] Overriding previous definition of property "plugin.org.oasis-open.dita.techcomm.v2_0.dir"
554  [DEBUG] Overriding previous definition of property "plugin.org.oasis-open.dita.v1_2.dir"
554  [DEBUG] Overriding previous definition of property "InputMapDir.uri"
554  [DEBUG] Overriding previous definition of property "plugin.org.dita.pdf2.fop.dir"
554  [DEBUG] Overriding previous definition of property "plugin.org.lwdita.dir"
554  [DEBUG] Overriding previous definition of property "plugin.org.dita.pdf2.xep.dir"
554  [DEBUG] Overriding previous definition of property "tempdirToinputmapdir.relative.value"
554  [DEBUG] Overriding previous definition of property "plugin.org.oasis-open.dita.v2_0.dir"
554  [DEBUG] Overriding previous definition of property "otversion"
554  [DEBUG] Overriding previous definition of property "plugin.org.oasis-open.dita.v1_3.dir"
554  [DEBUG] Overriding previous definition of property "parser.markdown"
554  [DEBUG] Overriding previous definition of property "uplevels"
555  [DEBUG] Skipped because property 'preprocess.copy-flag.skip' set.
555  [DEBUG] Property "dita.input.valfile" has not been set
555  [DEBUG] Setting dita.input.valfile.url to URL file:/Users/isemisynov/Develop/dita-formats-demo/dita-ot-3.7.2/$%7Bdita.input.valfile%7D
555  [DEBUG] Skipped because property 'old.transform' not set.
556  [INFO ] Transforming into /Users/isemisynov/Develop/dita-formats-demo/output/dita/markdown_github
556  [INFO ] Loading stylesheet file:/Users/isemisynov/Develop/dita-formats-demo/dita-ot-3.7.2/plugins/org.lwdita/xsl/dita2markdown_github.xsl
854  [INFO ] Loading stylesheet file:/Users/isemisynov/Develop/dita-formats-demo/dita-ot-3.7.2/plugins/org.lwdita/xsl/dita2markdown_github.xsl
854  [DEBUG] Set parameter OUTEXT to '.md'
854  [DEBUG] Set parameter defaultLanguage to 'en'
854  [DEBUG] Set parameter BASEDIR to '/Users/isemisynov/Develop/dita-formats-demo/dita-ot-3.7.2'
854  [DEBUG] Set parameter OUTPUTDIR to '/Users/isemisynov/Develop/dita-formats-demo/output/dita/markdown_github'
855  [DEBUG] Set parameter include.rellinks to '#default parent child sibling friend next previous cousin descendant sample external other'
855  [DEBUG] Set parameter FILENAME to 'demo-topic1.dita'
855  [DEBUG] Set parameter FILEDIR to '.'
855  [INFO ] Processing file:/Users/isemisynov/Develop/dita-formats-demo/tmp/1653650819611/demo-topic1.dita to file:/Users/isemisynov/Develop/dita-formats-demo/output/dita/markdown_github/demo-topic1.md
858  [DEBUG] Set parameter OUTEXT to '.md'
858  [DEBUG] Set parameter defaultLanguage to 'en'
858  [DEBUG] Set parameter BASEDIR to '/Users/isemisynov/Develop/dita-formats-demo/dita-ot-3.7.2'
858  [DEBUG] Set parameter OUTPUTDIR to '/Users/isemisynov/Develop/dita-formats-demo/output/dita/markdown_github'
858  [DEBUG] Set parameter include.rellinks to '#default parent child sibling friend next previous cousin descendant sample external other'
858  [DEBUG] Set parameter FILENAME to 'demo-topic2.dita'
858  [DEBUG] Set parameter FILEDIR to '.'
858  [INFO ] Processing file:/Users/isemisynov/Develop/dita-formats-demo/tmp/1653650819611/demo-topic2.dita to file:/Users/isemisynov/Develop/dita-formats-demo/output/dita/markdown_github/demo-topic2.md
874  [DEBUG] XsltModule processing took 318 ms
876  [INFO ] Transforming into /Users/isemisynov/Develop/dita-formats-demo/output/dita/markdown_github
876  [INFO ] Loading stylesheet file:/Users/isemisynov/Develop/dita-formats-demo/dita-ot-3.7.2/plugins/org.lwdita/xsl/map2markdown-cover.xsl
1080 [INFO ] Loading stylesheet file:/Users/isemisynov/Develop/dita-formats-demo/dita-ot-3.7.2/plugins/org.lwdita/xsl/map2markdown-cover.xsl
1080 [DEBUG] Set parameter OUTEXT to '.md'
1080 [INFO ] Processing file:/Users/isemisynov/Develop/dita-formats-demo/tmp/1653650819611/demo.ditamap to file:/Users/isemisynov/Develop/dita-formats-demo/output/dita/markdown_github/index.md
1083 [DEBUG] XsltModule processing took 207 ms
