1    [DEBUG] Detected Java version: 18 in: /Library/Java/JavaVirtualMachines/jdk-18.jdk/Contents/Home
1    [DEBUG] Detected OS: Mac OS X
1    [DEBUG] Project base dir set to: /Users/isemisynov/Develop/dita-formats-demo/dita-ot-3.7.2
2    [DEBUG] parsing buildfile /Users/isemisynov/Develop/dita-formats-demo/dita-ot-3.7.2/build.xml with URI = file:/Users/isemisynov/Develop/dita-formats-demo/dita-ot-3.7.2/build.xml
2    [DEBUG] Project base dir set to: /Users/isemisynov/Develop/dita-formats-demo/dita-ot-3.7.2
24   [DEBUG] parsing buildfile jar:file:/Users/isemisynov/Develop/dita-formats-demo/dita-ot-3.7.2/lib/ant.jar!/org/apache/tools/ant/antlib.xml with URI = jar:file:/Users/isemisynov/Develop/dita-formats-demo/dita-ot-3.7.2/lib/ant.jar!/org/apache/tools/ant/antlib.xml from a zip file
48   [DEBUG] parsing buildfile jar:file:/Users/isemisynov/.gradle/caches/modules-2/files-2.1/org.apache.ant/ant/1.10.12/be08c4f63e92e03bac761404cf77bc270928b6c5/ant-1.10.12.jar!/org/apache/tools/ant/antlib.xml with URI = jar:file:/Users/isemisynov/.gradle/caches/modules-2/files-2.1/org.apache.ant/ant/1.10.12/be08c4f63e92e03bac761404cf77bc270928b6c5/ant-1.10.12.jar!/org/apache/tools/ant/antlib.xml from a zip file
50   [DEBUG] Override ignored for property "dita.dir"
51   [DEBUG] Override ignored for property "dita.dir"
51   [DEBUG] Loading /Users/isemisynov/Develop/dita-formats-demo/dita-ot-3.7.2/local.properties
51   [DEBUG] Unable to find property file: /Users/isemisynov/Develop/dita-formats-demo/dita-ot-3.7.2/local.properties
51   [DEBUG] Importing file /Users/isemisynov/Develop/dita-formats-demo/dita-ot-3.7.2/plugins/org.dita.base/build.xml from /Users/isemisynov/Develop/dita-formats-demo/dita-ot-3.7.2/build.xml
51   [DEBUG] Overriding previous definition of reference to ant.projectHelper
52   [DEBUG] parsing buildfile /Users/isemisynov/Develop/dita-formats-demo/dita-ot-3.7.2/plugins/org.dita.base/build.xml with URI = file:/Users/isemisynov/Develop/dita-formats-demo/dita-ot-3.7.2/plugins/org.dita.base/build.xml
59   [DEBUG] Importing file /Users/isemisynov/Develop/dita-formats-demo/dita-ot-3.7.2/plugins/org.dita.base/build_init.xml from /Users/isemisynov/Develop/dita-formats-demo/dita-ot-3.7.2/plugins/org.dita.base/build.xml
59   [DEBUG] Overriding previous definition of reference to ant.projectHelper
60   [DEBUG] parsing buildfile /Users/isemisynov/Develop/dita-formats-demo/dita-ot-3.7.2/plugins/org.dita.base/build_init.xml with URI = file:/Users/isemisynov/Develop/dita-formats-demo/dita-ot-3.7.2/plugins/org.dita.base/build_init.xml
60   [DEBUG] Loading /Users/isemisynov/Develop/dita-formats-demo/dita-ot-3.7.2/config/org.dita.dost.platform/plugin.properties
61   [DEBUG] Loading /Users/isemisynov/Develop/dita-formats-demo/dita-ot-3.7.2/config/configuration.properties
63   [DEBUG] creating macro  job-helper
63   [DEBUG] Overriding previous definition of reference to ant.projectHelper
63   [DEBUG] Importing file /Users/isemisynov/Develop/dita-formats-demo/dita-ot-3.7.2/plugins/org.dita.base/build_preprocess.xml from /Users/isemisynov/Develop/dita-formats-demo/dita-ot-3.7.2/plugins/org.dita.base/build.xml
64   [DEBUG] Overriding previous definition of reference to ant.projectHelper
64   [DEBUG] parsing buildfile /Users/isemisynov/Develop/dita-formats-demo/dita-ot-3.7.2/plugins/org.dita.base/build_preprocess.xml with URI = file:/Users/isemisynov/Develop/dita-formats-demo/dita-ot-3.7.2/plugins/org.dita.base/build_preprocess.xml
65   [DEBUG] Property "conserve-memory" has not been set
66   [DEBUG] Overriding previous definition of reference to ant.projectHelper
66   [DEBUG] Importing file /Users/isemisynov/Develop/dita-formats-demo/dita-ot-3.7.2/plugins/org.dita.base/build_preprocess2.xml from /Users/isemisynov/Develop/dita-formats-demo/dita-ot-3.7.2/plugins/org.dita.base/build.xml
66   [DEBUG] Overriding previous definition of reference to ant.projectHelper
67   [DEBUG] parsing buildfile /Users/isemisynov/Develop/dita-formats-demo/dita-ot-3.7.2/plugins/org.dita.base/build_preprocess2.xml with URI = file:/Users/isemisynov/Develop/dita-formats-demo/dita-ot-3.7.2/plugins/org.dita.base/build_preprocess2.xml
68   [DEBUG] Overriding previous definition of reference to ant.projectHelper
68   [DEBUG] Importing file /Users/isemisynov/Develop/dita-formats-demo/dita-ot-3.7.2/plugins/org.dita.xhtml/build_general.xml from /Users/isemisynov/Develop/dita-formats-demo/dita-ot-3.7.2/plugins/org.dita.base/build.xml
68   [DEBUG] Overriding previous definition of reference to ant.projectHelper
69   [DEBUG] parsing buildfile /Users/isemisynov/Develop/dita-formats-demo/dita-ot-3.7.2/plugins/org.dita.xhtml/build_general.xml with URI = file:/Users/isemisynov/Develop/dita-formats-demo/dita-ot-3.7.2/plugins/org.dita.xhtml/build_general.xml
70   [DEBUG] creating macro  topics.html
70   [DEBUG] Overriding previous definition of reference to ant.projectHelper
70   [DEBUG] Importing file /Users/isemisynov/Develop/dita-formats-demo/dita-ot-3.7.2/plugins/org.dita.xhtml/build_dita2xhtml.xml from /Users/isemisynov/Develop/dita-formats-demo/dita-ot-3.7.2/plugins/org.dita.base/build.xml
70   [DEBUG] Overriding previous definition of reference to ant.projectHelper
70   [DEBUG] parsing buildfile /Users/isemisynov/Develop/dita-formats-demo/dita-ot-3.7.2/plugins/org.dita.xhtml/build_dita2xhtml.xml with URI = file:/Users/isemisynov/Develop/dita-formats-demo/dita-ot-3.7.2/plugins/org.dita.xhtml/build_dita2xhtml.xml
71   [DEBUG] creating macro  map.html
71   [DEBUG] Overriding previous definition of reference to ant.projectHelper
71   [DEBUG] Importing file /Users/isemisynov/Develop/dita-formats-demo/dita-ot-3.7.2/plugins/org.dita.eclipsehelp/build_dita2eclipsehelp.xml from /Users/isemisynov/Develop/dita-formats-demo/dita-ot-3.7.2/plugins/org.dita.base/build.xml
71   [DEBUG] Overriding previous definition of reference to ant.projectHelper
72   [DEBUG] parsing buildfile /Users/isemisynov/Develop/dita-formats-demo/dita-ot-3.7.2/plugins/org.dita.eclipsehelp/build_dita2eclipsehelp.xml with URI = file:/Users/isemisynov/Develop/dita-formats-demo/dita-ot-3.7.2/plugins/org.dita.eclipsehelp/build_dita2eclipsehelp.xml
73   [DEBUG] Overriding previous definition of reference to ant.projectHelper
73   [DEBUG] Importing file /Users/isemisynov/Develop/dita-formats-demo/dita-ot-3.7.2/plugins/org.dita.html5/build_dita2html5.xml from /Users/isemisynov/Develop/dita-formats-demo/dita-ot-3.7.2/plugins/org.dita.base/build.xml
73   [DEBUG] Overriding previous definition of reference to ant.projectHelper
74   [DEBUG] parsing buildfile /Users/isemisynov/Develop/dita-formats-demo/dita-ot-3.7.2/plugins/org.dita.html5/build_dita2html5.xml with URI = file:/Users/isemisynov/Develop/dita-formats-demo/dita-ot-3.7.2/plugins/org.dita.html5/build_dita2html5.xml
74   [DEBUG] creating macro  html5.topics
75   [DEBUG] creating macro  html5.map
75   [DEBUG] Overriding previous definition of reference to ant.projectHelper
75   [DEBUG] Importing file /Users/isemisynov/Develop/dita-formats-demo/dita-ot-3.7.2/plugins/org.dita.htmlhelp/build_dita2htmlhelp.xml from /Users/isemisynov/Develop/dita-formats-demo/dita-ot-3.7.2/plugins/org.dita.base/build.xml
75   [DEBUG] Overriding previous definition of reference to ant.projectHelper
75   [DEBUG] parsing buildfile /Users/isemisynov/Develop/dita-formats-demo/dita-ot-3.7.2/plugins/org.dita.htmlhelp/build_dita2htmlhelp.xml with URI = file:/Users/isemisynov/Develop/dita-formats-demo/dita-ot-3.7.2/plugins/org.dita.htmlhelp/build_dita2htmlhelp.xml
76   [DEBUG] Overriding previous definition of reference to ant.projectHelper
76   [DEBUG] Importing file /Users/isemisynov/Develop/dita-formats-demo/dita-ot-3.7.2/plugins/org.dita.index/build.xml from /Users/isemisynov/Develop/dita-formats-demo/dita-ot-3.7.2/plugins/org.dita.base/build.xml
76   [DEBUG] Overriding previous definition of reference to ant.projectHelper
77   [DEBUG] parsing buildfile /Users/isemisynov/Develop/dita-formats-demo/dita-ot-3.7.2/plugins/org.dita.index/build.xml with URI = file:/Users/isemisynov/Develop/dita-formats-demo/dita-ot-3.7.2/plugins/org.dita.index/build.xml
77   [DEBUG] Overriding previous definition of reference to ant.projectHelper
77   [DEBUG] Importing file /Users/isemisynov/Develop/dita-formats-demo/dita-ot-3.7.2/plugins/org.dita.pdf2/build.xml from /Users/isemisynov/Develop/dita-formats-demo/dita-ot-3.7.2/plugins/org.dita.base/build.xml
77   [DEBUG] Overriding previous definition of reference to ant.projectHelper
78   [DEBUG] parsing buildfile /Users/isemisynov/Develop/dita-formats-demo/dita-ot-3.7.2/plugins/org.dita.pdf2/build.xml with URI = file:/Users/isemisynov/Develop/dita-formats-demo/dita-ot-3.7.2/plugins/org.dita.pdf2/build.xml
79   [DEBUG] Overriding previous definition of reference to ant.projectHelper
80   [DEBUG] Importing file /Users/isemisynov/Develop/dita-formats-demo/dita-ot-3.7.2/plugins/org.dita.pdf2.axf/build.xml from /Users/isemisynov/Develop/dita-formats-demo/dita-ot-3.7.2/plugins/org.dita.base/build.xml
80   [DEBUG] Overriding previous definition of reference to ant.projectHelper
80   [DEBUG] parsing buildfile /Users/isemisynov/Develop/dita-formats-demo/dita-ot-3.7.2/plugins/org.dita.pdf2.axf/build.xml with URI = file:/Users/isemisynov/Develop/dita-formats-demo/dita-ot-3.7.2/plugins/org.dita.pdf2.axf/build.xml
81   [DEBUG] Overriding previous definition of reference to ant.projectHelper
82   [DEBUG] Importing file /Users/isemisynov/Develop/dita-formats-demo/dita-ot-3.7.2/plugins/org.dita.pdf2.fop/build_fop.xml from /Users/isemisynov/Develop/dita-formats-demo/dita-ot-3.7.2/plugins/org.dita.base/build.xml
82   [DEBUG] Overriding previous definition of reference to ant.projectHelper
83   [DEBUG] parsing buildfile /Users/isemisynov/Develop/dita-formats-demo/dita-ot-3.7.2/plugins/org.dita.pdf2.fop/build_fop.xml with URI = file:/Users/isemisynov/Develop/dita-formats-demo/dita-ot-3.7.2/plugins/org.dita.pdf2.fop/build_fop.xml
83   [DEBUG] Overriding previous definition of reference to ant.projectHelper
84   [DEBUG] Importing file /Users/isemisynov/Develop/dita-formats-demo/dita-ot-3.7.2/plugins/org.dita.pdf2.xep/build.xml from /Users/isemisynov/Develop/dita-formats-demo/dita-ot-3.7.2/plugins/org.dita.base/build.xml
84   [DEBUG] Overriding previous definition of reference to ant.projectHelper
84   [DEBUG] parsing buildfile /Users/isemisynov/Develop/dita-formats-demo/dita-ot-3.7.2/plugins/org.dita.pdf2.xep/build.xml with URI = file:/Users/isemisynov/Develop/dita-formats-demo/dita-ot-3.7.2/plugins/org.dita.pdf2.xep/build.xml
85   [DEBUG] Overriding previous definition of reference to ant.projectHelper
85   [DEBUG] Importing file /Users/isemisynov/Develop/dita-formats-demo/dita-ot-3.7.2/plugins/org.dita.normalize/build.xml from /Users/isemisynov/Develop/dita-formats-demo/dita-ot-3.7.2/plugins/org.dita.base/build.xml
85   [DEBUG] Overriding previous definition of reference to ant.projectHelper
85   [DEBUG] parsing buildfile /Users/isemisynov/Develop/dita-formats-demo/dita-ot-3.7.2/plugins/org.dita.normalize/build.xml with URI = file:/Users/isemisynov/Develop/dita-formats-demo/dita-ot-3.7.2/plugins/org.dita.normalize/build.xml
86   [DEBUG] Overriding previous definition of reference to ant.projectHelper
86   [DEBUG] Importing file /Users/isemisynov/Develop/dita-formats-demo/dita-ot-3.7.2/plugins/org.lwdita/build-markdown.xml from /Users/isemisynov/Develop/dita-formats-demo/dita-ot-3.7.2/plugins/org.dita.base/build.xml
86   [DEBUG] Overriding previous definition of reference to ant.projectHelper
86   [DEBUG] parsing buildfile /Users/isemisynov/Develop/dita-formats-demo/dita-ot-3.7.2/plugins/org.lwdita/build-markdown.xml with URI = file:/Users/isemisynov/Develop/dita-formats-demo/dita-ot-3.7.2/plugins/org.lwdita/build-markdown.xml
87   [DEBUG] creating macro  markdown.map
87   [DEBUG] creating macro  markdown.topics
87   [DEBUG] Overriding previous definition of reference to ant.projectHelper
87   [DEBUG] Importing file /Users/isemisynov/Develop/dita-formats-demo/dita-ot-3.7.2/plugins/org.lwdita/build-html.xml from /Users/isemisynov/Develop/dita-formats-demo/dita-ot-3.7.2/plugins/org.dita.base/build.xml
87   [DEBUG] Overriding previous definition of reference to ant.projectHelper
88   [DEBUG] parsing buildfile /Users/isemisynov/Develop/dita-formats-demo/dita-ot-3.7.2/plugins/org.lwdita/build-html.xml with URI = file:/Users/isemisynov/Develop/dita-formats-demo/dita-ot-3.7.2/plugins/org.lwdita/build-html.xml
88   [DEBUG] Overriding previous definition of reference to ant.projectHelper
88   [DEBUG] Overriding previous definition of reference to ant.projectHelper
88   [DEBUG] Build sequence for target(s) `dita2html5' is [html5.init, init-properties, check-arg, log-arg, build-init, preprocess.init, ditaval-merge, gen-list, debug-filter, mapref-check, mapref, branch-filter, keyref, copy-to, conrefpush, conref, profile-check, profile, topic-fragment, chunk-check, chunk, move-meta-entries, maplink-check, maplink, topicpull-check, topicpull, clean-map-check, clean-map, clean-preprocess, copy-image, copy-html, copy-flag-check, copy-flag, copy-files, preprocess, html5.topic.init, html5.image-metadata, html5.topics.common, html5.topics.common.inner, html5.topic, html5.map.init, html5.map.toc, html5.map, html5.css, dita2html5]
90   [DEBUG] Complete build sequence is [html5.init, init-properties, check-arg, log-arg, build-init, preprocess.init, ditaval-merge, gen-list, debug-filter, mapref-check, mapref, branch-filter, keyref, copy-to, conrefpush, conref, profile-check, profile, topic-fragment, chunk-check, chunk, move-meta-entries, maplink-check, maplink, topicpull-check, topicpull, clean-map-check, clean-map, clean-preprocess, copy-image, copy-html, copy-flag-check, copy-flag, copy-files, preprocess, html5.topic.init, html5.image-metadata, html5.topics.common, html5.topics.common.inner, html5.topic, html5.map.init, html5.map.toc, html5.map, html5.css, dita2html5, dita2pdf2.init, dita.index.eclipsehelp.init, ditaot-preprocess.mapref-check, transform.topic2pdf.init, preview.topic.pdf.init, copyCoreArtwork, transform.fo2pdf.xep.test-use, transform.fo2pdf.xep.init, transform.fo2pdf.fop.test-use, transform.fo2pdf.fop.init, transform.fo2pdf.ah.test-use, transform.fo2pdf.ah.init, transform.topic2fo.init, org.dita.index.init, org.dita.index, transform.topic2fo.main, transform.topic2fo.i18n.filter, transform.topic2fo.i18n.no-filter, transform.topic2fo.i18n, transform.topic2fo, transform.fo2pdf.xep, transform.fo2pdf.fop, transform.fo2pdf.ah, transform.fo2pdf, transform.topic2pdf, dita.build.preview.topic.pdf, ditaot-preprocess.maplink-check, markdown_github.init, markdown.init, markdown.topics.common, markdown.topics.common.inner, markdown.topic, markdown.map.init, markdown.map.toc, markdown.map, dita2markdown, dita2normalize.dita2markdown_github, dita2normalize.markdown.topics.common, ditaot-init.check-arg, dita2dita, org.dita.pdf2.xep.transform.fo2pdf.xep, dita2htmlhelp.init, ditaot-preprocess.profile-check, dita2html5.html5.map.toc, dita2html5.html5.map, ditaot-preprocess2.map-conrefpush, dita2eclipsehelp.dita.map.eclipse.plugin.init, dita.map.eclipse.plugin.init, dita.map.eclipse.plugin, ditaot-preprocess.debug-filter, dita.map.eclipse.fragment.move.files, dita2normalize.dita.out.map.hdita.toc, xhtml.init, xhtml.image-metadata, htmlhelp.topics, ditaot-init.build-init, dita2xhtml.copy-css-user, ditaot-preprocess.copy-to, ditaot-preprocess.keyref, ditaot-preprocess.copy-flag-check, ditaot-preprocess2.topic-keyref, transform.topic2fo.index.init, dita.build.transform.topic2fo.index, ditaot-preprocess2.topic-maplink, preprocess2.init, map-reader, map-mapref, map-branch-filter, map-keyref, map-conrefpush, map-conref, map-profile-check, map-profile, preprocess2.maps, topic-reader, topic-branch-filter, topic-keyref, topic-copy-to, topic-conrefpush, topic-conref, topic-profile-check, topic-profile, preprocess2.topic-fragment, topic-chunk, topic-move-meta-entries, topic-maplink, topic-topicpull, preprocess2.topics, map-clean-map, copy-image2, copy-files2, preprocess2, build_generaltargets.output-css-warn-message, ditaot-preprocess2.topic-reader, ditaot-preprocess.chunk, dita.topics.html.common, dita.build.transform.topic2fo.i18n.filter, org.dita.pdf2.axf.transform.fo2pdf.ah.nooption, ditaot-preprocess2.topic-branch-filter, build_generaltargets.xhtml.image-metadata, dita2normalize.dita.topics.hdita.common, dita.map.xhtml.init, dita.map.xhtml.toc, dita.map.xhtml, dita.map.eclipse.toc, dita.build.transform.topic2fo.i18n, org.dita.pdf2.axf.transform.fo2pdf.ah, org.dita.pdf2.xep.transform.fo2pdf.xep.test-use, ditaot-preprocess2.preprocess2.topic-fragment, markdown_gitbook.init, dita2eclipsehelp.dita.map.eclipse.fragment.language.init, ditaot-preprocess.preprocess.init, copy-revflag, ditaot-preprocess.clean-map, dita2xhtml.init, map2pdf2, topic2pdf2, dita.build.dita2pdf2, hdita.init, ditaot-preprocess.clean-preprocess, dita2xhtml.dita.out.map.xhtml.toc, org.dita.pdf2.xep.transform.fo2pdf.xep.init, ditaot-preprocess2.preprocess2, org.dita.pdf2.axf.transform.fo2pdf.ah.test-use, ditaot-preprocess.maplink, ditaot-init.init-properties, ditaot-preprocess.preprocess, use-init.envhhcdir, use-init.hhcdir, htmlhelp.copy-image, copy-css, dita2htmlhelp.dita2htmlhelp, publish.map.pdf.init, dita2xhtml.dita.map.xhtml, copy-plugin-files, ditaot-preprocess2.map-clean-map, dita2pdf2, dita.build.dita2pdf, ditaot-preprocess.conrefpush, dita.map.eclipse.init, dita2eclipsehelp.dita.map.eclipse.fragment.error, ditaot-preprocess.branch-filter, dita.map.hdita.init, dita2eclipsehelp.copy-plugin-files, dita.build.transform.fo2pdf, dita2eclipsehelp.dita.out.map.eclipse.plugin, build.eclipse.jar, org.dita.pdf2.fop.transform.fo2pdf.fop, dita.build.transform.topic2pdf.init, ditaot-preprocess2.map-mapref, dita.map.eclipse.fragment.language.init, ditaot-preprocess.gen-list, build_generaltargets.dita.topics.html.common, dita2htmlhelp.use-init.hhcdir, dita.build.publish.map.pdf, dita2normalize.hdita.init, DOST.init, DOST.help, transform.fo2pdf.ah.nooption, dita.inner.topics.hdita.common, dita2htmlhelp.dita.htmlhelp.convertlang, ditaot-preprocess2.topic-topicpull, dita2eclipsehelp.dita.out.map.eclipse.toc, dita2normalize.markdown.init, dita2html5.html5.topic, ditaot-preprocess.chunk-check, dita2normalize.markdown_gitbook.init, dita2htmlhelp.org.dita.index, build_generaltargets.dita.inner.topics.html.common, preprocess2-topic, ditaot-preprocess2.map-profile-check, dita.out.map.eclipse.plugin.properties, dita2eclipsehelp.dita.map.eclipse.index, ditaot-preprocess.profile, dita2normalize.markdown.topics.common.inner, dita.map.eclipse.fragment.language.country.init, dita2eclipsehelp.dita.map.eclipse.plugin.properties, ditaot-preprocess.copy-files, dita.inner.topics.html.common, build_generaltargets.xhtml.topics, org.dita.pdf2.fop.transform.fo2pdf.fop.test-use, dita2htmlhelp.dita2htmlhelp.init, dita.map.htmlhelp.init, ditaot-preprocess2.map-conref, dita.map.eclipse.index, dita.map.eclipse.plugin.properties, dita.map.eclipse.manifest.file, dita.out.map.eclipse.manifest.file, dita.out.map.eclipse.toc, dita.out.map.eclipse.index, dita.out.map.eclipse.plugin, dita.out.map.eclipse.fragment.move.files, dita.map.eclipse.genetrate.fragment, ditaot-preprocess.topicpull-check, init, help, ditaot-preprocess2.preprocess2-topic, dita.map.eclipse.fragment.error, ditaot-preprocess2.map-reader, ditaot-init.log-arg, dita2xhtml.copy-css, dita2normalize.markdown.map.toc, ditaot-preprocess.move-meta-entries, dita2markdown_gitbook, dita.build.transform.topic2fo, preview.topic.pdf, transform.topic2fo.index, dita2eclipsehelp.dita.map.eclipse.init, xhtml.topics, dita2xhtml.dita2xhtml, ditaot-preprocess2.topic-move-meta-entries, dita2normalize.dita.inner.topics.hdita.common, dita2normalize.markdown_github.init, dita2eclipsehelp.dita.map.eclipse.toc, dita2normalize.dita2dita, ditaot-preprocess.copy-html, dita2normalize.markdown.topic, dita2html5.html5.topic.init, dita.topics.hdita.common, dita.map.hdita.toc, dita.out.map.hdita.toc, dita2normalize.dita2hdita, dita.map.eclipse.generate.plugin, clean-temp, dita2xhtml.dita2xhtml.init, ditaot-preprocess.copy-image, ditaot-preprocess.ditaval-merge, dita.map.htmlhelp.hhp, dita.map.htmlhelp.hhc, dita.map.htmlhelp.hhk, dita.htmlhelp.convertlang, compile.HTML.Help, dita.map.htmlhelp, dita2html5.html5.init, build_generaltargets.xhtml.init, dita2html5.html5.topics.common.inner, dita2xhtml.dita.map.xhtml.toc, org.dita.pdf2.fop.transform.fo2pdf.fop.init, dita2eclipsehelp.dita.out.map.eclipse.index, ditaot-preprocess2.preprocess2.maps, dita2eclipsehelp.build.eclipse.jar, ditaot-preprocess2.map-branch-filter, dita2normalize.markdown.map.init, dita2htmlhelp.compile.HTML.Help, dita.build.transform.topic2fo.index.init, dita2htmlhelp.dita.map.htmlhelp, dita2html5.html5.map.init, ditaot-preprocess.mapref, dita2eclipsehelp.dita.out.map.eclipse.manifest.file, dita.build.transform.topic2fo.main, ditaot-preprocess.clean-map-check, dita2normalize.dita.map.hdita.toc, dita2eclipsehelp.dita.map.eclipse.genetrate.fragment, dita2eclipsehelp.dita.map.eclipse.fragment.language.country.init, dita.build.publish.map.pdf.init, ditaot-preprocess2.copy-image2, ditaot-preprocess.clean-temp, dita.build.dita2pdf2.init, dita2normalize.dita2markdown_gitbook, dita2eclipsehelp.dita.map.eclipse.manifest.file, dita2eclipsehelp.dita.out.map.eclipse.fragment.move.files, html5.copy-css-user, dita.eclipsehelp.init, dita2htmlhelp.org.dita.index.init, dita2hdita, dita2normalize.markdown.map, dita.build.transform.topic2fo.init, dita.out.map.xhtml.toc, ditaot-preprocess.copy-flag, dita2htmlhelp.htmlhelp.topics, dita2xhtml, dita2eclipsehelp.dita.index.eclipsehelp.init, org.dita.pdf2.axf.transform.fo2pdf.ah.hasoption, dita2eclipsehelp.dita.map.eclipse.generate.plugin, dita.build.preview.topic.pdf.init, ditaot-preprocess2.map-keyref, dita2htmlhelp.dita.map.htmlhelp.init, transform.fo2pdf.ah.hasoption, dita2eclipsehelp.dita.map.eclipse.plugin, ditaot-preprocess2.copy-files2, dita2pdf, ditaot-preprocess.conref, ditaot-preprocess2.topic-conref, dita.build.transform.topic2fo.i18n.no-filter, dita.build.copyCoreArtwork, dita2normalize.dita2markdown, dita2xhtml.copy-revflag, dita.build.transform.topic2pdf, dita2markdown_github, ditaot-preprocess.topic-fragment, ditaot-preprocess2.topic-conrefpush, dita.map.eclipse, dita2eclipsehelp.dita2eclipsehelp, ditaot-preprocess2.preprocess2.topics, dita2html5.html5.css, dita2eclipsehelp, dita2eclipsehelp.dita.map.eclipse, dita.build.topic2pdf2, dita2eclipsehelp.dita.map.eclipse.fragment.move.files, dita2html5.html5.copy-css-user, dita2normalize.dita.map.hdita.init, dita2htmlhelp.dita.map.htmlhelp.hhp, ditaot-preprocess2.map-profile, ditaot-preprocess.topicpull, ditaot-preprocess2.topic-profile-check, dita2htmlhelp.dita.map.htmlhelp.hhk, output-css-warn-message, dita2htmlhelp.dita.map.htmlhelp.hhc, dita2html5.html5.image-metadata, dita2htmlhelp.htmlhelp.copy-image, dita2htmlhelp.use-init.envhhcdir, copy-css-user, dita2htmlhelp, dita2eclipsehelp.dita.out.map.eclipse.plugin.properties, dita.build.map2pdf2, dita2html5.html5.topics.common, ditaot-preprocess2.topic-copy-to, dita2html5.dita2html5, org.dita.pdf2.axf.transform.fo2pdf.ah.init, ditaot-preprocess2.topic-chunk, dita2eclipsehelp.dita.eclipsehelp.init, ditaot-preprocess2.preprocess2.init, publish.map.pdf, dita2xhtml.dita.map.xhtml.init, , ditaot-preprocess2.topic-profile]
91   [DEBUG] Property "args.ftr" has not been set
91   [DEBUG] Property "args.ftr" has not been set
91   [DEBUG] Property "args.hdr" has not been set
91   [DEBUG] Property "args.hdr" has not been set
91   [DEBUG] Property "args.hdf" has not been set
91   [DEBUG] Property "args.hdf" has not been set
92   [DEBUG] Property "args.csspath" has not been set
92   [DEBUG] Property "args.csspath" has not been set
92   [DEBUG] Property "args.csspath" has not been set
92   [DEBUG] Property "args.csspath" has not been set
92   [DEBUG] Override ignored for property "user.csspath"
92   [DEBUG] Property "args.cssroot" has not been set
92   [DEBUG] Property "args.css" has not been set
92   [DEBUG] Property "args.css" has not been set
92   [DEBUG] Property "args.css" has not been set
93   [DEBUG] Unable to find file ${args.css}
93   [DEBUG] Override ignored for property "base.temp.dir"
93   [DEBUG] Override ignored for property "dita.temp.dir"
93   [DEBUG] Override ignored for property "output.dir"
93   [DEBUG] Property "temp.output.dir.name" has not been set
94   [INFO ] Initializing project
95   [DEBUG] Loading Environment env.
96   [DEBUG] Found file: plugins/org.dita.html5/xsl/dita2html5.xsl
96   [DEBUG] Property "args.outext" has not been set
96   [DEBUG] Property "args.outext" has not been set
97   [DEBUG] Property "args.outext" has not been set
97   [DEBUG] Property "args.outext" has not been set
97   [DEBUG] Skipping /Users/isemisynov/Develop/dita-formats-demo/output/dita/html5 because it already exists.
97   [INFO ] Deleting directory /Users/isemisynov/Develop/dita-formats-demo/tmp/1653650802681
97   [DEBUG] Deleting directory /Users/isemisynov/Develop/dita-formats-demo/tmp/1653650802681
98   [INFO ] Created dir: /Users/isemisynov/Develop/dita-formats-demo/tmp/1653650802681
98   [DEBUG] Property "args.rellinks" has not been set
99   [DEBUG] Property "args.rellinks" has not been set
99   [DEBUG] Property "args.hide.parent.link" has not been set
99   [DEBUG] Property "args.rellinks" has not been set
99   [DEBUG] Property "args.rellinks" has not been set
100  [DEBUG] Property "org.xml.sax.driver" has not been set
100  [DEBUG] Unable to load class org.apache.crimson.parser.XMLReaderImpl
101  [DEBUG] Unable to load class net.sf.saxon.StyleSheet
101  [INFO ] *****************************************************************
101  [INFO ] * basedir = /Users/isemisynov/Develop/dita-formats-demo/dita-ot-3.7.2
101  [INFO ] * dita.dir = /Users/isemisynov/Develop/dita-formats-demo/dita-ot-3.7.2
101  [INFO ] * transtype = html5
101  [INFO ] * tempdir = /Users/isemisynov/Develop/dita-formats-demo/tmp/1653650802681
101  [INFO ] * outputdir = /Users/isemisynov/Develop/dita-formats-demo/output/dita/html5
102  [DEBUG] Property "clean.temp" has not been set
102  [INFO ] * clean.temp = ${clean.temp}
102  [INFO ] * DITA-OT version = 3.7.2
102  [INFO ] * XML parser = Xerces
102  [INFO ] * XSLT processor = Saxon
102  [INFO ] * collator = ICU
103  [INFO ] *****************************************************************
103  [INFO ] #Ant properties
103  [INFO ] #Fri May 27 14:26:42 MSK 2022
103  [INFO ] args.grammar.cache=yes
103  [INFO ] args.input=file\:/Users/isemisynov/Develop/dita-formats-demo/demo-input/dita/demo.ditamap
103  [INFO ] args.xml.systemid.set=yes
104  [INFO ] args.xsl=/Users/isemisynov/Develop/dita-formats-demo/dita-ot-3.7.2/plugins/org.dita.html5/xsl/dita2html5.xsl
104  [INFO ] dita.dir=/Users/isemisynov/Develop/dita-formats-demo/dita-ot-3.7.2
104  [INFO ] dita.html5.reloadstylesheet=false
104  [INFO ] dita.output.dir=/Users/isemisynov/Develop/dita-formats-demo/output/dita/html5
104  [INFO ] dita.plugin.org.dita.base.dir=/Users/isemisynov/Develop/dita-formats-demo/dita-ot-3.7.2/plugins/org.dita.base
104  [INFO ] dita.plugin.org.dita.eclipsehelp.dir=/Users/isemisynov/Develop/dita-formats-demo/dita-ot-3.7.2/plugins/org.dita.eclipsehelp
104  [INFO ] dita.plugin.org.dita.html5.dir=/Users/isemisynov/Develop/dita-formats-demo/dita-ot-3.7.2/plugins/org.dita.html5
104  [INFO ] dita.plugin.org.dita.htmlhelp.dir=/Users/isemisynov/Develop/dita-formats-demo/dita-ot-3.7.2/plugins/org.dita.htmlhelp
104  [INFO ] dita.plugin.org.dita.index.dir=/Users/isemisynov/Develop/dita-formats-demo/dita-ot-3.7.2/plugins/org.dita.index
104  [INFO ] dita.plugin.org.dita.normalize.dir=/Users/isemisynov/Develop/dita-formats-demo/dita-ot-3.7.2/plugins/org.dita.normalize
104  [INFO ] dita.plugin.org.dita.pdf2.axf.dir=/Users/isemisynov/Develop/dita-formats-demo/dita-ot-3.7.2/plugins/org.dita.pdf2.axf
104  [INFO ] dita.plugin.org.dita.pdf2.dir=/Users/isemisynov/Develop/dita-formats-demo/dita-ot-3.7.2/plugins/org.dita.pdf2
104  [INFO ] dita.plugin.org.dita.pdf2.fop.dir=/Users/isemisynov/Develop/dita-formats-demo/dita-ot-3.7.2/plugins/org.dita.pdf2.fop
104  [INFO ] dita.plugin.org.dita.pdf2.xep.dir=/Users/isemisynov/Develop/dita-formats-demo/dita-ot-3.7.2/plugins/org.dita.pdf2.xep
104  [INFO ] dita.plugin.org.dita.specialization.dita11.dir=/Users/isemisynov/Develop/dita-formats-demo/dita-ot-3.7.2/plugins/org.dita.specialization.dita11
104  [INFO ] dita.plugin.org.dita.xhtml.dir=/Users/isemisynov/Develop/dita-formats-demo/dita-ot-3.7.2/plugins/org.dita.xhtml
104  [INFO ] dita.plugin.org.lwdita.dir=/Users/isemisynov/Develop/dita-formats-demo/dita-ot-3.7.2/plugins/org.lwdita
104  [INFO ] dita.plugin.org.oasis-open.dita.techcomm.v2_0.dir=/Users/isemisynov/Develop/dita-formats-demo/dita-ot-3.7.2/plugins/org.oasis-open.dita.techcomm.v2_0
104  [INFO ] dita.plugin.org.oasis-open.dita.v1_2.dir=/Users/isemisynov/Develop/dita-formats-demo/dita-ot-3.7.2/plugins/org.oasis-open.dita.v1_2
104  [INFO ] dita.plugin.org.oasis-open.dita.v1_3.dir=/Users/isemisynov/Develop/dita-formats-demo/dita-ot-3.7.2/plugins/org.oasis-open.dita.v1_3
104  [INFO ] dita.plugin.org.oasis-open.dita.v2_0.dir=/Users/isemisynov/Develop/dita-formats-demo/dita-ot-3.7.2/plugins/org.oasis-open.dita.v2_0
104  [INFO ] dita.plugin.org.oasis-open.xdita.v0_2_2.dir=/Users/isemisynov/Develop/dita-formats-demo/dita-ot-3.7.2/plugins/org.oasis-open.xdita.v0_2_2
104  [INFO ] dita.temp.dir=/Users/isemisynov/Develop/dita-formats-demo/tmp/1653650802681
104  [INFO ] *****************************************************************
105  [DEBUG] Set property dita.map.filename.root = demo
105  [INFO ] *****************************************************************
105  [INFO ] * input = file:/Users/isemisynov/Develop/dita-formats-demo/demo-input/dita/demo.ditamap
105  [DEBUG] Property "args.resources" has not been set
105  [INFO ] * resources = ${args.resources}
105  [INFO ] *****************************************************************
106  [DEBUG] Job not found from Ant project reference
107  [INFO ] Using Xerces grammar pool for DTD and schema caching.
107  [INFO ] Processing file:/Users/isemisynov/Develop/dita-formats-demo/demo-input/dita/demo.ditamap
108  [INFO ] Processing file:/Users/isemisynov/Develop/dita-formats-demo/demo-input/dita/demo-topic1.dita
109  [INFO ] Processing file:/Users/isemisynov/Develop/dita-formats-demo/demo-input/dita/demo-topic2.dita
110  [INFO ] Serializing job specification
112  [DEBUG] GenMapAndTopicListModule processing took 5 ms
113  [INFO ] Using Xerces grammar pool for DTD and schema caching.
113  [INFO ] Processing file:/Users/isemisynov/Develop/dita-formats-demo/demo-input/dita/demo-topic1.dita to file:/Users/isemisynov/Develop/dita-formats-demo/tmp/1653650802681/demo-topic1.dita
116  [INFO ] Processing file:/Users/isemisynov/Develop/dita-formats-demo/demo-input/dita/demo-topic2.dita to file:/Users/isemisynov/Develop/dita-formats-demo/tmp/1653650802681/demo-topic2.dita
119  [INFO ] Processing file:/Users/isemisynov/Develop/dita-formats-demo/demo-input/dita/demo.ditamap to file:/Users/isemisynov/Develop/dita-formats-demo/tmp/1653650802681/demo.ditamap
122  [DEBUG] DebugAndFilterModule processing took 10 ms
122  [DEBUG] Overriding previous definition of property "transtypes"
122  [DEBUG] Overriding previous definition of property "parser.md"
122  [DEBUG] Overriding previous definition of property "plugin.org.dita.specialization.dita11.dir"
122  [DEBUG] Overriding previous definition of property "parser.hdita"
122  [DEBUG] Overriding previous definition of property "cli.color"
122  [DEBUG] Overriding previous definition of property "plugin.org.dita.pdf2.dir"
122  [DEBUG] Overriding previous definition of property "print_transtypes"
122  [DEBUG] Overriding previous definition of property "supported_resource_extensions"
122  [DEBUG] Overriding previous definition of property "plugin.org.dita.xhtml.dir"
122  [DEBUG] Overriding previous definition of property "plugin.org.dita.index.dir"
122  [DEBUG] Overriding previous definition of property "supported_html_extensions"
122  [DEBUG] Overriding previous definition of property "plugin.order"
122  [DEBUG] Overriding previous definition of property "otrelease"
122  [DEBUG] Overriding previous definition of property "supported_image_extensions"
122  [DEBUG] Overriding previous definition of property "org.dita.pdf2.i18n.enabled"
122  [DEBUG] Overriding previous definition of property "plugin.org.dita.html5.dir"
122  [DEBUG] Overriding previous definition of property "default.cascade"
122  [DEBUG] Overriding previous definition of property "plugin.org.oasis-open.xdita.v0_2_2.dir"
122  [DEBUG] Overriding previous definition of property "plugin.org.dita.eclipsehelp.dir"
122  [DEBUG] Overriding previous definition of property "plugin.org.dita.htmlhelp.dir"
122  [DEBUG] Overriding previous definition of property "temp-file-name-scheme"
122  [DEBUG] Overriding previous definition of property "plugin.org.dita.base.dir"
122  [DEBUG] Overriding previous definition of property "plugindirs"
122  [DEBUG] Overriding previous definition of property "parser.mdita"
122  [DEBUG] Overriding previous definition of property "plugin.ignores"
123  [DEBUG] Overriding previous definition of property "registry"
123  [DEBUG] Overriding previous definition of property "plugin.org.dita.pdf2.axf.dir"
123  [DEBUG] Overriding previous definition of property "plugin.org.dita.normalize.dir"
123  [DEBUG] Overriding previous definition of property "plugin.org.oasis-open.dita.techcomm.v2_0.dir"
123  [DEBUG] Overriding previous definition of property "plugin.org.oasis-open.dita.v1_2.dir"
123  [DEBUG] Overriding previous definition of property "plugin.org.dita.pdf2.fop.dir"
123  [DEBUG] Overriding previous definition of property "plugin.org.lwdita.dir"
123  [DEBUG] Overriding previous definition of property "plugin.org.dita.pdf2.xep.dir"
123  [DEBUG] Overriding previous definition of property "plugin.org.oasis-open.dita.v2_0.dir"
123  [DEBUG] Overriding previous definition of property "otversion"
123  [DEBUG] Overriding previous definition of property "plugin.org.oasis-open.dita.v1_3.dir"
123  [DEBUG] Overriding previous definition of property "parser.markdown"
123  [DEBUG] Scanning for demo.ditamap
123  [DEBUG] Found temporary directory file /Users/isemisynov/Develop/dita-formats-demo/tmp/1653650802681/demo.ditamap
123  [DEBUG] Set property inputMapPath = file:/Users/isemisynov/Develop/dita-formats-demo/tmp/1653650802681/demo.ditamap
124  [DEBUG] Property "dita.preprocess.reloadstylesheet" has not been set
179  [INFO ] Processing file:/Users/isemisynov/Develop/dita-formats-demo/tmp/1653650802681/demo.ditamap
189  [DEBUG] MaprefModule processing took 65 ms
194  [INFO ] Processing file:/Users/isemisynov/Develop/dita-formats-demo/tmp/1653650802681/demo.ditamap
194  [DEBUG] Reading file:/Users/isemisynov/Develop/dita-formats-demo/tmp/1653650802681/demo.ditamap
195  [DEBUG] Split branches and generate copy-to
195  [DEBUG] Filter map
195  [DEBUG] Rewrite duplicate topic references
195  [DEBUG] Filter topics and generate copies
195  [DEBUG] Remove obsolete references
195  [DEBUG] Filter existing topics
195  [DEBUG] Writing file:/Users/isemisynov/Develop/dita-formats-demo/tmp/1653650802681/demo.ditamap
198  [DEBUG] BranchFilterModule processing took 4 ms
199  [DEBUG] KeyrefModule processing took 0 ms
200  [INFO ] Transforming into /Users/isemisynov/Develop/dita-formats-demo/tmp/1653650802681
200  [INFO ] Loading stylesheet file:/Users/isemisynov/Develop/dita-formats-demo/dita-ot-3.7.2/plugins/org.dita.base/xsl/preprocess/mapref.xsl
218  [DEBUG] Apache resolver library found, xml-commons resolver will be used
262  [INFO ] Loading stylesheet file:/Users/isemisynov/Develop/dita-formats-demo/dita-ot-3.7.2/plugins/org.dita.base/xsl/preprocess/mapref.xsl
262  [DEBUG] Set parameter keep-submap-href to 'false'
262  [DEBUG] Set parameter child-topicref-warning to 'false'
262  [DEBUG] Set parameter TRANSTYPE to 'html5'
262  [DEBUG] Set parameter file-being-processed to 'demo.ditamap'
263  [INFO ] Processing file:/Users/isemisynov/Develop/dita-formats-demo/tmp/1653650802681/demo.ditamap
266  [DEBUG] XsltModule processing took 66 ms
271  [DEBUG] CopyToModule processing took 5 ms
271  [DEBUG] ConrefPushModule processing took 0 ms
272  [DEBUG] Property "dita.preprocess.reloadstylesheet" has not been set
272  [DEBUG] Setting exportfile.url to URL file:/Users/isemisynov/Develop/dita-formats-demo/tmp/1653650802681/export.xml
272  [DEBUG] XsltModule processing took 0 ms
273  [DEBUG] Skipped because property 'preprocess.profile.skip' set.
274  [INFO ] Processing file:/Users/isemisynov/Develop/dita-formats-demo/tmp/1653650802681/demo-topic1.dita
274  [DEBUG] Configure filter org.dita.dost.writer.TopicFragmentFilter
274  [DEBUG] Configure filter org.dita.dost.writer.NormalizeTableFilter
274  [DEBUG] Configure filter org.dita.dost.writer.NormalizeSimpleTableFilter
274  [DEBUG] Configure filter org.dita.dost.writer.CoderefResolver
274  [DEBUG] Configure filter org.dita.dost.writer.NormalizeCodeblock
278  [INFO ] Processing file:/Users/isemisynov/Develop/dita-formats-demo/tmp/1653650802681/demo-topic2.dita
278  [DEBUG] Configure filter org.dita.dost.writer.TopicFragmentFilter
278  [DEBUG] Configure filter org.dita.dost.writer.NormalizeTableFilter
278  [DEBUG] Configure filter org.dita.dost.writer.NormalizeSimpleTableFilter
278  [DEBUG] Configure filter org.dita.dost.writer.CoderefResolver
278  [DEBUG] Configure filter org.dita.dost.writer.NormalizeCodeblock
281  [DEBUG] XmlFilterModule processing took 7 ms
282  [INFO ] Processing file:/Users/isemisynov/Develop/dita-formats-demo/tmp/1653650802681/demo.ditamap
284  [DEBUG] Writing file:/Users/isemisynov/Develop/dita-formats-demo/tmp/1653650802681/demo.ditamap
286  [DEBUG] ChunkModule processing took 4 ms
287  [INFO ] Processing file:/Users/isemisynov/Develop/dita-formats-demo/tmp/1653650802681/demo.ditamap
289  [DEBUG] ChunkModule processing took 2 ms
289  [DEBUG] Scanning for demo-topic1.dita
289  [DEBUG] Found temporary directory file /Users/isemisynov/Develop/dita-formats-demo/tmp/1653650802681/demo-topic1.dita
289  [DEBUG] Scanning for demo-topic2.dita
289  [DEBUG] Found temporary directory file /Users/isemisynov/Develop/dita-formats-demo/tmp/1653650802681/demo-topic2.dita
290  [DEBUG] Set property inputTopicPath = file:/Users/isemisynov/Develop/dita-formats-demo/tmp/1653650802681/demo-topic1.dita:file:/Users/isemisynov/Develop/dita-formats-demo/tmp/1653650802681/demo-topic2.dita
291  [INFO ] Processing file:/Users/isemisynov/Develop/dita-formats-demo/tmp/1653650802681/demo.ditamap
291  [DEBUG] Writing file:/Users/isemisynov/Develop/dita-formats-demo/tmp/1653650802681/demo.ditamap
292  [INFO ] Loading stylesheet /Users/isemisynov/Develop/dita-formats-demo/dita-ot-3.7.2/plugins/org.dita.base/xsl/preprocess/mappull.xsl
358  [INFO ] Processing file:/Users/isemisynov/Develop/dita-formats-demo/tmp/1653650802681/demo.ditamap
358  [DEBUG] Processing file:/Users/isemisynov/Develop/dita-formats-demo/tmp/1653650802681/demo.ditamap to file:/Users/isemisynov/Develop/dita-formats-demo/tmp/1653650802681/demo.ditamap.tmp1653650803039
358  [DEBUG] Set parameter basedir to '/Users/isemisynov/Develop/dita-formats-demo/dita-ot-3.7.2'
358  [DEBUG] Set parameter style to '/Users/isemisynov/Develop/dita-formats-demo/dita-ot-3.7.2/plugins/org.dita.base/xsl/preprocess/mappull.xsl'
359  [DEBUG] Set parameter conserve-memory to 'false'
359  [DEBUG] Set parameter message to 'Move metadata entries.'
359  [DEBUG] Set parameter inputmap to 'demo.ditamap'
460  [DEBUG] Moving file:/Users/isemisynov/Develop/dita-formats-demo/tmp/1653650802681/demo.ditamap.tmp1653650803039 to file:/Users/isemisynov/Develop/dita-formats-demo/tmp/1653650802681/demo.ditamap
461  [DEBUG] MoveMetaModule processing took 171 ms
461  [DEBUG] Property "dita.preprocess.reloadstylesheet" has not been set
515  [DEBUG] MoveLinksModule processing took 54 ms
515  [DEBUG] Property "dita.preprocess.reloadstylesheet" has not been set
516  [INFO ] Transforming into /Users/isemisynov/Develop/dita-formats-demo/tmp/1653650802681
516  [INFO ] Loading stylesheet file:/Users/isemisynov/Develop/dita-formats-demo/dita-ot-3.7.2/plugins/org.dita.base/xsl/preprocess/topicpull.xsl
569  [INFO ] Loading stylesheet file:/Users/isemisynov/Develop/dita-formats-demo/dita-ot-3.7.2/plugins/org.dita.base/xsl/preprocess/topicpull.xsl
569  [DEBUG] Set parameter ONLYTOPICINMAP to 'false'
569  [DEBUG] Set parameter defaultLanguage to 'en'
569  [INFO ] Processing file:/Users/isemisynov/Develop/dita-formats-demo/tmp/1653650802681/demo-topic1.dita
571  [DEBUG] Set parameter ONLYTOPICINMAP to 'false'
572  [DEBUG] Set parameter defaultLanguage to 'en'
572  [INFO ] Processing file:/Users/isemisynov/Develop/dita-formats-demo/tmp/1653650802681/demo-topic2.dita
574  [DEBUG] XsltModule processing took 58 ms
575  [DEBUG] Property "dita.preprocess.reloadstylesheet" has not been set
575  [INFO ] Transforming into /Users/isemisynov/Develop/dita-formats-demo/tmp/1653650802681
575  [INFO ] Loading stylesheet file:/Users/isemisynov/Develop/dita-formats-demo/dita-ot-3.7.2/plugins/org.dita.base/xsl/preprocess/clean-map.xsl
596  [INFO ] Loading stylesheet file:/Users/isemisynov/Develop/dita-formats-demo/dita-ot-3.7.2/plugins/org.dita.base/xsl/preprocess/clean-map.xsl
596  [INFO ] Processing file:/Users/isemisynov/Develop/dita-formats-demo/tmp/1653650802681/demo.ditamap
598  [DEBUG] XsltModule processing took 23 ms
600  [DEBUG] CleanPreprocessModule processing took 1 ms
601  [DEBUG] Overriding previous definition of property "user.input.dir"
601  [DEBUG] Overriding previous definition of property "transtypes"
601  [DEBUG] Overriding previous definition of property "parser.md"
601  [DEBUG] Overriding previous definition of property "plugin.org.dita.specialization.dita11.dir"
601  [DEBUG] Overriding previous definition of property "crawl"
601  [DEBUG] Overriding previous definition of property "parser.hdita"
601  [DEBUG] Overriding previous definition of property "cli.color"
601  [DEBUG] Overriding previous definition of property "user.input.file"
601  [DEBUG] Overriding previous definition of property "plugin.org.dita.pdf2.dir"
601  [DEBUG] Overriding previous definition of property "print_transtypes"
601  [DEBUG] Overriding previous definition of property "onlytopicinmap"
601  [DEBUG] Overriding previous definition of property "supported_resource_extensions"
601  [DEBUG] Overriding previous definition of property "plugin.org.dita.xhtml.dir"
601  [DEBUG] Overriding previous definition of property "plugin.org.dita.index.dir"
601  [DEBUG] Overriding previous definition of property "relflagimagelist"
601  [DEBUG] Overriding previous definition of property "supported_html_extensions"
601  [DEBUG] Overriding previous definition of property "plugin.order"
601  [DEBUG] Overriding previous definition of property "otrelease"
601  [DEBUG] Overriding previous definition of property "supported_image_extensions"
601  [DEBUG] Overriding previous definition of property "InputMapDir"
602  [DEBUG] Overriding previous definition of property "org.dita.pdf2.i18n.enabled"
602  [DEBUG] Overriding previous definition of property "user.input.dir.uri"
602  [DEBUG] Overriding previous definition of property "plugin.org.dita.html5.dir"
602  [DEBUG] Overriding previous definition of property "generatecopyouter"
602  [DEBUG] Overriding previous definition of property "default.cascade"
602  [DEBUG] Overriding previous definition of property "plugin.org.oasis-open.xdita.v0_2_2.dir"
602  [DEBUG] Overriding previous definition of property "plugin.org.dita.eclipsehelp.dir"
602  [DEBUG] Overriding previous definition of property "outputdir"
602  [DEBUG] Overriding previous definition of property "plugin.org.dita.htmlhelp.dir"
602  [DEBUG] Overriding previous definition of property "temp-file-name-scheme"
602  [DEBUG] Overriding previous definition of property "plugin.org.dita.base.dir"
602  [DEBUG] Overriding previous definition of property "plugindirs"
602  [DEBUG] Overriding previous definition of property "parser.mdita"
602  [DEBUG] Overriding previous definition of property "user.input.file.listfile"
602  [DEBUG] Overriding previous definition of property "outercontrol"
602  [DEBUG] Overriding previous definition of property "plugin.ignores"
602  [DEBUG] Overriding previous definition of property "relflagimagefile"
602  [DEBUG] Overriding previous definition of property "user.input.file.uri"
602  [DEBUG] Overriding previous definition of property "registry"
602  [DEBUG] Overriding previous definition of property "plugin.org.dita.pdf2.axf.dir"
602  [DEBUG] Overriding previous definition of property "plugin.org.dita.normalize.dir"
602  [DEBUG] Overriding previous definition of property "plugin.org.oasis-open.dita.techcomm.v2_0.dir"
602  [DEBUG] Overriding previous definition of property "plugin.org.oasis-open.dita.v1_2.dir"
602  [DEBUG] Overriding previous definition of property "InputMapDir.uri"
602  [DEBUG] Overriding previous definition of property "plugin.org.dita.pdf2.fop.dir"
602  [DEBUG] Overriding previous definition of property "plugin.org.lwdita.dir"
602  [DEBUG] Overriding previous definition of property "plugin.org.dita.pdf2.xep.dir"
602  [DEBUG] Overriding previous definition of property "tempdirToinputmapdir.relative.value"
602  [DEBUG] Overriding previous definition of property "plugin.org.oasis-open.dita.v2_0.dir"
602  [DEBUG] Overriding previous definition of property "otversion"
602  [DEBUG] Overriding previous definition of property "plugin.org.oasis-open.dita.v1_3.dir"
602  [DEBUG] Overriding previous definition of property "parser.markdown"
602  [DEBUG] Overriding previous definition of property "uplevels"
603  [DEBUG] Skipped because property 'preprocess.copy-flag.skip' set.
604  [DEBUG] Scanning for demo.ditamap
604  [DEBUG] Found temporary directory file /Users/isemisynov/Develop/dita-formats-demo/tmp/1653650802681/demo.ditamap
604  [DEBUG] Set property html5.map.url = file:/Users/isemisynov/Develop/dita-formats-demo/tmp/1653650802681/demo.ditamap
605  [DEBUG] ImageMetadataModule processing took 0 ms
605  [DEBUG] Skipped because property 'old.transform' not set.
606  [INFO ] Transforming into /Users/isemisynov/Develop/dita-formats-demo/output/dita/html5
606  [INFO ] Loading stylesheet file:/Users/isemisynov/Develop/dita-formats-demo/dita-ot-3.7.2/plugins/org.dita.html5/xsl/dita2html5.xsl
905  [INFO ] Loading stylesheet file:/Users/isemisynov/Develop/dita-formats-demo/dita-ot-3.7.2/plugins/org.dita.html5/xsl/dita2html5.xsl
905  [DEBUG] Set parameter OUTEXT to '.html'
905  [DEBUG] Set parameter input.map.url to 'file:/Users/isemisynov/Develop/dita-formats-demo/tmp/1653650802681/demo.ditamap'
905  [DEBUG] Set parameter CSSPATH to ''
905  [DEBUG] Set parameter defaultLanguage to 'en'
905  [DEBUG] Set parameter BASEDIR to '/Users/isemisynov/Develop/dita-formats-demo/dita-ot-3.7.2'
905  [DEBUG] Set parameter nav-toc to 'partial'
905  [DEBUG] Set parameter OUTPUTDIR to '/Users/isemisynov/Develop/dita-formats-demo/output/dita/html5'
905  [DEBUG] Set parameter include.rellinks to '#default parent child sibling friend next previous cousin descendant sample external other'
905  [DEBUG] Set parameter FILENAME to 'demo-topic1.dita'
905  [DEBUG] Set parameter FILEDIR to '.'
905  [INFO ] Processing file:/Users/isemisynov/Develop/dita-formats-demo/tmp/1653650802681/demo-topic1.dita to file:/Users/isemisynov/Develop/dita-formats-demo/output/dita/html5/demo-topic1.html
927  [DEBUG] Set parameter OUTEXT to '.html'
927  [DEBUG] Set parameter input.map.url to 'file:/Users/isemisynov/Develop/dita-formats-demo/tmp/1653650802681/demo.ditamap'
927  [DEBUG] Set parameter CSSPATH to ''
927  [DEBUG] Set parameter defaultLanguage to 'en'
927  [DEBUG] Set parameter BASEDIR to '/Users/isemisynov/Develop/dita-formats-demo/dita-ot-3.7.2'
927  [DEBUG] Set parameter nav-toc to 'partial'
927  [DEBUG] Set parameter OUTPUTDIR to '/Users/isemisynov/Develop/dita-formats-demo/output/dita/html5'
927  [DEBUG] Set parameter include.rellinks to '#default parent child sibling friend next previous cousin descendant sample external other'
927  [DEBUG] Set parameter FILENAME to 'demo-topic2.dita'
928  [DEBUG] Set parameter FILEDIR to '.'
928  [INFO ] Processing file:/Users/isemisynov/Develop/dita-formats-demo/tmp/1653650802681/demo-topic2.dita to file:/Users/isemisynov/Develop/dita-formats-demo/output/dita/html5/demo-topic2.html
934  [DEBUG] XsltModule processing took 328 ms
936  [INFO ] Transforming into /Users/isemisynov/Develop/dita-formats-demo/output/dita/html5
936  [INFO ] Loading stylesheet file:/Users/isemisynov/Develop/dita-formats-demo/dita-ot-3.7.2/plugins/org.dita.html5/xsl/map2html5-cover.xsl
1198 [INFO ] Loading stylesheet file:/Users/isemisynov/Develop/dita-formats-demo/dita-ot-3.7.2/plugins/org.dita.html5/xsl/map2html5-cover.xsl
1198 [DEBUG] Set parameter OUTEXT to '.html'
1198 [DEBUG] Set parameter CSSPATH to ''
1198 [INFO ] Processing file:/Users/isemisynov/Develop/dita-formats-demo/tmp/1653650802681/demo.ditamap to file:/Users/isemisynov/Develop/dita-formats-demo/output/dita/html5/index.html
1332 [DEBUG] XsltModule processing took 396 ms
1332 [DEBUG] Property "args.copycss" has not been set
1332 [DEBUG] Skipping /Users/isemisynov/Develop/dita-formats-demo/output/dita/html5 because it already exists.
1333 [DEBUG] commonltr.css added as commonltr.css doesn't exist.
1333 [DEBUG] commonrtl.css added as commonrtl.css doesn't exist.
1333 [DEBUG] No sources found.
1333 [INFO ] Copying 2 files to /Users/isemisynov/Develop/dita-formats-demo/output/dita/html5
1333 [DEBUG] Copying /Users/isemisynov/Develop/dita-formats-demo/dita-ot-3.7.2/plugins/org.dita.html5/css/commonltr.css to /Users/isemisynov/Develop/dita-formats-demo/output/dita/html5/commonltr.css
1335 [DEBUG] Copying /Users/isemisynov/Develop/dita-formats-demo/dita-ot-3.7.2/plugins/org.dita.html5/css/commonrtl.css to /Users/isemisynov/Develop/dita-formats-demo/output/dita/html5/commonrtl.css
1339 [DEBUG] Project base dir set to: /Users/isemisynov/Develop/dita-formats-demo/dita-ot-3.7.2
1339 [DEBUG] calling target(s) [html5.copy-css-user] in build file /Users/isemisynov/Develop/dita-formats-demo/dita-ot-3.7.2/build.xml
1340 [DEBUG] parsing buildfile /Users/isemisynov/Develop/dita-formats-demo/dita-ot-3.7.2/build.xml with URI = file:/Users/isemisynov/Develop/dita-formats-demo/dita-ot-3.7.2/build.xml
1340 [DEBUG] Project base dir set to: /Users/isemisynov/Develop/dita-formats-demo/dita-ot-3.7.2
1341 [DEBUG] Override ignored for property "ant.file.DOST.dir"
1341 [DEBUG] Override ignored for property "dita.dir"
1341 [DEBUG] Override ignored for property "dita.dir"
1341 [DEBUG] Loading /Users/isemisynov/Develop/dita-formats-demo/dita-ot-3.7.2/local.properties
1341 [DEBUG] Unable to find property file: /Users/isemisynov/Develop/dita-formats-demo/dita-ot-3.7.2/local.properties
1341 [DEBUG] Importing file /Users/isemisynov/Develop/dita-formats-demo/dita-ot-3.7.2/plugins/org.dita.base/build.xml from /Users/isemisynov/Develop/dita-formats-demo/dita-ot-3.7.2/build.xml
1342 [DEBUG] Overriding previous definition of reference to ant.projectHelper
1342 [DEBUG] parsing buildfile /Users/isemisynov/Develop/dita-formats-demo/dita-ot-3.7.2/plugins/org.dita.base/build.xml with URI = file:/Users/isemisynov/Develop/dita-formats-demo/dita-ot-3.7.2/plugins/org.dita.base/build.xml
1349 [DEBUG] Override ignored for property "dita.plugin.org.dita.htmlhelp.dir"
1349 [DEBUG] Override ignored for property "dita.plugin.org.dita.base.dir"
1349 [DEBUG] Override ignored for property "dita.plugin.org.dita.pdf2.xep.dir"
1349 [DEBUG] Override ignored for property "dita.plugin.org.oasis-open.dita.techcomm.v2_0.dir"
1350 [DEBUG] Override ignored for property "dita.plugin.org.dita.eclipsehelp.dir"
1350 [DEBUG] Override ignored for property "dita.plugin.org.dita.pdf2.fop.dir"
1350 [DEBUG] Override ignored for property "dita.plugin.org.dita.specialization.dita11.dir"
1350 [DEBUG] Override ignored for property "dita.plugin.org.dita.normalize.dir"
1350 [DEBUG] Override ignored for property "dita.plugin.org.oasis-open.xdita.v0_2_2.dir"
1350 [DEBUG] Override ignored for property "dita.plugin.org.dita.pdf2.axf.dir"
1350 [DEBUG] Override ignored for property "dita.plugin.org.dita.html5.dir"
1350 [DEBUG] Override ignored for property "dita.plugin.org.dita.index.dir"
1350 [DEBUG] Override ignored for property "dita.plugin.org.dita.xhtml.dir"
1350 [DEBUG] Override ignored for property "dita.plugin.org.lwdita.dir"
1350 [DEBUG] Override ignored for property "dita.plugin.org.oasis-open.dita.v1_2.dir"
1350 [DEBUG] Override ignored for property "dita.plugin.org.dita.pdf2.dir"
1350 [DEBUG] Override ignored for property "dita.plugin.org.oasis-open.dita.v1_3.dir"
1351 [DEBUG] Override ignored for property "dita.plugin.org.oasis-open.dita.v2_0.dir"
1351 [DEBUG] Importing file /Users/isemisynov/Develop/dita-formats-demo/dita-ot-3.7.2/plugins/org.dita.base/build_init.xml from /Users/isemisynov/Develop/dita-formats-demo/dita-ot-3.7.2/plugins/org.dita.base/build.xml
1351 [DEBUG] Overriding previous definition of reference to ant.projectHelper
1352 [DEBUG] parsing buildfile /Users/isemisynov/Develop/dita-formats-demo/dita-ot-3.7.2/plugins/org.dita.base/build_init.xml with URI = file:/Users/isemisynov/Develop/dita-formats-demo/dita-ot-3.7.2/plugins/org.dita.base/build_init.xml
1353 [DEBUG] Override ignored for property "otrelease"
1353 [DEBUG] Override ignored for property "otversion"
1353 [DEBUG] Loading /Users/isemisynov/Develop/dita-formats-demo/dita-ot-3.7.2/config/org.dita.dost.platform/plugin.properties
1353 [DEBUG] Override ignored for property "plugin.org.oasis-open.xdita.v0_2_2.dir"
1353 [DEBUG] Override ignored for property "plugin.org.dita.eclipsehelp.dir"
1353 [DEBUG] Override ignored for property "plugin.org.dita.htmlhelp.dir"
1353 [DEBUG] Override ignored for property "plugin.org.dita.base.dir"
1353 [DEBUG] Override ignored for property "transtypes"
1353 [DEBUG] Override ignored for property "parser.md"
1353 [DEBUG] Override ignored for property "parser.mdita"
1353 [DEBUG] Override ignored for property "plugin.org.dita.specialization.dita11.dir"
1353 [DEBUG] Override ignored for property "parser.hdita"
1353 [DEBUG] Override ignored for property "plugin.org.dita.pdf2.axf.dir"
1353 [DEBUG] Override ignored for property "plugin.org.dita.pdf2.dir"
1353 [DEBUG] Override ignored for property "plugin.org.dita.normalize.dir"
1353 [DEBUG] Override ignored for property "print_transtypes"
1353 [DEBUG] Override ignored for property "plugin.org.oasis-open.dita.techcomm.v2_0.dir"
1353 [DEBUG] Override ignored for property "plugin.org.oasis-open.dita.v1_2.dir"
1353 [DEBUG] Override ignored for property "supported_resource_extensions"
1353 [DEBUG] Override ignored for property "plugin.org.dita.xhtml.dir"
1353 [DEBUG] Override ignored for property "plugin.org.dita.pdf2.fop.dir"
1353 [DEBUG] Override ignored for property "plugin.org.dita.index.dir"
1353 [DEBUG] Override ignored for property "plugin.org.lwdita.dir"
1353 [DEBUG] Override ignored for property "plugin.org.dita.pdf2.xep.dir"
1353 [DEBUG] Override ignored for property "supported_html_extensions"
1353 [DEBUG] Override ignored for property "supported_image_extensions"
1353 [DEBUG] Override ignored for property "plugin.org.oasis-open.dita.v2_0.dir"
1353 [DEBUG] Override ignored for property "plugin.org.oasis-open.dita.v1_3.dir"
1353 [DEBUG] Override ignored for property "parser.markdown"
1353 [DEBUG] Override ignored for property "plugin.org.dita.html5.dir"
1354 [DEBUG] Loading /Users/isemisynov/Develop/dita-formats-demo/dita-ot-3.7.2/config/configuration.properties
1354 [DEBUG] Override ignored for property "default.cascade"
1354 [DEBUG] Override ignored for property "registry"
1354 [DEBUG] Override ignored for property "plugin.ignores"
1354 [DEBUG] Override ignored for property "plugin.order"
1354 [DEBUG] Override ignored for property "temp-file-name-scheme"
1354 [DEBUG] Override ignored for property "plugindirs"
1354 [DEBUG] Override ignored for property "org.dita.pdf2.i18n.enabled"
1354 [DEBUG] Override ignored for property "cli.color"
1355 [DEBUG] creating macro  job-helper
1355 [DEBUG] Overriding previous definition of reference to ant.projectHelper
1356 [DEBUG] Importing file /Users/isemisynov/Develop/dita-formats-demo/dita-ot-3.7.2/plugins/org.dita.base/build_preprocess.xml from /Users/isemisynov/Develop/dita-formats-demo/dita-ot-3.7.2/plugins/org.dita.base/build.xml
1356 [DEBUG] Overriding previous definition of reference to ant.projectHelper
1357 [DEBUG] parsing buildfile /Users/isemisynov/Develop/dita-formats-demo/dita-ot-3.7.2/plugins/org.dita.base/build_preprocess.xml with URI = file:/Users/isemisynov/Develop/dita-formats-demo/dita-ot-3.7.2/plugins/org.dita.base/build_preprocess.xml
1358 [DEBUG] Overriding previous definition of reference to ant.projectHelper
1359 [DEBUG] Importing file /Users/isemisynov/Develop/dita-formats-demo/dita-ot-3.7.2/plugins/org.dita.base/build_preprocess2.xml from /Users/isemisynov/Develop/dita-formats-demo/dita-ot-3.7.2/plugins/org.dita.base/build.xml
1359 [DEBUG] Overriding previous definition of reference to ant.projectHelper
1360 [DEBUG] parsing buildfile /Users/isemisynov/Develop/dita-formats-demo/dita-ot-3.7.2/plugins/org.dita.base/build_preprocess2.xml with URI = file:/Users/isemisynov/Develop/dita-formats-demo/dita-ot-3.7.2/plugins/org.dita.base/build_preprocess2.xml
1361 [DEBUG] Overriding previous definition of reference to ant.projectHelper
1362 [DEBUG] Importing file /Users/isemisynov/Develop/dita-formats-demo/dita-ot-3.7.2/plugins/org.dita.xhtml/build_general.xml from /Users/isemisynov/Develop/dita-formats-demo/dita-ot-3.7.2/plugins/org.dita.base/build.xml
1362 [DEBUG] Overriding previous definition of reference to ant.projectHelper
1362 [DEBUG] parsing buildfile /Users/isemisynov/Develop/dita-formats-demo/dita-ot-3.7.2/plugins/org.dita.xhtml/build_general.xml with URI = file:/Users/isemisynov/Develop/dita-formats-demo/dita-ot-3.7.2/plugins/org.dita.xhtml/build_general.xml
1364 [DEBUG] creating macro  topics.html
1364 [DEBUG] Overriding previous definition of reference to ant.projectHelper
1364 [DEBUG] Importing file /Users/isemisynov/Develop/dita-formats-demo/dita-ot-3.7.2/plugins/org.dita.xhtml/build_dita2xhtml.xml from /Users/isemisynov/Develop/dita-formats-demo/dita-ot-3.7.2/plugins/org.dita.base/build.xml
1365 [DEBUG] Overriding previous definition of reference to ant.projectHelper
1365 [DEBUG] parsing buildfile /Users/isemisynov/Develop/dita-formats-demo/dita-ot-3.7.2/plugins/org.dita.xhtml/build_dita2xhtml.xml with URI = file:/Users/isemisynov/Develop/dita-formats-demo/dita-ot-3.7.2/plugins/org.dita.xhtml/build_dita2xhtml.xml
1367 [DEBUG] creating macro  map.html
1367 [DEBUG] Overriding previous definition of reference to ant.projectHelper
1368 [DEBUG] Importing file /Users/isemisynov/Develop/dita-formats-demo/dita-ot-3.7.2/plugins/org.dita.eclipsehelp/build_dita2eclipsehelp.xml from /Users/isemisynov/Develop/dita-formats-demo/dita-ot-3.7.2/plugins/org.dita.base/build.xml
1368 [DEBUG] Overriding previous definition of reference to ant.projectHelper
1369 [DEBUG] parsing buildfile /Users/isemisynov/Develop/dita-formats-demo/dita-ot-3.7.2/plugins/org.dita.eclipsehelp/build_dita2eclipsehelp.xml with URI = file:/Users/isemisynov/Develop/dita-formats-demo/dita-ot-3.7.2/plugins/org.dita.eclipsehelp/build_dita2eclipsehelp.xml
1371 [DEBUG] Overriding previous definition of reference to ant.projectHelper
1371 [DEBUG] Importing file /Users/isemisynov/Develop/dita-formats-demo/dita-ot-3.7.2/plugins/org.dita.html5/build_dita2html5.xml from /Users/isemisynov/Develop/dita-formats-demo/dita-ot-3.7.2/plugins/org.dita.base/build.xml
1371 [DEBUG] Overriding previous definition of reference to ant.projectHelper
1372 [DEBUG] parsing buildfile /Users/isemisynov/Develop/dita-formats-demo/dita-ot-3.7.2/plugins/org.dita.html5/build_dita2html5.xml with URI = file:/Users/isemisynov/Develop/dita-formats-demo/dita-ot-3.7.2/plugins/org.dita.html5/build_dita2html5.xml
1373 [DEBUG] creating macro  html5.topics
1373 [DEBUG] creating macro  html5.map
1373 [DEBUG] Overriding previous definition of reference to ant.projectHelper
1374 [DEBUG] Importing file /Users/isemisynov/Develop/dita-formats-demo/dita-ot-3.7.2/plugins/org.dita.htmlhelp/build_dita2htmlhelp.xml from /Users/isemisynov/Develop/dita-formats-demo/dita-ot-3.7.2/plugins/org.dita.base/build.xml
1374 [DEBUG] Overriding previous definition of reference to ant.projectHelper
1375 [DEBUG] parsing buildfile /Users/isemisynov/Develop/dita-formats-demo/dita-ot-3.7.2/plugins/org.dita.htmlhelp/build_dita2htmlhelp.xml with URI = file:/Users/isemisynov/Develop/dita-formats-demo/dita-ot-3.7.2/plugins/org.dita.htmlhelp/build_dita2htmlhelp.xml
1376 [DEBUG] Overriding previous definition of reference to ant.projectHelper
1377 [DEBUG] Importing file /Users/isemisynov/Develop/dita-formats-demo/dita-ot-3.7.2/plugins/org.dita.index/build.xml from /Users/isemisynov/Develop/dita-formats-demo/dita-ot-3.7.2/plugins/org.dita.base/build.xml
1377 [DEBUG] Overriding previous definition of reference to ant.projectHelper
1378 [DEBUG] parsing buildfile /Users/isemisynov/Develop/dita-formats-demo/dita-ot-3.7.2/plugins/org.dita.index/build.xml with URI = file:/Users/isemisynov/Develop/dita-formats-demo/dita-ot-3.7.2/plugins/org.dita.index/build.xml
1378 [DEBUG] Overriding previous definition of reference to ant.projectHelper
1379 [DEBUG] Importing file /Users/isemisynov/Develop/dita-formats-demo/dita-ot-3.7.2/plugins/org.dita.pdf2/build.xml from /Users/isemisynov/Develop/dita-formats-demo/dita-ot-3.7.2/plugins/org.dita.base/build.xml
1379 [DEBUG] Overriding previous definition of reference to ant.projectHelper
1379 [DEBUG] parsing buildfile /Users/isemisynov/Develop/dita-formats-demo/dita-ot-3.7.2/plugins/org.dita.pdf2/build.xml with URI = file:/Users/isemisynov/Develop/dita-formats-demo/dita-ot-3.7.2/plugins/org.dita.pdf2/build.xml
1381 [DEBUG] Overriding previous definition of reference to ant.projectHelper
1381 [DEBUG] Importing file /Users/isemisynov/Develop/dita-formats-demo/dita-ot-3.7.2/plugins/org.dita.pdf2.axf/build.xml from /Users/isemisynov/Develop/dita-formats-demo/dita-ot-3.7.2/plugins/org.dita.base/build.xml
1381 [DEBUG] Overriding previous definition of reference to ant.projectHelper
1382 [DEBUG] parsing buildfile /Users/isemisynov/Develop/dita-formats-demo/dita-ot-3.7.2/plugins/org.dita.pdf2.axf/build.xml with URI = file:/Users/isemisynov/Develop/dita-formats-demo/dita-ot-3.7.2/plugins/org.dita.pdf2.axf/build.xml
1386 [DEBUG] Overriding previous definition of reference to ant.projectHelper
1387 [DEBUG] Importing file /Users/isemisynov/Develop/dita-formats-demo/dita-ot-3.7.2/plugins/org.dita.pdf2.fop/build_fop.xml from /Users/isemisynov/Develop/dita-formats-demo/dita-ot-3.7.2/plugins/org.dita.base/build.xml
1387 [DEBUG] Overriding previous definition of reference to ant.projectHelper
1387 [DEBUG] parsing buildfile /Users/isemisynov/Develop/dita-formats-demo/dita-ot-3.7.2/plugins/org.dita.pdf2.fop/build_fop.xml with URI = file:/Users/isemisynov/Develop/dita-formats-demo/dita-ot-3.7.2/plugins/org.dita.pdf2.fop/build_fop.xml
1388 [DEBUG] Override ignored for property "fop.home"
1388 [DEBUG] Overriding previous definition of reference to ant.projectHelper
1389 [DEBUG] Importing file /Users/isemisynov/Develop/dita-formats-demo/dita-ot-3.7.2/plugins/org.dita.pdf2.xep/build.xml from /Users/isemisynov/Develop/dita-formats-demo/dita-ot-3.7.2/plugins/org.dita.base/build.xml
1389 [DEBUG] Overriding previous definition of reference to ant.projectHelper
1389 [DEBUG] parsing buildfile /Users/isemisynov/Develop/dita-formats-demo/dita-ot-3.7.2/plugins/org.dita.pdf2.xep/build.xml with URI = file:/Users/isemisynov/Develop/dita-formats-demo/dita-ot-3.7.2/plugins/org.dita.pdf2.xep/build.xml
1390 [DEBUG] Overriding previous definition of reference to ant.projectHelper
1391 [DEBUG] Importing file /Users/isemisynov/Develop/dita-formats-demo/dita-ot-3.7.2/plugins/org.dita.normalize/build.xml from /Users/isemisynov/Develop/dita-formats-demo/dita-ot-3.7.2/plugins/org.dita.base/build.xml
1391 [DEBUG] Overriding previous definition of reference to ant.projectHelper
1391 [DEBUG] parsing buildfile /Users/isemisynov/Develop/dita-formats-demo/dita-ot-3.7.2/plugins/org.dita.normalize/build.xml with URI = file:/Users/isemisynov/Develop/dita-formats-demo/dita-ot-3.7.2/plugins/org.dita.normalize/build.xml
1392 [DEBUG] Overriding previous definition of reference to ant.projectHelper
1392 [DEBUG] Importing file /Users/isemisynov/Develop/dita-formats-demo/dita-ot-3.7.2/plugins/org.lwdita/build-markdown.xml from /Users/isemisynov/Develop/dita-formats-demo/dita-ot-3.7.2/plugins/org.dita.base/build.xml
1392 [DEBUG] Overriding previous definition of reference to ant.projectHelper
1392 [DEBUG] parsing buildfile /Users/isemisynov/Develop/dita-formats-demo/dita-ot-3.7.2/plugins/org.lwdita/build-markdown.xml with URI = file:/Users/isemisynov/Develop/dita-formats-demo/dita-ot-3.7.2/plugins/org.lwdita/build-markdown.xml
1394 [DEBUG] creating macro  markdown.map
1394 [DEBUG] creating macro  markdown.topics
1394 [DEBUG] Overriding previous definition of reference to ant.projectHelper
1394 [DEBUG] Importing file /Users/isemisynov/Develop/dita-formats-demo/dita-ot-3.7.2/plugins/org.lwdita/build-html.xml from /Users/isemisynov/Develop/dita-formats-demo/dita-ot-3.7.2/plugins/org.dita.base/build.xml
1394 [DEBUG] Overriding previous definition of reference to ant.projectHelper
1395 [DEBUG] parsing buildfile /Users/isemisynov/Develop/dita-formats-demo/dita-ot-3.7.2/plugins/org.lwdita/build-html.xml with URI = file:/Users/isemisynov/Develop/dita-formats-demo/dita-ot-3.7.2/plugins/org.lwdita/build-html.xml
1395 [DEBUG] Overriding previous definition of reference to ant.projectHelper
1395 [DEBUG] Overriding previous definition of reference to ant.projectHelper
1395 [DEBUG] Entering /Users/isemisynov/Develop/dita-formats-demo/dita-ot-3.7.2/build.xml...
1396 [DEBUG] Build sequence for target(s) `html5.copy-css-user' is [html5.copy-css-user]
1397 [DEBUG] Complete build sequence is [html5.copy-css-user, dita2pdf2.init, dita.index.eclipsehelp.init, ditaot-preprocess.mapref-check, conref, transform.topic2pdf.init, preview.topic.pdf.init, copyCoreArtwork, transform.fo2pdf.xep.test-use, transform.fo2pdf.xep.init, transform.fo2pdf.fop.test-use, transform.fo2pdf.fop.init, transform.fo2pdf.ah.test-use, transform.fo2pdf.ah.init, transform.topic2fo.init, org.dita.index.init, org.dita.index, transform.topic2fo.main, transform.topic2fo.i18n.filter, transform.topic2fo.i18n.no-filter, transform.topic2fo.i18n, transform.topic2fo, transform.fo2pdf.xep, transform.fo2pdf.fop, transform.fo2pdf.ah, transform.fo2pdf, transform.topic2pdf, dita.build.preview.topic.pdf, ditaot-preprocess.maplink-check, markdown_github.init, init-properties, check-arg, log-arg, build-init, preprocess.init, ditaval-merge, gen-list, debug-filter, mapref-check, mapref, branch-filter, keyref, copy-to, conrefpush, profile-check, profile, topic-fragment, chunk-check, chunk, move-meta-entries, maplink-check, maplink, topicpull-check, topicpull, clean-map-check, clean-map, clean-preprocess, copy-image, copy-html, copy-flag-check, copy-flag, copy-files, preprocess, markdown.init, markdown.topics.common, markdown.topics.common.inner, markdown.topic, markdown.map.init, markdown.map.toc, markdown.map, dita2markdown, dita2normalize.dita2markdown_github, dita2normalize.markdown.topics.common, ditaot-init.check-arg, dita2dita, org.dita.pdf2.xep.transform.fo2pdf.xep, dita2htmlhelp.init, ditaot-preprocess.profile-check, dita2html5.html5.map.toc, html5.map.init, html5.map.toc, dita2html5.html5.map, ditaot-preprocess2.map-conrefpush, dita2eclipsehelp.dita.map.eclipse.plugin.init, dita.map.eclipse.plugin.init, dita.map.eclipse.plugin, ditaot-preprocess.debug-filter, dita.map.eclipse.fragment.move.files, dita2normalize.dita.out.map.hdita.toc, xhtml.init, xhtml.image-metadata, htmlhelp.topics, ditaot-init.build-init, dita2xhtml.copy-css-user, ditaot-preprocess.copy-to, ditaot-preprocess.keyref, ditaot-preprocess.copy-flag-check, ditaot-preprocess2.topic-keyref, transform.topic2fo.index.init, dita.build.transform.topic2fo.index, ditaot-preprocess2.topic-maplink, preprocess2.init, map-reader, map-mapref, map-branch-filter, map-keyref, map-conrefpush, map-conref, map-profile-check, map-profile, preprocess2.maps, topic-reader, topic-branch-filter, topic-keyref, topic-copy-to, topic-conrefpush, topic-conref, topic-profile-check, topic-profile, preprocess2.topic-fragment, topic-chunk, topic-move-meta-entries, topic-maplink, topic-topicpull, preprocess2.topics, map-clean-map, copy-image2, copy-files2, preprocess2, build_generaltargets.output-css-warn-message, ditaot-preprocess2.topic-reader, ditaot-preprocess.chunk, dita.topics.html.common, dita.build.transform.topic2fo.i18n.filter, org.dita.pdf2.axf.transform.fo2pdf.ah.nooption, ditaot-preprocess2.topic-branch-filter, build_generaltargets.xhtml.image-metadata, dita2normalize.dita.topics.hdita.common, dita.map.xhtml.init, dita.map.xhtml.toc, dita.map.xhtml, dita.map.eclipse.toc, dita.build.transform.topic2fo.i18n, org.dita.pdf2.axf.transform.fo2pdf.ah, html5.topic.init, org.dita.pdf2.xep.transform.fo2pdf.xep.test-use, ditaot-preprocess2.preprocess2.topic-fragment, markdown_gitbook.init, dita2eclipsehelp.dita.map.eclipse.fragment.language.init, ditaot-preprocess.preprocess.init, copy-revflag, ditaot-preprocess.clean-map, dita2xhtml.init, map2pdf2, topic2pdf2, dita.build.dita2pdf2, hdita.init, ditaot-preprocess.clean-preprocess, dita2xhtml.dita.out.map.xhtml.toc, org.dita.pdf2.xep.transform.fo2pdf.xep.init, ditaot-preprocess2.preprocess2, org.dita.pdf2.axf.transform.fo2pdf.ah.test-use, ditaot-preprocess.maplink, ditaot-init.init-properties, ditaot-preprocess.preprocess, use-init.envhhcdir, use-init.hhcdir, htmlhelp.copy-image, copy-css, dita2htmlhelp.dita2htmlhelp, publish.map.pdf.init, dita2xhtml.dita.map.xhtml, copy-plugin-files, ditaot-preprocess2.map-clean-map, dita2pdf2, dita.build.dita2pdf, ditaot-preprocess.conrefpush, dita.map.eclipse.init, dita2eclipsehelp.dita.map.eclipse.fragment.error, ditaot-preprocess.branch-filter, dita.map.hdita.init, dita2eclipsehelp.copy-plugin-files, dita.build.transform.fo2pdf, html5.init, dita2eclipsehelp.dita.out.map.eclipse.plugin, build.eclipse.jar, org.dita.pdf2.fop.transform.fo2pdf.fop, dita.build.transform.topic2pdf.init, ditaot-preprocess2.map-mapref, dita.map.eclipse.fragment.language.init, ditaot-preprocess.gen-list, build_generaltargets.dita.topics.html.common, dita2htmlhelp.use-init.hhcdir, dita.build.publish.map.pdf, html5.topics.common.inner, dita2normalize.hdita.init, DOST.init, DOST.help, transform.fo2pdf.ah.nooption, dita.inner.topics.hdita.common, dita2htmlhelp.dita.htmlhelp.convertlang, ditaot-preprocess2.topic-topicpull, dita2eclipsehelp.dita.out.map.eclipse.toc, dita2normalize.markdown.init, html5.image-metadata, html5.topics.common, dita2html5.html5.topic, ditaot-preprocess.chunk-check, dita2normalize.markdown_gitbook.init, dita2htmlhelp.org.dita.index, build_generaltargets.dita.inner.topics.html.common, html5.topic, preprocess2-topic, ditaot-preprocess2.map-profile-check, dita.out.map.eclipse.plugin.properties, dita2eclipsehelp.dita.map.eclipse.index, ditaot-preprocess.profile, dita2normalize.markdown.topics.common.inner, dita.map.eclipse.fragment.language.country.init, dita2eclipsehelp.dita.map.eclipse.plugin.properties, ditaot-preprocess.copy-files, dita.inner.topics.html.common, build_generaltargets.xhtml.topics, org.dita.pdf2.fop.transform.fo2pdf.fop.test-use, dita2htmlhelp.dita2htmlhelp.init, dita.map.htmlhelp.init, ditaot-preprocess2.map-conref, dita.map.eclipse.index, dita.map.eclipse.plugin.properties, dita.map.eclipse.manifest.file, dita.out.map.eclipse.manifest.file, dita.out.map.eclipse.toc, dita.out.map.eclipse.index, dita.out.map.eclipse.plugin, dita.out.map.eclipse.fragment.move.files, dita.map.eclipse.genetrate.fragment, ditaot-preprocess.topicpull-check, init, help, ditaot-preprocess2.preprocess2-topic, dita.map.eclipse.fragment.error, ditaot-preprocess2.map-reader, ditaot-init.log-arg, dita2xhtml.copy-css, dita2normalize.markdown.map.toc, ditaot-preprocess.move-meta-entries, dita2markdown_gitbook, dita.build.transform.topic2fo, html5.css, preview.topic.pdf, transform.topic2fo.index, dita2eclipsehelp.dita.map.eclipse.init, xhtml.topics, dita2xhtml.dita2xhtml, ditaot-preprocess2.topic-move-meta-entries, dita2normalize.dita.inner.topics.hdita.common, dita2normalize.markdown_github.init, dita2eclipsehelp.dita.map.eclipse.toc, dita2normalize.dita2dita, ditaot-preprocess.copy-html, dita2normalize.markdown.topic, dita2html5.html5.topic.init, dita.topics.hdita.common, dita.map.hdita.toc, dita.out.map.hdita.toc, dita2normalize.dita2hdita, dita.map.eclipse.generate.plugin, clean-temp, dita2xhtml.dita2xhtml.init, ditaot-preprocess.copy-image, ditaot-preprocess.ditaval-merge, dita.map.htmlhelp.hhp, dita.map.htmlhelp.hhc, dita.map.htmlhelp.hhk, dita.htmlhelp.convertlang, compile.HTML.Help, dita.map.htmlhelp, dita2html5.html5.init, build_generaltargets.xhtml.init, dita2html5.html5.topics.common.inner, dita2xhtml.dita.map.xhtml.toc, org.dita.pdf2.fop.transform.fo2pdf.fop.init, dita2eclipsehelp.dita.out.map.eclipse.index, ditaot-preprocess2.preprocess2.maps, dita2eclipsehelp.build.eclipse.jar, ditaot-preprocess2.map-branch-filter, dita2normalize.markdown.map.init, dita2htmlhelp.compile.HTML.Help, dita.build.transform.topic2fo.index.init, dita2htmlhelp.dita.map.htmlhelp, html5.map, dita2html5, dita2html5.html5.map.init, ditaot-preprocess.mapref, dita2eclipsehelp.dita.out.map.eclipse.manifest.file, dita.build.transform.topic2fo.main, ditaot-preprocess.clean-map-check, dita2normalize.dita.map.hdita.toc, dita2eclipsehelp.dita.map.eclipse.genetrate.fragment, dita2eclipsehelp.dita.map.eclipse.fragment.language.country.init, dita.build.publish.map.pdf.init, ditaot-preprocess2.copy-image2, ditaot-preprocess.clean-temp, dita.build.dita2pdf2.init, dita2normalize.dita2markdown_gitbook, dita2eclipsehelp.dita.map.eclipse.manifest.file, dita2eclipsehelp.dita.out.map.eclipse.fragment.move.files, dita.eclipsehelp.init, dita2htmlhelp.org.dita.index.init, dita2hdita, dita2normalize.markdown.map, dita.build.transform.topic2fo.init, dita.out.map.xhtml.toc, ditaot-preprocess.copy-flag, dita2htmlhelp.htmlhelp.topics, dita2xhtml, dita2eclipsehelp.dita.index.eclipsehelp.init, org.dita.pdf2.axf.transform.fo2pdf.ah.hasoption, dita2eclipsehelp.dita.map.eclipse.generate.plugin, dita.build.preview.topic.pdf.init, ditaot-preprocess2.map-keyref, dita2htmlhelp.dita.map.htmlhelp.init, transform.fo2pdf.ah.hasoption, dita2eclipsehelp.dita.map.eclipse.plugin, ditaot-preprocess2.copy-files2, dita2pdf, ditaot-preprocess.conref, ditaot-preprocess2.topic-conref, dita.build.transform.topic2fo.i18n.no-filter, dita.build.copyCoreArtwork, dita2normalize.dita2markdown, dita2xhtml.copy-revflag, dita.build.transform.topic2pdf, dita2markdown_github, ditaot-preprocess.topic-fragment, ditaot-preprocess2.topic-conrefpush, dita.map.eclipse, dita2eclipsehelp.dita2eclipsehelp, ditaot-preprocess2.preprocess2.topics, dita2html5.html5.css, dita2eclipsehelp, dita2eclipsehelp.dita.map.eclipse, dita.build.topic2pdf2, dita2eclipsehelp.dita.map.eclipse.fragment.move.files, dita2html5.html5.copy-css-user, dita2normalize.dita.map.hdita.init, dita2htmlhelp.dita.map.htmlhelp.hhp, ditaot-preprocess2.map-profile, ditaot-preprocess.topicpull, ditaot-preprocess2.topic-profile-check, dita2htmlhelp.dita.map.htmlhelp.hhk, output-css-warn-message, dita2htmlhelp.dita.map.htmlhelp.hhc, dita2html5.html5.image-metadata, dita2htmlhelp.htmlhelp.copy-image, dita2htmlhelp.use-init.envhhcdir, copy-css-user, dita2htmlhelp, dita2eclipsehelp.dita.out.map.eclipse.plugin.properties, dita.build.map2pdf2, dita2html5.html5.topics.common, ditaot-preprocess2.topic-copy-to, dita2html5.dita2html5, org.dita.pdf2.axf.transform.fo2pdf.ah.init, ditaot-preprocess2.topic-chunk, dita2eclipsehelp.dita.eclipsehelp.init, ditaot-preprocess2.preprocess2.init, publish.map.pdf, dita2xhtml.dita.map.xhtml.init, , ditaot-preprocess2.topic-profile]
1397 [DEBUG] Skipped because property 'user.copycss.yes' not set.
1397 [DEBUG] Exiting /Users/isemisynov/Develop/dita-formats-demo/dita-ot-3.7.2/build.xml.
