0    [DEBUG] Detected Java version: 18 in: /Library/Java/JavaVirtualMachines/jdk-18.jdk/Contents/Home
0    [DEBUG] Detected OS: Mac OS X
1    [DEBUG] Project base dir set to: /Users/isemisynov/Develop/dita-formats-demo/dita-ot-3.7.2
1    [DEBUG] parsing buildfile /Users/isemisynov/Develop/dita-formats-demo/dita-ot-3.7.2/build.xml with URI = file:/Users/isemisynov/Develop/dita-formats-demo/dita-ot-3.7.2/build.xml
1    [DEBUG] Project base dir set to: /Users/isemisynov/Develop/dita-formats-demo/dita-ot-3.7.2
22   [DEBUG] parsing buildfile jar:file:/Users/isemisynov/Develop/dita-formats-demo/dita-ot-3.7.2/lib/ant.jar!/org/apache/tools/ant/antlib.xml with URI = jar:file:/Users/isemisynov/Develop/dita-formats-demo/dita-ot-3.7.2/lib/ant.jar!/org/apache/tools/ant/antlib.xml from a zip file
45   [DEBUG] parsing buildfile jar:file:/Users/isemisynov/.gradle/caches/modules-2/files-2.1/org.apache.ant/ant/1.10.12/be08c4f63e92e03bac761404cf77bc270928b6c5/ant-1.10.12.jar!/org/apache/tools/ant/antlib.xml with URI = jar:file:/Users/isemisynov/.gradle/caches/modules-2/files-2.1/org.apache.ant/ant/1.10.12/be08c4f63e92e03bac761404cf77bc270928b6c5/ant-1.10.12.jar!/org/apache/tools/ant/antlib.xml from a zip file
47   [DEBUG] Override ignored for property "dita.dir"
47   [DEBUG] Override ignored for property "dita.dir"
47   [DEBUG] Loading /Users/isemisynov/Develop/dita-formats-demo/dita-ot-3.7.2/local.properties
48   [DEBUG] Unable to find property file: /Users/isemisynov/Develop/dita-formats-demo/dita-ot-3.7.2/local.properties
48   [DEBUG] Importing file /Users/isemisynov/Develop/dita-formats-demo/dita-ot-3.7.2/plugins/org.dita.base/build.xml from /Users/isemisynov/Develop/dita-formats-demo/dita-ot-3.7.2/build.xml
48   [DEBUG] Overriding previous definition of reference to ant.projectHelper
48   [DEBUG] parsing buildfile /Users/isemisynov/Develop/dita-formats-demo/dita-ot-3.7.2/plugins/org.dita.base/build.xml with URI = file:/Users/isemisynov/Develop/dita-formats-demo/dita-ot-3.7.2/plugins/org.dita.base/build.xml
56   [DEBUG] Importing file /Users/isemisynov/Develop/dita-formats-demo/dita-ot-3.7.2/plugins/org.dita.base/build_init.xml from /Users/isemisynov/Develop/dita-formats-demo/dita-ot-3.7.2/plugins/org.dita.base/build.xml
56   [DEBUG] Overriding previous definition of reference to ant.projectHelper
57   [DEBUG] parsing buildfile /Users/isemisynov/Develop/dita-formats-demo/dita-ot-3.7.2/plugins/org.dita.base/build_init.xml with URI = file:/Users/isemisynov/Develop/dita-formats-demo/dita-ot-3.7.2/plugins/org.dita.base/build_init.xml
58   [DEBUG] Loading /Users/isemisynov/Develop/dita-formats-demo/dita-ot-3.7.2/config/org.dita.dost.platform/plugin.properties
59   [DEBUG] Loading /Users/isemisynov/Develop/dita-formats-demo/dita-ot-3.7.2/config/configuration.properties
61   [DEBUG] creating macro  job-helper
61   [DEBUG] Overriding previous definition of reference to ant.projectHelper
61   [DEBUG] Importing file /Users/isemisynov/Develop/dita-formats-demo/dita-ot-3.7.2/plugins/org.dita.base/build_preprocess.xml from /Users/isemisynov/Develop/dita-formats-demo/dita-ot-3.7.2/plugins/org.dita.base/build.xml
61   [DEBUG] Overriding previous definition of reference to ant.projectHelper
62   [DEBUG] parsing buildfile /Users/isemisynov/Develop/dita-formats-demo/dita-ot-3.7.2/plugins/org.dita.base/build_preprocess.xml with URI = file:/Users/isemisynov/Develop/dita-formats-demo/dita-ot-3.7.2/plugins/org.dita.base/build_preprocess.xml
63   [DEBUG] Property "conserve-memory" has not been set
63   [DEBUG] Overriding previous definition of reference to ant.projectHelper
63   [DEBUG] Importing file /Users/isemisynov/Develop/dita-formats-demo/dita-ot-3.7.2/plugins/org.dita.base/build_preprocess2.xml from /Users/isemisynov/Develop/dita-formats-demo/dita-ot-3.7.2/plugins/org.dita.base/build.xml
63   [DEBUG] Overriding previous definition of reference to ant.projectHelper
64   [DEBUG] parsing buildfile /Users/isemisynov/Develop/dita-formats-demo/dita-ot-3.7.2/plugins/org.dita.base/build_preprocess2.xml with URI = file:/Users/isemisynov/Develop/dita-formats-demo/dita-ot-3.7.2/plugins/org.dita.base/build_preprocess2.xml
65   [DEBUG] Overriding previous definition of reference to ant.projectHelper
65   [DEBUG] Importing file /Users/isemisynov/Develop/dita-formats-demo/dita-ot-3.7.2/plugins/org.dita.xhtml/build_general.xml from /Users/isemisynov/Develop/dita-formats-demo/dita-ot-3.7.2/plugins/org.dita.base/build.xml
65   [DEBUG] Overriding previous definition of reference to ant.projectHelper
66   [DEBUG] parsing buildfile /Users/isemisynov/Develop/dita-formats-demo/dita-ot-3.7.2/plugins/org.dita.xhtml/build_general.xml with URI = file:/Users/isemisynov/Develop/dita-formats-demo/dita-ot-3.7.2/plugins/org.dita.xhtml/build_general.xml
66   [DEBUG] creating macro  topics.html
66   [DEBUG] Overriding previous definition of reference to ant.projectHelper
67   [DEBUG] Importing file /Users/isemisynov/Develop/dita-formats-demo/dita-ot-3.7.2/plugins/org.dita.xhtml/build_dita2xhtml.xml from /Users/isemisynov/Develop/dita-formats-demo/dita-ot-3.7.2/plugins/org.dita.base/build.xml
67   [DEBUG] Overriding previous definition of reference to ant.projectHelper
67   [DEBUG] parsing buildfile /Users/isemisynov/Develop/dita-formats-demo/dita-ot-3.7.2/plugins/org.dita.xhtml/build_dita2xhtml.xml with URI = file:/Users/isemisynov/Develop/dita-formats-demo/dita-ot-3.7.2/plugins/org.dita.xhtml/build_dita2xhtml.xml
68   [DEBUG] creating macro  map.html
68   [DEBUG] Overriding previous definition of reference to ant.projectHelper
68   [DEBUG] Importing file /Users/isemisynov/Develop/dita-formats-demo/dita-ot-3.7.2/plugins/org.dita.eclipsehelp/build_dita2eclipsehelp.xml from /Users/isemisynov/Develop/dita-formats-demo/dita-ot-3.7.2/plugins/org.dita.base/build.xml
68   [DEBUG] Overriding previous definition of reference to ant.projectHelper
69   [DEBUG] parsing buildfile /Users/isemisynov/Develop/dita-formats-demo/dita-ot-3.7.2/plugins/org.dita.eclipsehelp/build_dita2eclipsehelp.xml with URI = file:/Users/isemisynov/Develop/dita-formats-demo/dita-ot-3.7.2/plugins/org.dita.eclipsehelp/build_dita2eclipsehelp.xml
70   [DEBUG] Overriding previous definition of reference to ant.projectHelper
71   [DEBUG] Importing file /Users/isemisynov/Develop/dita-formats-demo/dita-ot-3.7.2/plugins/org.dita.html5/build_dita2html5.xml from /Users/isemisynov/Develop/dita-formats-demo/dita-ot-3.7.2/plugins/org.dita.base/build.xml
71   [DEBUG] Overriding previous definition of reference to ant.projectHelper
71   [DEBUG] parsing buildfile /Users/isemisynov/Develop/dita-formats-demo/dita-ot-3.7.2/plugins/org.dita.html5/build_dita2html5.xml with URI = file:/Users/isemisynov/Develop/dita-formats-demo/dita-ot-3.7.2/plugins/org.dita.html5/build_dita2html5.xml
72   [DEBUG] creating macro  html5.topics
72   [DEBUG] creating macro  html5.map
72   [DEBUG] Overriding previous definition of reference to ant.projectHelper
73   [DEBUG] Importing file /Users/isemisynov/Develop/dita-formats-demo/dita-ot-3.7.2/plugins/org.dita.htmlhelp/build_dita2htmlhelp.xml from /Users/isemisynov/Develop/dita-formats-demo/dita-ot-3.7.2/plugins/org.dita.base/build.xml
73   [DEBUG] Overriding previous definition of reference to ant.projectHelper
73   [DEBUG] parsing buildfile /Users/isemisynov/Develop/dita-formats-demo/dita-ot-3.7.2/plugins/org.dita.htmlhelp/build_dita2htmlhelp.xml with URI = file:/Users/isemisynov/Develop/dita-formats-demo/dita-ot-3.7.2/plugins/org.dita.htmlhelp/build_dita2htmlhelp.xml
74   [DEBUG] Overriding previous definition of reference to ant.projectHelper
74   [DEBUG] Importing file /Users/isemisynov/Develop/dita-formats-demo/dita-ot-3.7.2/plugins/org.dita.index/build.xml from /Users/isemisynov/Develop/dita-formats-demo/dita-ot-3.7.2/plugins/org.dita.base/build.xml
74   [DEBUG] Overriding previous definition of reference to ant.projectHelper
75   [DEBUG] parsing buildfile /Users/isemisynov/Develop/dita-formats-demo/dita-ot-3.7.2/plugins/org.dita.index/build.xml with URI = file:/Users/isemisynov/Develop/dita-formats-demo/dita-ot-3.7.2/plugins/org.dita.index/build.xml
75   [DEBUG] Overriding previous definition of reference to ant.projectHelper
75   [DEBUG] Importing file /Users/isemisynov/Develop/dita-formats-demo/dita-ot-3.7.2/plugins/org.dita.pdf2/build.xml from /Users/isemisynov/Develop/dita-formats-demo/dita-ot-3.7.2/plugins/org.dita.base/build.xml
75   [DEBUG] Overriding previous definition of reference to ant.projectHelper
76   [DEBUG] parsing buildfile /Users/isemisynov/Develop/dita-formats-demo/dita-ot-3.7.2/plugins/org.dita.pdf2/build.xml with URI = file:/Users/isemisynov/Develop/dita-formats-demo/dita-ot-3.7.2/plugins/org.dita.pdf2/build.xml
77   [DEBUG] Overriding previous definition of reference to ant.projectHelper
77   [DEBUG] Importing file /Users/isemisynov/Develop/dita-formats-demo/dita-ot-3.7.2/plugins/org.dita.pdf2.axf/build.xml from /Users/isemisynov/Develop/dita-formats-demo/dita-ot-3.7.2/plugins/org.dita.base/build.xml
77   [DEBUG] Overriding previous definition of reference to ant.projectHelper
78   [DEBUG] parsing buildfile /Users/isemisynov/Develop/dita-formats-demo/dita-ot-3.7.2/plugins/org.dita.pdf2.axf/build.xml with URI = file:/Users/isemisynov/Develop/dita-formats-demo/dita-ot-3.7.2/plugins/org.dita.pdf2.axf/build.xml
79   [DEBUG] Overriding previous definition of reference to ant.projectHelper
79   [DEBUG] Importing file /Users/isemisynov/Develop/dita-formats-demo/dita-ot-3.7.2/plugins/org.dita.pdf2.fop/build_fop.xml from /Users/isemisynov/Develop/dita-formats-demo/dita-ot-3.7.2/plugins/org.dita.base/build.xml
79   [DEBUG] Overriding previous definition of reference to ant.projectHelper
79   [DEBUG] parsing buildfile /Users/isemisynov/Develop/dita-formats-demo/dita-ot-3.7.2/plugins/org.dita.pdf2.fop/build_fop.xml with URI = file:/Users/isemisynov/Develop/dita-formats-demo/dita-ot-3.7.2/plugins/org.dita.pdf2.fop/build_fop.xml
80   [DEBUG] Overriding previous definition of reference to ant.projectHelper
81   [DEBUG] Importing file /Users/isemisynov/Develop/dita-formats-demo/dita-ot-3.7.2/plugins/org.dita.pdf2.xep/build.xml from /Users/isemisynov/Develop/dita-formats-demo/dita-ot-3.7.2/plugins/org.dita.base/build.xml
81   [DEBUG] Overriding previous definition of reference to ant.projectHelper
81   [DEBUG] parsing buildfile /Users/isemisynov/Develop/dita-formats-demo/dita-ot-3.7.2/plugins/org.dita.pdf2.xep/build.xml with URI = file:/Users/isemisynov/Develop/dita-formats-demo/dita-ot-3.7.2/plugins/org.dita.pdf2.xep/build.xml
82   [DEBUG] Overriding previous definition of reference to ant.projectHelper
82   [DEBUG] Importing file /Users/isemisynov/Develop/dita-formats-demo/dita-ot-3.7.2/plugins/org.dita.normalize/build.xml from /Users/isemisynov/Develop/dita-formats-demo/dita-ot-3.7.2/plugins/org.dita.base/build.xml
82   [DEBUG] Overriding previous definition of reference to ant.projectHelper
83   [DEBUG] parsing buildfile /Users/isemisynov/Develop/dita-formats-demo/dita-ot-3.7.2/plugins/org.dita.normalize/build.xml with URI = file:/Users/isemisynov/Develop/dita-formats-demo/dita-ot-3.7.2/plugins/org.dita.normalize/build.xml
83   [DEBUG] Overriding previous definition of reference to ant.projectHelper
83   [DEBUG] Importing file /Users/isemisynov/Develop/dita-formats-demo/dita-ot-3.7.2/plugins/org.lwdita/build-markdown.xml from /Users/isemisynov/Develop/dita-formats-demo/dita-ot-3.7.2/plugins/org.dita.base/build.xml
84   [DEBUG] Overriding previous definition of reference to ant.projectHelper
84   [DEBUG] parsing buildfile /Users/isemisynov/Develop/dita-formats-demo/dita-ot-3.7.2/plugins/org.lwdita/build-markdown.xml with URI = file:/Users/isemisynov/Develop/dita-formats-demo/dita-ot-3.7.2/plugins/org.lwdita/build-markdown.xml
85   [DEBUG] creating macro  markdown.map
85   [DEBUG] creating macro  markdown.topics
85   [DEBUG] Overriding previous definition of reference to ant.projectHelper
85   [DEBUG] Importing file /Users/isemisynov/Develop/dita-formats-demo/dita-ot-3.7.2/plugins/org.lwdita/build-html.xml from /Users/isemisynov/Develop/dita-formats-demo/dita-ot-3.7.2/plugins/org.dita.base/build.xml
85   [DEBUG] Overriding previous definition of reference to ant.projectHelper
86   [DEBUG] parsing buildfile /Users/isemisynov/Develop/dita-formats-demo/dita-ot-3.7.2/plugins/org.lwdita/build-html.xml with URI = file:/Users/isemisynov/Develop/dita-formats-demo/dita-ot-3.7.2/plugins/org.lwdita/build-html.xml
87   [DEBUG] Overriding previous definition of reference to ant.projectHelper
87   [DEBUG] Overriding previous definition of reference to ant.projectHelper
87   [DEBUG] Build sequence for target(s) `dita2pdf2' is [dita2pdf2.init, init-properties, check-arg, log-arg, build-init, preprocess2.init, ditaval-merge, map-reader, map-mapref, map-branch-filter, map-keyref, map-conrefpush, map-conref, map-profile-check, map-profile, preprocess2.maps, topic-reader, topic-branch-filter, topic-keyref, topic-copy-to, topic-conrefpush, topic-conref, topic-profile-check, topic-profile, preprocess2.topic-fragment, topic-chunk, topic-move-meta-entries, topic-maplink, topic-topicpull, preprocess2.topics, map-clean-map, clean-preprocess, copy-image2, copy-html, copy-flag-check, copy-flag, copy-files2, preprocess2, map2pdf2, topic2pdf2, dita2pdf2]
88   [DEBUG] Complete build sequence is [dita2pdf2.init, init-properties, check-arg, log-arg, build-init, preprocess2.init, ditaval-merge, map-reader, map-mapref, map-branch-filter, map-keyref, map-conrefpush, map-conref, map-profile-check, map-profile, preprocess2.maps, topic-reader, topic-branch-filter, topic-keyref, topic-copy-to, topic-conrefpush, topic-conref, topic-profile-check, topic-profile, preprocess2.topic-fragment, topic-chunk, topic-move-meta-entries, topic-maplink, topic-topicpull, preprocess2.topics, map-clean-map, clean-preprocess, copy-image2, copy-html, copy-flag-check, copy-flag, copy-files2, preprocess2, map2pdf2, topic2pdf2, dita2pdf2, dita.index.eclipsehelp.init, ditaot-preprocess.mapref-check, conref, transform.topic2pdf.init, preview.topic.pdf.init, copyCoreArtwork, transform.fo2pdf.xep.test-use, transform.fo2pdf.xep.init, transform.fo2pdf.fop.test-use, transform.fo2pdf.fop.init, transform.fo2pdf.ah.test-use, transform.fo2pdf.ah.init, transform.topic2fo.init, org.dita.index.init, org.dita.index, transform.topic2fo.main, transform.topic2fo.i18n.filter, transform.topic2fo.i18n.no-filter, transform.topic2fo.i18n, transform.topic2fo, transform.fo2pdf.xep, transform.fo2pdf.fop, transform.fo2pdf.ah, transform.fo2pdf, transform.topic2pdf, dita.build.preview.topic.pdf, ditaot-preprocess.maplink-check, markdown_github.init, preprocess.init, gen-list, debug-filter, mapref-check, mapref, branch-filter, keyref, copy-to, conrefpush, profile-check, profile, topic-fragment, chunk-check, chunk, move-meta-entries, maplink-check, maplink, topicpull-check, topicpull, clean-map-check, clean-map, copy-image, copy-files, preprocess, markdown.init, markdown.topics.common, markdown.topics.common.inner, markdown.topic, markdown.map.init, markdown.map.toc, markdown.map, dita2markdown, dita2normalize.dita2markdown_github, dita2normalize.markdown.topics.common, ditaot-init.check-arg, dita2dita, org.dita.pdf2.xep.transform.fo2pdf.xep, dita2htmlhelp.init, ditaot-preprocess.profile-check, dita2html5.html5.map.toc, html5.map.init, html5.map.toc, dita2html5.html5.map, ditaot-preprocess2.map-conrefpush, dita2eclipsehelp.dita.map.eclipse.plugin.init, dita.map.eclipse.plugin.init, dita.map.eclipse.plugin, ditaot-preprocess.debug-filter, dita.map.eclipse.fragment.move.files, dita2normalize.dita.out.map.hdita.toc, xhtml.init, xhtml.image-metadata, htmlhelp.topics, ditaot-init.build-init, dita2xhtml.copy-css-user, ditaot-preprocess.copy-to, ditaot-preprocess.keyref, ditaot-preprocess.copy-flag-check, ditaot-preprocess2.topic-keyref, transform.topic2fo.index.init, dita.build.transform.topic2fo.index, ditaot-preprocess2.topic-maplink, build_generaltargets.output-css-warn-message, ditaot-preprocess2.topic-reader, ditaot-preprocess.chunk, dita.topics.html.common, dita.build.transform.topic2fo.i18n.filter, org.dita.pdf2.axf.transform.fo2pdf.ah.nooption, ditaot-preprocess2.topic-branch-filter, build_generaltargets.xhtml.image-metadata, dita2normalize.dita.topics.hdita.common, dita.map.xhtml.init, dita.map.xhtml.toc, dita.map.xhtml, dita.map.eclipse.toc, dita.build.transform.topic2fo.i18n, org.dita.pdf2.axf.transform.fo2pdf.ah, html5.topic.init, org.dita.pdf2.xep.transform.fo2pdf.xep.test-use, ditaot-preprocess2.preprocess2.topic-fragment, markdown_gitbook.init, dita2eclipsehelp.dita.map.eclipse.fragment.language.init, ditaot-preprocess.preprocess.init, copy-revflag, ditaot-preprocess.clean-map, dita2xhtml.init, dita.build.dita2pdf2, hdita.init, ditaot-preprocess.clean-preprocess, dita2xhtml.dita.out.map.xhtml.toc, org.dita.pdf2.xep.transform.fo2pdf.xep.init, ditaot-preprocess2.preprocess2, org.dita.pdf2.axf.transform.fo2pdf.ah.test-use, ditaot-preprocess.maplink, ditaot-init.init-properties, ditaot-preprocess.preprocess, use-init.envhhcdir, use-init.hhcdir, htmlhelp.copy-image, copy-css, dita2htmlhelp.dita2htmlhelp, publish.map.pdf.init, dita2xhtml.dita.map.xhtml, copy-plugin-files, ditaot-preprocess2.map-clean-map, dita.build.dita2pdf, ditaot-preprocess.conrefpush, dita.map.eclipse.init, dita2eclipsehelp.dita.map.eclipse.fragment.error, ditaot-preprocess.branch-filter, dita.map.hdita.init, dita2eclipsehelp.copy-plugin-files, dita.build.transform.fo2pdf, html5.init, dita2eclipsehelp.dita.out.map.eclipse.plugin, build.eclipse.jar, org.dita.pdf2.fop.transform.fo2pdf.fop, dita.build.transform.topic2pdf.init, ditaot-preprocess2.map-mapref, dita.map.eclipse.fragment.language.init, ditaot-preprocess.gen-list, build_generaltargets.dita.topics.html.common, dita2htmlhelp.use-init.hhcdir, dita.build.publish.map.pdf, html5.topics.common.inner, dita2normalize.hdita.init, DOST.init, DOST.help, transform.fo2pdf.ah.nooption, dita.inner.topics.hdita.common, dita2htmlhelp.dita.htmlhelp.convertlang, ditaot-preprocess2.topic-topicpull, dita2eclipsehelp.dita.out.map.eclipse.toc, dita2normalize.markdown.init, html5.image-metadata, html5.topics.common, dita2html5.html5.topic, ditaot-preprocess.chunk-check, dita2normalize.markdown_gitbook.init, dita2htmlhelp.org.dita.index, build_generaltargets.dita.inner.topics.html.common, html5.topic, preprocess2-topic, ditaot-preprocess2.map-profile-check, dita.out.map.eclipse.plugin.properties, dita2eclipsehelp.dita.map.eclipse.index, ditaot-preprocess.profile, dita2normalize.markdown.topics.common.inner, dita.map.eclipse.fragment.language.country.init, dita2eclipsehelp.dita.map.eclipse.plugin.properties, ditaot-preprocess.copy-files, dita.inner.topics.html.common, build_generaltargets.xhtml.topics, org.dita.pdf2.fop.transform.fo2pdf.fop.test-use, dita2htmlhelp.dita2htmlhelp.init, dita.map.htmlhelp.init, ditaot-preprocess2.map-conref, dita.map.eclipse.index, dita.map.eclipse.plugin.properties, dita.map.eclipse.manifest.file, dita.out.map.eclipse.manifest.file, dita.out.map.eclipse.toc, dita.out.map.eclipse.index, dita.out.map.eclipse.plugin, dita.out.map.eclipse.fragment.move.files, dita.map.eclipse.genetrate.fragment, ditaot-preprocess.topicpull-check, init, help, ditaot-preprocess2.preprocess2-topic, dita.map.eclipse.fragment.error, ditaot-preprocess2.map-reader, ditaot-init.log-arg, dita2xhtml.copy-css, dita2normalize.markdown.map.toc, ditaot-preprocess.move-meta-entries, dita2markdown_gitbook, dita.build.transform.topic2fo, html5.css, preview.topic.pdf, transform.topic2fo.index, dita2eclipsehelp.dita.map.eclipse.init, xhtml.topics, dita2xhtml.dita2xhtml, ditaot-preprocess2.topic-move-meta-entries, dita2normalize.dita.inner.topics.hdita.common, dita2normalize.markdown_github.init, dita2eclipsehelp.dita.map.eclipse.toc, dita2normalize.dita2dita, ditaot-preprocess.copy-html, dita2normalize.markdown.topic, dita2html5.html5.topic.init, dita.topics.hdita.common, dita.map.hdita.toc, dita.out.map.hdita.toc, dita2normalize.dita2hdita, dita.map.eclipse.generate.plugin, clean-temp, dita2xhtml.dita2xhtml.init, ditaot-preprocess.copy-image, ditaot-preprocess.ditaval-merge, dita.map.htmlhelp.hhp, dita.map.htmlhelp.hhc, dita.map.htmlhelp.hhk, dita.htmlhelp.convertlang, compile.HTML.Help, dita.map.htmlhelp, dita2html5.html5.init, build_generaltargets.xhtml.init, dita2html5.html5.topics.common.inner, dita2xhtml.dita.map.xhtml.toc, org.dita.pdf2.fop.transform.fo2pdf.fop.init, dita2eclipsehelp.dita.out.map.eclipse.index, ditaot-preprocess2.preprocess2.maps, dita2eclipsehelp.build.eclipse.jar, ditaot-preprocess2.map-branch-filter, dita2normalize.markdown.map.init, dita2htmlhelp.compile.HTML.Help, dita.build.transform.topic2fo.index.init, dita2htmlhelp.dita.map.htmlhelp, html5.map, dita2html5, dita2html5.html5.map.init, ditaot-preprocess.mapref, dita2eclipsehelp.dita.out.map.eclipse.manifest.file, dita.build.transform.topic2fo.main, ditaot-preprocess.clean-map-check, dita2normalize.dita.map.hdita.toc, dita2eclipsehelp.dita.map.eclipse.genetrate.fragment, dita2eclipsehelp.dita.map.eclipse.fragment.language.country.init, dita.build.publish.map.pdf.init, ditaot-preprocess2.copy-image2, ditaot-preprocess.clean-temp, dita.build.dita2pdf2.init, dita2normalize.dita2markdown_gitbook, dita2eclipsehelp.dita.map.eclipse.manifest.file, dita2eclipsehelp.dita.out.map.eclipse.fragment.move.files, html5.copy-css-user, dita.eclipsehelp.init, dita2htmlhelp.org.dita.index.init, dita2hdita, dita2normalize.markdown.map, dita.build.transform.topic2fo.init, dita.out.map.xhtml.toc, ditaot-preprocess.copy-flag, dita2htmlhelp.htmlhelp.topics, dita2xhtml, dita2eclipsehelp.dita.index.eclipsehelp.init, org.dita.pdf2.axf.transform.fo2pdf.ah.hasoption, dita2eclipsehelp.dita.map.eclipse.generate.plugin, dita.build.preview.topic.pdf.init, ditaot-preprocess2.map-keyref, dita2htmlhelp.dita.map.htmlhelp.init, transform.fo2pdf.ah.hasoption, dita2eclipsehelp.dita.map.eclipse.plugin, ditaot-preprocess2.copy-files2, dita2pdf, ditaot-preprocess.conref, ditaot-preprocess2.topic-conref, dita.build.transform.topic2fo.i18n.no-filter, dita.build.copyCoreArtwork, dita2normalize.dita2markdown, dita2xhtml.copy-revflag, dita.build.transform.topic2pdf, dita2markdown_github, ditaot-preprocess.topic-fragment, ditaot-preprocess2.topic-conrefpush, dita.map.eclipse, dita2eclipsehelp.dita2eclipsehelp, ditaot-preprocess2.preprocess2.topics, dita2html5.html5.css, dita2eclipsehelp, dita2eclipsehelp.dita.map.eclipse, dita.build.topic2pdf2, dita2eclipsehelp.dita.map.eclipse.fragment.move.files, dita2html5.html5.copy-css-user, dita2normalize.dita.map.hdita.init, dita2htmlhelp.dita.map.htmlhelp.hhp, ditaot-preprocess2.map-profile, ditaot-preprocess.topicpull, ditaot-preprocess2.topic-profile-check, dita2htmlhelp.dita.map.htmlhelp.hhk, output-css-warn-message, dita2htmlhelp.dita.map.htmlhelp.hhc, dita2html5.html5.image-metadata, dita2htmlhelp.htmlhelp.copy-image, dita2htmlhelp.use-init.envhhcdir, copy-css-user, dita2htmlhelp, dita2eclipsehelp.dita.out.map.eclipse.plugin.properties, dita.build.map2pdf2, dita2html5.html5.topics.common, ditaot-preprocess2.topic-copy-to, dita2html5.dita2html5, org.dita.pdf2.axf.transform.fo2pdf.ah.init, ditaot-preprocess2.topic-chunk, dita2eclipsehelp.dita.eclipsehelp.init, ditaot-preprocess2.preprocess2.init, publish.map.pdf, dita2xhtml.dita.map.xhtml.init, , ditaot-preprocess2.topic-profile]
89   [DEBUG] Property "pdf.formatter" has not been set
89   [DEBUG] Property "pdf.formatter" has not been set
89   [DEBUG] Property "pdf.formatter" has not been set
89   [DEBUG] Property "pdf.formatter" has not been set
89   [DEBUG] Property "pdf.formatter" has not been set
90   [DEBUG] Property "args.xsl.pdf" has not been set
90   [DEBUG] Property "args.xsl.pdf" has not been set
90   [DEBUG] Property "org.dita.pdf2.chunk.enabled" has not been set
90   [DEBUG] Override ignored for property "base.temp.dir"
90   [DEBUG] Override ignored for property "dita.temp.dir"
91   [DEBUG] Override ignored for property "output.dir"
91   [DEBUG] Property "temp.output.dir.name" has not been set
91   [INFO ] Initializing project
92   [DEBUG] Loading Environment env.
93   [DEBUG] Property "args.xsl" has not been set
93   [DEBUG] Property "args.xsl" has not been set
93   [DEBUG] Property "args.outext" has not been set
94   [DEBUG] Property "args.outext" has not been set
94   [DEBUG] Property "args.outext" has not been set
94   [DEBUG] Property "args.outext" has not been set
94   [DEBUG] Skipping /Users/isemisynov/Develop/dita-formats-demo/output/markdown/pdf2 because it already exists.
94   [INFO ] Deleting directory /Users/isemisynov/Develop/dita-formats-demo/tmp/1653650815576
95   [DEBUG] Deleting directory /Users/isemisynov/Develop/dita-formats-demo/tmp/1653650815576
95   [INFO ] Created dir: /Users/isemisynov/Develop/dita-formats-demo/tmp/1653650815576
96   [DEBUG] Property "args.hide.parent.link" has not been set
97   [DEBUG] Property "org.xml.sax.driver" has not been set
97   [DEBUG] Unable to load class org.apache.crimson.parser.XMLReaderImpl
98   [DEBUG] Unable to load class net.sf.saxon.StyleSheet
98   [INFO ] *****************************************************************
98   [INFO ] * basedir = /Users/isemisynov/Develop/dita-formats-demo/dita-ot-3.7.2
98   [INFO ] * dita.dir = /Users/isemisynov/Develop/dita-formats-demo/dita-ot-3.7.2
98   [INFO ] * transtype = pdf2
98   [INFO ] * tempdir = /Users/isemisynov/Develop/dita-formats-demo/tmp/1653650815576
98   [INFO ] * outputdir = /Users/isemisynov/Develop/dita-formats-demo/output/markdown/pdf2
98   [DEBUG] Property "clean.temp" has not been set
98   [INFO ] * clean.temp = ${clean.temp}
98   [INFO ] * DITA-OT version = 3.7.2
99   [INFO ] * XML parser = Xerces
99   [INFO ] * XSLT processor = Saxon
99   [INFO ] * collator = ICU
99   [INFO ] *****************************************************************
100  [INFO ] #Ant properties
100  [INFO ] #Fri May 27 14:26:55 MSK 2022
100  [INFO ] args.grammar.cache=yes
100  [INFO ] args.input=file\:/Users/isemisynov/Develop/dita-formats-demo/demo-input/markdown/demo-markdown.ditamap
100  [INFO ] args.rellinks=nofamily
100  [INFO ] args.xml.systemid.set=yes
100  [INFO ] dita.dir=/Users/isemisynov/Develop/dita-formats-demo/dita-ot-3.7.2
100  [INFO ] dita.output.dir=/Users/isemisynov/Develop/dita-formats-demo/output/markdown/pdf2
100  [INFO ] dita.plugin.org.dita.base.dir=/Users/isemisynov/Develop/dita-formats-demo/dita-ot-3.7.2/plugins/org.dita.base
100  [INFO ] dita.plugin.org.dita.eclipsehelp.dir=/Users/isemisynov/Develop/dita-formats-demo/dita-ot-3.7.2/plugins/org.dita.eclipsehelp
100  [INFO ] dita.plugin.org.dita.html5.dir=/Users/isemisynov/Develop/dita-formats-demo/dita-ot-3.7.2/plugins/org.dita.html5
100  [INFO ] dita.plugin.org.dita.htmlhelp.dir=/Users/isemisynov/Develop/dita-formats-demo/dita-ot-3.7.2/plugins/org.dita.htmlhelp
100  [INFO ] dita.plugin.org.dita.index.dir=/Users/isemisynov/Develop/dita-formats-demo/dita-ot-3.7.2/plugins/org.dita.index
100  [INFO ] dita.plugin.org.dita.normalize.dir=/Users/isemisynov/Develop/dita-formats-demo/dita-ot-3.7.2/plugins/org.dita.normalize
100  [INFO ] dita.plugin.org.dita.pdf2.axf.dir=/Users/isemisynov/Develop/dita-formats-demo/dita-ot-3.7.2/plugins/org.dita.pdf2.axf
100  [INFO ] dita.plugin.org.dita.pdf2.dir=/Users/isemisynov/Develop/dita-formats-demo/dita-ot-3.7.2/plugins/org.dita.pdf2
100  [INFO ] dita.plugin.org.dita.pdf2.fop.dir=/Users/isemisynov/Develop/dita-formats-demo/dita-ot-3.7.2/plugins/org.dita.pdf2.fop
100  [INFO ] dita.plugin.org.dita.pdf2.xep.dir=/Users/isemisynov/Develop/dita-formats-demo/dita-ot-3.7.2/plugins/org.dita.pdf2.xep
100  [INFO ] dita.plugin.org.dita.specialization.dita11.dir=/Users/isemisynov/Develop/dita-formats-demo/dita-ot-3.7.2/plugins/org.dita.specialization.dita11
100  [INFO ] dita.plugin.org.dita.xhtml.dir=/Users/isemisynov/Develop/dita-formats-demo/dita-ot-3.7.2/plugins/org.dita.xhtml
100  [INFO ] dita.plugin.org.lwdita.dir=/Users/isemisynov/Develop/dita-formats-demo/dita-ot-3.7.2/plugins/org.lwdita
100  [INFO ] dita.plugin.org.oasis-open.dita.techcomm.v2_0.dir=/Users/isemisynov/Develop/dita-formats-demo/dita-ot-3.7.2/plugins/org.oasis-open.dita.techcomm.v2_0
100  [INFO ] dita.plugin.org.oasis-open.dita.v1_2.dir=/Users/isemisynov/Develop/dita-formats-demo/dita-ot-3.7.2/plugins/org.oasis-open.dita.v1_2
100  [INFO ] dita.plugin.org.oasis-open.dita.v1_3.dir=/Users/isemisynov/Develop/dita-formats-demo/dita-ot-3.7.2/plugins/org.oasis-open.dita.v1_3
100  [INFO ] dita.plugin.org.oasis-open.dita.v2_0.dir=/Users/isemisynov/Develop/dita-formats-demo/dita-ot-3.7.2/plugins/org.oasis-open.dita.v2_0
100  [INFO ] dita.plugin.org.oasis-open.xdita.v0_2_2.dir=/Users/isemisynov/Develop/dita-formats-demo/dita-ot-3.7.2/plugins/org.oasis-open.xdita.v0_2_2
100  [INFO ] dita.temp.dir=/Users/isemisynov/Develop/dita-formats-demo/tmp/1653650815576
100  [INFO ] preprocess.chunk.skip=true
100  [INFO ] preprocess.copy-flag.skip=true
100  [INFO ] preprocess.copy-image.skip=true
100  [INFO ] *****************************************************************
100  [DEBUG] Override ignored for property "clean-preprocess.use-result-filename"
101  [DEBUG] Set property dita.map.filename.root = demo-markdown
102  [INFO ] *****************************************************************
102  [INFO ] * input = file:/Users/isemisynov/Develop/dita-formats-demo/demo-input/markdown/demo-markdown.ditamap
102  [DEBUG] Property "args.resources" has not been set
102  [INFO ] * resources = ${args.resources}
102  [INFO ] *****************************************************************
104  [DEBUG] Job not found from Ant project reference
106  [INFO ] Using Xerces grammar pool for DTD and schema caching.
106  [INFO ] Processing file:/Users/isemisynov/Develop/dita-formats-demo/demo-input/markdown/demo-markdown.ditamap to file:/Users/isemisynov/Develop/dita-formats-demo/tmp/1653650815576/4682a7a37b54571dc65dff2911c4db6f4ab27dab.ditamap
110  [INFO ] Serializing job specification
112  [DEBUG] MapReaderModule processing took 7 ms
112  [DEBUG] Scanning for 4682a7a37b54571dc65dff2911c4db6f4ab27dab.ditamap
112  [DEBUG] Found temporary directory file /Users/isemisynov/Develop/dita-formats-demo/tmp/1653650815576/4682a7a37b54571dc65dff2911c4db6f4ab27dab.ditamap
112  [DEBUG] Set property inputMapPath = file:/Users/isemisynov/Develop/dita-formats-demo/tmp/1653650815576/4682a7a37b54571dc65dff2911c4db6f4ab27dab.ditamap
113  [DEBUG] Property "dita.preprocess.reloadstylesheet" has not been set
113  [DEBUG] Property "user.input.file" has not been set
154  [INFO ] Processing file:/Users/isemisynov/Develop/dita-formats-demo/tmp/1653650815576/4682a7a37b54571dc65dff2911c4db6f4ab27dab.ditamap
160  [DEBUG] MaprefModule processing took 47 ms
161  [INFO ] Processing file:/Users/isemisynov/Develop/dita-formats-demo/tmp/1653650815576/4682a7a37b54571dc65dff2911c4db6f4ab27dab.ditamap
161  [DEBUG] Reading file:/Users/isemisynov/Develop/dita-formats-demo/tmp/1653650815576/4682a7a37b54571dc65dff2911c4db6f4ab27dab.ditamap
161  [DEBUG] Split branches and generate copy-to
161  [DEBUG] Filter map
161  [DEBUG] Loading subject schemes
162  [DEBUG] Rewrite duplicate topic references
162  [DEBUG] Writing file:/Users/isemisynov/Develop/dita-formats-demo/tmp/1653650815576/4682a7a37b54571dc65dff2911c4db6f4ab27dab.ditamap
163  [DEBUG] MapBranchFilterModule processing took 3 ms
164  [DEBUG] KeyrefModule processing took 0 ms
210  [INFO ] Processing file:/Users/isemisynov/Develop/dita-formats-demo/tmp/1653650815576/4682a7a37b54571dc65dff2911c4db6f4ab27dab.ditamap
214  [DEBUG] MaprefModule processing took 49 ms
214  [DEBUG] ConrefPushModule processing took 0 ms
214  [DEBUG] Property "dita.preprocess.reloadstylesheet" has not been set
214  [DEBUG] Setting exportfile.url to URL file:/Users/isemisynov/Develop/dita-formats-demo/tmp/1653650815576/export.xml
215  [DEBUG] XsltModule processing took 0 ms
216  [INFO ] Processing /Users/isemisynov/Develop/dita-formats-demo/tmp/1653650815576/4682a7a37b54571dc65dff2911c4db6f4ab27dab.ditamap
218  [DEBUG] FilterModule processing took 3 ms
220  [INFO ] Using Xerces grammar pool for DTD and schema caching.
220  [DEBUG] Reading file:/Users/isemisynov/Develop/dita-formats-demo/tmp/1653650815576/4682a7a37b54571dc65dff2911c4db6f4ab27dab.ditamap
220  [DEBUG] Loading subject schemes
221  [INFO ] Reading file:/Users/isemisynov/Develop/dita-formats-demo/tmp/1653650815576/4682a7a37b54571dc65dff2911c4db6f4ab27dab.ditamap
221  [INFO ] Processing file:/Users/isemisynov/Develop/dita-formats-demo/demo-input/markdown/demo-markdown-topic1.md to file:/Users/isemisynov/Develop/dita-formats-demo/tmp/1653650815576/5a7bcca56bc99a016d034441fbf6e2d4388bffd8.md
284  [INFO ] Processing file:/Users/isemisynov/Develop/dita-formats-demo/demo-input/markdown/demo-markdown-topic2.md to file:/Users/isemisynov/Develop/dita-formats-demo/tmp/1653650815576/76b5d3e83eb1b5da725bb94f2efd34557a355b69.md
345  [INFO ] Serializing job specification
347  [DEBUG] TopicReaderModule processing took 128 ms
347  [INFO ] Processing file:/Users/isemisynov/Develop/dita-formats-demo/tmp/1653650815576/4682a7a37b54571dc65dff2911c4db6f4ab27dab.ditamap
348  [DEBUG] Reading file:/Users/isemisynov/Develop/dita-formats-demo/tmp/1653650815576/4682a7a37b54571dc65dff2911c4db6f4ab27dab.ditamap
348  [DEBUG] Loading subject schemes
348  [DEBUG] Filter topics and generate copies
348  [DEBUG] Filter existing topics
348  [DEBUG] Writing file:/Users/isemisynov/Develop/dita-formats-demo/tmp/1653650815576/4682a7a37b54571dc65dff2911c4db6f4ab27dab.ditamap
350  [DEBUG] TopicBranchFilterModule processing took 3 ms
350  [DEBUG] KeyrefModule processing took 0 ms
353  [DEBUG] CopyToModule processing took 3 ms
353  [DEBUG] ConrefPushModule processing took 0 ms
354  [DEBUG] Property "dita.preprocess.reloadstylesheet" has not been set
354  [DEBUG] Override ignored for property "dita.preprocess.reloadstylesheet.conref"
354  [DEBUG] XsltModule processing took 0 ms
354  [DEBUG] Skipped because property 'preprocess.topic-profile.skip' set.
355  [INFO ] Processing file:/Users/isemisynov/Develop/dita-formats-demo/tmp/1653650815576/4682a7a37b54571dc65dff2911c4db6f4ab27dab.ditamap
355  [DEBUG] Configure filter org.dita.dost.writer.TopicFragmentFilter
355  [DEBUG] Configure filter org.dita.dost.writer.NormalizeTableFilter
355  [DEBUG] Configure filter org.dita.dost.writer.NormalizeSimpleTableFilter
355  [DEBUG] Configure filter org.dita.dost.writer.CoderefResolver
355  [DEBUG] Configure filter org.dita.dost.writer.NormalizeCodeblock
358  [DEBUG] XmlFilterModule processing took 2 ms
358  [DEBUG] Skipped because property 'preprocess.chunk.skip' set.
358  [INFO ] Processing file:/Users/isemisynov/Develop/dita-formats-demo/tmp/1653650815576/4682a7a37b54571dc65dff2911c4db6f4ab27dab.ditamap
359  [DEBUG] Writing file:/Users/isemisynov/Develop/dita-formats-demo/tmp/1653650815576/4682a7a37b54571dc65dff2911c4db6f4ab27dab.ditamap
360  [INFO ] Loading stylesheet /Users/isemisynov/Develop/dita-formats-demo/dita-ot-3.7.2/plugins/org.dita.base/xsl/preprocess/mappull.xsl
416  [INFO ] Processing file:/Users/isemisynov/Develop/dita-formats-demo/tmp/1653650815576/4682a7a37b54571dc65dff2911c4db6f4ab27dab.ditamap
416  [DEBUG] Processing file:/Users/isemisynov/Develop/dita-formats-demo/tmp/1653650815576/4682a7a37b54571dc65dff2911c4db6f4ab27dab.ditamap to file:/Users/isemisynov/Develop/dita-formats-demo/tmp/1653650815576/4682a7a37b54571dc65dff2911c4db6f4ab27dab.ditamap.tmp1653650815992
416  [DEBUG] Set parameter basedir to '/Users/isemisynov/Develop/dita-formats-demo/dita-ot-3.7.2'
416  [DEBUG] Set parameter style to '/Users/isemisynov/Develop/dita-formats-demo/dita-ot-3.7.2/plugins/org.dita.base/xsl/preprocess/mappull.xsl'
416  [DEBUG] Set parameter conserve-memory to 'false'
416  [DEBUG] Set parameter message to 'Move metadata entries.'
513  [DEBUG] Moving file:/Users/isemisynov/Develop/dita-formats-demo/tmp/1653650815576/4682a7a37b54571dc65dff2911c4db6f4ab27dab.ditamap.tmp1653650815992 to file:/Users/isemisynov/Develop/dita-formats-demo/tmp/1653650815576/4682a7a37b54571dc65dff2911c4db6f4ab27dab.ditamap
514  [DEBUG] MoveMetaModule processing took 156 ms
514  [DEBUG] Property "dita.preprocess.reloadstylesheet" has not been set
571  [DEBUG] MoveLinksModule processing took 56 ms
571  [DEBUG] Property "dita.preprocess.reloadstylesheet" has not been set
572  [DEBUG] XsltModule processing took 0 ms
572  [DEBUG] Property "dita.preprocess.reloadstylesheet" has not been set
572  [INFO ] Transforming into /Users/isemisynov/Develop/dita-formats-demo/tmp/1653650815576
572  [INFO ] Loading stylesheet file:/Users/isemisynov/Develop/dita-formats-demo/dita-ot-3.7.2/plugins/org.dita.base/xsl/preprocess/clean-map.xsl
587  [DEBUG] Apache resolver library found, xml-commons resolver will be used
609  [INFO ] Loading stylesheet file:/Users/isemisynov/Develop/dita-formats-demo/dita-ot-3.7.2/plugins/org.dita.base/xsl/preprocess/clean-map.xsl
610  [INFO ] Processing file:/Users/isemisynov/Develop/dita-formats-demo/tmp/1653650815576/4682a7a37b54571dc65dff2911c4db6f4ab27dab.ditamap
612  [DEBUG] XsltModule processing took 40 ms
613  [DEBUG] CleanPreprocessModule processing took 1 ms
613  [DEBUG] Skipped because property 'preprocess.copy-image.skip' set.
613  [DEBUG] Property "_dita.map.output.dir" has not been set
613  [DEBUG] Property "uplevels" has not been set
614  [DEBUG] Scanning for 76b5d3e83eb1b5da725bb94f2efd34557a355b69.md
614  [DEBUG] Found temporary directory file /Users/isemisynov/Develop/dita-formats-demo/tmp/1653650815576/76b5d3e83eb1b5da725bb94f2efd34557a355b69.md
614  [DEBUG] Scanning for 5a7bcca56bc99a016d034441fbf6e2d4388bffd8.md
614  [DEBUG] Found temporary directory file /Users/isemisynov/Develop/dita-formats-demo/tmp/1653650815576/5a7bcca56bc99a016d034441fbf6e2d4388bffd8.md
614  [INFO ] Copying 2 resources to /Users/isemisynov/Develop/dita-formats-demo/dita-ot-3.7.2/${_dita.map.output.dir}/${uplevels}
614  [DEBUG] Copying file:/Users/isemisynov/Develop/dita-formats-demo/tmp/1653650815576/76b5d3e83eb1b5da725bb94f2efd34557a355b69.md to /Users/isemisynov/Develop/dita-formats-demo/dita-ot-3.7.2/${_dita.map.output.dir}/${uplevels}/demo-markdown-topic2.md
615  [DEBUG] Copying file:/Users/isemisynov/Develop/dita-formats-demo/tmp/1653650815576/5a7bcca56bc99a016d034441fbf6e2d4388bffd8.md to /Users/isemisynov/Develop/dita-formats-demo/dita-ot-3.7.2/${_dita.map.output.dir}/${uplevels}/demo-markdown-topic1.md
616  [DEBUG] Overriding previous definition of property "transtypes"
616  [DEBUG] Overriding previous definition of property "parser.md"
616  [DEBUG] Overriding previous definition of property "plugin.org.dita.specialization.dita11.dir"
616  [DEBUG] Overriding previous definition of property "parser.hdita"
616  [DEBUG] Overriding previous definition of property "cli.color"
616  [DEBUG] Overriding previous definition of property "plugin.org.dita.pdf2.dir"
616  [DEBUG] Overriding previous definition of property "print_transtypes"
616  [DEBUG] Overriding previous definition of property "supported_resource_extensions"
616  [DEBUG] Overriding previous definition of property "plugin.org.dita.xhtml.dir"
616  [DEBUG] Overriding previous definition of property "plugin.org.dita.index.dir"
616  [DEBUG] Overriding previous definition of property "supported_html_extensions"
616  [DEBUG] Overriding previous definition of property "plugin.order"
616  [DEBUG] Overriding previous definition of property "otrelease"
616  [DEBUG] Overriding previous definition of property "supported_image_extensions"
616  [DEBUG] Overriding previous definition of property "org.dita.pdf2.i18n.enabled"
616  [DEBUG] Overriding previous definition of property "plugin.org.dita.html5.dir"
616  [DEBUG] Overriding previous definition of property "default.cascade"
616  [DEBUG] Overriding previous definition of property "plugin.org.oasis-open.xdita.v0_2_2.dir"
616  [DEBUG] Overriding previous definition of property "plugin.org.dita.eclipsehelp.dir"
616  [DEBUG] Overriding previous definition of property "plugin.org.dita.htmlhelp.dir"
616  [DEBUG] Overriding previous definition of property "temp-file-name-scheme"
616  [DEBUG] Overriding previous definition of property "plugin.org.dita.base.dir"
616  [DEBUG] Overriding previous definition of property "plugindirs"
616  [DEBUG] Overriding previous definition of property "parser.mdita"
616  [DEBUG] Overriding previous definition of property "plugin.ignores"
616  [DEBUG] Overriding previous definition of property "registry"
616  [DEBUG] Overriding previous definition of property "plugin.org.dita.pdf2.axf.dir"
616  [DEBUG] Overriding previous definition of property "plugin.org.dita.normalize.dir"
616  [DEBUG] Overriding previous definition of property "plugin.org.oasis-open.dita.techcomm.v2_0.dir"
616  [DEBUG] Overriding previous definition of property "plugin.org.oasis-open.dita.v1_2.dir"
617  [DEBUG] Overriding previous definition of property "plugin.org.dita.pdf2.fop.dir"
617  [DEBUG] Overriding previous definition of property "plugin.org.lwdita.dir"
617  [DEBUG] Overriding previous definition of property "plugin.org.dita.pdf2.xep.dir"
617  [DEBUG] Overriding previous definition of property "plugin.org.oasis-open.dita.v2_0.dir"
617  [DEBUG] Overriding previous definition of property "otversion"
617  [DEBUG] Overriding previous definition of property "plugin.org.oasis-open.dita.v1_3.dir"
617  [DEBUG] Overriding previous definition of property "parser.markdown"
617  [DEBUG] Override ignored for property "preprocess.copy-flag.skip"
617  [DEBUG] Skipped because property 'preprocess.copy-flag.skip' set.
617  [DEBUG] Override ignored for property "uplevels"
638  [INFO ] Processing file:/Users/isemisynov/Develop/dita-formats-demo/tmp/1653650815576/4682a7a37b54571dc65dff2911c4db6f4ab27dab.ditamap
639  [INFO ] Processing file:/Users/isemisynov/Develop/dita-formats-demo/tmp/1653650815576/5a7bcca56bc99a016d034441fbf6e2d4388bffd8.md
639  [INFO ] Processing file:/Users/isemisynov/Develop/dita-formats-demo/tmp/1653650815576/76b5d3e83eb1b5da725bb94f2efd34557a355b69.md
672  [DEBUG] TopicMergeModule processing took 55 ms
676  [DEBUG] Project base dir set to: /Users/isemisynov/Develop/dita-formats-demo/dita-ot-3.7.2
676  [DEBUG] calling target(s) [publish.map.pdf] in build file /Users/isemisynov/Develop/dita-formats-demo/dita-ot-3.7.2/build.xml
676  [DEBUG] parsing buildfile /Users/isemisynov/Develop/dita-formats-demo/dita-ot-3.7.2/build.xml with URI = file:/Users/isemisynov/Develop/dita-formats-demo/dita-ot-3.7.2/build.xml
677  [DEBUG] Project base dir set to: /Users/isemisynov/Develop/dita-formats-demo/dita-ot-3.7.2
677  [DEBUG] Override ignored for property "ant.file.DOST.dir"
677  [DEBUG] Override ignored for property "dita.dir"
677  [DEBUG] Override ignored for property "dita.dir"
677  [DEBUG] Loading /Users/isemisynov/Develop/dita-formats-demo/dita-ot-3.7.2/local.properties
677  [DEBUG] Unable to find property file: /Users/isemisynov/Develop/dita-formats-demo/dita-ot-3.7.2/local.properties
677  [DEBUG] Importing file /Users/isemisynov/Develop/dita-formats-demo/dita-ot-3.7.2/plugins/org.dita.base/build.xml from /Users/isemisynov/Develop/dita-formats-demo/dita-ot-3.7.2/build.xml
677  [DEBUG] Overriding previous definition of reference to ant.projectHelper
678  [DEBUG] parsing buildfile /Users/isemisynov/Develop/dita-formats-demo/dita-ot-3.7.2/plugins/org.dita.base/build.xml with URI = file:/Users/isemisynov/Develop/dita-formats-demo/dita-ot-3.7.2/plugins/org.dita.base/build.xml
684  [DEBUG] Override ignored for property "dita.plugin.org.dita.htmlhelp.dir"
685  [DEBUG] Override ignored for property "dita.plugin.org.dita.base.dir"
685  [DEBUG] Override ignored for property "dita.plugin.org.dita.pdf2.xep.dir"
685  [DEBUG] Override ignored for property "dita.plugin.org.oasis-open.dita.techcomm.v2_0.dir"
685  [DEBUG] Override ignored for property "dita.plugin.org.dita.eclipsehelp.dir"
685  [DEBUG] Override ignored for property "dita.plugin.org.dita.pdf2.fop.dir"
685  [DEBUG] Override ignored for property "dita.plugin.org.dita.specialization.dita11.dir"
685  [DEBUG] Override ignored for property "dita.plugin.org.dita.normalize.dir"
685  [DEBUG] Override ignored for property "dita.plugin.org.oasis-open.xdita.v0_2_2.dir"
685  [DEBUG] Override ignored for property "dita.plugin.org.dita.pdf2.axf.dir"
685  [DEBUG] Override ignored for property "dita.plugin.org.dita.html5.dir"
685  [DEBUG] Override ignored for property "dita.plugin.org.dita.index.dir"
685  [DEBUG] Override ignored for property "dita.plugin.org.dita.xhtml.dir"
686  [DEBUG] Override ignored for property "dita.plugin.org.lwdita.dir"
686  [DEBUG] Override ignored for property "dita.plugin.org.oasis-open.dita.v1_2.dir"
686  [DEBUG] Override ignored for property "dita.plugin.org.dita.pdf2.dir"
686  [DEBUG] Override ignored for property "dita.plugin.org.oasis-open.dita.v1_3.dir"
686  [DEBUG] Override ignored for property "dita.plugin.org.oasis-open.dita.v2_0.dir"
686  [DEBUG] Importing file /Users/isemisynov/Develop/dita-formats-demo/dita-ot-3.7.2/plugins/org.dita.base/build_init.xml from /Users/isemisynov/Develop/dita-formats-demo/dita-ot-3.7.2/plugins/org.dita.base/build.xml
686  [DEBUG] Overriding previous definition of reference to ant.projectHelper
687  [DEBUG] parsing buildfile /Users/isemisynov/Develop/dita-formats-demo/dita-ot-3.7.2/plugins/org.dita.base/build_init.xml with URI = file:/Users/isemisynov/Develop/dita-formats-demo/dita-ot-3.7.2/plugins/org.dita.base/build_init.xml
688  [DEBUG] Override ignored for property "otrelease"
688  [DEBUG] Override ignored for property "otversion"
688  [DEBUG] Loading /Users/isemisynov/Develop/dita-formats-demo/dita-ot-3.7.2/config/org.dita.dost.platform/plugin.properties
688  [DEBUG] Override ignored for property "plugin.org.oasis-open.xdita.v0_2_2.dir"
688  [DEBUG] Override ignored for property "plugin.org.dita.eclipsehelp.dir"
688  [DEBUG] Override ignored for property "plugin.org.dita.htmlhelp.dir"
688  [DEBUG] Override ignored for property "plugin.org.dita.base.dir"
688  [DEBUG] Override ignored for property "transtypes"
688  [DEBUG] Override ignored for property "parser.md"
688  [DEBUG] Override ignored for property "parser.mdita"
688  [DEBUG] Override ignored for property "plugin.org.dita.specialization.dita11.dir"
688  [DEBUG] Override ignored for property "parser.hdita"
688  [DEBUG] Override ignored for property "plugin.org.dita.pdf2.axf.dir"
688  [DEBUG] Override ignored for property "plugin.org.dita.pdf2.dir"
688  [DEBUG] Override ignored for property "plugin.org.dita.normalize.dir"
688  [DEBUG] Override ignored for property "print_transtypes"
688  [DEBUG] Override ignored for property "plugin.org.oasis-open.dita.techcomm.v2_0.dir"
688  [DEBUG] Override ignored for property "plugin.org.oasis-open.dita.v1_2.dir"
688  [DEBUG] Override ignored for property "supported_resource_extensions"
688  [DEBUG] Override ignored for property "plugin.org.dita.xhtml.dir"
688  [DEBUG] Override ignored for property "plugin.org.dita.pdf2.fop.dir"
688  [DEBUG] Override ignored for property "plugin.org.dita.index.dir"
689  [DEBUG] Override ignored for property "plugin.org.lwdita.dir"
689  [DEBUG] Override ignored for property "plugin.org.dita.pdf2.xep.dir"
689  [DEBUG] Override ignored for property "supported_html_extensions"
689  [DEBUG] Override ignored for property "supported_image_extensions"
689  [DEBUG] Override ignored for property "plugin.org.oasis-open.dita.v2_0.dir"
689  [DEBUG] Override ignored for property "plugin.org.oasis-open.dita.v1_3.dir"
689  [DEBUG] Override ignored for property "parser.markdown"
689  [DEBUG] Override ignored for property "plugin.org.dita.html5.dir"
689  [DEBUG] Loading /Users/isemisynov/Develop/dita-formats-demo/dita-ot-3.7.2/config/configuration.properties
689  [DEBUG] Override ignored for property "default.cascade"
689  [DEBUG] Override ignored for property "registry"
689  [DEBUG] Override ignored for property "plugin.ignores"
689  [DEBUG] Override ignored for property "plugin.order"
689  [DEBUG] Override ignored for property "temp-file-name-scheme"
689  [DEBUG] Override ignored for property "plugindirs"
689  [DEBUG] Override ignored for property "org.dita.pdf2.i18n.enabled"
689  [DEBUG] Override ignored for property "cli.color"
690  [DEBUG] creating macro  job-helper
690  [DEBUG] Overriding previous definition of reference to ant.projectHelper
691  [DEBUG] Importing file /Users/isemisynov/Develop/dita-formats-demo/dita-ot-3.7.2/plugins/org.dita.base/build_preprocess.xml from /Users/isemisynov/Develop/dita-formats-demo/dita-ot-3.7.2/plugins/org.dita.base/build.xml
691  [DEBUG] Overriding previous definition of reference to ant.projectHelper
691  [DEBUG] parsing buildfile /Users/isemisynov/Develop/dita-formats-demo/dita-ot-3.7.2/plugins/org.dita.base/build_preprocess.xml with URI = file:/Users/isemisynov/Develop/dita-formats-demo/dita-ot-3.7.2/plugins/org.dita.base/build_preprocess.xml
692  [DEBUG] Overriding previous definition of reference to ant.projectHelper
693  [DEBUG] Importing file /Users/isemisynov/Develop/dita-formats-demo/dita-ot-3.7.2/plugins/org.dita.base/build_preprocess2.xml from /Users/isemisynov/Develop/dita-formats-demo/dita-ot-3.7.2/plugins/org.dita.base/build.xml
693  [DEBUG] Overriding previous definition of reference to ant.projectHelper
693  [DEBUG] parsing buildfile /Users/isemisynov/Develop/dita-formats-demo/dita-ot-3.7.2/plugins/org.dita.base/build_preprocess2.xml with URI = file:/Users/isemisynov/Develop/dita-formats-demo/dita-ot-3.7.2/plugins/org.dita.base/build_preprocess2.xml
694  [DEBUG] Overriding previous definition of reference to ant.projectHelper
695  [DEBUG] Importing file /Users/isemisynov/Develop/dita-formats-demo/dita-ot-3.7.2/plugins/org.dita.xhtml/build_general.xml from /Users/isemisynov/Develop/dita-formats-demo/dita-ot-3.7.2/plugins/org.dita.base/build.xml
695  [DEBUG] Overriding previous definition of reference to ant.projectHelper
695  [DEBUG] parsing buildfile /Users/isemisynov/Develop/dita-formats-demo/dita-ot-3.7.2/plugins/org.dita.xhtml/build_general.xml with URI = file:/Users/isemisynov/Develop/dita-formats-demo/dita-ot-3.7.2/plugins/org.dita.xhtml/build_general.xml
696  [DEBUG] creating macro  topics.html
696  [DEBUG] Overriding previous definition of reference to ant.projectHelper
696  [DEBUG] Importing file /Users/isemisynov/Develop/dita-formats-demo/dita-ot-3.7.2/plugins/org.dita.xhtml/build_dita2xhtml.xml from /Users/isemisynov/Develop/dita-formats-demo/dita-ot-3.7.2/plugins/org.dita.base/build.xml
696  [DEBUG] Overriding previous definition of reference to ant.projectHelper
697  [DEBUG] parsing buildfile /Users/isemisynov/Develop/dita-formats-demo/dita-ot-3.7.2/plugins/org.dita.xhtml/build_dita2xhtml.xml with URI = file:/Users/isemisynov/Develop/dita-formats-demo/dita-ot-3.7.2/plugins/org.dita.xhtml/build_dita2xhtml.xml
697  [DEBUG] creating macro  map.html
697  [DEBUG] Overriding previous definition of reference to ant.projectHelper
698  [DEBUG] Importing file /Users/isemisynov/Develop/dita-formats-demo/dita-ot-3.7.2/plugins/org.dita.eclipsehelp/build_dita2eclipsehelp.xml from /Users/isemisynov/Develop/dita-formats-demo/dita-ot-3.7.2/plugins/org.dita.base/build.xml
698  [DEBUG] Overriding previous definition of reference to ant.projectHelper
698  [DEBUG] parsing buildfile /Users/isemisynov/Develop/dita-formats-demo/dita-ot-3.7.2/plugins/org.dita.eclipsehelp/build_dita2eclipsehelp.xml with URI = file:/Users/isemisynov/Develop/dita-formats-demo/dita-ot-3.7.2/plugins/org.dita.eclipsehelp/build_dita2eclipsehelp.xml
699  [DEBUG] Overriding previous definition of reference to ant.projectHelper
700  [DEBUG] Importing file /Users/isemisynov/Develop/dita-formats-demo/dita-ot-3.7.2/plugins/org.dita.html5/build_dita2html5.xml from /Users/isemisynov/Develop/dita-formats-demo/dita-ot-3.7.2/plugins/org.dita.base/build.xml
700  [DEBUG] Overriding previous definition of reference to ant.projectHelper
700  [DEBUG] parsing buildfile /Users/isemisynov/Develop/dita-formats-demo/dita-ot-3.7.2/plugins/org.dita.html5/build_dita2html5.xml with URI = file:/Users/isemisynov/Develop/dita-formats-demo/dita-ot-3.7.2/plugins/org.dita.html5/build_dita2html5.xml
701  [DEBUG] creating macro  html5.topics
701  [DEBUG] creating macro  html5.map
701  [DEBUG] Overriding previous definition of reference to ant.projectHelper
701  [DEBUG] Importing file /Users/isemisynov/Develop/dita-formats-demo/dita-ot-3.7.2/plugins/org.dita.htmlhelp/build_dita2htmlhelp.xml from /Users/isemisynov/Develop/dita-formats-demo/dita-ot-3.7.2/plugins/org.dita.base/build.xml
701  [DEBUG] Overriding previous definition of reference to ant.projectHelper
702  [DEBUG] parsing buildfile /Users/isemisynov/Develop/dita-formats-demo/dita-ot-3.7.2/plugins/org.dita.htmlhelp/build_dita2htmlhelp.xml with URI = file:/Users/isemisynov/Develop/dita-formats-demo/dita-ot-3.7.2/plugins/org.dita.htmlhelp/build_dita2htmlhelp.xml
702  [DEBUG] Overriding previous definition of reference to ant.projectHelper
703  [DEBUG] Importing file /Users/isemisynov/Develop/dita-formats-demo/dita-ot-3.7.2/plugins/org.dita.index/build.xml from /Users/isemisynov/Develop/dita-formats-demo/dita-ot-3.7.2/plugins/org.dita.base/build.xml
703  [DEBUG] Overriding previous definition of reference to ant.projectHelper
703  [DEBUG] parsing buildfile /Users/isemisynov/Develop/dita-formats-demo/dita-ot-3.7.2/plugins/org.dita.index/build.xml with URI = file:/Users/isemisynov/Develop/dita-formats-demo/dita-ot-3.7.2/plugins/org.dita.index/build.xml
703  [DEBUG] Overriding previous definition of reference to ant.projectHelper
704  [DEBUG] Importing file /Users/isemisynov/Develop/dita-formats-demo/dita-ot-3.7.2/plugins/org.dita.pdf2/build.xml from /Users/isemisynov/Develop/dita-formats-demo/dita-ot-3.7.2/plugins/org.dita.base/build.xml
704  [DEBUG] Overriding previous definition of reference to ant.projectHelper
704  [DEBUG] parsing buildfile /Users/isemisynov/Develop/dita-formats-demo/dita-ot-3.7.2/plugins/org.dita.pdf2/build.xml with URI = file:/Users/isemisynov/Develop/dita-formats-demo/dita-ot-3.7.2/plugins/org.dita.pdf2/build.xml
705  [DEBUG] Overriding previous definition of reference to ant.projectHelper
706  [DEBUG] Importing file /Users/isemisynov/Develop/dita-formats-demo/dita-ot-3.7.2/plugins/org.dita.pdf2.axf/build.xml from /Users/isemisynov/Develop/dita-formats-demo/dita-ot-3.7.2/plugins/org.dita.base/build.xml
706  [DEBUG] Overriding previous definition of reference to ant.projectHelper
706  [DEBUG] parsing buildfile /Users/isemisynov/Develop/dita-formats-demo/dita-ot-3.7.2/plugins/org.dita.pdf2.axf/build.xml with URI = file:/Users/isemisynov/Develop/dita-formats-demo/dita-ot-3.7.2/plugins/org.dita.pdf2.axf/build.xml
707  [DEBUG] Overriding previous definition of reference to ant.projectHelper
708  [DEBUG] Importing file /Users/isemisynov/Develop/dita-formats-demo/dita-ot-3.7.2/plugins/org.dita.pdf2.fop/build_fop.xml from /Users/isemisynov/Develop/dita-formats-demo/dita-ot-3.7.2/plugins/org.dita.base/build.xml
708  [DEBUG] Overriding previous definition of reference to ant.projectHelper
708  [DEBUG] parsing buildfile /Users/isemisynov/Develop/dita-formats-demo/dita-ot-3.7.2/plugins/org.dita.pdf2.fop/build_fop.xml with URI = file:/Users/isemisynov/Develop/dita-formats-demo/dita-ot-3.7.2/plugins/org.dita.pdf2.fop/build_fop.xml
709  [DEBUG] Override ignored for property "fop.home"
709  [DEBUG] Overriding previous definition of reference to ant.projectHelper
709  [DEBUG] Importing file /Users/isemisynov/Develop/dita-formats-demo/dita-ot-3.7.2/plugins/org.dita.pdf2.xep/build.xml from /Users/isemisynov/Develop/dita-formats-demo/dita-ot-3.7.2/plugins/org.dita.base/build.xml
709  [DEBUG] Overriding previous definition of reference to ant.projectHelper
710  [DEBUG] parsing buildfile /Users/isemisynov/Develop/dita-formats-demo/dita-ot-3.7.2/plugins/org.dita.pdf2.xep/build.xml with URI = file:/Users/isemisynov/Develop/dita-formats-demo/dita-ot-3.7.2/plugins/org.dita.pdf2.xep/build.xml
710  [DEBUG] Overriding previous definition of reference to ant.projectHelper
710  [DEBUG] Importing file /Users/isemisynov/Develop/dita-formats-demo/dita-ot-3.7.2/plugins/org.dita.normalize/build.xml from /Users/isemisynov/Develop/dita-formats-demo/dita-ot-3.7.2/plugins/org.dita.base/build.xml
710  [DEBUG] Overriding previous definition of reference to ant.projectHelper
710  [DEBUG] parsing buildfile /Users/isemisynov/Develop/dita-formats-demo/dita-ot-3.7.2/plugins/org.dita.normalize/build.xml with URI = file:/Users/isemisynov/Develop/dita-formats-demo/dita-ot-3.7.2/plugins/org.dita.normalize/build.xml
711  [DEBUG] Overriding previous definition of reference to ant.projectHelper
711  [DEBUG] Importing file /Users/isemisynov/Develop/dita-formats-demo/dita-ot-3.7.2/plugins/org.lwdita/build-markdown.xml from /Users/isemisynov/Develop/dita-formats-demo/dita-ot-3.7.2/plugins/org.dita.base/build.xml
711  [DEBUG] Overriding previous definition of reference to ant.projectHelper
711  [DEBUG] parsing buildfile /Users/isemisynov/Develop/dita-formats-demo/dita-ot-3.7.2/plugins/org.lwdita/build-markdown.xml with URI = file:/Users/isemisynov/Develop/dita-formats-demo/dita-ot-3.7.2/plugins/org.lwdita/build-markdown.xml
712  [DEBUG] creating macro  markdown.map
712  [DEBUG] creating macro  markdown.topics
712  [DEBUG] Overriding previous definition of reference to ant.projectHelper
712  [DEBUG] Importing file /Users/isemisynov/Develop/dita-formats-demo/dita-ot-3.7.2/plugins/org.lwdita/build-html.xml from /Users/isemisynov/Develop/dita-formats-demo/dita-ot-3.7.2/plugins/org.dita.base/build.xml
713  [DEBUG] Overriding previous definition of reference to ant.projectHelper
713  [DEBUG] parsing buildfile /Users/isemisynov/Develop/dita-formats-demo/dita-ot-3.7.2/plugins/org.lwdita/build-html.xml with URI = file:/Users/isemisynov/Develop/dita-formats-demo/dita-ot-3.7.2/plugins/org.lwdita/build-html.xml
713  [DEBUG] Overriding previous definition of reference to ant.projectHelper
713  [DEBUG] Overriding previous definition of reference to ant.projectHelper
714  [DEBUG] Entering /Users/isemisynov/Develop/dita-formats-demo/dita-ot-3.7.2/build.xml...
714  [DEBUG] Build sequence for target(s) `publish.map.pdf' is [transform.topic2pdf.init, publish.map.pdf.init, copyCoreArtwork, transform.fo2pdf.xep.test-use, transform.fo2pdf.xep.init, transform.fo2pdf.fop.test-use, transform.fo2pdf.fop.init, transform.fo2pdf.ah.test-use, transform.fo2pdf.ah.init, transform.topic2fo.init, org.dita.index.init, org.dita.index, transform.topic2fo.main, transform.topic2fo.i18n.filter, transform.topic2fo.i18n.no-filter, transform.topic2fo.i18n, transform.topic2fo, transform.fo2pdf.xep, transform.fo2pdf.fop, transform.fo2pdf.ah, transform.fo2pdf, transform.topic2pdf, publish.map.pdf]
715  [DEBUG] Complete build sequence is [transform.topic2pdf.init, publish.map.pdf.init, copyCoreArtwork, transform.fo2pdf.xep.test-use, transform.fo2pdf.xep.init, transform.fo2pdf.fop.test-use, transform.fo2pdf.fop.init, transform.fo2pdf.ah.test-use, transform.fo2pdf.ah.init, transform.topic2fo.init, org.dita.index.init, org.dita.index, transform.topic2fo.main, transform.topic2fo.i18n.filter, transform.topic2fo.i18n.no-filter, transform.topic2fo.i18n, transform.topic2fo, transform.fo2pdf.xep, transform.fo2pdf.fop, transform.fo2pdf.ah, transform.fo2pdf, transform.topic2pdf, publish.map.pdf, dita2pdf2.init, dita.index.eclipsehelp.init, ditaot-preprocess.mapref-check, conref, preview.topic.pdf.init, dita.build.preview.topic.pdf, ditaot-preprocess.maplink-check, markdown_github.init, init-properties, check-arg, log-arg, build-init, preprocess.init, ditaval-merge, gen-list, debug-filter, mapref-check, mapref, branch-filter, keyref, copy-to, conrefpush, profile-check, profile, topic-fragment, chunk-check, chunk, move-meta-entries, maplink-check, maplink, topicpull-check, topicpull, clean-map-check, clean-map, clean-preprocess, copy-image, copy-html, copy-flag-check, copy-flag, copy-files, preprocess, markdown.init, markdown.topics.common, markdown.topics.common.inner, markdown.topic, markdown.map.init, markdown.map.toc, markdown.map, dita2markdown, dita2normalize.dita2markdown_github, dita2normalize.markdown.topics.common, ditaot-init.check-arg, dita2dita, org.dita.pdf2.xep.transform.fo2pdf.xep, dita2htmlhelp.init, ditaot-preprocess.profile-check, dita2html5.html5.map.toc, html5.map.init, html5.map.toc, dita2html5.html5.map, ditaot-preprocess2.map-conrefpush, dita2eclipsehelp.dita.map.eclipse.plugin.init, dita.map.eclipse.plugin.init, dita.map.eclipse.plugin, ditaot-preprocess.debug-filter, dita.map.eclipse.fragment.move.files, dita2normalize.dita.out.map.hdita.toc, xhtml.init, xhtml.image-metadata, htmlhelp.topics, ditaot-init.build-init, dita2xhtml.copy-css-user, ditaot-preprocess.copy-to, ditaot-preprocess.keyref, ditaot-preprocess.copy-flag-check, ditaot-preprocess2.topic-keyref, transform.topic2fo.index.init, dita.build.transform.topic2fo.index, ditaot-preprocess2.topic-maplink, preprocess2.init, map-reader, map-mapref, map-branch-filter, map-keyref, map-conrefpush, map-conref, map-profile-check, map-profile, preprocess2.maps, topic-reader, topic-branch-filter, topic-keyref, topic-copy-to, topic-conrefpush, topic-conref, topic-profile-check, topic-profile, preprocess2.topic-fragment, topic-chunk, topic-move-meta-entries, topic-maplink, topic-topicpull, preprocess2.topics, map-clean-map, copy-image2, copy-files2, preprocess2, build_generaltargets.output-css-warn-message, ditaot-preprocess2.topic-reader, ditaot-preprocess.chunk, dita.topics.html.common, dita.build.transform.topic2fo.i18n.filter, org.dita.pdf2.axf.transform.fo2pdf.ah.nooption, ditaot-preprocess2.topic-branch-filter, build_generaltargets.xhtml.image-metadata, dita2normalize.dita.topics.hdita.common, dita.map.xhtml.init, dita.map.xhtml.toc, dita.map.xhtml, dita.map.eclipse.toc, dita.build.transform.topic2fo.i18n, org.dita.pdf2.axf.transform.fo2pdf.ah, html5.topic.init, org.dita.pdf2.xep.transform.fo2pdf.xep.test-use, ditaot-preprocess2.preprocess2.topic-fragment, markdown_gitbook.init, dita2eclipsehelp.dita.map.eclipse.fragment.language.init, ditaot-preprocess.preprocess.init, copy-revflag, ditaot-preprocess.clean-map, dita2xhtml.init, map2pdf2, topic2pdf2, dita.build.dita2pdf2, hdita.init, ditaot-preprocess.clean-preprocess, dita2xhtml.dita.out.map.xhtml.toc, org.dita.pdf2.xep.transform.fo2pdf.xep.init, ditaot-preprocess2.preprocess2, org.dita.pdf2.axf.transform.fo2pdf.ah.test-use, ditaot-preprocess.maplink, ditaot-init.init-properties, ditaot-preprocess.preprocess, use-init.envhhcdir, use-init.hhcdir, htmlhelp.copy-image, copy-css, dita2htmlhelp.dita2htmlhelp, dita2xhtml.dita.map.xhtml, copy-plugin-files, ditaot-preprocess2.map-clean-map, dita2pdf2, dita.build.dita2pdf, ditaot-preprocess.conrefpush, dita.map.eclipse.init, dita2eclipsehelp.dita.map.eclipse.fragment.error, ditaot-preprocess.branch-filter, dita.map.hdita.init, dita2eclipsehelp.copy-plugin-files, dita.build.transform.fo2pdf, html5.init, dita2eclipsehelp.dita.out.map.eclipse.plugin, build.eclipse.jar, org.dita.pdf2.fop.transform.fo2pdf.fop, dita.build.transform.topic2pdf.init, ditaot-preprocess2.map-mapref, dita.map.eclipse.fragment.language.init, ditaot-preprocess.gen-list, build_generaltargets.dita.topics.html.common, dita2htmlhelp.use-init.hhcdir, dita.build.publish.map.pdf, html5.topics.common.inner, dita2normalize.hdita.init, DOST.init, DOST.help, transform.fo2pdf.ah.nooption, dita.inner.topics.hdita.common, dita2htmlhelp.dita.htmlhelp.convertlang, ditaot-preprocess2.topic-topicpull, dita2eclipsehelp.dita.out.map.eclipse.toc, dita2normalize.markdown.init, html5.image-metadata, html5.topics.common, dita2html5.html5.topic, ditaot-preprocess.chunk-check, dita2normalize.markdown_gitbook.init, dita2htmlhelp.org.dita.index, build_generaltargets.dita.inner.topics.html.common, html5.topic, preprocess2-topic, ditaot-preprocess2.map-profile-check, dita.out.map.eclipse.plugin.properties, dita2eclipsehelp.dita.map.eclipse.index, ditaot-preprocess.profile, dita2normalize.markdown.topics.common.inner, dita.map.eclipse.fragment.language.country.init, dita2eclipsehelp.dita.map.eclipse.plugin.properties, ditaot-preprocess.copy-files, dita.inner.topics.html.common, build_generaltargets.xhtml.topics, org.dita.pdf2.fop.transform.fo2pdf.fop.test-use, dita2htmlhelp.dita2htmlhelp.init, dita.map.htmlhelp.init, ditaot-preprocess2.map-conref, dita.map.eclipse.index, dita.map.eclipse.plugin.properties, dita.map.eclipse.manifest.file, dita.out.map.eclipse.manifest.file, dita.out.map.eclipse.toc, dita.out.map.eclipse.index, dita.out.map.eclipse.plugin, dita.out.map.eclipse.fragment.move.files, dita.map.eclipse.genetrate.fragment, ditaot-preprocess.topicpull-check, init, help, ditaot-preprocess2.preprocess2-topic, dita.map.eclipse.fragment.error, ditaot-preprocess2.map-reader, ditaot-init.log-arg, dita2xhtml.copy-css, dita2normalize.markdown.map.toc, ditaot-preprocess.move-meta-entries, dita2markdown_gitbook, dita.build.transform.topic2fo, html5.css, preview.topic.pdf, transform.topic2fo.index, dita2eclipsehelp.dita.map.eclipse.init, xhtml.topics, dita2xhtml.dita2xhtml, ditaot-preprocess2.topic-move-meta-entries, dita2normalize.dita.inner.topics.hdita.common, dita2normalize.markdown_github.init, dita2eclipsehelp.dita.map.eclipse.toc, dita2normalize.dita2dita, ditaot-preprocess.copy-html, dita2normalize.markdown.topic, dita2html5.html5.topic.init, dita.topics.hdita.common, dita.map.hdita.toc, dita.out.map.hdita.toc, dita2normalize.dita2hdita, dita.map.eclipse.generate.plugin, clean-temp, dita2xhtml.dita2xhtml.init, ditaot-preprocess.copy-image, ditaot-preprocess.ditaval-merge, dita.map.htmlhelp.hhp, dita.map.htmlhelp.hhc, dita.map.htmlhelp.hhk, dita.htmlhelp.convertlang, compile.HTML.Help, dita.map.htmlhelp, dita2html5.html5.init, build_generaltargets.xhtml.init, dita2html5.html5.topics.common.inner, dita2xhtml.dita.map.xhtml.toc, org.dita.pdf2.fop.transform.fo2pdf.fop.init, dita2eclipsehelp.dita.out.map.eclipse.index, ditaot-preprocess2.preprocess2.maps, dita2eclipsehelp.build.eclipse.jar, ditaot-preprocess2.map-branch-filter, dita2normalize.markdown.map.init, dita2htmlhelp.compile.HTML.Help, dita.build.transform.topic2fo.index.init, dita2htmlhelp.dita.map.htmlhelp, html5.map, dita2html5, dita2html5.html5.map.init, ditaot-preprocess.mapref, dita2eclipsehelp.dita.out.map.eclipse.manifest.file, dita.build.transform.topic2fo.main, ditaot-preprocess.clean-map-check, dita2normalize.dita.map.hdita.toc, dita2eclipsehelp.dita.map.eclipse.genetrate.fragment, dita2eclipsehelp.dita.map.eclipse.fragment.language.country.init, dita.build.publish.map.pdf.init, ditaot-preprocess2.copy-image2, ditaot-preprocess.clean-temp, dita.build.dita2pdf2.init, dita2normalize.dita2markdown_gitbook, dita2eclipsehelp.dita.map.eclipse.manifest.file, dita2eclipsehelp.dita.out.map.eclipse.fragment.move.files, html5.copy-css-user, dita.eclipsehelp.init, dita2htmlhelp.org.dita.index.init, dita2hdita, dita2normalize.markdown.map, dita.build.transform.topic2fo.init, dita.out.map.xhtml.toc, ditaot-preprocess.copy-flag, dita2htmlhelp.htmlhelp.topics, dita2xhtml, dita2eclipsehelp.dita.index.eclipsehelp.init, org.dita.pdf2.axf.transform.fo2pdf.ah.hasoption, dita2eclipsehelp.dita.map.eclipse.generate.plugin, dita.build.preview.topic.pdf.init, ditaot-preprocess2.map-keyref, dita2htmlhelp.dita.map.htmlhelp.init, transform.fo2pdf.ah.hasoption, dita2eclipsehelp.dita.map.eclipse.plugin, ditaot-preprocess2.copy-files2, dita2pdf, ditaot-preprocess.conref, ditaot-preprocess2.topic-conref, dita.build.transform.topic2fo.i18n.no-filter, dita.build.copyCoreArtwork, dita2normalize.dita2markdown, dita2xhtml.copy-revflag, dita.build.transform.topic2pdf, dita2markdown_github, ditaot-preprocess.topic-fragment, ditaot-preprocess2.topic-conrefpush, dita.map.eclipse, dita2eclipsehelp.dita2eclipsehelp, ditaot-preprocess2.preprocess2.topics, dita2html5.html5.css, dita2eclipsehelp, dita2eclipsehelp.dita.map.eclipse, dita.build.topic2pdf2, dita2eclipsehelp.dita.map.eclipse.fragment.move.files, dita2html5.html5.copy-css-user, dita2normalize.dita.map.hdita.init, dita2htmlhelp.dita.map.htmlhelp.hhp, ditaot-preprocess2.map-profile, ditaot-preprocess.topicpull, ditaot-preprocess2.topic-profile-check, dita2htmlhelp.dita.map.htmlhelp.hhk, output-css-warn-message, dita2htmlhelp.dita.map.htmlhelp.hhc, dita2html5.html5.image-metadata, dita2htmlhelp.htmlhelp.copy-image, dita2htmlhelp.use-init.envhhcdir, copy-css-user, dita2htmlhelp, dita2eclipsehelp.dita.out.map.eclipse.plugin.properties, dita.build.map2pdf2, dita2html5.html5.topics.common, ditaot-preprocess2.topic-copy-to, dita2html5.dita2html5, org.dita.pdf2.axf.transform.fo2pdf.ah.init, ditaot-preprocess2.topic-chunk, dita2eclipsehelp.dita.eclipsehelp.init, ditaot-preprocess2.preprocess2.init, dita2xhtml.dita.map.xhtml.init, , ditaot-preprocess2.topic-profile]
715  [DEBUG] Loading /Users/isemisynov/Develop/dita-formats-demo/dita-ot-3.7.2/plugins/org.dita.pdf2/Customization/build.properties
715  [DEBUG] Unable to find property file: /Users/isemisynov/Develop/dita-formats-demo/dita-ot-3.7.2/plugins/org.dita.pdf2/Customization/build.properties
715  [DEBUG] loading en into property default.locale
715  [DEBUG] loaded 2 characters
716  [DEBUG] Override ignored for property "file.protocol.prefix"
716  [DEBUG] Set property xml.catalog.files = /Users/isemisynov/Develop/dita-formats-demo/dita-ot-3.7.2/plugins/org.dita.pdf2/Customization/catalog.xml:/Users/isemisynov/Develop/dita-formats-demo/dita-ot-3.7.2/plugins/org.dita.pdf2/cfg/catalog.xml:/Users/isemisynov/Develop/dita-formats-demo/dita-ot-3.7.2/plugins/org.dita.base/catalog-dita.xml
719  [DEBUG] Property "args.output.base" has not been set
720  [DEBUG] cfg/common/artwork/ISO_7010_W001.svg added as cfg/common/artwork/ISO_7010_W001.svg doesn't exist.
720  [DEBUG] cfg/common/artwork/hand.gif added as cfg/common/artwork/hand.gif doesn't exist.
720  [DEBUG] cfg/common/artwork/hand_rtl.gif added as cfg/common/artwork/hand_rtl.gif doesn't exist.
720  [DEBUG] cfg/common/artwork/warning.gif added as cfg/common/artwork/warning.gif doesn't exist.
720  [DEBUG] No sources found.
720  [INFO ] Copying 4 files to /Users/isemisynov/Develop/dita-formats-demo/tmp/1653650815576/Configuration/OpenTopic
720  [DEBUG] Copying /Users/isemisynov/Develop/dita-formats-demo/dita-ot-3.7.2/plugins/org.dita.pdf2/cfg/common/artwork/ISO_7010_W001.svg to /Users/isemisynov/Develop/dita-formats-demo/tmp/1653650815576/Configuration/OpenTopic/cfg/common/artwork/ISO_7010_W001.svg
723  [DEBUG] Copying /Users/isemisynov/Develop/dita-formats-demo/dita-ot-3.7.2/plugins/org.dita.pdf2/cfg/common/artwork/hand.gif to /Users/isemisynov/Develop/dita-formats-demo/tmp/1653650815576/Configuration/OpenTopic/cfg/common/artwork/hand.gif
724  [DEBUG] Copying /Users/isemisynov/Develop/dita-formats-demo/dita-ot-3.7.2/plugins/org.dita.pdf2/cfg/common/artwork/hand_rtl.gif to /Users/isemisynov/Develop/dita-formats-demo/tmp/1653650815576/Configuration/OpenTopic/cfg/common/artwork/hand_rtl.gif
724  [DEBUG] Copying /Users/isemisynov/Develop/dita-formats-demo/dita-ot-3.7.2/plugins/org.dita.pdf2/cfg/common/artwork/warning.gif to /Users/isemisynov/Develop/dita-formats-demo/tmp/1653650815576/Configuration/OpenTopic/cfg/common/artwork/warning.gif
725  [DEBUG] No sources found.
725  [DEBUG] No sources found.
726  [DEBUG] Skipped because property 'use.xep.pdf.formatter' not set.
726  [DEBUG] Override ignored for property "use.fop.pdf.formatter"
728  [DEBUG] Skipped because property 'use.ah.pdf.formatter' not set.
763  [DEBUG] Setting inputFile.url to URL file:/Users/isemisynov/Develop/dita-formats-demo/tmp/1653650815576/demo-markdown_MERGED.xml
765  [DEBUG] Unable to find /Users/isemisynov/Develop/dita-formats-demo/tmp/1653650815576/strings.302386309.xml
765  [DEBUG] Loading /Users/isemisynov/Develop/dita-formats-demo/dita-ot-3.7.2/plugins/org.dita.pdf2/cfg/common/properties/en.properties
765  [DEBUG] Unable to find property file: /Users/isemisynov/Develop/dita-formats-demo/dita-ot-3.7.2/plugins/org.dita.pdf2/cfg/common/properties/en.properties
765  [INFO ] Using document.locale=en
765  [DEBUG] Property "args.xsl.pdf" has not been set
765  [DEBUG] Property "args.xsl.pdf" has not been set
765  [DEBUG] Property "args.xsl.pdf" has not been set
765  [DEBUG] Property "org.dita.index.skip" has not been set
766  [DEBUG] Found: plugins/org.dita.index/index/en.xml
766  [DEBUG] Found: plugins/org.dita.index/index/en.xml
766  [DEBUG] Override ignored for property "index.config.file"
766  [DEBUG] Override ignored for property "index.config.file"
766  [INFO ] Processing /Users/isemisynov/Develop/dita-formats-demo/tmp/1653650815576/demo-markdown_MERGED.xml to /Users/isemisynov/Develop/dita-formats-demo/tmp/1653650815576/stage1.xml
789  [DEBUG] Found: /Users/isemisynov/Develop/dita-formats-demo/tmp/1653650815576/stage1.xml
790  [DEBUG] Setting artworkPrefixUrl to URL file:/Users/isemisynov/Develop/dita-formats-demo/tmp/1653650815576/
790  [DEBUG] Setting dita.map.output.dir.url to URL file:/Users/isemisynov/Develop/dita-formats-demo/tmp/1653650815576/
790  [DEBUG] Setting work.dir.url to URL file:/Users/isemisynov/Develop/dita-formats-demo/tmp/1653650815576/
790  [DEBUG] Setting customization.dir.url to URL file:/Users/isemisynov/Develop/dita-formats-demo/dita-ot-3.7.2/plugins/org.dita.pdf2/Customization/
790  [DEBUG] Setting user.input.dir.url to URL file:/Users/isemisynov/Develop/dita-formats-demo/demo-input/markdown/
790  [DEBUG] Setting variable.file.url to URL file:/Users/isemisynov/Develop/dita-formats-demo/tmp/1653650815576/strings.302386309.xml
791  [INFO ] Loading stylesheet file:/Users/isemisynov/Develop/dita-formats-demo/dita-ot-3.7.2/plugins/org.dita.pdf2.fop/xsl/fo/topic2fo_shell_fop.xsl
806  [DEBUG] Apache resolver library found, xml-commons resolver will be used
1221 [INFO ] Loading stylesheet file:/Users/isemisynov/Develop/dita-formats-demo/dita-ot-3.7.2/plugins/org.dita.pdf2.fop/xsl/fo/topic2fo_shell_fop.xsl
1222 [DEBUG] Set parameter bookmap-order to 'discard'
1222 [DEBUG] Set parameter customizationDir.url to 'file:/Users/isemisynov/Develop/dita-formats-demo/dita-ot-3.7.2/plugins/org.dita.pdf2/Customization/'
1222 [DEBUG] Set parameter publishRequiredCleanup to 'no'
1222 [DEBUG] Set parameter DRAFT to 'no'
1222 [DEBUG] Set parameter figurelink.style to 'NUMTITLE'
1222 [DEBUG] Set parameter pdfFormatter to 'fop'
1222 [DEBUG] Set parameter input.dir.url to 'file:/Users/isemisynov/Develop/dita-formats-demo/demo-input/markdown/'
1222 [DEBUG] Set parameter work.dir.url to 'file:/Users/isemisynov/Develop/dita-formats-demo/tmp/1653650815576/'
1222 [DEBUG] Set parameter artworkPrefix to 'file:/Users/isemisynov/Develop/dita-formats-demo/tmp/1653650815576/'
1222 [DEBUG] Set parameter locale to 'en'
1222 [DEBUG] Set parameter antArgsBookmarkStyle to ''
1222 [DEBUG] Set parameter antArgsChapterLayout to ''
1222 [DEBUG] Set parameter defaultLanguage to 'en'
1222 [DEBUG] Set parameter tablelink.style to 'NUMTITLE'
1222 [DEBUG] Set parameter antArgsGenerateTaskLabels to ''
1222 [DEBUG] Set parameter output.dir.url to 'file:/Users/isemisynov/Develop/dita-formats-demo/tmp/1653650815576/'
1222 [DEBUG] Set parameter include.rellinks to '#default friend sample external other'
1222 [INFO ] Processing file:/Users/isemisynov/Develop/dita-formats-demo/tmp/1653650815576/stage1.xml to file:/Users/isemisynov/Develop/dita-formats-demo/tmp/1653650815576/stage2.fo
1374 [DEBUG] XsltModule processing took 583 ms
1393 [DEBUG] Unable to find plugins/org.dita.pdf2/Customization/fo/i18n/en.xml
1393 [DEBUG] Found: plugins/org.dita.pdf2/cfg/fo/i18n/en.xml
1393 [DEBUG] Override ignored for property "i18n.config.file"
1394 [INFO ] Processing file:/Users/isemisynov/Develop/dita-formats-demo/tmp/1653650815576/stage2.fo to file:/Users/isemisynov/Develop/dita-formats-demo/tmp/1653650815576/topic.fo
1396 [INFO ] Loading stylesheet file:/Users/isemisynov/Develop/dita-formats-demo/dita-ot-3.7.2/plugins/org.dita.pdf2/xsl/fo/i18n-postprocess.xsl
1474 [DEBUG] Skipped because property 'pdf2.i18n.skip' not set.
1474 [DEBUG] Skipped because property 'use.xep.pdf.formatter' not set.
1475 [DEBUG] Skipping /Users/isemisynov/Develop/dita-formats-demo/output/markdown/pdf2 because it already exists.
1646 [INFO ] /Users/isemisynov/Develop/dita-formats-demo/tmp/1653650815576/topic.fo -> /Users/isemisynov/Develop/dita-formats-demo/output/markdown/pdf2/demo-markdown.pdf
1646 [DEBUG] Found file: /Users/isemisynov/Develop/dita-formats-demo/output/markdown/pdf2/demo-markdown.pdf
1647 [DEBUG] Skipped because property 'use.ah.pdf.formatter' not set.
1647 [DEBUG] Exiting /Users/isemisynov/Develop/dita-formats-demo/dita-ot-3.7.2/build.xml.
1648 [DEBUG] Skipped because property 'noMap' not set.
