1    [DEBUG] Detected Java version: 18 in: /Library/Java/JavaVirtualMachines/jdk-18.jdk/Contents/Home
1    [DEBUG] Detected OS: Mac OS X
1    [DEBUG] Project base dir set to: /Users/isemisynov/Develop/dita-formats-demo/dita-ot-3.7.2
2    [DEBUG] parsing buildfile /Users/isemisynov/Develop/dita-formats-demo/dita-ot-3.7.2/build.xml with URI = file:/Users/isemisynov/Develop/dita-formats-demo/dita-ot-3.7.2/build.xml
2    [DEBUG] Project base dir set to: /Users/isemisynov/Develop/dita-formats-demo/dita-ot-3.7.2
23   [DEBUG] parsing buildfile jar:file:/Users/isemisynov/Develop/dita-formats-demo/dita-ot-3.7.2/lib/ant.jar!/org/apache/tools/ant/antlib.xml with URI = jar:file:/Users/isemisynov/Develop/dita-formats-demo/dita-ot-3.7.2/lib/ant.jar!/org/apache/tools/ant/antlib.xml from a zip file
47   [DEBUG] parsing buildfile jar:file:/Users/isemisynov/.gradle/caches/modules-2/files-2.1/org.apache.ant/ant/1.10.12/be08c4f63e92e03bac761404cf77bc270928b6c5/ant-1.10.12.jar!/org/apache/tools/ant/antlib.xml with URI = jar:file:/Users/isemisynov/.gradle/caches/modules-2/files-2.1/org.apache.ant/ant/1.10.12/be08c4f63e92e03bac761404cf77bc270928b6c5/ant-1.10.12.jar!/org/apache/tools/ant/antlib.xml from a zip file
52   [DEBUG] Override ignored for property "dita.dir"
52   [DEBUG] Override ignored for property "dita.dir"
52   [DEBUG] Loading /Users/isemisynov/Develop/dita-formats-demo/dita-ot-3.7.2/local.properties
52   [DEBUG] Unable to find property file: /Users/isemisynov/Develop/dita-formats-demo/dita-ot-3.7.2/local.properties
52   [DEBUG] Importing file /Users/isemisynov/Develop/dita-formats-demo/dita-ot-3.7.2/plugins/org.dita.base/build.xml from /Users/isemisynov/Develop/dita-formats-demo/dita-ot-3.7.2/build.xml
52   [DEBUG] Overriding previous definition of reference to ant.projectHelper
53   [DEBUG] parsing buildfile /Users/isemisynov/Develop/dita-formats-demo/dita-ot-3.7.2/plugins/org.dita.base/build.xml with URI = file:/Users/isemisynov/Develop/dita-formats-demo/dita-ot-3.7.2/plugins/org.dita.base/build.xml
61   [DEBUG] Importing file /Users/isemisynov/Develop/dita-formats-demo/dita-ot-3.7.2/plugins/org.dita.base/build_init.xml from /Users/isemisynov/Develop/dita-formats-demo/dita-ot-3.7.2/plugins/org.dita.base/build.xml
61   [DEBUG] Overriding previous definition of reference to ant.projectHelper
61   [DEBUG] parsing buildfile /Users/isemisynov/Develop/dita-formats-demo/dita-ot-3.7.2/plugins/org.dita.base/build_init.xml with URI = file:/Users/isemisynov/Develop/dita-formats-demo/dita-ot-3.7.2/plugins/org.dita.base/build_init.xml
62   [DEBUG] Loading /Users/isemisynov/Develop/dita-formats-demo/dita-ot-3.7.2/config/org.dita.dost.platform/plugin.properties
63   [DEBUG] Loading /Users/isemisynov/Develop/dita-formats-demo/dita-ot-3.7.2/config/configuration.properties
65   [DEBUG] creating macro  job-helper
65   [DEBUG] Overriding previous definition of reference to ant.projectHelper
65   [DEBUG] Importing file /Users/isemisynov/Develop/dita-formats-demo/dita-ot-3.7.2/plugins/org.dita.base/build_preprocess.xml from /Users/isemisynov/Develop/dita-formats-demo/dita-ot-3.7.2/plugins/org.dita.base/build.xml
66   [DEBUG] Overriding previous definition of reference to ant.projectHelper
66   [DEBUG] parsing buildfile /Users/isemisynov/Develop/dita-formats-demo/dita-ot-3.7.2/plugins/org.dita.base/build_preprocess.xml with URI = file:/Users/isemisynov/Develop/dita-formats-demo/dita-ot-3.7.2/plugins/org.dita.base/build_preprocess.xml
67   [DEBUG] Property "conserve-memory" has not been set
68   [DEBUG] Overriding previous definition of reference to ant.projectHelper
68   [DEBUG] Importing file /Users/isemisynov/Develop/dita-formats-demo/dita-ot-3.7.2/plugins/org.dita.base/build_preprocess2.xml from /Users/isemisynov/Develop/dita-formats-demo/dita-ot-3.7.2/plugins/org.dita.base/build.xml
68   [DEBUG] Overriding previous definition of reference to ant.projectHelper
68   [DEBUG] parsing buildfile /Users/isemisynov/Develop/dita-formats-demo/dita-ot-3.7.2/plugins/org.dita.base/build_preprocess2.xml with URI = file:/Users/isemisynov/Develop/dita-formats-demo/dita-ot-3.7.2/plugins/org.dita.base/build_preprocess2.xml
70   [DEBUG] Overriding previous definition of reference to ant.projectHelper
70   [DEBUG] Importing file /Users/isemisynov/Develop/dita-formats-demo/dita-ot-3.7.2/plugins/org.dita.xhtml/build_general.xml from /Users/isemisynov/Develop/dita-formats-demo/dita-ot-3.7.2/plugins/org.dita.base/build.xml
70   [DEBUG] Overriding previous definition of reference to ant.projectHelper
71   [DEBUG] parsing buildfile /Users/isemisynov/Develop/dita-formats-demo/dita-ot-3.7.2/plugins/org.dita.xhtml/build_general.xml with URI = file:/Users/isemisynov/Develop/dita-formats-demo/dita-ot-3.7.2/plugins/org.dita.xhtml/build_general.xml
72   [DEBUG] creating macro  topics.html
72   [DEBUG] Overriding previous definition of reference to ant.projectHelper
73   [DEBUG] Importing file /Users/isemisynov/Develop/dita-formats-demo/dita-ot-3.7.2/plugins/org.dita.xhtml/build_dita2xhtml.xml from /Users/isemisynov/Develop/dita-formats-demo/dita-ot-3.7.2/plugins/org.dita.base/build.xml
73   [DEBUG] Overriding previous definition of reference to ant.projectHelper
73   [DEBUG] parsing buildfile /Users/isemisynov/Develop/dita-formats-demo/dita-ot-3.7.2/plugins/org.dita.xhtml/build_dita2xhtml.xml with URI = file:/Users/isemisynov/Develop/dita-formats-demo/dita-ot-3.7.2/plugins/org.dita.xhtml/build_dita2xhtml.xml
74   [DEBUG] creating macro  map.html
74   [DEBUG] Overriding previous definition of reference to ant.projectHelper
74   [DEBUG] Importing file /Users/isemisynov/Develop/dita-formats-demo/dita-ot-3.7.2/plugins/org.dita.eclipsehelp/build_dita2eclipsehelp.xml from /Users/isemisynov/Develop/dita-formats-demo/dita-ot-3.7.2/plugins/org.dita.base/build.xml
75   [DEBUG] Overriding previous definition of reference to ant.projectHelper
75   [DEBUG] parsing buildfile /Users/isemisynov/Develop/dita-formats-demo/dita-ot-3.7.2/plugins/org.dita.eclipsehelp/build_dita2eclipsehelp.xml with URI = file:/Users/isemisynov/Develop/dita-formats-demo/dita-ot-3.7.2/plugins/org.dita.eclipsehelp/build_dita2eclipsehelp.xml
76   [DEBUG] Overriding previous definition of reference to ant.projectHelper
76   [DEBUG] Importing file /Users/isemisynov/Develop/dita-formats-demo/dita-ot-3.7.2/plugins/org.dita.html5/build_dita2html5.xml from /Users/isemisynov/Develop/dita-formats-demo/dita-ot-3.7.2/plugins/org.dita.base/build.xml
76   [DEBUG] Overriding previous definition of reference to ant.projectHelper
77   [DEBUG] parsing buildfile /Users/isemisynov/Develop/dita-formats-demo/dita-ot-3.7.2/plugins/org.dita.html5/build_dita2html5.xml with URI = file:/Users/isemisynov/Develop/dita-formats-demo/dita-ot-3.7.2/plugins/org.dita.html5/build_dita2html5.xml
78   [DEBUG] creating macro  html5.topics
78   [DEBUG] creating macro  html5.map
78   [DEBUG] Overriding previous definition of reference to ant.projectHelper
79   [DEBUG] Importing file /Users/isemisynov/Develop/dita-formats-demo/dita-ot-3.7.2/plugins/org.dita.htmlhelp/build_dita2htmlhelp.xml from /Users/isemisynov/Develop/dita-formats-demo/dita-ot-3.7.2/plugins/org.dita.base/build.xml
79   [DEBUG] Overriding previous definition of reference to ant.projectHelper
79   [DEBUG] parsing buildfile /Users/isemisynov/Develop/dita-formats-demo/dita-ot-3.7.2/plugins/org.dita.htmlhelp/build_dita2htmlhelp.xml with URI = file:/Users/isemisynov/Develop/dita-formats-demo/dita-ot-3.7.2/plugins/org.dita.htmlhelp/build_dita2htmlhelp.xml
80   [DEBUG] Overriding previous definition of reference to ant.projectHelper
81   [DEBUG] Importing file /Users/isemisynov/Develop/dita-formats-demo/dita-ot-3.7.2/plugins/org.dita.index/build.xml from /Users/isemisynov/Develop/dita-formats-demo/dita-ot-3.7.2/plugins/org.dita.base/build.xml
81   [DEBUG] Overriding previous definition of reference to ant.projectHelper
81   [DEBUG] parsing buildfile /Users/isemisynov/Develop/dita-formats-demo/dita-ot-3.7.2/plugins/org.dita.index/build.xml with URI = file:/Users/isemisynov/Develop/dita-formats-demo/dita-ot-3.7.2/plugins/org.dita.index/build.xml
81   [DEBUG] Overriding previous definition of reference to ant.projectHelper
82   [DEBUG] Importing file /Users/isemisynov/Develop/dita-formats-demo/dita-ot-3.7.2/plugins/org.dita.pdf2/build.xml from /Users/isemisynov/Develop/dita-formats-demo/dita-ot-3.7.2/plugins/org.dita.base/build.xml
82   [DEBUG] Overriding previous definition of reference to ant.projectHelper
82   [DEBUG] parsing buildfile /Users/isemisynov/Develop/dita-formats-demo/dita-ot-3.7.2/plugins/org.dita.pdf2/build.xml with URI = file:/Users/isemisynov/Develop/dita-formats-demo/dita-ot-3.7.2/plugins/org.dita.pdf2/build.xml
83   [DEBUG] Overriding previous definition of reference to ant.projectHelper
84   [DEBUG] Importing file /Users/isemisynov/Develop/dita-formats-demo/dita-ot-3.7.2/plugins/org.dita.pdf2.axf/build.xml from /Users/isemisynov/Develop/dita-formats-demo/dita-ot-3.7.2/plugins/org.dita.base/build.xml
84   [DEBUG] Overriding previous definition of reference to ant.projectHelper
84   [DEBUG] parsing buildfile /Users/isemisynov/Develop/dita-formats-demo/dita-ot-3.7.2/plugins/org.dita.pdf2.axf/build.xml with URI = file:/Users/isemisynov/Develop/dita-formats-demo/dita-ot-3.7.2/plugins/org.dita.pdf2.axf/build.xml
85   [DEBUG] Overriding previous definition of reference to ant.projectHelper
86   [DEBUG] Importing file /Users/isemisynov/Develop/dita-formats-demo/dita-ot-3.7.2/plugins/org.dita.pdf2.fop/build_fop.xml from /Users/isemisynov/Develop/dita-formats-demo/dita-ot-3.7.2/plugins/org.dita.base/build.xml
86   [DEBUG] Overriding previous definition of reference to ant.projectHelper
86   [DEBUG] parsing buildfile /Users/isemisynov/Develop/dita-formats-demo/dita-ot-3.7.2/plugins/org.dita.pdf2.fop/build_fop.xml with URI = file:/Users/isemisynov/Develop/dita-formats-demo/dita-ot-3.7.2/plugins/org.dita.pdf2.fop/build_fop.xml
86   [DEBUG] Overriding previous definition of reference to ant.projectHelper
87   [DEBUG] Importing file /Users/isemisynov/Develop/dita-formats-demo/dita-ot-3.7.2/plugins/org.dita.pdf2.xep/build.xml from /Users/isemisynov/Develop/dita-formats-demo/dita-ot-3.7.2/plugins/org.dita.base/build.xml
87   [DEBUG] Overriding previous definition of reference to ant.projectHelper
87   [DEBUG] parsing buildfile /Users/isemisynov/Develop/dita-formats-demo/dita-ot-3.7.2/plugins/org.dita.pdf2.xep/build.xml with URI = file:/Users/isemisynov/Develop/dita-formats-demo/dita-ot-3.7.2/plugins/org.dita.pdf2.xep/build.xml
88   [DEBUG] Overriding previous definition of reference to ant.projectHelper
88   [DEBUG] Importing file /Users/isemisynov/Develop/dita-formats-demo/dita-ot-3.7.2/plugins/org.dita.normalize/build.xml from /Users/isemisynov/Develop/dita-formats-demo/dita-ot-3.7.2/plugins/org.dita.base/build.xml
88   [DEBUG] Overriding previous definition of reference to ant.projectHelper
88   [DEBUG] parsing buildfile /Users/isemisynov/Develop/dita-formats-demo/dita-ot-3.7.2/plugins/org.dita.normalize/build.xml with URI = file:/Users/isemisynov/Develop/dita-formats-demo/dita-ot-3.7.2/plugins/org.dita.normalize/build.xml
89   [DEBUG] Overriding previous definition of reference to ant.projectHelper
89   [DEBUG] Importing file /Users/isemisynov/Develop/dita-formats-demo/dita-ot-3.7.2/plugins/org.lwdita/build-markdown.xml from /Users/isemisynov/Develop/dita-formats-demo/dita-ot-3.7.2/plugins/org.dita.base/build.xml
89   [DEBUG] Overriding previous definition of reference to ant.projectHelper
89   [DEBUG] parsing buildfile /Users/isemisynov/Develop/dita-formats-demo/dita-ot-3.7.2/plugins/org.lwdita/build-markdown.xml with URI = file:/Users/isemisynov/Develop/dita-formats-demo/dita-ot-3.7.2/plugins/org.lwdita/build-markdown.xml
90   [DEBUG] creating macro  markdown.map
90   [DEBUG] creating macro  markdown.topics
90   [DEBUG] Overriding previous definition of reference to ant.projectHelper
90   [DEBUG] Importing file /Users/isemisynov/Develop/dita-formats-demo/dita-ot-3.7.2/plugins/org.lwdita/build-html.xml from /Users/isemisynov/Develop/dita-formats-demo/dita-ot-3.7.2/plugins/org.dita.base/build.xml
90   [DEBUG] Overriding previous definition of reference to ant.projectHelper
91   [DEBUG] parsing buildfile /Users/isemisynov/Develop/dita-formats-demo/dita-ot-3.7.2/plugins/org.lwdita/build-html.xml with URI = file:/Users/isemisynov/Develop/dita-formats-demo/dita-ot-3.7.2/plugins/org.lwdita/build-html.xml
91   [DEBUG] Overriding previous definition of reference to ant.projectHelper
91   [DEBUG] Overriding previous definition of reference to ant.projectHelper
91   [DEBUG] Build sequence for target(s) `dita2pdf2' is [dita2pdf2.init, init-properties, check-arg, log-arg, build-init, preprocess2.init, ditaval-merge, map-reader, map-mapref, map-branch-filter, map-keyref, map-conrefpush, map-conref, map-profile-check, map-profile, preprocess2.maps, topic-reader, topic-branch-filter, topic-keyref, topic-copy-to, topic-conrefpush, topic-conref, topic-profile-check, topic-profile, preprocess2.topic-fragment, topic-chunk, topic-move-meta-entries, topic-maplink, topic-topicpull, preprocess2.topics, map-clean-map, clean-preprocess, copy-image2, copy-html, copy-flag-check, copy-flag, copy-files2, preprocess2, map2pdf2, topic2pdf2, dita2pdf2]
92   [DEBUG] Complete build sequence is [dita2pdf2.init, init-properties, check-arg, log-arg, build-init, preprocess2.init, ditaval-merge, map-reader, map-mapref, map-branch-filter, map-keyref, map-conrefpush, map-conref, map-profile-check, map-profile, preprocess2.maps, topic-reader, topic-branch-filter, topic-keyref, topic-copy-to, topic-conrefpush, topic-conref, topic-profile-check, topic-profile, preprocess2.topic-fragment, topic-chunk, topic-move-meta-entries, topic-maplink, topic-topicpull, preprocess2.topics, map-clean-map, clean-preprocess, copy-image2, copy-html, copy-flag-check, copy-flag, copy-files2, preprocess2, map2pdf2, topic2pdf2, dita2pdf2, dita.index.eclipsehelp.init, ditaot-preprocess.mapref-check, conref, transform.topic2pdf.init, preview.topic.pdf.init, copyCoreArtwork, transform.fo2pdf.xep.test-use, transform.fo2pdf.xep.init, transform.fo2pdf.fop.test-use, transform.fo2pdf.fop.init, transform.fo2pdf.ah.test-use, transform.fo2pdf.ah.init, transform.topic2fo.init, org.dita.index.init, org.dita.index, transform.topic2fo.main, transform.topic2fo.i18n.filter, transform.topic2fo.i18n.no-filter, transform.topic2fo.i18n, transform.topic2fo, transform.fo2pdf.xep, transform.fo2pdf.fop, transform.fo2pdf.ah, transform.fo2pdf, transform.topic2pdf, dita.build.preview.topic.pdf, ditaot-preprocess.maplink-check, markdown_github.init, preprocess.init, gen-list, debug-filter, mapref-check, mapref, branch-filter, keyref, copy-to, conrefpush, profile-check, profile, topic-fragment, chunk-check, chunk, move-meta-entries, maplink-check, maplink, topicpull-check, topicpull, clean-map-check, clean-map, copy-image, copy-files, preprocess, markdown.init, markdown.topics.common, markdown.topics.common.inner, markdown.topic, markdown.map.init, markdown.map.toc, markdown.map, dita2markdown, dita2normalize.dita2markdown_github, dita2normalize.markdown.topics.common, ditaot-init.check-arg, dita2dita, org.dita.pdf2.xep.transform.fo2pdf.xep, dita2htmlhelp.init, ditaot-preprocess.profile-check, dita2html5.html5.map.toc, html5.map.init, html5.map.toc, dita2html5.html5.map, ditaot-preprocess2.map-conrefpush, dita2eclipsehelp.dita.map.eclipse.plugin.init, dita.map.eclipse.plugin.init, dita.map.eclipse.plugin, ditaot-preprocess.debug-filter, dita.map.eclipse.fragment.move.files, dita2normalize.dita.out.map.hdita.toc, xhtml.init, xhtml.image-metadata, htmlhelp.topics, ditaot-init.build-init, dita2xhtml.copy-css-user, ditaot-preprocess.copy-to, ditaot-preprocess.keyref, ditaot-preprocess.copy-flag-check, ditaot-preprocess2.topic-keyref, transform.topic2fo.index.init, dita.build.transform.topic2fo.index, ditaot-preprocess2.topic-maplink, build_generaltargets.output-css-warn-message, ditaot-preprocess2.topic-reader, ditaot-preprocess.chunk, dita.topics.html.common, dita.build.transform.topic2fo.i18n.filter, org.dita.pdf2.axf.transform.fo2pdf.ah.nooption, ditaot-preprocess2.topic-branch-filter, build_generaltargets.xhtml.image-metadata, dita2normalize.dita.topics.hdita.common, dita.map.xhtml.init, dita.map.xhtml.toc, dita.map.xhtml, dita.map.eclipse.toc, dita.build.transform.topic2fo.i18n, org.dita.pdf2.axf.transform.fo2pdf.ah, html5.topic.init, org.dita.pdf2.xep.transform.fo2pdf.xep.test-use, ditaot-preprocess2.preprocess2.topic-fragment, markdown_gitbook.init, dita2eclipsehelp.dita.map.eclipse.fragment.language.init, ditaot-preprocess.preprocess.init, copy-revflag, ditaot-preprocess.clean-map, dita2xhtml.init, dita.build.dita2pdf2, hdita.init, ditaot-preprocess.clean-preprocess, dita2xhtml.dita.out.map.xhtml.toc, org.dita.pdf2.xep.transform.fo2pdf.xep.init, ditaot-preprocess2.preprocess2, org.dita.pdf2.axf.transform.fo2pdf.ah.test-use, ditaot-preprocess.maplink, ditaot-init.init-properties, ditaot-preprocess.preprocess, use-init.envhhcdir, use-init.hhcdir, htmlhelp.copy-image, copy-css, dita2htmlhelp.dita2htmlhelp, publish.map.pdf.init, dita2xhtml.dita.map.xhtml, copy-plugin-files, ditaot-preprocess2.map-clean-map, dita.build.dita2pdf, ditaot-preprocess.conrefpush, dita.map.eclipse.init, dita2eclipsehelp.dita.map.eclipse.fragment.error, ditaot-preprocess.branch-filter, dita.map.hdita.init, dita2eclipsehelp.copy-plugin-files, dita.build.transform.fo2pdf, html5.init, dita2eclipsehelp.dita.out.map.eclipse.plugin, build.eclipse.jar, org.dita.pdf2.fop.transform.fo2pdf.fop, dita.build.transform.topic2pdf.init, ditaot-preprocess2.map-mapref, dita.map.eclipse.fragment.language.init, ditaot-preprocess.gen-list, build_generaltargets.dita.topics.html.common, dita2htmlhelp.use-init.hhcdir, dita.build.publish.map.pdf, html5.topics.common.inner, dita2normalize.hdita.init, DOST.init, DOST.help, transform.fo2pdf.ah.nooption, dita.inner.topics.hdita.common, dita2htmlhelp.dita.htmlhelp.convertlang, ditaot-preprocess2.topic-topicpull, dita2eclipsehelp.dita.out.map.eclipse.toc, dita2normalize.markdown.init, html5.image-metadata, html5.topics.common, dita2html5.html5.topic, ditaot-preprocess.chunk-check, dita2normalize.markdown_gitbook.init, dita2htmlhelp.org.dita.index, build_generaltargets.dita.inner.topics.html.common, html5.topic, preprocess2-topic, ditaot-preprocess2.map-profile-check, dita.out.map.eclipse.plugin.properties, dita2eclipsehelp.dita.map.eclipse.index, ditaot-preprocess.profile, dita2normalize.markdown.topics.common.inner, dita.map.eclipse.fragment.language.country.init, dita2eclipsehelp.dita.map.eclipse.plugin.properties, ditaot-preprocess.copy-files, dita.inner.topics.html.common, build_generaltargets.xhtml.topics, org.dita.pdf2.fop.transform.fo2pdf.fop.test-use, dita2htmlhelp.dita2htmlhelp.init, dita.map.htmlhelp.init, ditaot-preprocess2.map-conref, dita.map.eclipse.index, dita.map.eclipse.plugin.properties, dita.map.eclipse.manifest.file, dita.out.map.eclipse.manifest.file, dita.out.map.eclipse.toc, dita.out.map.eclipse.index, dita.out.map.eclipse.plugin, dita.out.map.eclipse.fragment.move.files, dita.map.eclipse.genetrate.fragment, ditaot-preprocess.topicpull-check, init, help, ditaot-preprocess2.preprocess2-topic, dita.map.eclipse.fragment.error, ditaot-preprocess2.map-reader, ditaot-init.log-arg, dita2xhtml.copy-css, dita2normalize.markdown.map.toc, ditaot-preprocess.move-meta-entries, dita2markdown_gitbook, dita.build.transform.topic2fo, html5.css, preview.topic.pdf, transform.topic2fo.index, dita2eclipsehelp.dita.map.eclipse.init, xhtml.topics, dita2xhtml.dita2xhtml, ditaot-preprocess2.topic-move-meta-entries, dita2normalize.dita.inner.topics.hdita.common, dita2normalize.markdown_github.init, dita2eclipsehelp.dita.map.eclipse.toc, dita2normalize.dita2dita, ditaot-preprocess.copy-html, dita2normalize.markdown.topic, dita2html5.html5.topic.init, dita.topics.hdita.common, dita.map.hdita.toc, dita.out.map.hdita.toc, dita2normalize.dita2hdita, dita.map.eclipse.generate.plugin, clean-temp, dita2xhtml.dita2xhtml.init, ditaot-preprocess.copy-image, ditaot-preprocess.ditaval-merge, dita.map.htmlhelp.hhp, dita.map.htmlhelp.hhc, dita.map.htmlhelp.hhk, dita.htmlhelp.convertlang, compile.HTML.Help, dita.map.htmlhelp, dita2html5.html5.init, build_generaltargets.xhtml.init, dita2html5.html5.topics.common.inner, dita2xhtml.dita.map.xhtml.toc, org.dita.pdf2.fop.transform.fo2pdf.fop.init, dita2eclipsehelp.dita.out.map.eclipse.index, ditaot-preprocess2.preprocess2.maps, dita2eclipsehelp.build.eclipse.jar, ditaot-preprocess2.map-branch-filter, dita2normalize.markdown.map.init, dita2htmlhelp.compile.HTML.Help, dita.build.transform.topic2fo.index.init, dita2htmlhelp.dita.map.htmlhelp, html5.map, dita2html5, dita2html5.html5.map.init, ditaot-preprocess.mapref, dita2eclipsehelp.dita.out.map.eclipse.manifest.file, dita.build.transform.topic2fo.main, ditaot-preprocess.clean-map-check, dita2normalize.dita.map.hdita.toc, dita2eclipsehelp.dita.map.eclipse.genetrate.fragment, dita2eclipsehelp.dita.map.eclipse.fragment.language.country.init, dita.build.publish.map.pdf.init, ditaot-preprocess2.copy-image2, ditaot-preprocess.clean-temp, dita.build.dita2pdf2.init, dita2normalize.dita2markdown_gitbook, dita2eclipsehelp.dita.map.eclipse.manifest.file, dita2eclipsehelp.dita.out.map.eclipse.fragment.move.files, html5.copy-css-user, dita.eclipsehelp.init, dita2htmlhelp.org.dita.index.init, dita2hdita, dita2normalize.markdown.map, dita.build.transform.topic2fo.init, dita.out.map.xhtml.toc, ditaot-preprocess.copy-flag, dita2htmlhelp.htmlhelp.topics, dita2xhtml, dita2eclipsehelp.dita.index.eclipsehelp.init, org.dita.pdf2.axf.transform.fo2pdf.ah.hasoption, dita2eclipsehelp.dita.map.eclipse.generate.plugin, dita.build.preview.topic.pdf.init, ditaot-preprocess2.map-keyref, dita2htmlhelp.dita.map.htmlhelp.init, transform.fo2pdf.ah.hasoption, dita2eclipsehelp.dita.map.eclipse.plugin, ditaot-preprocess2.copy-files2, dita2pdf, ditaot-preprocess.conref, ditaot-preprocess2.topic-conref, dita.build.transform.topic2fo.i18n.no-filter, dita.build.copyCoreArtwork, dita2normalize.dita2markdown, dita2xhtml.copy-revflag, dita.build.transform.topic2pdf, dita2markdown_github, ditaot-preprocess.topic-fragment, ditaot-preprocess2.topic-conrefpush, dita.map.eclipse, dita2eclipsehelp.dita2eclipsehelp, ditaot-preprocess2.preprocess2.topics, dita2html5.html5.css, dita2eclipsehelp, dita2eclipsehelp.dita.map.eclipse, dita.build.topic2pdf2, dita2eclipsehelp.dita.map.eclipse.fragment.move.files, dita2html5.html5.copy-css-user, dita2normalize.dita.map.hdita.init, dita2htmlhelp.dita.map.htmlhelp.hhp, ditaot-preprocess2.map-profile, ditaot-preprocess.topicpull, ditaot-preprocess2.topic-profile-check, dita2htmlhelp.dita.map.htmlhelp.hhk, output-css-warn-message, dita2htmlhelp.dita.map.htmlhelp.hhc, dita2html5.html5.image-metadata, dita2htmlhelp.htmlhelp.copy-image, dita2htmlhelp.use-init.envhhcdir, copy-css-user, dita2htmlhelp, dita2eclipsehelp.dita.out.map.eclipse.plugin.properties, dita.build.map2pdf2, dita2html5.html5.topics.common, ditaot-preprocess2.topic-copy-to, dita2html5.dita2html5, org.dita.pdf2.axf.transform.fo2pdf.ah.init, ditaot-preprocess2.topic-chunk, dita2eclipsehelp.dita.eclipsehelp.init, ditaot-preprocess2.preprocess2.init, publish.map.pdf, dita2xhtml.dita.map.xhtml.init, , ditaot-preprocess2.topic-profile]
93   [DEBUG] Property "pdf.formatter" has not been set
93   [DEBUG] Property "pdf.formatter" has not been set
93   [DEBUG] Property "pdf.formatter" has not been set
94   [DEBUG] Property "pdf.formatter" has not been set
94   [DEBUG] Property "pdf.formatter" has not been set
94   [DEBUG] Property "args.xsl.pdf" has not been set
94   [DEBUG] Property "args.xsl.pdf" has not been set
94   [DEBUG] Property "org.dita.pdf2.chunk.enabled" has not been set
95   [DEBUG] Override ignored for property "base.temp.dir"
95   [DEBUG] Override ignored for property "dita.temp.dir"
95   [DEBUG] Override ignored for property "output.dir"
95   [DEBUG] Property "temp.output.dir.name" has not been set
95   [INFO ] Initializing project
97   [DEBUG] Loading Environment env.
97   [DEBUG] Property "args.xsl" has not been set
97   [DEBUG] Property "args.xsl" has not been set
98   [DEBUG] Property "args.outext" has not been set
98   [DEBUG] Property "args.outext" has not been set
98   [DEBUG] Property "args.outext" has not been set
98   [DEBUG] Property "args.outext" has not been set
98   [DEBUG] Skipping /Users/isemisynov/Develop/dita-formats-demo/output/dita/pdf2 because it already exists.
98   [INFO ] Deleting directory /Users/isemisynov/Develop/dita-formats-demo/tmp/1653650813958
99   [DEBUG] Deleting directory /Users/isemisynov/Develop/dita-formats-demo/tmp/1653650813958
100  [INFO ] Created dir: /Users/isemisynov/Develop/dita-formats-demo/tmp/1653650813958
101  [DEBUG] Property "args.hide.parent.link" has not been set
102  [DEBUG] Property "org.xml.sax.driver" has not been set
102  [DEBUG] Unable to load class org.apache.crimson.parser.XMLReaderImpl
103  [DEBUG] Unable to load class net.sf.saxon.StyleSheet
103  [INFO ] *****************************************************************
103  [INFO ] * basedir = /Users/isemisynov/Develop/dita-formats-demo/dita-ot-3.7.2
103  [INFO ] * dita.dir = /Users/isemisynov/Develop/dita-formats-demo/dita-ot-3.7.2
103  [INFO ] * transtype = pdf2
103  [INFO ] * tempdir = /Users/isemisynov/Develop/dita-formats-demo/tmp/1653650813958
104  [INFO ] * outputdir = /Users/isemisynov/Develop/dita-formats-demo/output/dita/pdf2
104  [DEBUG] Property "clean.temp" has not been set
104  [INFO ] * clean.temp = ${clean.temp}
104  [INFO ] * DITA-OT version = 3.7.2
104  [INFO ] * XML parser = Xerces
104  [INFO ] * XSLT processor = Saxon
104  [INFO ] * collator = ICU
104  [INFO ] *****************************************************************
105  [INFO ] #Ant properties
105  [INFO ] #Fri May 27 14:26:54 MSK 2022
105  [INFO ] args.grammar.cache=yes
105  [INFO ] args.input=file\:/Users/isemisynov/Develop/dita-formats-demo/demo-input/dita/demo.ditamap
105  [INFO ] args.rellinks=nofamily
105  [INFO ] args.xml.systemid.set=yes
105  [INFO ] dita.dir=/Users/isemisynov/Develop/dita-formats-demo/dita-ot-3.7.2
105  [INFO ] dita.output.dir=/Users/isemisynov/Develop/dita-formats-demo/output/dita/pdf2
105  [INFO ] dita.plugin.org.dita.base.dir=/Users/isemisynov/Develop/dita-formats-demo/dita-ot-3.7.2/plugins/org.dita.base
105  [INFO ] dita.plugin.org.dita.eclipsehelp.dir=/Users/isemisynov/Develop/dita-formats-demo/dita-ot-3.7.2/plugins/org.dita.eclipsehelp
105  [INFO ] dita.plugin.org.dita.html5.dir=/Users/isemisynov/Develop/dita-formats-demo/dita-ot-3.7.2/plugins/org.dita.html5
105  [INFO ] dita.plugin.org.dita.htmlhelp.dir=/Users/isemisynov/Develop/dita-formats-demo/dita-ot-3.7.2/plugins/org.dita.htmlhelp
105  [INFO ] dita.plugin.org.dita.index.dir=/Users/isemisynov/Develop/dita-formats-demo/dita-ot-3.7.2/plugins/org.dita.index
105  [INFO ] dita.plugin.org.dita.normalize.dir=/Users/isemisynov/Develop/dita-formats-demo/dita-ot-3.7.2/plugins/org.dita.normalize
105  [INFO ] dita.plugin.org.dita.pdf2.axf.dir=/Users/isemisynov/Develop/dita-formats-demo/dita-ot-3.7.2/plugins/org.dita.pdf2.axf
105  [INFO ] dita.plugin.org.dita.pdf2.dir=/Users/isemisynov/Develop/dita-formats-demo/dita-ot-3.7.2/plugins/org.dita.pdf2
105  [INFO ] dita.plugin.org.dita.pdf2.fop.dir=/Users/isemisynov/Develop/dita-formats-demo/dita-ot-3.7.2/plugins/org.dita.pdf2.fop
105  [INFO ] dita.plugin.org.dita.pdf2.xep.dir=/Users/isemisynov/Develop/dita-formats-demo/dita-ot-3.7.2/plugins/org.dita.pdf2.xep
105  [INFO ] dita.plugin.org.dita.specialization.dita11.dir=/Users/isemisynov/Develop/dita-formats-demo/dita-ot-3.7.2/plugins/org.dita.specialization.dita11
105  [INFO ] dita.plugin.org.dita.xhtml.dir=/Users/isemisynov/Develop/dita-formats-demo/dita-ot-3.7.2/plugins/org.dita.xhtml
105  [INFO ] dita.plugin.org.lwdita.dir=/Users/isemisynov/Develop/dita-formats-demo/dita-ot-3.7.2/plugins/org.lwdita
105  [INFO ] dita.plugin.org.oasis-open.dita.techcomm.v2_0.dir=/Users/isemisynov/Develop/dita-formats-demo/dita-ot-3.7.2/plugins/org.oasis-open.dita.techcomm.v2_0
105  [INFO ] dita.plugin.org.oasis-open.dita.v1_2.dir=/Users/isemisynov/Develop/dita-formats-demo/dita-ot-3.7.2/plugins/org.oasis-open.dita.v1_2
105  [INFO ] dita.plugin.org.oasis-open.dita.v1_3.dir=/Users/isemisynov/Develop/dita-formats-demo/dita-ot-3.7.2/plugins/org.oasis-open.dita.v1_3
105  [INFO ] dita.plugin.org.oasis-open.dita.v2_0.dir=/Users/isemisynov/Develop/dita-formats-demo/dita-ot-3.7.2/plugins/org.oasis-open.dita.v2_0
105  [INFO ] dita.plugin.org.oasis-open.xdita.v0_2_2.dir=/Users/isemisynov/Develop/dita-formats-demo/dita-ot-3.7.2/plugins/org.oasis-open.xdita.v0_2_2
106  [INFO ] dita.temp.dir=/Users/isemisynov/Develop/dita-formats-demo/tmp/1653650813958
106  [INFO ] preprocess.chunk.skip=true
106  [INFO ] preprocess.copy-flag.skip=true
106  [INFO ] preprocess.copy-image.skip=true
106  [INFO ] *****************************************************************
106  [DEBUG] Override ignored for property "clean-preprocess.use-result-filename"
109  [DEBUG] Set property dita.map.filename.root = demo
109  [INFO ] *****************************************************************
109  [INFO ] * input = file:/Users/isemisynov/Develop/dita-formats-demo/demo-input/dita/demo.ditamap
109  [DEBUG] Property "args.resources" has not been set
109  [INFO ] * resources = ${args.resources}
109  [INFO ] *****************************************************************
112  [DEBUG] Job not found from Ant project reference
114  [INFO ] Using Xerces grammar pool for DTD and schema caching.
114  [INFO ] Processing file:/Users/isemisynov/Develop/dita-formats-demo/demo-input/dita/demo.ditamap to file:/Users/isemisynov/Develop/dita-formats-demo/tmp/1653650813958/8a6acaafc08b3c7eb3d129b394e342b69417ea96.ditamap
118  [INFO ] Serializing job specification
120  [DEBUG] MapReaderModule processing took 6 ms
120  [DEBUG] Scanning for 8a6acaafc08b3c7eb3d129b394e342b69417ea96.ditamap
120  [DEBUG] Found temporary directory file /Users/isemisynov/Develop/dita-formats-demo/tmp/1653650813958/8a6acaafc08b3c7eb3d129b394e342b69417ea96.ditamap
120  [DEBUG] Set property inputMapPath = file:/Users/isemisynov/Develop/dita-formats-demo/tmp/1653650813958/8a6acaafc08b3c7eb3d129b394e342b69417ea96.ditamap
121  [DEBUG] Property "dita.preprocess.reloadstylesheet" has not been set
121  [DEBUG] Property "user.input.file" has not been set
167  [INFO ] Processing file:/Users/isemisynov/Develop/dita-formats-demo/tmp/1653650813958/8a6acaafc08b3c7eb3d129b394e342b69417ea96.ditamap
172  [DEBUG] MaprefModule processing took 51 ms
173  [INFO ] Processing file:/Users/isemisynov/Develop/dita-formats-demo/tmp/1653650813958/8a6acaafc08b3c7eb3d129b394e342b69417ea96.ditamap
173  [DEBUG] Reading file:/Users/isemisynov/Develop/dita-formats-demo/tmp/1653650813958/8a6acaafc08b3c7eb3d129b394e342b69417ea96.ditamap
174  [DEBUG] Split branches and generate copy-to
174  [DEBUG] Filter map
174  [DEBUG] Loading subject schemes
174  [DEBUG] Rewrite duplicate topic references
174  [DEBUG] Writing file:/Users/isemisynov/Develop/dita-formats-demo/tmp/1653650813958/8a6acaafc08b3c7eb3d129b394e342b69417ea96.ditamap
176  [DEBUG] MapBranchFilterModule processing took 4 ms
176  [DEBUG] KeyrefModule processing took 0 ms
215  [INFO ] Processing file:/Users/isemisynov/Develop/dita-formats-demo/tmp/1653650813958/8a6acaafc08b3c7eb3d129b394e342b69417ea96.ditamap
219  [DEBUG] MaprefModule processing took 42 ms
219  [DEBUG] ConrefPushModule processing took 0 ms
220  [DEBUG] Property "dita.preprocess.reloadstylesheet" has not been set
220  [DEBUG] Setting exportfile.url to URL file:/Users/isemisynov/Develop/dita-formats-demo/tmp/1653650813958/export.xml
220  [DEBUG] XsltModule processing took 0 ms
221  [INFO ] Processing /Users/isemisynov/Develop/dita-formats-demo/tmp/1653650813958/8a6acaafc08b3c7eb3d129b394e342b69417ea96.ditamap
224  [DEBUG] FilterModule processing took 3 ms
226  [INFO ] Using Xerces grammar pool for DTD and schema caching.
226  [DEBUG] Reading file:/Users/isemisynov/Develop/dita-formats-demo/tmp/1653650813958/8a6acaafc08b3c7eb3d129b394e342b69417ea96.ditamap
226  [DEBUG] Loading subject schemes
227  [INFO ] Reading file:/Users/isemisynov/Develop/dita-formats-demo/tmp/1653650813958/8a6acaafc08b3c7eb3d129b394e342b69417ea96.ditamap
227  [INFO ] Processing file:/Users/isemisynov/Develop/dita-formats-demo/demo-input/dita/demo-topic1.dita to file:/Users/isemisynov/Develop/dita-formats-demo/tmp/1653650813958/4c7e91b669af818713c8e3b1b862ceac73fda11d.dita
229  [INFO ] Processing file:/Users/isemisynov/Develop/dita-formats-demo/demo-input/dita/demo-topic2.dita to file:/Users/isemisynov/Develop/dita-formats-demo/tmp/1653650813958/0dc3b7ee4c3b0ac6435622554ccd9d01be9127e1.dita
232  [INFO ] Serializing job specification
234  [DEBUG] TopicReaderModule processing took 9 ms
235  [INFO ] Processing file:/Users/isemisynov/Develop/dita-formats-demo/tmp/1653650813958/8a6acaafc08b3c7eb3d129b394e342b69417ea96.ditamap
235  [DEBUG] Reading file:/Users/isemisynov/Develop/dita-formats-demo/tmp/1653650813958/8a6acaafc08b3c7eb3d129b394e342b69417ea96.ditamap
235  [DEBUG] Loading subject schemes
235  [DEBUG] Filter topics and generate copies
235  [DEBUG] Filter existing topics
235  [DEBUG] Writing file:/Users/isemisynov/Develop/dita-formats-demo/tmp/1653650813958/8a6acaafc08b3c7eb3d129b394e342b69417ea96.ditamap
237  [DEBUG] TopicBranchFilterModule processing took 3 ms
238  [DEBUG] KeyrefModule processing took 0 ms
241  [DEBUG] CopyToModule processing took 3 ms
241  [DEBUG] ConrefPushModule processing took 0 ms
241  [DEBUG] Property "dita.preprocess.reloadstylesheet" has not been set
241  [DEBUG] Override ignored for property "dita.preprocess.reloadstylesheet.conref"
242  [DEBUG] XsltModule processing took 0 ms
242  [DEBUG] Skipped because property 'preprocess.topic-profile.skip' set.
243  [INFO ] Processing file:/Users/isemisynov/Develop/dita-formats-demo/tmp/1653650813958/8a6acaafc08b3c7eb3d129b394e342b69417ea96.ditamap
243  [DEBUG] Configure filter org.dita.dost.writer.TopicFragmentFilter
243  [DEBUG] Configure filter org.dita.dost.writer.NormalizeTableFilter
243  [DEBUG] Configure filter org.dita.dost.writer.NormalizeSimpleTableFilter
243  [DEBUG] Configure filter org.dita.dost.writer.CoderefResolver
243  [DEBUG] Configure filter org.dita.dost.writer.NormalizeCodeblock
245  [INFO ] Processing file:/Users/isemisynov/Develop/dita-formats-demo/tmp/1653650813958/4c7e91b669af818713c8e3b1b862ceac73fda11d.dita
245  [DEBUG] Configure filter org.dita.dost.writer.TopicFragmentFilter
245  [DEBUG] Configure filter org.dita.dost.writer.NormalizeTableFilter
245  [DEBUG] Configure filter org.dita.dost.writer.NormalizeSimpleTableFilter
245  [DEBUG] Configure filter org.dita.dost.writer.CoderefResolver
245  [DEBUG] Configure filter org.dita.dost.writer.NormalizeCodeblock
247  [INFO ] Processing file:/Users/isemisynov/Develop/dita-formats-demo/tmp/1653650813958/0dc3b7ee4c3b0ac6435622554ccd9d01be9127e1.dita
247  [DEBUG] Configure filter org.dita.dost.writer.TopicFragmentFilter
247  [DEBUG] Configure filter org.dita.dost.writer.NormalizeTableFilter
247  [DEBUG] Configure filter org.dita.dost.writer.NormalizeSimpleTableFilter
247  [DEBUG] Configure filter org.dita.dost.writer.CoderefResolver
247  [DEBUG] Configure filter org.dita.dost.writer.NormalizeCodeblock
249  [DEBUG] XmlFilterModule processing took 6 ms
249  [DEBUG] Skipped because property 'preprocess.chunk.skip' set.
250  [INFO ] Processing file:/Users/isemisynov/Develop/dita-formats-demo/tmp/1653650813958/8a6acaafc08b3c7eb3d129b394e342b69417ea96.ditamap
251  [DEBUG] Writing file:/Users/isemisynov/Develop/dita-formats-demo/tmp/1653650813958/8a6acaafc08b3c7eb3d129b394e342b69417ea96.ditamap
251  [INFO ] Loading stylesheet /Users/isemisynov/Develop/dita-formats-demo/dita-ot-3.7.2/plugins/org.dita.base/xsl/preprocess/mappull.xsl
308  [INFO ] Processing file:/Users/isemisynov/Develop/dita-formats-demo/tmp/1653650813958/8a6acaafc08b3c7eb3d129b394e342b69417ea96.ditamap
308  [DEBUG] Processing file:/Users/isemisynov/Develop/dita-formats-demo/tmp/1653650813958/8a6acaafc08b3c7eb3d129b394e342b69417ea96.ditamap to file:/Users/isemisynov/Develop/dita-formats-demo/tmp/1653650813958/8a6acaafc08b3c7eb3d129b394e342b69417ea96.ditamap.tmp1653650814266
309  [DEBUG] Set parameter basedir to '/Users/isemisynov/Develop/dita-formats-demo/dita-ot-3.7.2'
309  [DEBUG] Set parameter style to '/Users/isemisynov/Develop/dita-formats-demo/dita-ot-3.7.2/plugins/org.dita.base/xsl/preprocess/mappull.xsl'
309  [DEBUG] Set parameter conserve-memory to 'false'
309  [DEBUG] Set parameter message to 'Move metadata entries.'
408  [DEBUG] Moving file:/Users/isemisynov/Develop/dita-formats-demo/tmp/1653650813958/8a6acaafc08b3c7eb3d129b394e342b69417ea96.ditamap.tmp1653650814266 to file:/Users/isemisynov/Develop/dita-formats-demo/tmp/1653650813958/8a6acaafc08b3c7eb3d129b394e342b69417ea96.ditamap
409  [DEBUG] MoveMetaModule processing took 159 ms
409  [DEBUG] Property "dita.preprocess.reloadstylesheet" has not been set
461  [DEBUG] MoveLinksModule processing took 52 ms
461  [DEBUG] Property "dita.preprocess.reloadstylesheet" has not been set
461  [INFO ] Transforming into /Users/isemisynov/Develop/dita-formats-demo/tmp/1653650813958
461  [INFO ] Loading stylesheet file:/Users/isemisynov/Develop/dita-formats-demo/dita-ot-3.7.2/plugins/org.dita.base/xsl/preprocess/topicpull.xsl
515  [INFO ] Loading stylesheet file:/Users/isemisynov/Develop/dita-formats-demo/dita-ot-3.7.2/plugins/org.dita.base/xsl/preprocess/topicpull.xsl
516  [DEBUG] Set parameter ONLYTOPICINMAP to 'false'
516  [DEBUG] Set parameter defaultLanguage to 'en'
516  [INFO ] Processing file:/Users/isemisynov/Develop/dita-formats-demo/tmp/1653650813958/4c7e91b669af818713c8e3b1b862ceac73fda11d.dita
518  [DEBUG] Set parameter ONLYTOPICINMAP to 'false'
518  [DEBUG] Set parameter defaultLanguage to 'en'
518  [INFO ] Processing file:/Users/isemisynov/Develop/dita-formats-demo/tmp/1653650813958/0dc3b7ee4c3b0ac6435622554ccd9d01be9127e1.dita
520  [DEBUG] XsltModule processing took 59 ms
520  [DEBUG] Property "dita.preprocess.reloadstylesheet" has not been set
521  [INFO ] Transforming into /Users/isemisynov/Develop/dita-formats-demo/tmp/1653650813958
521  [INFO ] Loading stylesheet file:/Users/isemisynov/Develop/dita-formats-demo/dita-ot-3.7.2/plugins/org.dita.base/xsl/preprocess/clean-map.xsl
535  [DEBUG] Apache resolver library found, xml-commons resolver will be used
557  [INFO ] Loading stylesheet file:/Users/isemisynov/Develop/dita-formats-demo/dita-ot-3.7.2/plugins/org.dita.base/xsl/preprocess/clean-map.xsl
557  [INFO ] Processing file:/Users/isemisynov/Develop/dita-formats-demo/tmp/1653650813958/8a6acaafc08b3c7eb3d129b394e342b69417ea96.ditamap
559  [DEBUG] XsltModule processing took 38 ms
560  [DEBUG] CleanPreprocessModule processing took 0 ms
561  [DEBUG] Skipped because property 'preprocess.copy-image.skip' set.
561  [DEBUG] Property "_dita.map.output.dir" has not been set
561  [DEBUG] Property "uplevels" has not been set
561  [DEBUG] Overriding previous definition of property "transtypes"
561  [DEBUG] Overriding previous definition of property "parser.md"
561  [DEBUG] Overriding previous definition of property "plugin.org.dita.specialization.dita11.dir"
561  [DEBUG] Overriding previous definition of property "parser.hdita"
561  [DEBUG] Overriding previous definition of property "cli.color"
562  [DEBUG] Overriding previous definition of property "plugin.org.dita.pdf2.dir"
562  [DEBUG] Overriding previous definition of property "print_transtypes"
562  [DEBUG] Overriding previous definition of property "supported_resource_extensions"
562  [DEBUG] Overriding previous definition of property "plugin.org.dita.xhtml.dir"
562  [DEBUG] Overriding previous definition of property "plugin.org.dita.index.dir"
562  [DEBUG] Overriding previous definition of property "supported_html_extensions"
562  [DEBUG] Overriding previous definition of property "plugin.order"
562  [DEBUG] Overriding previous definition of property "otrelease"
562  [DEBUG] Overriding previous definition of property "supported_image_extensions"
562  [DEBUG] Overriding previous definition of property "org.dita.pdf2.i18n.enabled"
562  [DEBUG] Overriding previous definition of property "plugin.org.dita.html5.dir"
562  [DEBUG] Overriding previous definition of property "default.cascade"
562  [DEBUG] Overriding previous definition of property "plugin.org.oasis-open.xdita.v0_2_2.dir"
562  [DEBUG] Overriding previous definition of property "plugin.org.dita.eclipsehelp.dir"
562  [DEBUG] Overriding previous definition of property "plugin.org.dita.htmlhelp.dir"
562  [DEBUG] Overriding previous definition of property "temp-file-name-scheme"
562  [DEBUG] Overriding previous definition of property "plugin.org.dita.base.dir"
562  [DEBUG] Overriding previous definition of property "plugindirs"
562  [DEBUG] Overriding previous definition of property "parser.mdita"
562  [DEBUG] Overriding previous definition of property "plugin.ignores"
562  [DEBUG] Overriding previous definition of property "registry"
562  [DEBUG] Overriding previous definition of property "plugin.org.dita.pdf2.axf.dir"
562  [DEBUG] Overriding previous definition of property "plugin.org.dita.normalize.dir"
562  [DEBUG] Overriding previous definition of property "plugin.org.oasis-open.dita.techcomm.v2_0.dir"
562  [DEBUG] Overriding previous definition of property "plugin.org.oasis-open.dita.v1_2.dir"
562  [DEBUG] Overriding previous definition of property "plugin.org.dita.pdf2.fop.dir"
562  [DEBUG] Overriding previous definition of property "plugin.org.lwdita.dir"
562  [DEBUG] Overriding previous definition of property "plugin.org.dita.pdf2.xep.dir"
562  [DEBUG] Overriding previous definition of property "plugin.org.oasis-open.dita.v2_0.dir"
562  [DEBUG] Overriding previous definition of property "otversion"
562  [DEBUG] Overriding previous definition of property "plugin.org.oasis-open.dita.v1_3.dir"
562  [DEBUG] Overriding previous definition of property "parser.markdown"
563  [DEBUG] Override ignored for property "preprocess.copy-flag.skip"
563  [DEBUG] Skipped because property 'preprocess.copy-flag.skip' set.
563  [DEBUG] Override ignored for property "uplevels"
583  [INFO ] Processing file:/Users/isemisynov/Develop/dita-formats-demo/tmp/1653650813958/8a6acaafc08b3c7eb3d129b394e342b69417ea96.ditamap
584  [INFO ] Processing file:/Users/isemisynov/Develop/dita-formats-demo/tmp/1653650813958/4c7e91b669af818713c8e3b1b862ceac73fda11d.dita
585  [INFO ] Processing file:/Users/isemisynov/Develop/dita-formats-demo/tmp/1653650813958/0dc3b7ee4c3b0ac6435622554ccd9d01be9127e1.dita
618  [DEBUG] TopicMergeModule processing took 55 ms
621  [DEBUG] Project base dir set to: /Users/isemisynov/Develop/dita-formats-demo/dita-ot-3.7.2
622  [DEBUG] calling target(s) [publish.map.pdf] in build file /Users/isemisynov/Develop/dita-formats-demo/dita-ot-3.7.2/build.xml
622  [DEBUG] parsing buildfile /Users/isemisynov/Develop/dita-formats-demo/dita-ot-3.7.2/build.xml with URI = file:/Users/isemisynov/Develop/dita-formats-demo/dita-ot-3.7.2/build.xml
622  [DEBUG] Project base dir set to: /Users/isemisynov/Develop/dita-formats-demo/dita-ot-3.7.2
623  [DEBUG] Override ignored for property "ant.file.DOST.dir"
623  [DEBUG] Override ignored for property "dita.dir"
623  [DEBUG] Override ignored for property "dita.dir"
623  [DEBUG] Loading /Users/isemisynov/Develop/dita-formats-demo/dita-ot-3.7.2/local.properties
623  [DEBUG] Unable to find property file: /Users/isemisynov/Develop/dita-formats-demo/dita-ot-3.7.2/local.properties
623  [DEBUG] Importing file /Users/isemisynov/Develop/dita-formats-demo/dita-ot-3.7.2/plugins/org.dita.base/build.xml from /Users/isemisynov/Develop/dita-formats-demo/dita-ot-3.7.2/build.xml
623  [DEBUG] Overriding previous definition of reference to ant.projectHelper
624  [DEBUG] parsing buildfile /Users/isemisynov/Develop/dita-formats-demo/dita-ot-3.7.2/plugins/org.dita.base/build.xml with URI = file:/Users/isemisynov/Develop/dita-formats-demo/dita-ot-3.7.2/plugins/org.dita.base/build.xml
630  [DEBUG] Override ignored for property "dita.plugin.org.dita.htmlhelp.dir"
630  [DEBUG] Override ignored for property "dita.plugin.org.dita.base.dir"
630  [DEBUG] Override ignored for property "dita.plugin.org.dita.pdf2.xep.dir"
630  [DEBUG] Override ignored for property "dita.plugin.org.oasis-open.dita.techcomm.v2_0.dir"
630  [DEBUG] Override ignored for property "dita.plugin.org.dita.eclipsehelp.dir"
631  [DEBUG] Override ignored for property "dita.plugin.org.dita.pdf2.fop.dir"
631  [DEBUG] Override ignored for property "dita.plugin.org.dita.specialization.dita11.dir"
631  [DEBUG] Override ignored for property "dita.plugin.org.dita.normalize.dir"
631  [DEBUG] Override ignored for property "dita.plugin.org.oasis-open.xdita.v0_2_2.dir"
631  [DEBUG] Override ignored for property "dita.plugin.org.dita.pdf2.axf.dir"
631  [DEBUG] Override ignored for property "dita.plugin.org.dita.html5.dir"
631  [DEBUG] Override ignored for property "dita.plugin.org.dita.index.dir"
631  [DEBUG] Override ignored for property "dita.plugin.org.dita.xhtml.dir"
631  [DEBUG] Override ignored for property "dita.plugin.org.lwdita.dir"
631  [DEBUG] Override ignored for property "dita.plugin.org.oasis-open.dita.v1_2.dir"
631  [DEBUG] Override ignored for property "dita.plugin.org.dita.pdf2.dir"
631  [DEBUG] Override ignored for property "dita.plugin.org.oasis-open.dita.v1_3.dir"
631  [DEBUG] Override ignored for property "dita.plugin.org.oasis-open.dita.v2_0.dir"
632  [DEBUG] Importing file /Users/isemisynov/Develop/dita-formats-demo/dita-ot-3.7.2/plugins/org.dita.base/build_init.xml from /Users/isemisynov/Develop/dita-formats-demo/dita-ot-3.7.2/plugins/org.dita.base/build.xml
632  [DEBUG] Overriding previous definition of reference to ant.projectHelper
632  [DEBUG] parsing buildfile /Users/isemisynov/Develop/dita-formats-demo/dita-ot-3.7.2/plugins/org.dita.base/build_init.xml with URI = file:/Users/isemisynov/Develop/dita-formats-demo/dita-ot-3.7.2/plugins/org.dita.base/build_init.xml
633  [DEBUG] Override ignored for property "otrelease"
633  [DEBUG] Override ignored for property "otversion"
633  [DEBUG] Loading /Users/isemisynov/Develop/dita-formats-demo/dita-ot-3.7.2/config/org.dita.dost.platform/plugin.properties
633  [DEBUG] Override ignored for property "plugin.org.oasis-open.xdita.v0_2_2.dir"
634  [DEBUG] Override ignored for property "plugin.org.dita.eclipsehelp.dir"
634  [DEBUG] Override ignored for property "plugin.org.dita.htmlhelp.dir"
634  [DEBUG] Override ignored for property "plugin.org.dita.base.dir"
634  [DEBUG] Override ignored for property "transtypes"
634  [DEBUG] Override ignored for property "parser.md"
634  [DEBUG] Override ignored for property "parser.mdita"
634  [DEBUG] Override ignored for property "plugin.org.dita.specialization.dita11.dir"
634  [DEBUG] Override ignored for property "parser.hdita"
634  [DEBUG] Override ignored for property "plugin.org.dita.pdf2.axf.dir"
634  [DEBUG] Override ignored for property "plugin.org.dita.pdf2.dir"
634  [DEBUG] Override ignored for property "plugin.org.dita.normalize.dir"
634  [DEBUG] Override ignored for property "print_transtypes"
634  [DEBUG] Override ignored for property "plugin.org.oasis-open.dita.techcomm.v2_0.dir"
634  [DEBUG] Override ignored for property "plugin.org.oasis-open.dita.v1_2.dir"
634  [DEBUG] Override ignored for property "supported_resource_extensions"
634  [DEBUG] Override ignored for property "plugin.org.dita.xhtml.dir"
634  [DEBUG] Override ignored for property "plugin.org.dita.pdf2.fop.dir"
634  [DEBUG] Override ignored for property "plugin.org.dita.index.dir"
634  [DEBUG] Override ignored for property "plugin.org.lwdita.dir"
634  [DEBUG] Override ignored for property "plugin.org.dita.pdf2.xep.dir"
634  [DEBUG] Override ignored for property "supported_html_extensions"
634  [DEBUG] Override ignored for property "supported_image_extensions"
634  [DEBUG] Override ignored for property "plugin.org.oasis-open.dita.v2_0.dir"
634  [DEBUG] Override ignored for property "plugin.org.oasis-open.dita.v1_3.dir"
634  [DEBUG] Override ignored for property "parser.markdown"
634  [DEBUG] Override ignored for property "plugin.org.dita.html5.dir"
634  [DEBUG] Loading /Users/isemisynov/Develop/dita-formats-demo/dita-ot-3.7.2/config/configuration.properties
634  [DEBUG] Override ignored for property "default.cascade"
634  [DEBUG] Override ignored for property "registry"
634  [DEBUG] Override ignored for property "plugin.ignores"
634  [DEBUG] Override ignored for property "plugin.order"
634  [DEBUG] Override ignored for property "temp-file-name-scheme"
634  [DEBUG] Override ignored for property "plugindirs"
634  [DEBUG] Override ignored for property "org.dita.pdf2.i18n.enabled"
634  [DEBUG] Override ignored for property "cli.color"
635  [DEBUG] creating macro  job-helper
635  [DEBUG] Overriding previous definition of reference to ant.projectHelper
636  [DEBUG] Importing file /Users/isemisynov/Develop/dita-formats-demo/dita-ot-3.7.2/plugins/org.dita.base/build_preprocess.xml from /Users/isemisynov/Develop/dita-formats-demo/dita-ot-3.7.2/plugins/org.dita.base/build.xml
636  [DEBUG] Overriding previous definition of reference to ant.projectHelper
636  [DEBUG] parsing buildfile /Users/isemisynov/Develop/dita-formats-demo/dita-ot-3.7.2/plugins/org.dita.base/build_preprocess.xml with URI = file:/Users/isemisynov/Develop/dita-formats-demo/dita-ot-3.7.2/plugins/org.dita.base/build_preprocess.xml
638  [DEBUG] Overriding previous definition of reference to ant.projectHelper
638  [DEBUG] Importing file /Users/isemisynov/Develop/dita-formats-demo/dita-ot-3.7.2/plugins/org.dita.base/build_preprocess2.xml from /Users/isemisynov/Develop/dita-formats-demo/dita-ot-3.7.2/plugins/org.dita.base/build.xml
638  [DEBUG] Overriding previous definition of reference to ant.projectHelper
638  [DEBUG] parsing buildfile /Users/isemisynov/Develop/dita-formats-demo/dita-ot-3.7.2/plugins/org.dita.base/build_preprocess2.xml with URI = file:/Users/isemisynov/Develop/dita-formats-demo/dita-ot-3.7.2/plugins/org.dita.base/build_preprocess2.xml
640  [DEBUG] Overriding previous definition of reference to ant.projectHelper
640  [DEBUG] Importing file /Users/isemisynov/Develop/dita-formats-demo/dita-ot-3.7.2/plugins/org.dita.xhtml/build_general.xml from /Users/isemisynov/Develop/dita-formats-demo/dita-ot-3.7.2/plugins/org.dita.base/build.xml
640  [DEBUG] Overriding previous definition of reference to ant.projectHelper
641  [DEBUG] parsing buildfile /Users/isemisynov/Develop/dita-formats-demo/dita-ot-3.7.2/plugins/org.dita.xhtml/build_general.xml with URI = file:/Users/isemisynov/Develop/dita-formats-demo/dita-ot-3.7.2/plugins/org.dita.xhtml/build_general.xml
642  [DEBUG] creating macro  topics.html
642  [DEBUG] Overriding previous definition of reference to ant.projectHelper
642  [DEBUG] Importing file /Users/isemisynov/Develop/dita-formats-demo/dita-ot-3.7.2/plugins/org.dita.xhtml/build_dita2xhtml.xml from /Users/isemisynov/Develop/dita-formats-demo/dita-ot-3.7.2/plugins/org.dita.base/build.xml
642  [DEBUG] Overriding previous definition of reference to ant.projectHelper
642  [DEBUG] parsing buildfile /Users/isemisynov/Develop/dita-formats-demo/dita-ot-3.7.2/plugins/org.dita.xhtml/build_dita2xhtml.xml with URI = file:/Users/isemisynov/Develop/dita-formats-demo/dita-ot-3.7.2/plugins/org.dita.xhtml/build_dita2xhtml.xml
643  [DEBUG] creating macro  map.html
643  [DEBUG] Overriding previous definition of reference to ant.projectHelper
644  [DEBUG] Importing file /Users/isemisynov/Develop/dita-formats-demo/dita-ot-3.7.2/plugins/org.dita.eclipsehelp/build_dita2eclipsehelp.xml from /Users/isemisynov/Develop/dita-formats-demo/dita-ot-3.7.2/plugins/org.dita.base/build.xml
644  [DEBUG] Overriding previous definition of reference to ant.projectHelper
644  [DEBUG] parsing buildfile /Users/isemisynov/Develop/dita-formats-demo/dita-ot-3.7.2/plugins/org.dita.eclipsehelp/build_dita2eclipsehelp.xml with URI = file:/Users/isemisynov/Develop/dita-formats-demo/dita-ot-3.7.2/plugins/org.dita.eclipsehelp/build_dita2eclipsehelp.xml
645  [DEBUG] Overriding previous definition of reference to ant.projectHelper
646  [DEBUG] Importing file /Users/isemisynov/Develop/dita-formats-demo/dita-ot-3.7.2/plugins/org.dita.html5/build_dita2html5.xml from /Users/isemisynov/Develop/dita-formats-demo/dita-ot-3.7.2/plugins/org.dita.base/build.xml
646  [DEBUG] Overriding previous definition of reference to ant.projectHelper
646  [DEBUG] parsing buildfile /Users/isemisynov/Develop/dita-formats-demo/dita-ot-3.7.2/plugins/org.dita.html5/build_dita2html5.xml with URI = file:/Users/isemisynov/Develop/dita-formats-demo/dita-ot-3.7.2/plugins/org.dita.html5/build_dita2html5.xml
647  [DEBUG] creating macro  html5.topics
647  [DEBUG] creating macro  html5.map
647  [DEBUG] Overriding previous definition of reference to ant.projectHelper
648  [DEBUG] Importing file /Users/isemisynov/Develop/dita-formats-demo/dita-ot-3.7.2/plugins/org.dita.htmlhelp/build_dita2htmlhelp.xml from /Users/isemisynov/Develop/dita-formats-demo/dita-ot-3.7.2/plugins/org.dita.base/build.xml
648  [DEBUG] Overriding previous definition of reference to ant.projectHelper
648  [DEBUG] parsing buildfile /Users/isemisynov/Develop/dita-formats-demo/dita-ot-3.7.2/plugins/org.dita.htmlhelp/build_dita2htmlhelp.xml with URI = file:/Users/isemisynov/Develop/dita-formats-demo/dita-ot-3.7.2/plugins/org.dita.htmlhelp/build_dita2htmlhelp.xml
649  [DEBUG] Overriding previous definition of reference to ant.projectHelper
650  [DEBUG] Importing file /Users/isemisynov/Develop/dita-formats-demo/dita-ot-3.7.2/plugins/org.dita.index/build.xml from /Users/isemisynov/Develop/dita-formats-demo/dita-ot-3.7.2/plugins/org.dita.base/build.xml
650  [DEBUG] Overriding previous definition of reference to ant.projectHelper
650  [DEBUG] parsing buildfile /Users/isemisynov/Develop/dita-formats-demo/dita-ot-3.7.2/plugins/org.dita.index/build.xml with URI = file:/Users/isemisynov/Develop/dita-formats-demo/dita-ot-3.7.2/plugins/org.dita.index/build.xml
650  [DEBUG] Overriding previous definition of reference to ant.projectHelper
651  [DEBUG] Importing file /Users/isemisynov/Develop/dita-formats-demo/dita-ot-3.7.2/plugins/org.dita.pdf2/build.xml from /Users/isemisynov/Develop/dita-formats-demo/dita-ot-3.7.2/plugins/org.dita.base/build.xml
651  [DEBUG] Overriding previous definition of reference to ant.projectHelper
652  [DEBUG] parsing buildfile /Users/isemisynov/Develop/dita-formats-demo/dita-ot-3.7.2/plugins/org.dita.pdf2/build.xml with URI = file:/Users/isemisynov/Develop/dita-formats-demo/dita-ot-3.7.2/plugins/org.dita.pdf2/build.xml
653  [DEBUG] Overriding previous definition of reference to ant.projectHelper
653  [DEBUG] Importing file /Users/isemisynov/Develop/dita-formats-demo/dita-ot-3.7.2/plugins/org.dita.pdf2.axf/build.xml from /Users/isemisynov/Develop/dita-formats-demo/dita-ot-3.7.2/plugins/org.dita.base/build.xml
654  [DEBUG] Overriding previous definition of reference to ant.projectHelper
654  [DEBUG] parsing buildfile /Users/isemisynov/Develop/dita-formats-demo/dita-ot-3.7.2/plugins/org.dita.pdf2.axf/build.xml with URI = file:/Users/isemisynov/Develop/dita-formats-demo/dita-ot-3.7.2/plugins/org.dita.pdf2.axf/build.xml
655  [DEBUG] Overriding previous definition of reference to ant.projectHelper
656  [DEBUG] Importing file /Users/isemisynov/Develop/dita-formats-demo/dita-ot-3.7.2/plugins/org.dita.pdf2.fop/build_fop.xml from /Users/isemisynov/Develop/dita-formats-demo/dita-ot-3.7.2/plugins/org.dita.base/build.xml
656  [DEBUG] Overriding previous definition of reference to ant.projectHelper
656  [DEBUG] parsing buildfile /Users/isemisynov/Develop/dita-formats-demo/dita-ot-3.7.2/plugins/org.dita.pdf2.fop/build_fop.xml with URI = file:/Users/isemisynov/Develop/dita-formats-demo/dita-ot-3.7.2/plugins/org.dita.pdf2.fop/build_fop.xml
657  [DEBUG] Override ignored for property "fop.home"
657  [DEBUG] Overriding previous definition of reference to ant.projectHelper
657  [DEBUG] Importing file /Users/isemisynov/Develop/dita-formats-demo/dita-ot-3.7.2/plugins/org.dita.pdf2.xep/build.xml from /Users/isemisynov/Develop/dita-formats-demo/dita-ot-3.7.2/plugins/org.dita.base/build.xml
657  [DEBUG] Overriding previous definition of reference to ant.projectHelper
658  [DEBUG] parsing buildfile /Users/isemisynov/Develop/dita-formats-demo/dita-ot-3.7.2/plugins/org.dita.pdf2.xep/build.xml with URI = file:/Users/isemisynov/Develop/dita-formats-demo/dita-ot-3.7.2/plugins/org.dita.pdf2.xep/build.xml
658  [DEBUG] Overriding previous definition of reference to ant.projectHelper
658  [DEBUG] Importing file /Users/isemisynov/Develop/dita-formats-demo/dita-ot-3.7.2/plugins/org.dita.normalize/build.xml from /Users/isemisynov/Develop/dita-formats-demo/dita-ot-3.7.2/plugins/org.dita.base/build.xml
659  [DEBUG] Overriding previous definition of reference to ant.projectHelper
659  [DEBUG] parsing buildfile /Users/isemisynov/Develop/dita-formats-demo/dita-ot-3.7.2/plugins/org.dita.normalize/build.xml with URI = file:/Users/isemisynov/Develop/dita-formats-demo/dita-ot-3.7.2/plugins/org.dita.normalize/build.xml
659  [DEBUG] Overriding previous definition of reference to ant.projectHelper
660  [DEBUG] Importing file /Users/isemisynov/Develop/dita-formats-demo/dita-ot-3.7.2/plugins/org.lwdita/build-markdown.xml from /Users/isemisynov/Develop/dita-formats-demo/dita-ot-3.7.2/plugins/org.dita.base/build.xml
660  [DEBUG] Overriding previous definition of reference to ant.projectHelper
660  [DEBUG] parsing buildfile /Users/isemisynov/Develop/dita-formats-demo/dita-ot-3.7.2/plugins/org.lwdita/build-markdown.xml with URI = file:/Users/isemisynov/Develop/dita-formats-demo/dita-ot-3.7.2/plugins/org.lwdita/build-markdown.xml
661  [DEBUG] creating macro  markdown.map
661  [DEBUG] creating macro  markdown.topics
661  [DEBUG] Overriding previous definition of reference to ant.projectHelper
661  [DEBUG] Importing file /Users/isemisynov/Develop/dita-formats-demo/dita-ot-3.7.2/plugins/org.lwdita/build-html.xml from /Users/isemisynov/Develop/dita-formats-demo/dita-ot-3.7.2/plugins/org.dita.base/build.xml
661  [DEBUG] Overriding previous definition of reference to ant.projectHelper
662  [DEBUG] parsing buildfile /Users/isemisynov/Develop/dita-formats-demo/dita-ot-3.7.2/plugins/org.lwdita/build-html.xml with URI = file:/Users/isemisynov/Develop/dita-formats-demo/dita-ot-3.7.2/plugins/org.lwdita/build-html.xml
662  [DEBUG] Overriding previous definition of reference to ant.projectHelper
662  [DEBUG] Overriding previous definition of reference to ant.projectHelper
663  [DEBUG] Entering /Users/isemisynov/Develop/dita-formats-demo/dita-ot-3.7.2/build.xml...
663  [DEBUG] Build sequence for target(s) `publish.map.pdf' is [transform.topic2pdf.init, publish.map.pdf.init, copyCoreArtwork, transform.fo2pdf.xep.test-use, transform.fo2pdf.xep.init, transform.fo2pdf.fop.test-use, transform.fo2pdf.fop.init, transform.fo2pdf.ah.test-use, transform.fo2pdf.ah.init, transform.topic2fo.init, org.dita.index.init, org.dita.index, transform.topic2fo.main, transform.topic2fo.i18n.filter, transform.topic2fo.i18n.no-filter, transform.topic2fo.i18n, transform.topic2fo, transform.fo2pdf.xep, transform.fo2pdf.fop, transform.fo2pdf.ah, transform.fo2pdf, transform.topic2pdf, publish.map.pdf]
664  [DEBUG] Complete build sequence is [transform.topic2pdf.init, publish.map.pdf.init, copyCoreArtwork, transform.fo2pdf.xep.test-use, transform.fo2pdf.xep.init, transform.fo2pdf.fop.test-use, transform.fo2pdf.fop.init, transform.fo2pdf.ah.test-use, transform.fo2pdf.ah.init, transform.topic2fo.init, org.dita.index.init, org.dita.index, transform.topic2fo.main, transform.topic2fo.i18n.filter, transform.topic2fo.i18n.no-filter, transform.topic2fo.i18n, transform.topic2fo, transform.fo2pdf.xep, transform.fo2pdf.fop, transform.fo2pdf.ah, transform.fo2pdf, transform.topic2pdf, publish.map.pdf, dita2pdf2.init, dita.index.eclipsehelp.init, ditaot-preprocess.mapref-check, conref, preview.topic.pdf.init, dita.build.preview.topic.pdf, ditaot-preprocess.maplink-check, markdown_github.init, init-properties, check-arg, log-arg, build-init, preprocess.init, ditaval-merge, gen-list, debug-filter, mapref-check, mapref, branch-filter, keyref, copy-to, conrefpush, profile-check, profile, topic-fragment, chunk-check, chunk, move-meta-entries, maplink-check, maplink, topicpull-check, topicpull, clean-map-check, clean-map, clean-preprocess, copy-image, copy-html, copy-flag-check, copy-flag, copy-files, preprocess, markdown.init, markdown.topics.common, markdown.topics.common.inner, markdown.topic, markdown.map.init, markdown.map.toc, markdown.map, dita2markdown, dita2normalize.dita2markdown_github, dita2normalize.markdown.topics.common, ditaot-init.check-arg, dita2dita, org.dita.pdf2.xep.transform.fo2pdf.xep, dita2htmlhelp.init, ditaot-preprocess.profile-check, dita2html5.html5.map.toc, html5.map.init, html5.map.toc, dita2html5.html5.map, ditaot-preprocess2.map-conrefpush, dita2eclipsehelp.dita.map.eclipse.plugin.init, dita.map.eclipse.plugin.init, dita.map.eclipse.plugin, ditaot-preprocess.debug-filter, dita.map.eclipse.fragment.move.files, dita2normalize.dita.out.map.hdita.toc, xhtml.init, xhtml.image-metadata, htmlhelp.topics, ditaot-init.build-init, dita2xhtml.copy-css-user, ditaot-preprocess.copy-to, ditaot-preprocess.keyref, ditaot-preprocess.copy-flag-check, ditaot-preprocess2.topic-keyref, transform.topic2fo.index.init, dita.build.transform.topic2fo.index, ditaot-preprocess2.topic-maplink, preprocess2.init, map-reader, map-mapref, map-branch-filter, map-keyref, map-conrefpush, map-conref, map-profile-check, map-profile, preprocess2.maps, topic-reader, topic-branch-filter, topic-keyref, topic-copy-to, topic-conrefpush, topic-conref, topic-profile-check, topic-profile, preprocess2.topic-fragment, topic-chunk, topic-move-meta-entries, topic-maplink, topic-topicpull, preprocess2.topics, map-clean-map, copy-image2, copy-files2, preprocess2, build_generaltargets.output-css-warn-message, ditaot-preprocess2.topic-reader, ditaot-preprocess.chunk, dita.topics.html.common, dita.build.transform.topic2fo.i18n.filter, org.dita.pdf2.axf.transform.fo2pdf.ah.nooption, ditaot-preprocess2.topic-branch-filter, build_generaltargets.xhtml.image-metadata, dita2normalize.dita.topics.hdita.common, dita.map.xhtml.init, dita.map.xhtml.toc, dita.map.xhtml, dita.map.eclipse.toc, dita.build.transform.topic2fo.i18n, org.dita.pdf2.axf.transform.fo2pdf.ah, html5.topic.init, org.dita.pdf2.xep.transform.fo2pdf.xep.test-use, ditaot-preprocess2.preprocess2.topic-fragment, markdown_gitbook.init, dita2eclipsehelp.dita.map.eclipse.fragment.language.init, ditaot-preprocess.preprocess.init, copy-revflag, ditaot-preprocess.clean-map, dita2xhtml.init, map2pdf2, topic2pdf2, dita.build.dita2pdf2, hdita.init, ditaot-preprocess.clean-preprocess, dita2xhtml.dita.out.map.xhtml.toc, org.dita.pdf2.xep.transform.fo2pdf.xep.init, ditaot-preprocess2.preprocess2, org.dita.pdf2.axf.transform.fo2pdf.ah.test-use, ditaot-preprocess.maplink, ditaot-init.init-properties, ditaot-preprocess.preprocess, use-init.envhhcdir, use-init.hhcdir, htmlhelp.copy-image, copy-css, dita2htmlhelp.dita2htmlhelp, dita2xhtml.dita.map.xhtml, copy-plugin-files, ditaot-preprocess2.map-clean-map, dita2pdf2, dita.build.dita2pdf, ditaot-preprocess.conrefpush, dita.map.eclipse.init, dita2eclipsehelp.dita.map.eclipse.fragment.error, ditaot-preprocess.branch-filter, dita.map.hdita.init, dita2eclipsehelp.copy-plugin-files, dita.build.transform.fo2pdf, html5.init, dita2eclipsehelp.dita.out.map.eclipse.plugin, build.eclipse.jar, org.dita.pdf2.fop.transform.fo2pdf.fop, dita.build.transform.topic2pdf.init, ditaot-preprocess2.map-mapref, dita.map.eclipse.fragment.language.init, ditaot-preprocess.gen-list, build_generaltargets.dita.topics.html.common, dita2htmlhelp.use-init.hhcdir, dita.build.publish.map.pdf, html5.topics.common.inner, dita2normalize.hdita.init, DOST.init, DOST.help, transform.fo2pdf.ah.nooption, dita.inner.topics.hdita.common, dita2htmlhelp.dita.htmlhelp.convertlang, ditaot-preprocess2.topic-topicpull, dita2eclipsehelp.dita.out.map.eclipse.toc, dita2normalize.markdown.init, html5.image-metadata, html5.topics.common, dita2html5.html5.topic, ditaot-preprocess.chunk-check, dita2normalize.markdown_gitbook.init, dita2htmlhelp.org.dita.index, build_generaltargets.dita.inner.topics.html.common, html5.topic, preprocess2-topic, ditaot-preprocess2.map-profile-check, dita.out.map.eclipse.plugin.properties, dita2eclipsehelp.dita.map.eclipse.index, ditaot-preprocess.profile, dita2normalize.markdown.topics.common.inner, dita.map.eclipse.fragment.language.country.init, dita2eclipsehelp.dita.map.eclipse.plugin.properties, ditaot-preprocess.copy-files, dita.inner.topics.html.common, build_generaltargets.xhtml.topics, org.dita.pdf2.fop.transform.fo2pdf.fop.test-use, dita2htmlhelp.dita2htmlhelp.init, dita.map.htmlhelp.init, ditaot-preprocess2.map-conref, dita.map.eclipse.index, dita.map.eclipse.plugin.properties, dita.map.eclipse.manifest.file, dita.out.map.eclipse.manifest.file, dita.out.map.eclipse.toc, dita.out.map.eclipse.index, dita.out.map.eclipse.plugin, dita.out.map.eclipse.fragment.move.files, dita.map.eclipse.genetrate.fragment, ditaot-preprocess.topicpull-check, init, help, ditaot-preprocess2.preprocess2-topic, dita.map.eclipse.fragment.error, ditaot-preprocess2.map-reader, ditaot-init.log-arg, dita2xhtml.copy-css, dita2normalize.markdown.map.toc, ditaot-preprocess.move-meta-entries, dita2markdown_gitbook, dita.build.transform.topic2fo, html5.css, preview.topic.pdf, transform.topic2fo.index, dita2eclipsehelp.dita.map.eclipse.init, xhtml.topics, dita2xhtml.dita2xhtml, ditaot-preprocess2.topic-move-meta-entries, dita2normalize.dita.inner.topics.hdita.common, dita2normalize.markdown_github.init, dita2eclipsehelp.dita.map.eclipse.toc, dita2normalize.dita2dita, ditaot-preprocess.copy-html, dita2normalize.markdown.topic, dita2html5.html5.topic.init, dita.topics.hdita.common, dita.map.hdita.toc, dita.out.map.hdita.toc, dita2normalize.dita2hdita, dita.map.eclipse.generate.plugin, clean-temp, dita2xhtml.dita2xhtml.init, ditaot-preprocess.copy-image, ditaot-preprocess.ditaval-merge, dita.map.htmlhelp.hhp, dita.map.htmlhelp.hhc, dita.map.htmlhelp.hhk, dita.htmlhelp.convertlang, compile.HTML.Help, dita.map.htmlhelp, dita2html5.html5.init, build_generaltargets.xhtml.init, dita2html5.html5.topics.common.inner, dita2xhtml.dita.map.xhtml.toc, org.dita.pdf2.fop.transform.fo2pdf.fop.init, dita2eclipsehelp.dita.out.map.eclipse.index, ditaot-preprocess2.preprocess2.maps, dita2eclipsehelp.build.eclipse.jar, ditaot-preprocess2.map-branch-filter, dita2normalize.markdown.map.init, dita2htmlhelp.compile.HTML.Help, dita.build.transform.topic2fo.index.init, dita2htmlhelp.dita.map.htmlhelp, html5.map, dita2html5, dita2html5.html5.map.init, ditaot-preprocess.mapref, dita2eclipsehelp.dita.out.map.eclipse.manifest.file, dita.build.transform.topic2fo.main, ditaot-preprocess.clean-map-check, dita2normalize.dita.map.hdita.toc, dita2eclipsehelp.dita.map.eclipse.genetrate.fragment, dita2eclipsehelp.dita.map.eclipse.fragment.language.country.init, dita.build.publish.map.pdf.init, ditaot-preprocess2.copy-image2, ditaot-preprocess.clean-temp, dita.build.dita2pdf2.init, dita2normalize.dita2markdown_gitbook, dita2eclipsehelp.dita.map.eclipse.manifest.file, dita2eclipsehelp.dita.out.map.eclipse.fragment.move.files, html5.copy-css-user, dita.eclipsehelp.init, dita2htmlhelp.org.dita.index.init, dita2hdita, dita2normalize.markdown.map, dita.build.transform.topic2fo.init, dita.out.map.xhtml.toc, ditaot-preprocess.copy-flag, dita2htmlhelp.htmlhelp.topics, dita2xhtml, dita2eclipsehelp.dita.index.eclipsehelp.init, org.dita.pdf2.axf.transform.fo2pdf.ah.hasoption, dita2eclipsehelp.dita.map.eclipse.generate.plugin, dita.build.preview.topic.pdf.init, ditaot-preprocess2.map-keyref, dita2htmlhelp.dita.map.htmlhelp.init, transform.fo2pdf.ah.hasoption, dita2eclipsehelp.dita.map.eclipse.plugin, ditaot-preprocess2.copy-files2, dita2pdf, ditaot-preprocess.conref, ditaot-preprocess2.topic-conref, dita.build.transform.topic2fo.i18n.no-filter, dita.build.copyCoreArtwork, dita2normalize.dita2markdown, dita2xhtml.copy-revflag, dita.build.transform.topic2pdf, dita2markdown_github, ditaot-preprocess.topic-fragment, ditaot-preprocess2.topic-conrefpush, dita.map.eclipse, dita2eclipsehelp.dita2eclipsehelp, ditaot-preprocess2.preprocess2.topics, dita2html5.html5.css, dita2eclipsehelp, dita2eclipsehelp.dita.map.eclipse, dita.build.topic2pdf2, dita2eclipsehelp.dita.map.eclipse.fragment.move.files, dita2html5.html5.copy-css-user, dita2normalize.dita.map.hdita.init, dita2htmlhelp.dita.map.htmlhelp.hhp, ditaot-preprocess2.map-profile, ditaot-preprocess.topicpull, ditaot-preprocess2.topic-profile-check, dita2htmlhelp.dita.map.htmlhelp.hhk, output-css-warn-message, dita2htmlhelp.dita.map.htmlhelp.hhc, dita2html5.html5.image-metadata, dita2htmlhelp.htmlhelp.copy-image, dita2htmlhelp.use-init.envhhcdir, copy-css-user, dita2htmlhelp, dita2eclipsehelp.dita.out.map.eclipse.plugin.properties, dita.build.map2pdf2, dita2html5.html5.topics.common, ditaot-preprocess2.topic-copy-to, dita2html5.dita2html5, org.dita.pdf2.axf.transform.fo2pdf.ah.init, ditaot-preprocess2.topic-chunk, dita2eclipsehelp.dita.eclipsehelp.init, ditaot-preprocess2.preprocess2.init, dita2xhtml.dita.map.xhtml.init, , ditaot-preprocess2.topic-profile]
664  [DEBUG] Loading /Users/isemisynov/Develop/dita-formats-demo/dita-ot-3.7.2/plugins/org.dita.pdf2/Customization/build.properties
664  [DEBUG] Unable to find property file: /Users/isemisynov/Develop/dita-formats-demo/dita-ot-3.7.2/plugins/org.dita.pdf2/Customization/build.properties
664  [DEBUG] loading en into property default.locale
664  [DEBUG] loaded 2 characters
665  [DEBUG] Override ignored for property "file.protocol.prefix"
666  [DEBUG] Set property xml.catalog.files = /Users/isemisynov/Develop/dita-formats-demo/dita-ot-3.7.2/plugins/org.dita.pdf2/Customization/catalog.xml:/Users/isemisynov/Develop/dita-formats-demo/dita-ot-3.7.2/plugins/org.dita.pdf2/cfg/catalog.xml:/Users/isemisynov/Develop/dita-formats-demo/dita-ot-3.7.2/plugins/org.dita.base/catalog-dita.xml
668  [DEBUG] Property "args.output.base" has not been set
670  [DEBUG] cfg/common/artwork/ISO_7010_W001.svg added as cfg/common/artwork/ISO_7010_W001.svg doesn't exist.
670  [DEBUG] cfg/common/artwork/hand.gif added as cfg/common/artwork/hand.gif doesn't exist.
670  [DEBUG] cfg/common/artwork/hand_rtl.gif added as cfg/common/artwork/hand_rtl.gif doesn't exist.
670  [DEBUG] cfg/common/artwork/warning.gif added as cfg/common/artwork/warning.gif doesn't exist.
670  [DEBUG] No sources found.
670  [INFO ] Copying 4 files to /Users/isemisynov/Develop/dita-formats-demo/tmp/1653650813958/Configuration/OpenTopic
670  [DEBUG] Copying /Users/isemisynov/Develop/dita-formats-demo/dita-ot-3.7.2/plugins/org.dita.pdf2/cfg/common/artwork/ISO_7010_W001.svg to /Users/isemisynov/Develop/dita-formats-demo/tmp/1653650813958/Configuration/OpenTopic/cfg/common/artwork/ISO_7010_W001.svg
673  [DEBUG] Copying /Users/isemisynov/Develop/dita-formats-demo/dita-ot-3.7.2/plugins/org.dita.pdf2/cfg/common/artwork/hand.gif to /Users/isemisynov/Develop/dita-formats-demo/tmp/1653650813958/Configuration/OpenTopic/cfg/common/artwork/hand.gif
674  [DEBUG] Copying /Users/isemisynov/Develop/dita-formats-demo/dita-ot-3.7.2/plugins/org.dita.pdf2/cfg/common/artwork/hand_rtl.gif to /Users/isemisynov/Develop/dita-formats-demo/tmp/1653650813958/Configuration/OpenTopic/cfg/common/artwork/hand_rtl.gif
675  [DEBUG] Copying /Users/isemisynov/Develop/dita-formats-demo/dita-ot-3.7.2/plugins/org.dita.pdf2/cfg/common/artwork/warning.gif to /Users/isemisynov/Develop/dita-formats-demo/tmp/1653650813958/Configuration/OpenTopic/cfg/common/artwork/warning.gif
676  [DEBUG] No sources found.
676  [DEBUG] No sources found.
676  [DEBUG] Skipped because property 'use.xep.pdf.formatter' not set.
677  [DEBUG] Override ignored for property "use.fop.pdf.formatter"
679  [DEBUG] Skipped because property 'use.ah.pdf.formatter' not set.
716  [DEBUG] Setting inputFile.url to URL file:/Users/isemisynov/Develop/dita-formats-demo/tmp/1653650813958/demo_MERGED.xml
717  [DEBUG] Unable to find /Users/isemisynov/Develop/dita-formats-demo/tmp/1653650813958/strings.2140105871.xml
717  [DEBUG] Loading /Users/isemisynov/Develop/dita-formats-demo/dita-ot-3.7.2/plugins/org.dita.pdf2/cfg/common/properties/en.properties
718  [DEBUG] Unable to find property file: /Users/isemisynov/Develop/dita-formats-demo/dita-ot-3.7.2/plugins/org.dita.pdf2/cfg/common/properties/en.properties
718  [INFO ] Using document.locale=en
718  [DEBUG] Property "args.xsl.pdf" has not been set
718  [DEBUG] Property "args.xsl.pdf" has not been set
718  [DEBUG] Property "args.xsl.pdf" has not been set
718  [DEBUG] Property "org.dita.index.skip" has not been set
719  [DEBUG] Found: plugins/org.dita.index/index/en.xml
719  [DEBUG] Found: plugins/org.dita.index/index/en.xml
719  [DEBUG] Override ignored for property "index.config.file"
719  [DEBUG] Override ignored for property "index.config.file"
719  [INFO ] Processing /Users/isemisynov/Develop/dita-formats-demo/tmp/1653650813958/demo_MERGED.xml to /Users/isemisynov/Develop/dita-formats-demo/tmp/1653650813958/stage1.xml
743  [DEBUG] Found: /Users/isemisynov/Develop/dita-formats-demo/tmp/1653650813958/stage1.xml
743  [DEBUG] Setting artworkPrefixUrl to URL file:/Users/isemisynov/Develop/dita-formats-demo/tmp/1653650813958/
743  [DEBUG] Setting dita.map.output.dir.url to URL file:/Users/isemisynov/Develop/dita-formats-demo/tmp/1653650813958/
743  [DEBUG] Setting work.dir.url to URL file:/Users/isemisynov/Develop/dita-formats-demo/tmp/1653650813958/
743  [DEBUG] Setting customization.dir.url to URL file:/Users/isemisynov/Develop/dita-formats-demo/dita-ot-3.7.2/plugins/org.dita.pdf2/Customization/
743  [DEBUG] Setting user.input.dir.url to URL file:/Users/isemisynov/Develop/dita-formats-demo/demo-input/dita/
743  [DEBUG] Setting variable.file.url to URL file:/Users/isemisynov/Develop/dita-formats-demo/tmp/1653650813958/strings.2140105871.xml
745  [INFO ] Loading stylesheet file:/Users/isemisynov/Develop/dita-formats-demo/dita-ot-3.7.2/plugins/org.dita.pdf2.fop/xsl/fo/topic2fo_shell_fop.xsl
761  [DEBUG] Apache resolver library found, xml-commons resolver will be used
1180 [INFO ] Loading stylesheet file:/Users/isemisynov/Develop/dita-formats-demo/dita-ot-3.7.2/plugins/org.dita.pdf2.fop/xsl/fo/topic2fo_shell_fop.xsl
1180 [DEBUG] Set parameter bookmap-order to 'discard'
1180 [DEBUG] Set parameter customizationDir.url to 'file:/Users/isemisynov/Develop/dita-formats-demo/dita-ot-3.7.2/plugins/org.dita.pdf2/Customization/'
1180 [DEBUG] Set parameter publishRequiredCleanup to 'no'
1180 [DEBUG] Set parameter DRAFT to 'no'
1180 [DEBUG] Set parameter figurelink.style to 'NUMTITLE'
1180 [DEBUG] Set parameter pdfFormatter to 'fop'
1180 [DEBUG] Set parameter input.dir.url to 'file:/Users/isemisynov/Develop/dita-formats-demo/demo-input/dita/'
1180 [DEBUG] Set parameter work.dir.url to 'file:/Users/isemisynov/Develop/dita-formats-demo/tmp/1653650813958/'
1180 [DEBUG] Set parameter artworkPrefix to 'file:/Users/isemisynov/Develop/dita-formats-demo/tmp/1653650813958/'
1180 [DEBUG] Set parameter locale to 'en'
1180 [DEBUG] Set parameter antArgsBookmarkStyle to ''
1180 [DEBUG] Set parameter antArgsChapterLayout to ''
1180 [DEBUG] Set parameter defaultLanguage to 'en'
1180 [DEBUG] Set parameter tablelink.style to 'NUMTITLE'
1181 [DEBUG] Set parameter antArgsGenerateTaskLabels to ''
1181 [DEBUG] Set parameter output.dir.url to 'file:/Users/isemisynov/Develop/dita-formats-demo/tmp/1653650813958/'
1181 [DEBUG] Set parameter include.rellinks to '#default friend sample external other'
1181 [INFO ] Processing file:/Users/isemisynov/Develop/dita-formats-demo/tmp/1653650813958/stage1.xml to file:/Users/isemisynov/Develop/dita-formats-demo/tmp/1653650813958/stage2.fo
1335 [DEBUG] XsltModule processing took 590 ms
1353 [DEBUG] Unable to find plugins/org.dita.pdf2/Customization/fo/i18n/en.xml
1353 [DEBUG] Found: plugins/org.dita.pdf2/cfg/fo/i18n/en.xml
1354 [DEBUG] Override ignored for property "i18n.config.file"
1354 [INFO ] Processing file:/Users/isemisynov/Develop/dita-formats-demo/tmp/1653650813958/stage2.fo to file:/Users/isemisynov/Develop/dita-formats-demo/tmp/1653650813958/topic.fo
1356 [INFO ] Loading stylesheet file:/Users/isemisynov/Develop/dita-formats-demo/dita-ot-3.7.2/plugins/org.dita.pdf2/xsl/fo/i18n-postprocess.xsl
1434 [DEBUG] Skipped because property 'pdf2.i18n.skip' not set.
1434 [DEBUG] Skipped because property 'use.xep.pdf.formatter' not set.
1434 [DEBUG] Skipping /Users/isemisynov/Develop/dita-formats-demo/output/dita/pdf2 because it already exists.
1609 [INFO ] /Users/isemisynov/Develop/dita-formats-demo/tmp/1653650813958/topic.fo -> /Users/isemisynov/Develop/dita-formats-demo/output/dita/pdf2/demo.pdf
1609 [DEBUG] Found file: /Users/isemisynov/Develop/dita-formats-demo/output/dita/pdf2/demo.pdf
1609 [DEBUG] Skipped because property 'use.ah.pdf.formatter' not set.
1609 [DEBUG] Exiting /Users/isemisynov/Develop/dita-formats-demo/dita-ot-3.7.2/build.xml.
1610 [DEBUG] Skipped because property 'noMap' not set.
