0    [DEBUG] Detected Java version: 18 in: /Library/Java/JavaVirtualMachines/jdk-18.jdk/Contents/Home
0    [DEBUG] Detected OS: Mac OS X
1    [DEBUG] Project base dir set to: /Users/isemisynov/Develop/dita-formats-demo/dita-ot-3.7.2
1    [DEBUG] parsing buildfile /Users/isemisynov/Develop/dita-formats-demo/dita-ot-3.7.2/build.xml with URI = file:/Users/isemisynov/Develop/dita-formats-demo/dita-ot-3.7.2/build.xml
2    [DEBUG] Project base dir set to: /Users/isemisynov/Develop/dita-formats-demo/dita-ot-3.7.2
24   [DEBUG] parsing buildfile jar:file:/Users/isemisynov/Develop/dita-formats-demo/dita-ot-3.7.2/lib/ant.jar!/org/apache/tools/ant/antlib.xml with URI = jar:file:/Users/isemisynov/Develop/dita-formats-demo/dita-ot-3.7.2/lib/ant.jar!/org/apache/tools/ant/antlib.xml from a zip file
48   [DEBUG] parsing buildfile jar:file:/Users/isemisynov/.gradle/caches/modules-2/files-2.1/org.apache.ant/ant/1.10.12/be08c4f63e92e03bac761404cf77bc270928b6c5/ant-1.10.12.jar!/org/apache/tools/ant/antlib.xml with URI = jar:file:/Users/isemisynov/.gradle/caches/modules-2/files-2.1/org.apache.ant/ant/1.10.12/be08c4f63e92e03bac761404cf77bc270928b6c5/ant-1.10.12.jar!/org/apache/tools/ant/antlib.xml from a zip file
50   [DEBUG] Override ignored for property "dita.dir"
51   [DEBUG] Override ignored for property "dita.dir"
51   [DEBUG] Loading /Users/isemisynov/Develop/dita-formats-demo/dita-ot-3.7.2/local.properties
51   [DEBUG] Unable to find property file: /Users/isemisynov/Develop/dita-formats-demo/dita-ot-3.7.2/local.properties
51   [DEBUG] Importing file /Users/isemisynov/Develop/dita-formats-demo/dita-ot-3.7.2/plugins/org.dita.base/build.xml from /Users/isemisynov/Develop/dita-formats-demo/dita-ot-3.7.2/build.xml
51   [DEBUG] Overriding previous definition of reference to ant.projectHelper
52   [DEBUG] parsing buildfile /Users/isemisynov/Develop/dita-formats-demo/dita-ot-3.7.2/plugins/org.dita.base/build.xml with URI = file:/Users/isemisynov/Develop/dita-formats-demo/dita-ot-3.7.2/plugins/org.dita.base/build.xml
59   [DEBUG] Importing file /Users/isemisynov/Develop/dita-formats-demo/dita-ot-3.7.2/plugins/org.dita.base/build_init.xml from /Users/isemisynov/Develop/dita-formats-demo/dita-ot-3.7.2/plugins/org.dita.base/build.xml
59   [DEBUG] Overriding previous definition of reference to ant.projectHelper
60   [DEBUG] parsing buildfile /Users/isemisynov/Develop/dita-formats-demo/dita-ot-3.7.2/plugins/org.dita.base/build_init.xml with URI = file:/Users/isemisynov/Develop/dita-formats-demo/dita-ot-3.7.2/plugins/org.dita.base/build_init.xml
61   [DEBUG] Loading /Users/isemisynov/Develop/dita-formats-demo/dita-ot-3.7.2/config/org.dita.dost.platform/plugin.properties
61   [DEBUG] Loading /Users/isemisynov/Develop/dita-formats-demo/dita-ot-3.7.2/config/configuration.properties
63   [DEBUG] creating macro  job-helper
63   [DEBUG] Overriding previous definition of reference to ant.projectHelper
63   [DEBUG] Importing file /Users/isemisynov/Develop/dita-formats-demo/dita-ot-3.7.2/plugins/org.dita.base/build_preprocess.xml from /Users/isemisynov/Develop/dita-formats-demo/dita-ot-3.7.2/plugins/org.dita.base/build.xml
63   [DEBUG] Overriding previous definition of reference to ant.projectHelper
64   [DEBUG] parsing buildfile /Users/isemisynov/Develop/dita-formats-demo/dita-ot-3.7.2/plugins/org.dita.base/build_preprocess.xml with URI = file:/Users/isemisynov/Develop/dita-formats-demo/dita-ot-3.7.2/plugins/org.dita.base/build_preprocess.xml
65   [DEBUG] Property "conserve-memory" has not been set
65   [DEBUG] Overriding previous definition of reference to ant.projectHelper
66   [DEBUG] Importing file /Users/isemisynov/Develop/dita-formats-demo/dita-ot-3.7.2/plugins/org.dita.base/build_preprocess2.xml from /Users/isemisynov/Develop/dita-formats-demo/dita-ot-3.7.2/plugins/org.dita.base/build.xml
66   [DEBUG] Overriding previous definition of reference to ant.projectHelper
66   [DEBUG] parsing buildfile /Users/isemisynov/Develop/dita-formats-demo/dita-ot-3.7.2/plugins/org.dita.base/build_preprocess2.xml with URI = file:/Users/isemisynov/Develop/dita-formats-demo/dita-ot-3.7.2/plugins/org.dita.base/build_preprocess2.xml
67   [DEBUG] Overriding previous definition of reference to ant.projectHelper
68   [DEBUG] Importing file /Users/isemisynov/Develop/dita-formats-demo/dita-ot-3.7.2/plugins/org.dita.xhtml/build_general.xml from /Users/isemisynov/Develop/dita-formats-demo/dita-ot-3.7.2/plugins/org.dita.base/build.xml
68   [DEBUG] Overriding previous definition of reference to ant.projectHelper
68   [DEBUG] parsing buildfile /Users/isemisynov/Develop/dita-formats-demo/dita-ot-3.7.2/plugins/org.dita.xhtml/build_general.xml with URI = file:/Users/isemisynov/Develop/dita-formats-demo/dita-ot-3.7.2/plugins/org.dita.xhtml/build_general.xml
69   [DEBUG] creating macro  topics.html
69   [DEBUG] Overriding previous definition of reference to ant.projectHelper
70   [DEBUG] Importing file /Users/isemisynov/Develop/dita-formats-demo/dita-ot-3.7.2/plugins/org.dita.xhtml/build_dita2xhtml.xml from /Users/isemisynov/Develop/dita-formats-demo/dita-ot-3.7.2/plugins/org.dita.base/build.xml
70   [DEBUG] Overriding previous definition of reference to ant.projectHelper
70   [DEBUG] parsing buildfile /Users/isemisynov/Develop/dita-formats-demo/dita-ot-3.7.2/plugins/org.dita.xhtml/build_dita2xhtml.xml with URI = file:/Users/isemisynov/Develop/dita-formats-demo/dita-ot-3.7.2/plugins/org.dita.xhtml/build_dita2xhtml.xml
70   [DEBUG] creating macro  map.html
71   [DEBUG] Overriding previous definition of reference to ant.projectHelper
71   [DEBUG] Importing file /Users/isemisynov/Develop/dita-formats-demo/dita-ot-3.7.2/plugins/org.dita.eclipsehelp/build_dita2eclipsehelp.xml from /Users/isemisynov/Develop/dita-formats-demo/dita-ot-3.7.2/plugins/org.dita.base/build.xml
71   [DEBUG] Overriding previous definition of reference to ant.projectHelper
71   [DEBUG] parsing buildfile /Users/isemisynov/Develop/dita-formats-demo/dita-ot-3.7.2/plugins/org.dita.eclipsehelp/build_dita2eclipsehelp.xml with URI = file:/Users/isemisynov/Develop/dita-formats-demo/dita-ot-3.7.2/plugins/org.dita.eclipsehelp/build_dita2eclipsehelp.xml
72   [DEBUG] Overriding previous definition of reference to ant.projectHelper
73   [DEBUG] Importing file /Users/isemisynov/Develop/dita-formats-demo/dita-ot-3.7.2/plugins/org.dita.html5/build_dita2html5.xml from /Users/isemisynov/Develop/dita-formats-demo/dita-ot-3.7.2/plugins/org.dita.base/build.xml
73   [DEBUG] Overriding previous definition of reference to ant.projectHelper
73   [DEBUG] parsing buildfile /Users/isemisynov/Develop/dita-formats-demo/dita-ot-3.7.2/plugins/org.dita.html5/build_dita2html5.xml with URI = file:/Users/isemisynov/Develop/dita-formats-demo/dita-ot-3.7.2/plugins/org.dita.html5/build_dita2html5.xml
74   [DEBUG] creating macro  html5.topics
74   [DEBUG] creating macro  html5.map
74   [DEBUG] Overriding previous definition of reference to ant.projectHelper
74   [DEBUG] Importing file /Users/isemisynov/Develop/dita-formats-demo/dita-ot-3.7.2/plugins/org.dita.htmlhelp/build_dita2htmlhelp.xml from /Users/isemisynov/Develop/dita-formats-demo/dita-ot-3.7.2/plugins/org.dita.base/build.xml
74   [DEBUG] Overriding previous definition of reference to ant.projectHelper
75   [DEBUG] parsing buildfile /Users/isemisynov/Develop/dita-formats-demo/dita-ot-3.7.2/plugins/org.dita.htmlhelp/build_dita2htmlhelp.xml with URI = file:/Users/isemisynov/Develop/dita-formats-demo/dita-ot-3.7.2/plugins/org.dita.htmlhelp/build_dita2htmlhelp.xml
75   [DEBUG] Overriding previous definition of reference to ant.projectHelper
75   [DEBUG] Importing file /Users/isemisynov/Develop/dita-formats-demo/dita-ot-3.7.2/plugins/org.dita.index/build.xml from /Users/isemisynov/Develop/dita-formats-demo/dita-ot-3.7.2/plugins/org.dita.base/build.xml
76   [DEBUG] Overriding previous definition of reference to ant.projectHelper
76   [DEBUG] parsing buildfile /Users/isemisynov/Develop/dita-formats-demo/dita-ot-3.7.2/plugins/org.dita.index/build.xml with URI = file:/Users/isemisynov/Develop/dita-formats-demo/dita-ot-3.7.2/plugins/org.dita.index/build.xml
76   [DEBUG] Overriding previous definition of reference to ant.projectHelper
76   [DEBUG] Importing file /Users/isemisynov/Develop/dita-formats-demo/dita-ot-3.7.2/plugins/org.dita.pdf2/build.xml from /Users/isemisynov/Develop/dita-formats-demo/dita-ot-3.7.2/plugins/org.dita.base/build.xml
77   [DEBUG] Overriding previous definition of reference to ant.projectHelper
77   [DEBUG] parsing buildfile /Users/isemisynov/Develop/dita-formats-demo/dita-ot-3.7.2/plugins/org.dita.pdf2/build.xml with URI = file:/Users/isemisynov/Develop/dita-formats-demo/dita-ot-3.7.2/plugins/org.dita.pdf2/build.xml
78   [DEBUG] Overriding previous definition of reference to ant.projectHelper
78   [DEBUG] Importing file /Users/isemisynov/Develop/dita-formats-demo/dita-ot-3.7.2/plugins/org.dita.pdf2.axf/build.xml from /Users/isemisynov/Develop/dita-formats-demo/dita-ot-3.7.2/plugins/org.dita.base/build.xml
78   [DEBUG] Overriding previous definition of reference to ant.projectHelper
78   [DEBUG] parsing buildfile /Users/isemisynov/Develop/dita-formats-demo/dita-ot-3.7.2/plugins/org.dita.pdf2.axf/build.xml with URI = file:/Users/isemisynov/Develop/dita-formats-demo/dita-ot-3.7.2/plugins/org.dita.pdf2.axf/build.xml
79   [DEBUG] Overriding previous definition of reference to ant.projectHelper
80   [DEBUG] Importing file /Users/isemisynov/Develop/dita-formats-demo/dita-ot-3.7.2/plugins/org.dita.pdf2.fop/build_fop.xml from /Users/isemisynov/Develop/dita-formats-demo/dita-ot-3.7.2/plugins/org.dita.base/build.xml
80   [DEBUG] Overriding previous definition of reference to ant.projectHelper
80   [DEBUG] parsing buildfile /Users/isemisynov/Develop/dita-formats-demo/dita-ot-3.7.2/plugins/org.dita.pdf2.fop/build_fop.xml with URI = file:/Users/isemisynov/Develop/dita-formats-demo/dita-ot-3.7.2/plugins/org.dita.pdf2.fop/build_fop.xml
81   [DEBUG] Overriding previous definition of reference to ant.projectHelper
81   [DEBUG] Importing file /Users/isemisynov/Develop/dita-formats-demo/dita-ot-3.7.2/plugins/org.dita.pdf2.xep/build.xml from /Users/isemisynov/Develop/dita-formats-demo/dita-ot-3.7.2/plugins/org.dita.base/build.xml
81   [DEBUG] Overriding previous definition of reference to ant.projectHelper
82   [DEBUG] parsing buildfile /Users/isemisynov/Develop/dita-formats-demo/dita-ot-3.7.2/plugins/org.dita.pdf2.xep/build.xml with URI = file:/Users/isemisynov/Develop/dita-formats-demo/dita-ot-3.7.2/plugins/org.dita.pdf2.xep/build.xml
82   [DEBUG] Overriding previous definition of reference to ant.projectHelper
82   [DEBUG] Importing file /Users/isemisynov/Develop/dita-formats-demo/dita-ot-3.7.2/plugins/org.dita.normalize/build.xml from /Users/isemisynov/Develop/dita-formats-demo/dita-ot-3.7.2/plugins/org.dita.base/build.xml
83   [DEBUG] Overriding previous definition of reference to ant.projectHelper
83   [DEBUG] parsing buildfile /Users/isemisynov/Develop/dita-formats-demo/dita-ot-3.7.2/plugins/org.dita.normalize/build.xml with URI = file:/Users/isemisynov/Develop/dita-formats-demo/dita-ot-3.7.2/plugins/org.dita.normalize/build.xml
83   [DEBUG] Overriding previous definition of reference to ant.projectHelper
84   [DEBUG] Importing file /Users/isemisynov/Develop/dita-formats-demo/dita-ot-3.7.2/plugins/org.lwdita/build-markdown.xml from /Users/isemisynov/Develop/dita-formats-demo/dita-ot-3.7.2/plugins/org.dita.base/build.xml
84   [DEBUG] Overriding previous definition of reference to ant.projectHelper
84   [DEBUG] parsing buildfile /Users/isemisynov/Develop/dita-formats-demo/dita-ot-3.7.2/plugins/org.lwdita/build-markdown.xml with URI = file:/Users/isemisynov/Develop/dita-formats-demo/dita-ot-3.7.2/plugins/org.lwdita/build-markdown.xml
85   [DEBUG] creating macro  markdown.map
85   [DEBUG] creating macro  markdown.topics
85   [DEBUG] Overriding previous definition of reference to ant.projectHelper
85   [DEBUG] Importing file /Users/isemisynov/Develop/dita-formats-demo/dita-ot-3.7.2/plugins/org.lwdita/build-html.xml from /Users/isemisynov/Develop/dita-formats-demo/dita-ot-3.7.2/plugins/org.dita.base/build.xml
85   [DEBUG] Overriding previous definition of reference to ant.projectHelper
86   [DEBUG] parsing buildfile /Users/isemisynov/Develop/dita-formats-demo/dita-ot-3.7.2/plugins/org.lwdita/build-html.xml with URI = file:/Users/isemisynov/Develop/dita-formats-demo/dita-ot-3.7.2/plugins/org.lwdita/build-html.xml
86   [DEBUG] Overriding previous definition of reference to ant.projectHelper
86   [DEBUG] Overriding previous definition of reference to ant.projectHelper
86   [DEBUG] Build sequence for target(s) `dita2markdown_github' is [markdown_github.init, init-properties, check-arg, log-arg, build-init, preprocess.init, ditaval-merge, gen-list, debug-filter, mapref-check, mapref, branch-filter, keyref, copy-to, conrefpush, conref, profile-check, profile, topic-fragment, chunk-check, chunk, move-meta-entries, maplink-check, maplink, topicpull-check, topicpull, clean-map-check, clean-map, clean-preprocess, copy-image, copy-html, copy-flag-check, copy-flag, copy-files, preprocess, markdown.init, markdown.topics.common, markdown.topics.common.inner, markdown.topic, markdown.map.init, markdown.map.toc, markdown.map, dita2markdown, dita2markdown_github]
87   [DEBUG] Complete build sequence is [markdown_github.init, init-properties, check-arg, log-arg, build-init, preprocess.init, ditaval-merge, gen-list, debug-filter, mapref-check, mapref, branch-filter, keyref, copy-to, conrefpush, conref, profile-check, profile, topic-fragment, chunk-check, chunk, move-meta-entries, maplink-check, maplink, topicpull-check, topicpull, clean-map-check, clean-map, clean-preprocess, copy-image, copy-html, copy-flag-check, copy-flag, copy-files, preprocess, markdown.init, markdown.topics.common, markdown.topics.common.inner, markdown.topic, markdown.map.init, markdown.map.toc, markdown.map, dita2markdown, dita2markdown_github, dita2pdf2.init, dita.index.eclipsehelp.init, ditaot-preprocess.mapref-check, transform.topic2pdf.init, preview.topic.pdf.init, copyCoreArtwork, transform.fo2pdf.xep.test-use, transform.fo2pdf.xep.init, transform.fo2pdf.fop.test-use, transform.fo2pdf.fop.init, transform.fo2pdf.ah.test-use, transform.fo2pdf.ah.init, transform.topic2fo.init, org.dita.index.init, org.dita.index, transform.topic2fo.main, transform.topic2fo.i18n.filter, transform.topic2fo.i18n.no-filter, transform.topic2fo.i18n, transform.topic2fo, transform.fo2pdf.xep, transform.fo2pdf.fop, transform.fo2pdf.ah, transform.fo2pdf, transform.topic2pdf, dita.build.preview.topic.pdf, ditaot-preprocess.maplink-check, dita2normalize.dita2markdown_github, dita2normalize.markdown.topics.common, ditaot-init.check-arg, dita2dita, org.dita.pdf2.xep.transform.fo2pdf.xep, dita2htmlhelp.init, ditaot-preprocess.profile-check, dita2html5.html5.map.toc, html5.map.init, html5.map.toc, dita2html5.html5.map, ditaot-preprocess2.map-conrefpush, dita2eclipsehelp.dita.map.eclipse.plugin.init, dita.map.eclipse.plugin.init, dita.map.eclipse.plugin, ditaot-preprocess.debug-filter, dita.map.eclipse.fragment.move.files, dita2normalize.dita.out.map.hdita.toc, xhtml.init, xhtml.image-metadata, htmlhelp.topics, ditaot-init.build-init, dita2xhtml.copy-css-user, ditaot-preprocess.copy-to, ditaot-preprocess.keyref, ditaot-preprocess.copy-flag-check, ditaot-preprocess2.topic-keyref, transform.topic2fo.index.init, dita.build.transform.topic2fo.index, ditaot-preprocess2.topic-maplink, preprocess2.init, map-reader, map-mapref, map-branch-filter, map-keyref, map-conrefpush, map-conref, map-profile-check, map-profile, preprocess2.maps, topic-reader, topic-branch-filter, topic-keyref, topic-copy-to, topic-conrefpush, topic-conref, topic-profile-check, topic-profile, preprocess2.topic-fragment, topic-chunk, topic-move-meta-entries, topic-maplink, topic-topicpull, preprocess2.topics, map-clean-map, copy-image2, copy-files2, preprocess2, build_generaltargets.output-css-warn-message, ditaot-preprocess2.topic-reader, ditaot-preprocess.chunk, dita.topics.html.common, dita.build.transform.topic2fo.i18n.filter, org.dita.pdf2.axf.transform.fo2pdf.ah.nooption, ditaot-preprocess2.topic-branch-filter, build_generaltargets.xhtml.image-metadata, dita2normalize.dita.topics.hdita.common, dita.map.xhtml.init, dita.map.xhtml.toc, dita.map.xhtml, dita.map.eclipse.toc, dita.build.transform.topic2fo.i18n, org.dita.pdf2.axf.transform.fo2pdf.ah, html5.topic.init, org.dita.pdf2.xep.transform.fo2pdf.xep.test-use, ditaot-preprocess2.preprocess2.topic-fragment, markdown_gitbook.init, dita2eclipsehelp.dita.map.eclipse.fragment.language.init, ditaot-preprocess.preprocess.init, copy-revflag, ditaot-preprocess.clean-map, dita2xhtml.init, map2pdf2, topic2pdf2, dita.build.dita2pdf2, hdita.init, ditaot-preprocess.clean-preprocess, dita2xhtml.dita.out.map.xhtml.toc, org.dita.pdf2.xep.transform.fo2pdf.xep.init, ditaot-preprocess2.preprocess2, org.dita.pdf2.axf.transform.fo2pdf.ah.test-use, ditaot-preprocess.maplink, ditaot-init.init-properties, ditaot-preprocess.preprocess, use-init.envhhcdir, use-init.hhcdir, htmlhelp.copy-image, copy-css, dita2htmlhelp.dita2htmlhelp, publish.map.pdf.init, dita2xhtml.dita.map.xhtml, copy-plugin-files, ditaot-preprocess2.map-clean-map, dita2pdf2, dita.build.dita2pdf, ditaot-preprocess.conrefpush, dita.map.eclipse.init, dita2eclipsehelp.dita.map.eclipse.fragment.error, ditaot-preprocess.branch-filter, dita.map.hdita.init, dita2eclipsehelp.copy-plugin-files, dita.build.transform.fo2pdf, html5.init, dita2eclipsehelp.dita.out.map.eclipse.plugin, build.eclipse.jar, org.dita.pdf2.fop.transform.fo2pdf.fop, dita.build.transform.topic2pdf.init, ditaot-preprocess2.map-mapref, dita.map.eclipse.fragment.language.init, ditaot-preprocess.gen-list, build_generaltargets.dita.topics.html.common, dita2htmlhelp.use-init.hhcdir, dita.build.publish.map.pdf, html5.topics.common.inner, dita2normalize.hdita.init, DOST.init, DOST.help, transform.fo2pdf.ah.nooption, dita.inner.topics.hdita.common, dita2htmlhelp.dita.htmlhelp.convertlang, ditaot-preprocess2.topic-topicpull, dita2eclipsehelp.dita.out.map.eclipse.toc, dita2normalize.markdown.init, html5.image-metadata, html5.topics.common, dita2html5.html5.topic, ditaot-preprocess.chunk-check, dita2normalize.markdown_gitbook.init, dita2htmlhelp.org.dita.index, build_generaltargets.dita.inner.topics.html.common, html5.topic, preprocess2-topic, ditaot-preprocess2.map-profile-check, dita.out.map.eclipse.plugin.properties, dita2eclipsehelp.dita.map.eclipse.index, ditaot-preprocess.profile, dita2normalize.markdown.topics.common.inner, dita.map.eclipse.fragment.language.country.init, dita2eclipsehelp.dita.map.eclipse.plugin.properties, ditaot-preprocess.copy-files, dita.inner.topics.html.common, build_generaltargets.xhtml.topics, org.dita.pdf2.fop.transform.fo2pdf.fop.test-use, dita2htmlhelp.dita2htmlhelp.init, dita.map.htmlhelp.init, ditaot-preprocess2.map-conref, dita.map.eclipse.index, dita.map.eclipse.plugin.properties, dita.map.eclipse.manifest.file, dita.out.map.eclipse.manifest.file, dita.out.map.eclipse.toc, dita.out.map.eclipse.index, dita.out.map.eclipse.plugin, dita.out.map.eclipse.fragment.move.files, dita.map.eclipse.genetrate.fragment, ditaot-preprocess.topicpull-check, init, help, ditaot-preprocess2.preprocess2-topic, dita.map.eclipse.fragment.error, ditaot-preprocess2.map-reader, ditaot-init.log-arg, dita2xhtml.copy-css, dita2normalize.markdown.map.toc, ditaot-preprocess.move-meta-entries, dita2markdown_gitbook, dita.build.transform.topic2fo, html5.css, preview.topic.pdf, transform.topic2fo.index, dita2eclipsehelp.dita.map.eclipse.init, xhtml.topics, dita2xhtml.dita2xhtml, ditaot-preprocess2.topic-move-meta-entries, dita2normalize.dita.inner.topics.hdita.common, dita2normalize.markdown_github.init, dita2eclipsehelp.dita.map.eclipse.toc, dita2normalize.dita2dita, ditaot-preprocess.copy-html, dita2normalize.markdown.topic, dita2html5.html5.topic.init, dita.topics.hdita.common, dita.map.hdita.toc, dita.out.map.hdita.toc, dita2normalize.dita2hdita, dita.map.eclipse.generate.plugin, clean-temp, dita2xhtml.dita2xhtml.init, ditaot-preprocess.copy-image, ditaot-preprocess.ditaval-merge, dita.map.htmlhelp.hhp, dita.map.htmlhelp.hhc, dita.map.htmlhelp.hhk, dita.htmlhelp.convertlang, compile.HTML.Help, dita.map.htmlhelp, dita2html5.html5.init, build_generaltargets.xhtml.init, dita2html5.html5.topics.common.inner, dita2xhtml.dita.map.xhtml.toc, org.dita.pdf2.fop.transform.fo2pdf.fop.init, dita2eclipsehelp.dita.out.map.eclipse.index, ditaot-preprocess2.preprocess2.maps, dita2eclipsehelp.build.eclipse.jar, ditaot-preprocess2.map-branch-filter, dita2normalize.markdown.map.init, dita2htmlhelp.compile.HTML.Help, dita.build.transform.topic2fo.index.init, dita2htmlhelp.dita.map.htmlhelp, html5.map, dita2html5, dita2html5.html5.map.init, ditaot-preprocess.mapref, dita2eclipsehelp.dita.out.map.eclipse.manifest.file, dita.build.transform.topic2fo.main, ditaot-preprocess.clean-map-check, dita2normalize.dita.map.hdita.toc, dita2eclipsehelp.dita.map.eclipse.genetrate.fragment, dita2eclipsehelp.dita.map.eclipse.fragment.language.country.init, dita.build.publish.map.pdf.init, ditaot-preprocess2.copy-image2, ditaot-preprocess.clean-temp, dita.build.dita2pdf2.init, dita2normalize.dita2markdown_gitbook, dita2eclipsehelp.dita.map.eclipse.manifest.file, dita2eclipsehelp.dita.out.map.eclipse.fragment.move.files, html5.copy-css-user, dita.eclipsehelp.init, dita2htmlhelp.org.dita.index.init, dita2hdita, dita2normalize.markdown.map, dita.build.transform.topic2fo.init, dita.out.map.xhtml.toc, ditaot-preprocess.copy-flag, dita2htmlhelp.htmlhelp.topics, dita2xhtml, dita2eclipsehelp.dita.index.eclipsehelp.init, org.dita.pdf2.axf.transform.fo2pdf.ah.hasoption, dita2eclipsehelp.dita.map.eclipse.generate.plugin, dita.build.preview.topic.pdf.init, ditaot-preprocess2.map-keyref, dita2htmlhelp.dita.map.htmlhelp.init, transform.fo2pdf.ah.hasoption, dita2eclipsehelp.dita.map.eclipse.plugin, ditaot-preprocess2.copy-files2, dita2pdf, ditaot-preprocess.conref, ditaot-preprocess2.topic-conref, dita.build.transform.topic2fo.i18n.no-filter, dita.build.copyCoreArtwork, dita2normalize.dita2markdown, dita2xhtml.copy-revflag, dita.build.transform.topic2pdf, ditaot-preprocess.topic-fragment, ditaot-preprocess2.topic-conrefpush, dita.map.eclipse, dita2eclipsehelp.dita2eclipsehelp, ditaot-preprocess2.preprocess2.topics, dita2html5.html5.css, dita2eclipsehelp, dita2eclipsehelp.dita.map.eclipse, dita.build.topic2pdf2, dita2eclipsehelp.dita.map.eclipse.fragment.move.files, dita2html5.html5.copy-css-user, dita2normalize.dita.map.hdita.init, dita2htmlhelp.dita.map.htmlhelp.hhp, ditaot-preprocess2.map-profile, ditaot-preprocess.topicpull, ditaot-preprocess2.topic-profile-check, dita2htmlhelp.dita.map.htmlhelp.hhk, output-css-warn-message, dita2htmlhelp.dita.map.htmlhelp.hhc, dita2html5.html5.image-metadata, dita2htmlhelp.htmlhelp.copy-image, dita2htmlhelp.use-init.envhhcdir, copy-css-user, dita2htmlhelp, dita2eclipsehelp.dita.out.map.eclipse.plugin.properties, dita.build.map2pdf2, dita2html5.html5.topics.common, ditaot-preprocess2.topic-copy-to, dita2html5.dita2html5, org.dita.pdf2.axf.transform.fo2pdf.ah.init, ditaot-preprocess2.topic-chunk, dita2eclipsehelp.dita.eclipsehelp.init, ditaot-preprocess2.preprocess2.init, publish.map.pdf, dita2xhtml.dita.map.xhtml.init, , ditaot-preprocess2.topic-profile]
88   [DEBUG] Override ignored for property "base.temp.dir"
88   [DEBUG] Override ignored for property "dita.temp.dir"
88   [DEBUG] Override ignored for property "output.dir"
88   [DEBUG] Property "temp.output.dir.name" has not been set
88   [INFO ] Initializing project
90   [DEBUG] Loading Environment env.
90   [DEBUG] Property "args.xsl" has not been set
91   [DEBUG] Property "args.xsl" has not been set
91   [DEBUG] Property "args.outext" has not been set
91   [DEBUG] Property "args.outext" has not been set
91   [DEBUG] Property "args.outext" has not been set
91   [DEBUG] Property "args.outext" has not been set
91   [DEBUG] Skipping /Users/isemisynov/Develop/dita-formats-demo/output/markdown/markdown_github because it already exists.
92   [INFO ] Deleting directory /Users/isemisynov/Develop/dita-formats-demo/tmp/1653650820699
92   [DEBUG] Deleting directory /Users/isemisynov/Develop/dita-formats-demo/tmp/1653650820699
92   [INFO ] Created dir: /Users/isemisynov/Develop/dita-formats-demo/tmp/1653650820699
93   [DEBUG] Property "args.rellinks" has not been set
93   [DEBUG] Property "args.rellinks" has not been set
93   [DEBUG] Property "args.hide.parent.link" has not been set
93   [DEBUG] Property "args.rellinks" has not been set
94   [DEBUG] Property "args.rellinks" has not been set
94   [DEBUG] Property "org.xml.sax.driver" has not been set
95   [DEBUG] Unable to load class org.apache.crimson.parser.XMLReaderImpl
95   [DEBUG] Unable to load class net.sf.saxon.StyleSheet
95   [INFO ] *****************************************************************
95   [INFO ] * basedir = /Users/isemisynov/Develop/dita-formats-demo/dita-ot-3.7.2
95   [INFO ] * dita.dir = /Users/isemisynov/Develop/dita-formats-demo/dita-ot-3.7.2
95   [INFO ] * transtype = markdown_github
95   [INFO ] * tempdir = /Users/isemisynov/Develop/dita-formats-demo/tmp/1653650820699
95   [INFO ] * outputdir = /Users/isemisynov/Develop/dita-formats-demo/output/markdown/markdown_github
96   [DEBUG] Property "clean.temp" has not been set
96   [INFO ] * clean.temp = ${clean.temp}
96   [INFO ] * DITA-OT version = 3.7.2
96   [INFO ] * XML parser = Xerces
96   [INFO ] * XSLT processor = Saxon
96   [INFO ] * collator = ICU
96   [INFO ] *****************************************************************
97   [INFO ] #Ant properties
97   [INFO ] #Fri May 27 14:27:00 MSK 2022
97   [INFO ] args.grammar.cache=yes
97   [INFO ] args.input=file\:/Users/isemisynov/Develop/dita-formats-demo/demo-input/markdown/demo-markdown.ditamap
97   [INFO ] args.xml.systemid.set=yes
97   [INFO ] dita.dir=/Users/isemisynov/Develop/dita-formats-demo/dita-ot-3.7.2
97   [INFO ] dita.output.dir=/Users/isemisynov/Develop/dita-formats-demo/output/markdown/markdown_github
97   [INFO ] dita.plugin.org.dita.base.dir=/Users/isemisynov/Develop/dita-formats-demo/dita-ot-3.7.2/plugins/org.dita.base
97   [INFO ] dita.plugin.org.dita.eclipsehelp.dir=/Users/isemisynov/Develop/dita-formats-demo/dita-ot-3.7.2/plugins/org.dita.eclipsehelp
97   [INFO ] dita.plugin.org.dita.html5.dir=/Users/isemisynov/Develop/dita-formats-demo/dita-ot-3.7.2/plugins/org.dita.html5
97   [INFO ] dita.plugin.org.dita.htmlhelp.dir=/Users/isemisynov/Develop/dita-formats-demo/dita-ot-3.7.2/plugins/org.dita.htmlhelp
97   [INFO ] dita.plugin.org.dita.index.dir=/Users/isemisynov/Develop/dita-formats-demo/dita-ot-3.7.2/plugins/org.dita.index
97   [INFO ] dita.plugin.org.dita.normalize.dir=/Users/isemisynov/Develop/dita-formats-demo/dita-ot-3.7.2/plugins/org.dita.normalize
97   [INFO ] dita.plugin.org.dita.pdf2.axf.dir=/Users/isemisynov/Develop/dita-formats-demo/dita-ot-3.7.2/plugins/org.dita.pdf2.axf
97   [INFO ] dita.plugin.org.dita.pdf2.dir=/Users/isemisynov/Develop/dita-formats-demo/dita-ot-3.7.2/plugins/org.dita.pdf2
97   [INFO ] dita.plugin.org.dita.pdf2.fop.dir=/Users/isemisynov/Develop/dita-formats-demo/dita-ot-3.7.2/plugins/org.dita.pdf2.fop
97   [INFO ] dita.plugin.org.dita.pdf2.xep.dir=/Users/isemisynov/Develop/dita-formats-demo/dita-ot-3.7.2/plugins/org.dita.pdf2.xep
97   [INFO ] dita.plugin.org.dita.specialization.dita11.dir=/Users/isemisynov/Develop/dita-formats-demo/dita-ot-3.7.2/plugins/org.dita.specialization.dita11
97   [INFO ] dita.plugin.org.dita.xhtml.dir=/Users/isemisynov/Develop/dita-formats-demo/dita-ot-3.7.2/plugins/org.dita.xhtml
97   [INFO ] dita.plugin.org.lwdita.dir=/Users/isemisynov/Develop/dita-formats-demo/dita-ot-3.7.2/plugins/org.lwdita
97   [INFO ] dita.plugin.org.oasis-open.dita.techcomm.v2_0.dir=/Users/isemisynov/Develop/dita-formats-demo/dita-ot-3.7.2/plugins/org.oasis-open.dita.techcomm.v2_0
97   [INFO ] dita.plugin.org.oasis-open.dita.v1_2.dir=/Users/isemisynov/Develop/dita-formats-demo/dita-ot-3.7.2/plugins/org.oasis-open.dita.v1_2
97   [INFO ] dita.plugin.org.oasis-open.dita.v1_3.dir=/Users/isemisynov/Develop/dita-formats-demo/dita-ot-3.7.2/plugins/org.oasis-open.dita.v1_3
97   [INFO ] dita.plugin.org.oasis-open.dita.v2_0.dir=/Users/isemisynov/Develop/dita-formats-demo/dita-ot-3.7.2/plugins/org.oasis-open.dita.v2_0
97   [INFO ] dita.plugin.org.oasis-open.xdita.v0_2_2.dir=/Users/isemisynov/Develop/dita-formats-demo/dita-ot-3.7.2/plugins/org.oasis-open.xdita.v0_2_2
97   [INFO ] dita.temp.dir=/Users/isemisynov/Develop/dita-formats-demo/tmp/1653650820699
97   [INFO ] *****************************************************************
98   [DEBUG] Set property dita.map.filename.root = demo-markdown
99   [INFO ] *****************************************************************
99   [INFO ] * input = file:/Users/isemisynov/Develop/dita-formats-demo/demo-input/markdown/demo-markdown.ditamap
99   [DEBUG] Property "args.resources" has not been set
99   [INFO ] * resources = ${args.resources}
99   [INFO ] *****************************************************************
100  [DEBUG] Job not found from Ant project reference
100  [INFO ] Using Xerces grammar pool for DTD and schema caching.
100  [INFO ] Processing file:/Users/isemisynov/Develop/dita-formats-demo/demo-input/markdown/demo-markdown.ditamap
101  [INFO ] Processing file:/Users/isemisynov/Develop/dita-formats-demo/demo-input/markdown/demo-markdown-topic1.md
162  [INFO ] Processing file:/Users/isemisynov/Develop/dita-formats-demo/demo-input/markdown/demo-markdown-topic2.md
230  [INFO ] Serializing job specification
232  [DEBUG] GenMapAndTopicListModule processing took 132 ms
233  [INFO ] Using Xerces grammar pool for DTD and schema caching.
233  [INFO ] Processing file:/Users/isemisynov/Develop/dita-formats-demo/demo-input/markdown/demo-markdown.ditamap to file:/Users/isemisynov/Develop/dita-formats-demo/tmp/1653650820699/demo-markdown.ditamap
236  [INFO ] Processing file:/Users/isemisynov/Develop/dita-formats-demo/demo-input/markdown/demo-markdown-topic2.md to file:/Users/isemisynov/Develop/dita-formats-demo/tmp/1653650820699/demo-markdown-topic2.md
317  [INFO ] Processing file:/Users/isemisynov/Develop/dita-formats-demo/demo-input/markdown/demo-markdown-topic1.md to file:/Users/isemisynov/Develop/dita-formats-demo/tmp/1653650820699/demo-markdown-topic1.md
383  [DEBUG] DebugAndFilterModule processing took 151 ms
383  [DEBUG] Overriding previous definition of property "transtypes"
383  [DEBUG] Overriding previous definition of property "parser.md"
383  [DEBUG] Overriding previous definition of property "plugin.org.dita.specialization.dita11.dir"
383  [DEBUG] Overriding previous definition of property "parser.hdita"
383  [DEBUG] Overriding previous definition of property "cli.color"
383  [DEBUG] Overriding previous definition of property "plugin.org.dita.pdf2.dir"
383  [DEBUG] Overriding previous definition of property "print_transtypes"
383  [DEBUG] Overriding previous definition of property "supported_resource_extensions"
383  [DEBUG] Overriding previous definition of property "plugin.org.dita.xhtml.dir"
384  [DEBUG] Overriding previous definition of property "plugin.org.dita.index.dir"
384  [DEBUG] Overriding previous definition of property "supported_html_extensions"
384  [DEBUG] Overriding previous definition of property "plugin.order"
384  [DEBUG] Overriding previous definition of property "otrelease"
384  [DEBUG] Overriding previous definition of property "supported_image_extensions"
384  [DEBUG] Overriding previous definition of property "org.dita.pdf2.i18n.enabled"
384  [DEBUG] Overriding previous definition of property "plugin.org.dita.html5.dir"
384  [DEBUG] Overriding previous definition of property "default.cascade"
384  [DEBUG] Overriding previous definition of property "plugin.org.oasis-open.xdita.v0_2_2.dir"
384  [DEBUG] Overriding previous definition of property "plugin.org.dita.eclipsehelp.dir"
384  [DEBUG] Overriding previous definition of property "plugin.org.dita.htmlhelp.dir"
384  [DEBUG] Overriding previous definition of property "temp-file-name-scheme"
384  [DEBUG] Overriding previous definition of property "plugin.org.dita.base.dir"
384  [DEBUG] Overriding previous definition of property "plugindirs"
384  [DEBUG] Overriding previous definition of property "parser.mdita"
384  [DEBUG] Overriding previous definition of property "plugin.ignores"
384  [DEBUG] Overriding previous definition of property "registry"
384  [DEBUG] Overriding previous definition of property "plugin.org.dita.pdf2.axf.dir"
384  [DEBUG] Overriding previous definition of property "plugin.org.dita.normalize.dir"
384  [DEBUG] Overriding previous definition of property "plugin.org.oasis-open.dita.techcomm.v2_0.dir"
384  [DEBUG] Overriding previous definition of property "plugin.org.oasis-open.dita.v1_2.dir"
384  [DEBUG] Overriding previous definition of property "plugin.org.dita.pdf2.fop.dir"
384  [DEBUG] Overriding previous definition of property "plugin.org.lwdita.dir"
384  [DEBUG] Overriding previous definition of property "plugin.org.dita.pdf2.xep.dir"
384  [DEBUG] Overriding previous definition of property "plugin.org.oasis-open.dita.v2_0.dir"
384  [DEBUG] Overriding previous definition of property "otversion"
384  [DEBUG] Overriding previous definition of property "plugin.org.oasis-open.dita.v1_3.dir"
384  [DEBUG] Overriding previous definition of property "parser.markdown"
385  [DEBUG] Scanning for demo-markdown.ditamap
385  [DEBUG] Found temporary directory file /Users/isemisynov/Develop/dita-formats-demo/tmp/1653650820699/demo-markdown.ditamap
385  [DEBUG] Set property inputMapPath = file:/Users/isemisynov/Develop/dita-formats-demo/tmp/1653650820699/demo-markdown.ditamap
385  [DEBUG] Property "dita.preprocess.reloadstylesheet" has not been set
424  [INFO ] Processing file:/Users/isemisynov/Develop/dita-formats-demo/tmp/1653650820699/demo-markdown.ditamap
428  [DEBUG] MaprefModule processing took 43 ms
428  [INFO ] Processing file:/Users/isemisynov/Develop/dita-formats-demo/tmp/1653650820699/demo-markdown.ditamap
428  [DEBUG] Reading file:/Users/isemisynov/Develop/dita-formats-demo/tmp/1653650820699/demo-markdown.ditamap
429  [DEBUG] Split branches and generate copy-to
429  [DEBUG] Filter map
429  [DEBUG] Rewrite duplicate topic references
429  [DEBUG] Filter topics and generate copies
429  [DEBUG] Remove obsolete references
429  [DEBUG] Filter existing topics
429  [DEBUG] Writing file:/Users/isemisynov/Develop/dita-formats-demo/tmp/1653650820699/demo-markdown.ditamap
431  [DEBUG] BranchFilterModule processing took 3 ms
433  [DEBUG] KeyrefModule processing took 2 ms
433  [INFO ] Transforming into /Users/isemisynov/Develop/dita-formats-demo/tmp/1653650820699
434  [INFO ] Loading stylesheet file:/Users/isemisynov/Develop/dita-formats-demo/dita-ot-3.7.2/plugins/org.dita.base/xsl/preprocess/mapref.xsl
448  [DEBUG] Apache resolver library found, xml-commons resolver will be used
488  [INFO ] Loading stylesheet file:/Users/isemisynov/Develop/dita-formats-demo/dita-ot-3.7.2/plugins/org.dita.base/xsl/preprocess/mapref.xsl
488  [DEBUG] Set parameter keep-submap-href to 'false'
488  [DEBUG] Set parameter child-topicref-warning to 'false'
488  [DEBUG] Set parameter TRANSTYPE to 'markdown_github'
488  [DEBUG] Set parameter file-being-processed to 'demo-markdown.ditamap'
488  [INFO ] Processing file:/Users/isemisynov/Develop/dita-formats-demo/tmp/1653650820699/demo-markdown.ditamap
491  [DEBUG] XsltModule processing took 58 ms
494  [DEBUG] CopyToModule processing took 3 ms
495  [DEBUG] ConrefPushModule processing took 0 ms
495  [DEBUG] Property "dita.preprocess.reloadstylesheet" has not been set
495  [DEBUG] Setting exportfile.url to URL file:/Users/isemisynov/Develop/dita-formats-demo/tmp/1653650820699/export.xml
495  [DEBUG] XsltModule processing took 0 ms
496  [DEBUG] Skipped because property 'preprocess.profile.skip' set.
496  [INFO ] Processing file:/Users/isemisynov/Develop/dita-formats-demo/tmp/1653650820699/demo-markdown-topic2.md
497  [DEBUG] Configure filter org.dita.dost.writer.TopicFragmentFilter
497  [DEBUG] Configure filter org.dita.dost.writer.NormalizeTableFilter
497  [DEBUG] Configure filter org.dita.dost.writer.NormalizeSimpleTableFilter
497  [DEBUG] Configure filter org.dita.dost.writer.CoderefResolver
497  [DEBUG] Configure filter org.dita.dost.writer.NormalizeCodeblock
499  [INFO ] Processing file:/Users/isemisynov/Develop/dita-formats-demo/tmp/1653650820699/demo-markdown-topic1.md
499  [DEBUG] Configure filter org.dita.dost.writer.TopicFragmentFilter
499  [DEBUG] Configure filter org.dita.dost.writer.NormalizeTableFilter
500  [DEBUG] Configure filter org.dita.dost.writer.NormalizeSimpleTableFilter
500  [DEBUG] Configure filter org.dita.dost.writer.CoderefResolver
500  [DEBUG] Configure filter org.dita.dost.writer.NormalizeCodeblock
502  [DEBUG] XmlFilterModule processing took 6 ms
502  [INFO ] Processing file:/Users/isemisynov/Develop/dita-formats-demo/tmp/1653650820699/demo-markdown.ditamap
503  [DEBUG] Writing file:/Users/isemisynov/Develop/dita-formats-demo/tmp/1653650820699/demo-markdown.ditamap
504  [DEBUG] ChunkModule processing took 2 ms
504  [INFO ] Processing file:/Users/isemisynov/Develop/dita-formats-demo/tmp/1653650820699/demo-markdown.ditamap
506  [DEBUG] ChunkModule processing took 2 ms
506  [DEBUG] Scanning for demo-markdown-topic2.md
506  [DEBUG] Found temporary directory file /Users/isemisynov/Develop/dita-formats-demo/tmp/1653650820699/demo-markdown-topic2.md
506  [DEBUG] Scanning for demo-markdown-topic1.md
506  [DEBUG] Found temporary directory file /Users/isemisynov/Develop/dita-formats-demo/tmp/1653650820699/demo-markdown-topic1.md
506  [DEBUG] Set property inputTopicPath = file:/Users/isemisynov/Develop/dita-formats-demo/tmp/1653650820699/demo-markdown-topic2.md:file:/Users/isemisynov/Develop/dita-formats-demo/tmp/1653650820699/demo-markdown-topic1.md
507  [INFO ] Processing file:/Users/isemisynov/Develop/dita-formats-demo/tmp/1653650820699/demo-markdown.ditamap
507  [DEBUG] Writing file:/Users/isemisynov/Develop/dita-formats-demo/tmp/1653650820699/demo-markdown.ditamap
508  [INFO ] Loading stylesheet /Users/isemisynov/Develop/dita-formats-demo/dita-ot-3.7.2/plugins/org.dita.base/xsl/preprocess/mappull.xsl
567  [INFO ] Processing file:/Users/isemisynov/Develop/dita-formats-demo/tmp/1653650820699/demo-markdown.ditamap
567  [DEBUG] Processing file:/Users/isemisynov/Develop/dita-formats-demo/tmp/1653650820699/demo-markdown.ditamap to file:/Users/isemisynov/Develop/dita-formats-demo/tmp/1653650820699/demo-markdown.ditamap.tmp1653650821265
567  [DEBUG] Set parameter basedir to '/Users/isemisynov/Develop/dita-formats-demo/dita-ot-3.7.2'
567  [DEBUG] Set parameter style to '/Users/isemisynov/Develop/dita-formats-demo/dita-ot-3.7.2/plugins/org.dita.base/xsl/preprocess/mappull.xsl'
567  [DEBUG] Set parameter conserve-memory to 'false'
567  [DEBUG] Set parameter message to 'Move metadata entries.'
567  [DEBUG] Set parameter inputmap to 'demo-markdown.ditamap'
664  [DEBUG] Moving file:/Users/isemisynov/Develop/dita-formats-demo/tmp/1653650820699/demo-markdown.ditamap.tmp1653650821265 to file:/Users/isemisynov/Develop/dita-formats-demo/tmp/1653650820699/demo-markdown.ditamap
665  [DEBUG] MoveMetaModule processing took 158 ms
665  [DEBUG] Property "dita.preprocess.reloadstylesheet" has not been set
717  [DEBUG] MoveLinksModule processing took 51 ms
717  [DEBUG] Property "dita.preprocess.reloadstylesheet" has not been set
718  [INFO ] Transforming into /Users/isemisynov/Develop/dita-formats-demo/tmp/1653650820699
718  [INFO ] Loading stylesheet file:/Users/isemisynov/Develop/dita-formats-demo/dita-ot-3.7.2/plugins/org.dita.base/xsl/preprocess/topicpull.xsl
770  [INFO ] Loading stylesheet file:/Users/isemisynov/Develop/dita-formats-demo/dita-ot-3.7.2/plugins/org.dita.base/xsl/preprocess/topicpull.xsl
770  [DEBUG] Set parameter ONLYTOPICINMAP to 'false'
770  [DEBUG] Set parameter defaultLanguage to 'en'
770  [INFO ] Processing file:/Users/isemisynov/Develop/dita-formats-demo/tmp/1653650820699/demo-markdown-topic2.md
774  [DEBUG] Set parameter ONLYTOPICINMAP to 'false'
774  [DEBUG] Set parameter defaultLanguage to 'en'
774  [INFO ] Processing file:/Users/isemisynov/Develop/dita-formats-demo/tmp/1653650820699/demo-markdown-topic1.md
776  [DEBUG] XsltModule processing took 58 ms
776  [DEBUG] Property "dita.preprocess.reloadstylesheet" has not been set
777  [INFO ] Transforming into /Users/isemisynov/Develop/dita-formats-demo/tmp/1653650820699
777  [INFO ] Loading stylesheet file:/Users/isemisynov/Develop/dita-formats-demo/dita-ot-3.7.2/plugins/org.dita.base/xsl/preprocess/clean-map.xsl
798  [INFO ] Loading stylesheet file:/Users/isemisynov/Develop/dita-formats-demo/dita-ot-3.7.2/plugins/org.dita.base/xsl/preprocess/clean-map.xsl
798  [INFO ] Processing file:/Users/isemisynov/Develop/dita-formats-demo/tmp/1653650820699/demo-markdown.ditamap
800  [DEBUG] XsltModule processing took 23 ms
801  [DEBUG] CleanPreprocessModule processing took 0 ms
803  [DEBUG] Overriding previous definition of property "user.input.dir"
803  [DEBUG] Overriding previous definition of property "transtypes"
803  [DEBUG] Overriding previous definition of property "parser.md"
803  [DEBUG] Overriding previous definition of property "plugin.org.dita.specialization.dita11.dir"
803  [DEBUG] Overriding previous definition of property "crawl"
803  [DEBUG] Overriding previous definition of property "parser.hdita"
803  [DEBUG] Overriding previous definition of property "cli.color"
803  [DEBUG] Overriding previous definition of property "user.input.file"
803  [DEBUG] Overriding previous definition of property "plugin.org.dita.pdf2.dir"
803  [DEBUG] Overriding previous definition of property "print_transtypes"
803  [DEBUG] Overriding previous definition of property "onlytopicinmap"
803  [DEBUG] Overriding previous definition of property "supported_resource_extensions"
803  [DEBUG] Overriding previous definition of property "plugin.org.dita.xhtml.dir"
803  [DEBUG] Overriding previous definition of property "plugin.org.dita.index.dir"
803  [DEBUG] Overriding previous definition of property "relflagimagelist"
803  [DEBUG] Overriding previous definition of property "supported_html_extensions"
803  [DEBUG] Overriding previous definition of property "plugin.order"
803  [DEBUG] Overriding previous definition of property "otrelease"
803  [DEBUG] Overriding previous definition of property "supported_image_extensions"
803  [DEBUG] Overriding previous definition of property "InputMapDir"
803  [DEBUG] Overriding previous definition of property "org.dita.pdf2.i18n.enabled"
804  [DEBUG] Overriding previous definition of property "user.input.dir.uri"
804  [DEBUG] Overriding previous definition of property "plugin.org.dita.html5.dir"
804  [DEBUG] Overriding previous definition of property "generatecopyouter"
804  [DEBUG] Overriding previous definition of property "default.cascade"
804  [DEBUG] Overriding previous definition of property "plugin.org.oasis-open.xdita.v0_2_2.dir"
804  [DEBUG] Overriding previous definition of property "plugin.org.dita.eclipsehelp.dir"
804  [DEBUG] Overriding previous definition of property "outputdir"
804  [DEBUG] Overriding previous definition of property "plugin.org.dita.htmlhelp.dir"
804  [DEBUG] Overriding previous definition of property "temp-file-name-scheme"
804  [DEBUG] Overriding previous definition of property "plugin.org.dita.base.dir"
804  [DEBUG] Overriding previous definition of property "plugindirs"
804  [DEBUG] Overriding previous definition of property "parser.mdita"
804  [DEBUG] Overriding previous definition of property "user.input.file.listfile"
804  [DEBUG] Overriding previous definition of property "outercontrol"
804  [DEBUG] Overriding previous definition of property "plugin.ignores"
804  [DEBUG] Overriding previous definition of property "relflagimagefile"
804  [DEBUG] Overriding previous definition of property "user.input.file.uri"
804  [DEBUG] Overriding previous definition of property "registry"
804  [DEBUG] Overriding previous definition of property "plugin.org.dita.pdf2.axf.dir"
804  [DEBUG] Overriding previous definition of property "plugin.org.dita.normalize.dir"
804  [DEBUG] Overriding previous definition of property "plugin.org.oasis-open.dita.techcomm.v2_0.dir"
804  [DEBUG] Overriding previous definition of property "plugin.org.oasis-open.dita.v1_2.dir"
804  [DEBUG] Overriding previous definition of property "InputMapDir.uri"
804  [DEBUG] Overriding previous definition of property "plugin.org.dita.pdf2.fop.dir"
804  [DEBUG] Overriding previous definition of property "plugin.org.lwdita.dir"
804  [DEBUG] Overriding previous definition of property "plugin.org.dita.pdf2.xep.dir"
804  [DEBUG] Overriding previous definition of property "tempdirToinputmapdir.relative.value"
804  [DEBUG] Overriding previous definition of property "plugin.org.oasis-open.dita.v2_0.dir"
804  [DEBUG] Overriding previous definition of property "otversion"
804  [DEBUG] Overriding previous definition of property "plugin.org.oasis-open.dita.v1_3.dir"
804  [DEBUG] Overriding previous definition of property "parser.markdown"
804  [DEBUG] Overriding previous definition of property "uplevels"
805  [DEBUG] Skipped because property 'preprocess.copy-flag.skip' set.
805  [DEBUG] Property "dita.input.valfile" has not been set
805  [DEBUG] Setting dita.input.valfile.url to URL file:/Users/isemisynov/Develop/dita-formats-demo/dita-ot-3.7.2/$%7Bdita.input.valfile%7D
805  [DEBUG] Skipped because property 'old.transform' not set.
806  [INFO ] Transforming into /Users/isemisynov/Develop/dita-formats-demo/output/markdown/markdown_github
806  [INFO ] Loading stylesheet file:/Users/isemisynov/Develop/dita-formats-demo/dita-ot-3.7.2/plugins/org.lwdita/xsl/dita2markdown_github.xsl
1098 [INFO ] Loading stylesheet file:/Users/isemisynov/Develop/dita-formats-demo/dita-ot-3.7.2/plugins/org.lwdita/xsl/dita2markdown_github.xsl
1098 [DEBUG] Set parameter OUTEXT to '.md'
1098 [DEBUG] Set parameter defaultLanguage to 'en'
1098 [DEBUG] Set parameter BASEDIR to '/Users/isemisynov/Develop/dita-formats-demo/dita-ot-3.7.2'
1098 [DEBUG] Set parameter OUTPUTDIR to '/Users/isemisynov/Develop/dita-formats-demo/output/markdown/markdown_github'
1098 [DEBUG] Set parameter include.rellinks to '#default parent child sibling friend next previous cousin descendant sample external other'
1098 [DEBUG] Set parameter FILENAME to 'demo-markdown-topic2.md'
1098 [DEBUG] Set parameter FILEDIR to '.'
1098 [INFO ] Processing file:/Users/isemisynov/Develop/dita-formats-demo/tmp/1653650820699/demo-markdown-topic2.md to file:/Users/isemisynov/Develop/dita-formats-demo/output/markdown/markdown_github/demo-markdown-topic2.md
1101 [DEBUG] Set parameter OUTEXT to '.md'
1101 [DEBUG] Set parameter defaultLanguage to 'en'
1101 [DEBUG] Set parameter BASEDIR to '/Users/isemisynov/Develop/dita-formats-demo/dita-ot-3.7.2'
1101 [DEBUG] Set parameter OUTPUTDIR to '/Users/isemisynov/Develop/dita-formats-demo/output/markdown/markdown_github'
1101 [DEBUG] Set parameter include.rellinks to '#default parent child sibling friend next previous cousin descendant sample external other'
1101 [DEBUG] Set parameter FILENAME to 'demo-markdown-topic1.md'
1101 [DEBUG] Set parameter FILEDIR to '.'
1101 [INFO ] Processing file:/Users/isemisynov/Develop/dita-formats-demo/tmp/1653650820699/demo-markdown-topic1.md to file:/Users/isemisynov/Develop/dita-formats-demo/output/markdown/markdown_github/demo-markdown-topic1.md
1104 [DEBUG] XsltModule processing took 298 ms
1105 [INFO ] Transforming into /Users/isemisynov/Develop/dita-formats-demo/output/markdown/markdown_github
1105 [INFO ] Loading stylesheet file:/Users/isemisynov/Develop/dita-formats-demo/dita-ot-3.7.2/plugins/org.lwdita/xsl/map2markdown-cover.xsl
1309 [INFO ] Loading stylesheet file:/Users/isemisynov/Develop/dita-formats-demo/dita-ot-3.7.2/plugins/org.lwdita/xsl/map2markdown-cover.xsl
1310 [DEBUG] Set parameter OUTEXT to '.md'
1310 [INFO ] Processing file:/Users/isemisynov/Develop/dita-formats-demo/tmp/1653650820699/demo-markdown.ditamap to file:/Users/isemisynov/Develop/dita-formats-demo/output/markdown/markdown_github/index.md
1313 [DEBUG] XsltModule processing took 207 ms
